[assistant] 抽取并记录信息: {"user_identity": "", "user_preference": "", "research_direction": "Tricyclic and related drugs for nocturnal enuresis in children", "filter_requirements": "", "rejection_reasons": "", "other_info": ""}
[assistant] 抽取并记录信息: {"user_identity": "", "user_preference": "", "research_direction": "儿童遗尿症（Enuresis）的三环类药物治疗", "filter_requirements": "随机对照试验、准随机对照试验，排除日间遗尿", "rejection_reasons": "", "other_info": "研究类型为干预性系统综述，涉及64项试验，4071名儿童，主要比较三环类药物与其他干预措施的效果。"}
[assistant] 抽取并记录信息: {"user_identity": "", "user_preference": "", "research_direction": "三环类抗抑郁药及相关药物治疗儿童夜间遗尿症的随机或准随机试验", "filter_requirements": "纳入标准：随机或准随机试验；研究对象为儿童（通常至16岁）夜间遗尿症患者；排除成人遗尿症、仅白天尿失禁或有器质性病因的患者；若研究包含白天尿失禁但主要关注遗尿症则纳入；包括单症状和非单症状遗尿症；至少一个试验组使用三环类（丙咪嗪、阿米替林、氯米帕明、地昔帕明、去甲替林、曲米帕明）或相关药物（米安色林、维洛沙嗪）；比较干预包括安慰剂、不同剂量、其他三环类、其他药物、行为干预、联合治疗等。排除标准：成人遗尿症、仅白天尿失禁、有器质性病因。", "rejection_reasons": "", "other_info": "结局指标：治疗结束时每周平均尿床次数（前两周）；治疗结束时未能达到连续14个干夜的患者数；随访时每周平均尿床次数；随访时未能达到连续14个干夜或复发的患者数；不良反应。"}
[assistant] 抽取并记录信息: {"user_identity": "", "user_preference": "", "research_direction": "三环类抗抑郁药及相关药物治疗儿童夜间遗尿症的随机或准随机试验", "filter_requirements": "研究类型：随机或准随机试验；参与者：儿童（通常至16岁）患有夜间遗尿症，排除成人、仅日间尿失禁或器质性病因者；干预措施：三环类或相关药物与安慰剂、其他药物、行为干预等比较；结局指标：治疗结束时每周湿夜数、未达到14个连续干夜数、随访时复发及不良反应。", "rejection_reasons": "", "other_info": "包含单症状和非单症状遗尿症，优先分析单症状亚组；主要结局为治疗结束时每周湿夜数和未达到14个连续干夜数；次要结局包括随访时湿夜数、复发及不良反应。"}
[assistant] 为 executor 提供背景信息，任务: 筛选相关论文
[coordinator] Metadata初筛完成: 3333 → 3061 篇
[assistant] 为 executor 提供背景信息，任务: 仅根据论文标题判断是否与研究方向相关，做保守筛选
[coordinator] Title筛选完成: 排除 3057 篇, 保留 4 篇
[assistant] 为 executor 提供背景信息，任务: 对论文进行详细筛选，根据摘要判断是否纳入
[executor] 轮次1筛选完成: 1 include, 3 exclude, 0 not sure
[assistant] 抽取并记录信息: {"user_identity": "", "user_preference": "", "research_direction": "", "filter_requirements": "", "rejection_reasons": "", "other_info": "用户对论文 'Nocturnal enuresis: a placebo controlled trial of two antidepressant drugs.' 感到满意，认为符合研究需求。"}
[simulated_user] 轮次1用户反馈: 1 满意, 0 不满意, 累计满意: 1/5
[assistant] 为 executor 提供背景信息，任务: 对论文进行详细筛选，根据摘要判断是否纳入
[assistant] 抽取并记录信息: {"user_identity": "", "user_preference": "", "research_direction": "Tricyclic and related drugs for nocturnal enuresis in children", "filter_requirements": "", "rejection_reasons": "", "other_info": "Tricyclic and related drugs for nocturnal enuresis in children"}
[assistant] 抽取并记录信息: {"user_identity": "", "user_preference": "", "research_direction": "Tricyclic drugs for treating children's enuresis", "filter_requirements": "Randomised and quasi-randomised trials comparing tricyclic or related drug with other interventions for treating enuresis, including combination therapies that included tricyclics; excluding trials for treating daytime wetting; search methods include Cochrane Incontinence Group Specialised Trials Register, MEDLINE, etc.", "rejection_reasons": "", "other_info": ""}
[assistant] 抽取并记录信息: {"user_identity": "儿童（学龄前）", "user_preference": "医学研究/教育背景", "research_direction": "Tricyclics or related drugs versus any treatments for nocturnal enuresis", "filter_requirements": "随机化或准随机化试验，夜间尿失禁，16岁以下儿童，排除成年患者和白天尿失 control", "rejection_reasons": "", "other_info": ""}
[assistant] 抽取并记录信息: {"user_identity": "", "user_preference": "", "research_direction": "", "filter_requirements": "Types of studies, Types of participants, Types of interventions, Types of outcome measures, Primary outcomes, Secondary outcomes", "rejection_reasons": "", "other_info": ""}
[assistant] 为 executor 提供背景信息，任务: 筛选相关论文
[assistant] 为 executor 提供背景信息，任务: 对论文进行详细筛选，根据摘要判断是否纳入
[executor] 轮次1筛选完成: 2 include, 3 exclude, 1 not sure
[assistant] 抽取并记录信息: {"user_identity": "", "user_preference": "", "research_direction": "Antidepressant Drugs", "filter_requirements": "", "rejection_reasons": "", "other_info": ""}
[assistant] 抽取并记录信息: {"user_identity": "", "user_preference": "", "research_direction": "Medical audit in general practice. I: Effects on doctors' clinical behaviour for common childhood conditions.", "filter_requirements": "", "rejection_reasons": "RCT: No (before‐ and‐ after study strengthened by Latin square design) Intervention: clinical standard setting and audit aimed at general practitioner trainers. Tricyclics for enuresis used as one of four exemplar conditions", "other_info": ""}
[assistant] 抽取并记录信息: {"user_identity": "", "user_preference": "", "research_direction": "Control of enuresis with imipramine", "filter_requirements": "", "rejection_reasons": "", "other_info": ""}
[simulated_user] 轮次1用户反馈: 2 满意, 1 不满意, 累计满意: 2/5
[assistant] 为 executor 提供背景信息，任务: 对论文进行详细筛选，根据摘要判断是否纳入
[assistant] 为 executor 提供背景信息，任务: 对论文进行详细筛选，根据摘要判断是否纳入
