[assistant] 抽取并记录信息: {"user_identity": "", "user_preference": "", "research_direction": "Intratympanic corticosteroids for sudden sensorineural hearing loss", "filter_requirements": "", "rejection_reasons": "", "other_info": ""}
[assistant] 抽取并记录信息: {"user_identity": "", "user_preference": "", "research_direction": "特发性突发性感音神经性听力损失（ISSNHL）的干预治疗", "filter_requirements": "", "rejection_reasons": "", "other_info": "研究类型为干预性系统综述，评估鼓室内注射皮质类固醇治疗ISSNHL的效果，包括作为初始治疗和挽救治疗。"}
[assistant] 抽取并记录信息: {"user_identity": "", "user_preference": "", "research_direction": "特发性突发性感音神经性听力损失（ISSNHL）的鼓室内皮质类固醇治疗", "filter_requirements": "纳入随机对照试验和准随机对照试验；排除交叉试验；纳入成人和儿童、男女、任何种族、单侧ISSNHL患者（伴或不伴眩晕、耳鸣）；排除非特发性病因的患者；纳入鼓室内皮质类固醇作为一线或二线治疗；纳入特定比较类型；不限制治疗方案细节；不基于结局排除研究；分析治疗开始后8天以上的数据", "rejection_reasons": "", "other_info": "主要结局：纯音测听平均听阈变化（dB）；次要结局包括最终听阈、频率特异性听阈变化、听力改善比例、言语测听变化、不良事件等"}
[assistant] 抽取并记录信息: {"user_identity": "", "user_preference": "", "research_direction": "特发性突发性感音神经性听力损失（ISSNHL）的皮质类固醇治疗", "filter_requirements": "随机对照试验和准随机对照试验；纳入成人和儿童，单侧ISSNHL患者；排除非特发性病因；干预措施为鼓室内应用皮质类固醇（作为一线或挽救治疗）；比较类型包括鼓室内皮质类固醇 vs 无治疗/安慰剂、vs 全身皮质类固醇、联合治疗 vs 全身皮质类固醇、联合治疗 vs 无治疗/安慰剂；结局指标包括纯音测听阈值变化、听力改善比例等", "rejection_reasons": "", "other_info": "交叉试验被排除；结局数据收集在治疗开始后超过一周；主要结局为纯音平均阈值变化（dB）；次要结局包括最终听力阈值、频率特异性阈值变化、听力改善比例、言语测听阈值变化、不良事件等"}
[assistant] 抽取并记录信息: {"user_identity": "", "user_preference": "", "research_direction": "突发性耳聋的局部/鼓室内给药治疗", "filter_requirements": "", "rejection_reasons": "", "other_info": ""}
[assistant] 为 executor 提供背景信息，任务: 筛选相关论文
[coordinator] Metadata初筛完成: 3333 → 3061 篇
[assistant] 为 executor 提供背景信息，任务: 仅根据论文标题判断是否与研究方向相关，做保守筛选
[coordinator] Title筛选完成: 排除 3058 篇, 保留 3 篇
[assistant] 为 executor 提供背景信息，任务: 对论文进行详细筛选，根据摘要判断是否纳入
[executor] 轮次1筛选完成: 2 include, 0 exclude, 1 not sure
[assistant] 抽取并记录信息: {"user_identity": "", "user_preference": "", "research_direction": "", "filter_requirements": "", "rejection_reasons": "", "other_info": "用户对论文 'Oral vs Intratympanic Corticosteroid Therapy for Idiopathic Sudden Sensorineural Hearing Loss A Randomized Trial' 感到满意，认为该论文符合研究需求。"}
[assistant] 抽取并记录信息: {"user_identity": "", "user_preference": "", "research_direction": "", "filter_requirements": "", "rejection_reasons": "", "other_info": "用户对论文 'Comparison -Effectiveness of oral steroid versus intratympanic Dexamethasone for sudden onset sensorineural hearing loss' 感到满意，认为符合研究需求。"}
[assistant] 抽取并记录信息: {"user_identity": "", "user_preference": "", "research_direction": "", "filter_requirements": "", "rejection_reasons": "", "other_info": "用户对论文 'Treatment of sudden sensorineural hearing loss with transtympanic injection of steroids as single therapy: a randomized clinical study' 感到满意，认为该论文符合研究需求。"}
[simulated_user] 轮次1用户反馈: 3 满意, 0 不满意, 累计满意: 3/5
[assistant] 为 executor 提供背景信息，任务: 对论文进行详细筛选，根据摘要判断是否纳入
[assistant] 抽取并记录信息: {"user_identity": "", "user_preference": "", "research_direction": "Intratympanic corticosteroids for sudden sensorineural hearing loss", "filter_requirements": "", "rejection_reasons": "", "other_info": ""}
[assistant] 抽取并记录信息: {"user_identity": "", "user_preference": "", "research_direction": "Intratympanic corticosteroids in the treatment of Idiopathic sudden sensorineural hearing loss (ISSNHL)", "filter_requirements": "Cochrane Trials Register; PubMed; Ovid Embase; CINAHL; Web of Science; ClinicalTrials.gov; ICTRP", "rejection_reasons": "", "other_info": ""}
[assistant] 抽取并记录信息: {"user_identity": "", "user_preference": "", "research_direction": "sudden sensorineural hearing loss (ISSNHL)", "filter_requirements": "randomised controlled trials (RCTs) and quasi‐randomised controlled trials according to the Cochrane definition (Handbook 2021). Cross‐over trials were not included. We included adults and children, female and male, of any ethnic origin, with unilateral ISSNHL (i.e. sudden sensorineural hearing loss of unknown aetiology) with or without vertigo, and with or without tinnitus. Studies in patients with non‐idiopathic conditions or diagnoses were excluded.", "rejection_reasons": "", "other_info": ""}
[assistant] 抽取并记录信息: {"user_identity": "", "user_preference": "", "research_direction": "ISSNHL治疗效果评估", "filter_requirements": "", "rejection_reasons": "", "other_info": ""}
[assistant] 抽取并记录信息: {"user_identity": "", "user_preference": "", "research_direction": "听力障碍、药物注射", "filter_requirements": "近两年", "rejection_reasons": "", "other_info": "CENTRAL    PubMed    Embase (Ovid)      1 MESH DESCRIPTOR Hearing Loss, Sudden EXPLODE ALL AND CENTRAL:TARGET 2 MESH DESCRIPTOR Hearing Loss, Sensorineural EXPLODE ALL AND CENTRAL:TARGET 3 (sudden*):AB,EH,KW,KY,MC,MH,TI,TO AND CENTRAL:TARGET 4 #2 AND #3 AND CENTRAL:TARGET 5 (sshl OR snhl OR ishl OR isshl OR issnhl OR ssnhl):AB,EH,KW,KY,MC,MH,TI,TO AND CENTRAL:TARGET 6 (sudden* AND (hearing OR deaf)):AB,EH,KW,KY,MC,MH,TI,TO AND CENTRAL:TARGET 7 #4 OR #1 OR #5 OR #6 AND CENTRAL:TARGET 8 MESH DESCRIPTOR Administration, Topical EXPLODE ALL AND CENTRAL:TARGET 9 MESH DESCRIPTOR Injection, Intratympanic EXPLODE ALL AND CENTRAL:TARGET 10 (intratympanic* OR topical* OR local*):AB,EH,KW,KY,MC,MH,TI,TO AND CENTRAL:TARGET 11 #8 OR #9 OR #10 AND CENTRAL:TARGET 12 #7 AND #11 AND CENTRAL:TARGET     #1 \"HEARING LOSS, SUDDEN\"[Mesh]#2 \"HEARING LOSS, SENSORINEURAL\"[Mesh]) AND (sudden*))#3 (sshl[tiab] OR snhl[tiab] OR ishl[tiab] OR isshl[tiab] OR issnhl[tiab] OR ssnhl[tiab])#4 (sudden*[tiab] AND (hearing[tiab] OR deaf*[tiab])))#5 #1 OR #2 OR #3 OR #4#6 ((intratympanic*[tiab] OR topical*[tiab] OR local*[tiab])#7 \"Administration, Topical\"[MeSH]  #8 \"Injection, Intratympanic\"[Mesh]#9 #6 OR #7 OR #8#10 #5 AND #9    1          sudden deafness/ 2          exp perception deafness/ 3          sudden*.tw. 4          2 and 3 5          (sshl or snhl or ishl or isshl or issnhl or ssnhl).tw. 6          (sudden* and (hearing or deaf*)).tw. 7          1 or 4 or 5 or 6 8          (intratympanic* or topical* or local*).tw. 9          topical drug administration/ 10        exp intratympanic drug administration/ 11        8 or 9 or 10 12        7 and 11         Web of Science (Web of Knowledge)    ICTRP and ClinicalTrials.gov    ICTRP and ClinicalTrials.gov (CRS)      #1 TS=(sshl or snhl or ishl or isshl or issnhl or ssnhl)#2 TS=(sudden* and (hearing or deaf*))#3 #1 OR #2#4 TS= (intratympanic* or topical* or local*)#5 #3 AND #4    ICTRP  sshl OR snhl OR ishl OR isshl OR issnhl OR ssnhl OR (sudden AND (deaf* OR hearing))   Clinicaltrials.gov  (sudden AND (deafness OR hearing)) AND (local OR intratympanic OR topical)     1          (sudden* AND (deaf* OR hearing)) AND (local* OR intratympanic* OR topical*) AND CENTRAL:TARGET  2          http*:SO AND CENTRAL:TARGET 3          (NCT0* or ACTRN* or ChiCTR* or DRKS* or EUCTR* or eudract* or IRCT* or ISRCTN* or JapicCTI* or JPRN* or NTR0* or NTR1* or NTR2* or NTR3* or NTR4* or NTR5* or NTR6* or NTR7* or NTR8* or NTR9* or SRCTN* or UMIN0*):AU  AND CENTRAL:TARGET  4          #2 OR #3 5          #1 AND #4"}
[assistant] 为 executor 提供背景信息，任务: 筛选相关论文
[assistant] 为 executor 提供背景信息，任务: 对论文进行详细筛选，根据摘要判断是否纳入
[executor] 轮次1筛选完成: 3 include, 0 exclude, 0 not sure
[assistant] 抽取并记录信息: {"user_identity": "", "user_preference": "", "research_direction": "Treatment of sudden sensorineural hearing loss with transtympanic injection of steroids as single therapy: a randomized clinical study", "filter_requirements": "", "rejection_reasons": "", "other_info": "用户对论文感到满意，认为该论文符合研究需求。"}
[assistant] 抽取并记录信息: {"user_identity": "", "user_preference": "", "research_direction": "Ophthalmic and Ear鼻喉科医学 | 听觉神经损伤治疗", "filter_requirements": "", "rejection_reasons": "", "other_info": "对听觉神经损伤治疗感兴趣"}
[assistant] 抽取并记录信息: {"user_identity": "", "user_preference": "", "research_direction": "sensorineural hearing loss", "filter_requirements": "", "rejection_reasons": "", "other_info": "Paper Title: Comparison -Effectiveness of oral steroid versus intratympanic Dexamethasone for sudden onset sensorineural hearing loss; Research Direction: sensorineural hearing loss"}
[simulated_user] 轮次1用户反馈: 3 满意, 0 不满意, 累计满意: 3/5
[assistant] 为 executor 提供背景信息，任务: 对论文进行详细筛选，根据摘要判断是否纳入
