[assistant] 抽取并记录信息: {"user_identity": "", "user_preference": "", "research_direction": "双胎输血综合征的治疗干预措施", "filter_requirements": "", "rejection_reasons": "", "other_info": ""}
[assistant] 抽取并记录信息: {"user_identity": "", "user_preference": "", "research_direction": "双胎输血综合征的干预治疗", "filter_requirements": "", "rejection_reasons": "", "other_info": "研究类型为干预性系统综述，比较了羊水减量术、激光凝固术和羊膜造口术等治疗方式的效果。"}
[assistant] 抽取并记录信息: {"user_identity": "", "user_preference": "", "research_direction": "双胎输血综合征（TTTS）的治疗", "filter_requirements": "纳入准随机和随机研究，比较不同治疗方法（如羊水减量 vs 激光凝固、羊膜造口术 vs 激光凝固等）；研究对象为超声确诊的TTTS双胎妊娠女性；干预措施为治疗TTTS以改善母体症状、胎儿/新生儿/儿童结局及延长妊娠；结局指标包括围产期死亡、神经发育迟缓、侵入性干预次数、早产、胎膜早破、出生孕周、机械通气、输血、出生体重/头围不一致、脑室内出血、新生儿惊厥、NICU住院时间、母体死亡、ICU入住等", "rejection_reasons": "", "other_info": ""}
[assistant] 抽取并记录信息: {"user_identity": "", "user_preference": "", "research_direction": "TTTS（双胎输血综合征）的治疗干预", "filter_requirements": "研究类型：准随机和随机对照试验；参与者：诊断为TTTS的双胎妊娠女性；干预措施：任何针对TTTS的治疗；结局指标：包括围产期死亡、神经发育迟缓、侵入性干预次数等", "rejection_reasons": "", "other_info": ""}
[assistant] 抽取并记录信息: {"user_identity": "", "user_preference": "", "research_direction": "", "filter_requirements": "", "rejection_reasons": "", "other_info": ""}
[assistant] 为 executor 提供背景信息，任务: 筛选相关论文
[coordinator] Metadata初筛完成: 3333 → 3061 篇
[assistant] 为 executor 提供背景信息，任务: 仅根据论文标题判断是否与研究方向相关，做保守筛选
[coordinator] Title筛选完成: 排除 3058 篇, 保留 3 篇
[assistant] 为 executor 提供背景信息，任务: 对论文进行详细筛选，根据摘要判断是否纳入
[executor] 轮次1筛选完成: 1 include, 2 exclude, 0 not sure
[assistant] 抽取并记录信息: {"user_identity": "", "user_preference": "", "research_direction": "", "filter_requirements": "", "rejection_reasons": "", "other_info": "用户对论文 'A prospective, randomized, multicenter trial of amnioreduction vs selective fetoscopic laser photocoagulation for the treatment of severe twin-twin transfusion syndrome' 感到满意，认为符合研究需求。"}
[simulated_user] 轮次1用户反馈: 1 满意, 0 不满意, 累计满意: 1/5
[assistant] 为 executor 提供背景信息，任务: 对论文进行详细筛选，根据摘要判断是否纳入
[assistant] 抽取并记录信息: {"user_identity": "", "user_preference": "", "research_direction": "Interventions for the treatment of twin-twin transfusion syndrome", "filter_requirements": "", "rejection_reasons": "", "other_info": ""}
[assistant] 抽取并记录信息: {"user_identity": "", "user_preference": "", "research_direction": "Treatment modalities for twin-twin transfusion syndrome", "filter_requirements": "Cochrane Pregnancy and Childbirth Group's Trials Register (31 May 2013)", "rejection_reasons": "", "other_info": "The review evaluated the impact of treatment modalities in twin-twin transfusion syndrome, comparing interventions such as amnioreduction with laser coagulation or septostomy. The search methods included trials from the Cochrane Pregnancy and Childbirth Group's Trials Register up to May 31, 2013. The review authors assessed the quality of studies and extracted data, contacting study authors for additional information when necessary. The main findings indicated no significant differences in overall death or death outcomes between amnioreduction and laser coagulation, but suggested that laser coagulation could be considered for treatment to improve neurodevelopmental outcomes."}
[assistant] 抽取并记录信息: {"user_identity": "", "user_preference": "", "research_direction": "胎盘套位（TTTS）治疗及预后分析", "filter_requirements": "回顾符合准随机对照试验和非随机对照试验的研究，排除随机对照试验。研究需涉及多个预后指标如死亡率、神经发育延迟等。", "rejection_reasons": "", "other_info": ""}
[assistant] 抽取并记录信息: {"user_identity": "", "user_preference": "", "research_direction": "TERTIARY EDUCATION STUDIES ON TETRASOMAL FUSION", "filter_requirements": "近两年", "rejection_reasons": "", "other_info": ""}
[assistant] 抽取并记录信息: {"user_identity": "", "user_preference": "", "research_direction": "TWIN-TWIN SEPTOSTOMY LASER COAGULATION FETO-FETAL TRANSFUSION AMNIOREDUCTION", "filter_requirements": "We searched the Cochrane Pregnancy and Childbirth Group’s Trials Register by contacting the Trials Search Co‐ordinator (January 2008). The Cochrane Pregnancy and Childbirth Group’s Trials Register is maintained by the Trials Search Co‐ordinator and contains trials identified from: quarterly searches of the Cochrane Central Register of Controlled Trials (CENTRAL); weekly searches of MEDLINE; handsearches of 30 journals and the proceedings of major conferences; weekly current awareness alerts for a further 44 journals plus monthly BioMed Central email alerts. Details of the search strategies for CENTRAL and MEDLINE, the list of handsearched journals and conference proceedings, and the list of journals reviewed via the current awareness service can be found in the 'Specialized Register' section within the editorial information about the Cochrane Pregnancy and Childbirth Group. Trials identified through the searching activities described above are each assigned to a review topic (or topics). The Trials Search Co‐ordinator searches the register for each review using the topic list rather than keywords. In addition, we searched the Cochrane Central Register of Controlled Trials (The Cochrane Library 2007, Issue 4) using the following search strategy: We did not apply any language restrictions. TWIN-TWIN (TWIN near TRANSFUSION) SEPTOSTOMY ((LASER next COAGULATION) and TWIN-TWIN) (FETO-FETAL next TRANSFUSION) (FOETO-FOETAL next TRANSFUSION) AMNIOREDUCTION AMNIODRAINAGE ((LASER next ABLATION) and TWIN-TWIN) ((((((((#1 or #2) or #3) or #4) or #5) or #6) or #7) or #8) or #9) We also searched the following conference proceedings in February 2007: British Maternal and Fetal Medicine Society; Annual Clinical Meeting of the Society for Maternal and Fetal Medicine; International Society for Ultrasound in Obstetrics & Gynaecology and World Congress of Obstetrics and Gynaecology. We made personal contact with experts or institutions active in the area.", "rejection_reasons": "", "other_info": ""}
[assistant] 为 executor 提供背景信息，任务: 筛选相关论文
[assistant] 为 executor 提供背景信息，任务: 对论文进行详细筛选，根据摘要判断是否纳入
[executor] 轮次1筛选完成: 1 include, 0 exclude, 0 not sure
[assistant] 抽取并记录信息: {"user_identity": "", "user_preference": "", "research_direction": "twin-twin transfusion syndrome", "filter_requirements": "", "rejection_reasons": "", "other_info": "论文标题为 'A prospective, randomized, multicenter trial of amnioreduction vs selective fetoscopic laser photocoagulation for the treatment of severe twin-twin transfusion syndrome'，主题涉及治疗方法的选择。"}
[simulated_user] 轮次1用户反馈: 1 满意, 0 不满意, 累计满意: 1/5
[assistant] 为 executor 提供背景信息，任务: 对论文进行详细筛选，根据摘要判断是否纳入
