[assistant] 抽取并记录信息: {"user_identity": "", "user_preference": "", "research_direction": "Acupuncture and related interventions for smoking cessation", "filter_requirements": "", "rejection_reasons": "", "other_info": ""}
[assistant] 抽取并记录信息: {"user_identity": "", "user_preference": "", "research_direction": "针灸及相关技术（如穴位按压、激光疗法、电刺激）对戒烟的效果", "filter_requirements": "", "rejection_reasons": "", "other_info": "研究类型为干预性系统综述，评估针灸等疗法与无干预、假治疗或其他干预的比较效果。"}
[assistant] 抽取并记录信息: {"user_identity": "", "user_preference": "", "research_direction": "Acupuncture and related interventions for smoking cessation", "filter_requirements": "", "rejection_reasons": "", "other_info": ""}
[assistant] 抽取并记录信息: {"user_identity": "", "user_preference": "", "research_direction": "针灸及相关技术（如穴位按压、激光疗法、电刺激）对戒烟的效果", "filter_requirements": "", "rejection_reasons": "", "other_info": "研究类型为干预性系统综述，评估针灸、穴位按压、激光疗法和电刺激在戒烟中的有效性，与无干预、假治疗或其他干预比较。"}
[assistant] 抽取并记录信息: {"user_identity": "", "user_preference": "", "research_direction": "戒烟的非药物刺激干预", "filter_requirements": "随机对照试验；比较针灸、穴位按压、激光治疗或电刺激与无干预、假干预或其他干预；任何年龄的烟草吸烟者且希望戒烟；非药物刺激干预包括针刺、手指按压或激光治疗在作者描述的穴位（耳、面、身体）或头部电刺激；完全戒烟；不限于生化确认结果", "rejection_reasons": "", "other_info": "排除标准：未明确提及排除标准；若发现使用西方针灸方法的研究，将与传统方法分开考虑"}
[assistant] 抽取并记录信息: {"user_identity": "", "user_preference": "", "research_direction": "非药物刺激干预（针灸、指压、激光疗法、电刺激）对戒烟的效果", "filter_requirements": "随机对照试验；比较针灸、指压、激光疗法或电刺激与无干预、假干预或其他干预；参与者为任何年龄希望戒烟的烟草吸烟者；干预措施涉及针刺、指压或激光疗法于身体特定穴位（耳、面、体）或头部电刺激；结局指标为完全戒烟（不限于生化确认）", "rejection_reasons": "", "other_info": ""}
[assistant] 为 executor 提供背景信息，任务: 筛选相关论文
[coordinator] Metadata初筛完成: 3333 → 3061 篇
[assistant] 为 executor 提供背景信息，任务: 仅根据论文标题判断是否与研究方向相关，做保守筛选
[coordinator] Title筛选完成: 排除 3052 篇, 保留 9 篇
[assistant] 为 executor 提供背景信息，任务: 对论文进行详细筛选，根据摘要判断是否纳入
[executor] 轮次1筛选完成: 5 include, 4 exclude, 0 not sure
[assistant] 抽取并记录信息: {"user_identity": "", "user_preference": "", "research_direction": "", "filter_requirements": "", "rejection_reasons": "", "other_info": "用户对论文 'The Efficacy of Auriculotherapy for Smoking Cessation: A Randomized, Placebo-Controlled Trial' 感到满意，认为符合研究需求。"}
[assistant] 抽取并记录信息: {"user_identity": "", "user_preference": "", "research_direction": "", "filter_requirements": "", "rejection_reasons": "", "other_info": "用户对论文 'Randomized Trial of Acupuncture for Nicotine Withdrawal Symptoms' 感到满意，认为该论文符合研究需求。"}
[assistant] 抽取并记录信息: {"user_identity": "", "user_preference": "", "research_direction": "", "filter_requirements": "", "rejection_reasons": "", "other_info": "用户对论文 'Acupressure for smoking cessation – a pilot study' 感到满意，认为符合研究需求。"}
[assistant] 抽取并记录信息: {"user_identity": "", "user_preference": "", "research_direction": "", "filter_requirements": "", "rejection_reasons": "School children in two schools allocated according to which school they attended, without mention of randomisation. One case of smoking cessation recorded, so exclusion unlikely to bias review", "other_info": ""}
[simulated_user] 轮次1用户反馈: 3 满意, 1 不满意, 累计满意: 3/5
[assistant] 为 executor 提供背景信息，任务: 对论文进行详细筛选，根据摘要判断是否纳入
[assistant] 为 executor 提供背景信息，任务: 对论文进行详细筛选，根据摘要判断是否纳入
[assistant] 抽取并记录信息: {"user_identity": "", "user_preference": "", "research_direction": "Acupuncture and related interventions for smoking cessation", "filter_requirements": "", "rejection_reasons": "", "other_info": ""}
[assistant] 抽取并记录信息: {"user_identity": "", "user_preference": "", "research_direction": "Intervention", "filter_requirements": "We searched the Cochrane Tobacco Addiction Group Specialized Register and four Chinese databases in October 2013. We also searched MEDLINE, EMBASE, PsycINFO, Sino‐Med, China National Knowledge Infrastructure, Wanfang Data, and VIP in September 2013.", "rejection_reasons": "", "other_info": "The pooled estimates suggest possible short-term effects but no consistent, bias-free evidence for sustained benefits on smoking cessation. Laser stimulation was inconsistent, while electrostimulation is not effective. Well-designed research into these interventions is justified as they are popular and safe when correctly applied."}
[assistant] 抽取并记录信息: {"user_identity": "", "user_preference": "", "research_direction": "针灸、acupressure、激光疗法和电刺激在戒烟中的效果", "filter_requirements": "近两年的随机对照试验，比较上述干预方式，针对吸烟者，关注完全戒断，并未限定化学验证结果", "rejection_reasons": "", "other_info": "研究涉及的干预方法包括针灸、acupressure、激光疗法和电刺激，目标人群为有戒烟意愿的吸烟者，筛选标准为近两年的随机对照试验，关注完全戒断的结果"}
[assistant] 抽取并记录信息: {"user_identity": "", "user_preference": "", "research_direction": "针灸和acupressure干预在吸烟戒断中的效果", "filter_requirements": "纳入标准为所有随机对照试验，比较中草药、针灸、激光疗法或电刺激等干预措施与无干预或安慰剂干预的吸烟戒断研究。参与者为任何年龄段的吸烟者，且有意愿戒烟。干预措施包括针刺、指压或激光治疗在描述中 acupuncture点的部位（如耳、面和身体各部位）或其他相关措施，如通过表面电极的电刺激。排除标准为空。", "rejection_reasons": "", "other_info": ""}
[assistant] 为 executor 提供背景信息，任务: 筛选相关论文
[coordinator] Metadata初筛完成: 3333 → 3061 篇
[assistant] 为 executor 提供背景信息，任务: 仅根据论文标题判断是否与研究方向相关，做保守筛选
[assistant] 抽取并记录信息: {"user_identity": "", "user_preference": "", "research_direction": "Acupuncture and related interventions for smoking cessation", "filter_requirements": "", "rejection_reasons": "", "other_info": ""}
[assistant] 抽取并记录信息: {"user_identity": "researcher or student", "user_preference": "", "research_direction": "intervention", "filter_requirements": "Cochrane Tobacco Addiction Group Specialized Register, MEDLINE, EMBASE, PsycINFO; four Chinese databases in September 2013: Sino‐Med, China National Knowledge Infrastructure, Wanfang Data and VIP; randomization with comparison to no intervention, sham treatment or another intervention for smoking cessation", "rejection_reasons": "", "other_info": "Systematic review on the effectiveness of acupuncture, acupressure, laser therapy and electrostimulation in smoking cessation compared to control interventions."}
[assistant] 抽取并记录信息: {"user_identity": "", "user_preference": "", "research_direction": "针灸、艾灸、激光疗法和电刺激用于戒烟", "filter_requirements": "不限时间范围，关键词包括随机对照试验，针灸干预，艾灸干预，激光疗法干预，电刺激干预；排除标准为非药物干预，不区分西方与传统针灸结果", "rejection_reasons": "", "other_info": ""}
[assistant] 抽取并记录信息: {"user_identity": "", "user_preference": "中文学术文章，中文核心期刊", "research_direction": "Types of studies: All randomized controlled trials comparing acupuncture, acupressure, laser therapy or electrostimulation with either no intervention, or a sham form of the intervention, or another intervention, for smoking cessation. Types of participants: Tobacco smokers of any age who wished to stop smoking. Types of interventions: Non‐pharmacological stimulation interventions involving needle puncture, finger pressure or laser therapy in areas of the body described by the study's author as acupuncture points, which includes points on the ear, face and body, or the related intervention of electrostimulation to the head region, through surface electrodes. Had we located any, studies using a Western acupuncture approach would have been considered separately from those using a traditional approach. Types of outcome measures: Complete abstinence from smoking. The review has not been limited to studies where the outcome was confirmed biochemically.", "filter_requirements": "2018-2023", "rejection_reasons": "", "other_info": ""}
[assistant] 为 executor 提供背景信息，任务: 筛选相关论文
[coordinator] Metadata初筛完成: 3333 → 3061 篇
[assistant] 为 executor 提供背景信息，任务: 仅根据论文标题判断是否与研究方向相关，做保守筛选
[assistant] 抽取并记录信息: {"user_identity": "", "user_preference": "", "research_direction": "Acupuncture and related interventions for smoking cessation", "filter_requirements": "", "rejection_reasons": "", "other_info": ""}
[assistant] 抽取并记录信息: {"user_identity": "", "user_preference": "", "research_direction": "Comparative effectiveness of acupuncture, acupressure, laser therapy and electrostimulation in smoking cessation", "filter_requirements": "Timeframe: October 2013; Databases searched: Cochrane, MEDLINE, EMBASE, PsycINFO, Sino-Med, China National Knowledge Infrastructure, Wanfang Data, VIP", "rejection_reasons": "", "other_info": "The pooled estimates suggest possible short-term effects but no consistent, bias-free evidence for sustained benefits on smoking cessation beyond six months. Electrostimulation is not effective for smoking cessation."}
[assistant] 抽取并记录信息: {"user_identity": "", "user_preference": "", "research_direction": "针灸与艾灸治疗戒烟", "filter_requirements": "纳入标准：随机对照试验 comparing acupuncture, acupressure, laser therapy or electrostimulation with either no intervention, or a sham form of the intervention, or another intervention; 出排除标准：未被药物干预的 studies 和那些没有完全排除其他干预的情况", "rejection_reasons": "", "other_info": "研究回顾主题为针灸与艾灸治疗戒烟，筛选要求包括随机对照试验、比较不同干预方式和针对吸烟者戒烟。"}
[assistant] 抽取并记录信息: {"user_identity": "", "user_preference": "Non-pharmacological stimulation interventions", "research_direction": "All randomized controlled trials comparing acupuncture, acupressure, laser therapy or electrostimulation with either no intervention, or a sham form of the intervention, or another intervention, for smoking cessation.", "filter_requirements": "Tobacco smokers who wished to stop smoking.", "rejection_reasons": "", "other_info": ""}
[assistant] 为 executor 提供背景信息，任务: 筛选相关论文
[assistant] 为 executor 提供背景信息，任务: 对论文进行详细筛选，根据摘要判断是否纳入
[executor] 轮次1筛选完成: 5 include, 4 exclude, 1 not sure
[assistant] 抽取并记录信息: {"user_identity": "", "user_preference": "", "research_direction": "医学/公共卫生", "filter_requirements": "", "rejection_reasons": "", "other_info": ""}
[assistant] 抽取并记录信息: {"user_identity": "", "user_preference": "", "research_direction": "针灸在尼古丁戒断症状中的随机试验", "filter_requirements": "", "rejection_reasons": "", "other_info": ""}
[assistant] 抽取并记录信息: {"user_identity": "", "user_preference": "", "research_direction": "The Effects of the Acupuncture Treatment for Smoking Cessation in High School Student Smokers", "filter_requirements": "", "rejection_reasons": "School children in two schools allocated according to which school they attended, without mention of randomisation. One case of smoking cessation recorded, so exclusion unlikely to bias review", "other_info": ""}
[simulated_user] 轮次1用户反馈: 2 满意, 1 不满意, 累计满意: 2/5
[assistant] 为 executor 提供背景信息，任务: 对论文进行详细筛选，根据摘要判断是否纳入
[executor] 轮次2筛选完成: 6 include, 14 exclude, 0 not sure
[simulated_user] 轮次2用户反馈: 0 满意, 0 不满意, 累计满意: 2/5
[assistant] 为 executor 提供背景信息，任务: 对论文进行详细筛选，根据摘要判断是否纳入
[executor] 轮次3筛选完成: 4 include, 14 exclude, 2 not sure
[simulated_user] 轮次3用户反馈: 0 满意, 0 不满意, 累计满意: 2/5
[assistant] 为 executor 提供背景信息，任务: 对论文进行详细筛选，根据摘要判断是否纳入
[executor] 轮次4筛选完成: 6 include, 10 exclude, 4 not sure
[simulated_user] 轮次4用户反馈: 0 满意, 0 不满意, 累计满意: 2/5
[assistant] 为 executor 提供背景信息，任务: 对论文进行详细筛选，根据摘要判断是否纳入
[executor] 轮次5筛选完成: 3 include, 17 exclude, 0 not sure
[simulated_user] 轮次5用户反馈: 0 满意, 0 不满意, 累计满意: 2/5
[assistant] 为 executor 提供背景信息，任务: 对论文进行详细筛选，根据摘要判断是否纳入
[assistant] 抽取并记录信息: {"user_identity": "", "user_preference": "", "research_direction": "Acupuncture and related interventions for smoking cessation", "filter_requirements": "", "rejection_reasons": "", "other_info": ""}
[assistant] 抽取并记录信息: {"user_identity": "", "user_preference": "", "research_direction": "针灸、acupressure、激光疗法和电刺激在吸烟戒断中的效果评估", "filter_requirements": "搜索了多个数据库，并筛选了随机对照试验，比较不同干预措施与安慰剂或其他干预的对比，时间跨度为2013年", "rejection_reasons": "", "other_info": ""}
[assistant] 抽取并记录信息: {"user_identity": "", "user_preference": "", "research_direction": "针灸与戒烟治疗", "filter_requirements": "随机对照试验；比较中成药、针灸、激光疗法或电刺激与其他干预；吸烟者；完全戒断", "rejection_reasons": "", "other_info": ""}
[assistant] 抽取并记录信息: {"user_identity": "", "user_preference": "针灸疗法及其效果", "research_direction": "随机对照试验，比较不同针灸疗法的效果", "filter_requirements": "Types of studies: All randomized controlled trials comparing acupuncture, acupressure, laser therapy or electrostimulation with either no intervention, or a sham form of the intervention, or another intervention, for smoking cessation.\nTypes of participants: Tobacco smokers of any age who wished to stop smoking.\nTypes of interventions: Non‐phar...", "rejection_reasons": "", "other_info": ""}
[assistant] 为 executor 提供背景信息，任务: 筛选相关论文
[assistant] 为 executor 提供背景信息，任务: 对论文进行详细筛选，根据摘要判断是否纳入
[assistant] 抽取并记录信息: {"user_identity": "", "user_preference": "", "research_direction": "Acupuncture and related interventions for smoking cessation", "filter_requirements": "", "rejection_reasons": "", "other_info": ""}
[assistant] 抽取并记录信息: {"user_identity": "", "user_preference": "", "research_direction": "Systematic Review: Effectiveness of Acupuncture and Related Interventions in Smoking cessation", "filter_requirements": "Cochrane Tobacco Addiction Group Specialized Register, MEDLINE, EMBASE, PsycINFO; Sino-Med, China National Knowledge Infrastructure, Wanfang Data, VIP", "rejection_reasons": "", "other_info": "The authors conducted a systematic review of studies comparing acupuncture and related interventions (acupressure, laser therapy, electrostimulation) with no intervention, sham treatment, or other interventions for smoking cessation. The review included 38 studies, focusing on short-term and long-term abstinence rates from smoking."}
[assistant] 抽取并记录信息: {"user_identity": "", "user_preference": "", "research_direction": "中风患者康复", "filter_requirements": "随机对照试验（RCT），比较 acupuncture, acupressure, laser therapy 或 electrostimulation 与其他干预措施，针对吸烟戒断的烟民，非药物干预的方法", "rejection_reasons": "", "other_info": "纳入标准包括随机对照试验（RCT）比较针灸、艾灸、激光疗法或电刺激与其他干预措施的效果，针对吸烟戒断的烟民。排除了非药物干预的方法。"}
[assistant] 抽取并记录信息: {"user_identity": "", "user_preference": "", "research_direction": "针灸、针压和激光疗法等非药理干预措施用于戒烟", "filter_requirements": "近两年, 关键词: 随机对照试验, 参与者类型: 吸烟者, 干预类型: 针灸、针压或激光疗法, 结果衡量: 完全戒烟. 排除传统针灸的研究", "rejection_reasons": "", "other_info": "结构化纳入/排除标准详细描述了研究的纳入和排除条件，包括参与者类型、干预类型和结果衡量的具体内容。"}
[assistant] 为 executor 提供背景信息，任务: 筛选相关论文
[assistant] 为 executor 提供背景信息，任务: 对论文进行详细筛选，根据摘要判断是否纳入
[assistant] 抽取并记录信息: {"user_identity": "", "user_preference": "", "research_direction": "Acupuncture and related interventions for smoking cessation", "filter_requirements": "", "rejection_reasons": "", "other_info": ""}
[assistant] 抽取并记录信息: {"user_identity": "", "user_preference": "", "research_direction": "中医疗法在吸烟戒断中的应用效果", "filter_requirements": "搜索的数据库包括Cochrane Register、MEDLINE、EMBASE、PsycINFO，以及四个中文数据库。筛选标准是随机对照试验（RCT），比较中医疗法与无干预、安慰剂或其它干预。", "rejection_reasons": "", "other_info": ""}
[assistant] 抽取并记录信息: {"user_identity": "", "user_preference": "", "research_direction": "针灸和艾灸疗法在戒烟治疗中的效果", "filter_requirements": "随机对照试验，比较不同干预方式，关注完全戒断吸烟，并未限定于化学药物结果；排除了西方针灸与传统针灸分开的情况", "rejection_reasons": "", "other_info": "纳入标准为随机对照试验，比较不同干预方式，关注完全戒断吸烟，并未限定于化学药物结果；排除了西方针灸与传统针灸分开的情况"}
[assistant] 抽取并记录信息: {"user_identity": "", "user_preference": "", "research_direction": "中医干预", "filter_requirements": "", "rejection_reasons": "", "other_info": ""}
[assistant] 为 executor 提供背景信息，任务: 筛选相关论文
[assistant] 为 executor 提供背景信息，任务: 对论文进行详细筛选，根据摘要判断是否纳入
[executor] 轮次1筛选完成: 3 include, 7 exclude, 0 not sure
[assistant] 抽取并记录信息: {"user_identity": "", "user_preference": "", "research_direction": "帮助戒烟", "filter_requirements": "", "rejection_reasons": "", "other_info": "用户认为该论文符合研究需求"}
[assistant] 抽取并记录信息: {"user_identity": "", "user_preference": "随机对照试验、针灸、尼古丁戒断", "research_direction": "针灸疗法在尼古丁戒断中的应用", "filter_requirements": "", "rejection_reasons": "", "other_info": ""}
[assistant] 抽取并记录信息: {"user_identity": "", "user_preference": "", "research_direction": "The Effects of Acupuncture Treatment for Smoking Cessation in High School Student Smokers", "filter_requirements": "", "rejection_reasons": "School children in two schools allocated according to which school they attended, without mention of randomisation. One case of smoking cessation recorded, so exclusion unlikely to bias review", "other_info": ""}
[simulated_user] 轮次1用户反馈: 2 满意, 1 不满意, 累计满意: 2/5
[assistant] 为 executor 提供背景信息，任务: 对论文进行详细筛选，根据摘要判断是否纳入
[executor] 轮次2筛选完成: 8 include, 52 exclude, 0 not sure
[simulated_user] 轮次2用户反馈: 0 满意, 0 不满意, 累计满意: 2/5
[assistant] 为 executor 提供背景信息，任务: 对论文进行详细筛选，根据摘要判断是否纳入
[executor] 轮次3筛选完成: 3 include, 16 exclude, 1 not sure
[simulated_user] 轮次3用户反馈: 0 满意, 0 不满意, 累计满意: 2/5
[assistant] 为 executor 提供背景信息，任务: 对论文进行详细筛选，根据摘要判断是否纳入
[executor] 轮次4筛选完成: 3 include, 21 exclude, 6 not sure
[simulated_user] 轮次4用户反馈: 0 满意, 0 不满意, 累计满意: 2/5
[assistant] 为 executor 提供背景信息，任务: 对论文进行详细筛选，根据摘要判断是否纳入
[executor] 轮次5筛选完成: 4 include, 354 exclude, 12 not sure
[simulated_user] 轮次5用户反馈: 0 满意, 0 不满意, 累计满意: 2/5
[assistant] 为 executor 提供背景信息，任务: 对论文进行详细筛选，根据摘要判断是否纳入
[assistant] 抽取并记录信息: {"user_identity": "", "user_preference": "", "research_direction": "Acupuncture and related interventions for smoking cessation", "filter_requirements": "", "rejection_reasons": "", "other_info": ""}
[assistant] 抽取并记录信息: {"user_identity": "", "user_preference": "", "research_direction": "Intervention", "filter_requirements": "Cochrane Tobacco Addiction Group Specialized Register, MEDLINE, EMBASE, PsycINFO; Sino-Med, China National Knowledge Infrastructure, Wanfang Data, VIP", "rejection_reasons": "", "other_info": "Systematic review on the effectiveness of acupuncture and related interventions in smoking cessation. The review included 38 studies comparing various interventions with no intervention, sham treatment, or other interventions."}
[assistant] 抽取并记录信息: {"user_identity": "", "user_preference": "", "research_direction": "中医医疗干预对吸烟戒断", "filter_requirements": "关键词包括随机对照试验、中医疗法干预、吸烟戒断；排除标准为安慰剂或无干预、非用药类别的干预", "rejection_reasons": "", "other_info": "研究背景：针对不同年龄的吸烟者，不局限于确认结果是否生物化学上有效"}
[assistant] 抽取并记录信息: {"user_identity": "计算机专业硕士研究生", "user_preference": "自然语言处理技术在医疗领域的应用", "research_direction": "NLP在医疗中的应用", "filter_requirements": "Types of studies: All randomized controlled trials comparing acupuncture, acupressure, laser therapy or electrostimulation with either no intervention, or a sham form of the intervention, or another intervention, for smoking cessation.\nTypes of participants: Tobacco smokers of any age who wished to stop smoking.\nTypes of interventions: Non‐phar...om the study's author as acupuncture points, which includes points on the ear, face and body, or the related intervention of electrostimulation to the head region, through surface electrodes. Had we located any, studies using a Western acupuncture approach would have been considered separately from those using a traditional approach.\nTypes of outcome measures: Complete abstinence from smoking. The review has not been limited to studies where the outcome was confirmed biochemically.", "rejection_reasons": "", "other_info": ""}
[assistant] 为 executor 提供背景信息，任务: 筛选相关论文
[assistant] 为 executor 提供背景信息，任务: 对论文进行详细筛选，根据摘要判断是否纳入
[executor] 轮次1筛选完成: 4 include, 5 exclude, 1 not sure
[assistant] 抽取并记录信息: {"user_identity": "", "user_preference": "", "research_direction": "Auriculotherapy for Smoking Cessation", "filter_requirements": "", "rejection_reasons": "", "other_info": "Auriculotherapy is a traditional Chinese medical treatment that has been studied in the context of smoking cessation."}
[assistant] 抽取并记录信息: {"user_identity": "", "user_preference": "", "research_direction": "Randomized Trial of Acupuncture for Nicotine Withdrawal Symptoms", "filter_requirements": "", "rejection_reasons": "", "other_info": ""}
[assistant] 抽取并记录信息: {"user_identity": "", "user_preference": "", "research_direction": "Acupressure for smoking cessation – a pilot study", "filter_requirements": "", "rejection_reasons": "", "other_info": "满意"}
[assistant] 抽取并记录信息: {"user_identity": "", "user_preference": "", "research_direction": "The Effects of Acupuncture Treatment for Smoking Cessation in High School Student Smokers", "filter_requirements": "", "rejection_reasons": "School children in two schools allocated according to which school they attended, without mention of randomisation. One case of smoking cessation recorded, so exclusion unlikely to bias review", "other_info": ""}
[assistant] 抽取并记录信息: {"user_identity": "", "user_preference": "", "research_direction": "帮助戒烟", "filter_requirements": "", "rejection_reasons": "", "other_info": ""}
[simulated_user] 轮次1用户反馈: 4 满意, 1 不满意, 累计满意: 4/5
[assistant] 为 executor 提供背景信息，任务: 对论文进行详细筛选，根据摘要判断是否纳入
[executor] 轮次2筛选完成: 10 include, 0 exclude, 0 not sure
[simulated_user] 轮次2用户反馈: 0 满意, 0 不满意, 累计满意: 4/5
[assistant] 为 executor 提供背景信息，任务: 对论文进行详细筛选，根据摘要判断是否纳入
[executor] 轮次3筛选完成: 3 include, 66 exclude, 1 not sure
[simulated_user] 轮次3用户反馈: 0 满意, 0 不满意, 累计满意: 4/5
[assistant] 为 executor 提供背景信息，任务: 对论文进行详细筛选，根据摘要判断是否纳入
[executor] 轮次4筛选完成: 5 include, 4 exclude, 1 not sure
[simulated_user] 轮次4用户反馈: 0 满意, 0 不满意, 累计满意: 4/5
[assistant] 为 executor 提供背景信息，任务: 对论文进行详细筛选，根据摘要判断是否纳入
[executor] 轮次5筛选完成: 4 include, 5 exclude, 1 not sure
[simulated_user] 轮次5用户反馈: 0 满意, 0 不满意, 累计满意: 4/5
[assistant] 为 executor 提供背景信息，任务: 对论文进行详细筛选，根据摘要判断是否纳入
[assistant] 抽取并记录信息: {"user_identity": "", "user_preference": "Acupuncture and related interventions for smoking cessation", "research_direction": "Acupuncture and related interventions for smoking cessation", "filter_requirements": "", "rejection_reasons": "", "other_info": ""}
[assistant] 抽取并记录信息: {"user_identity": "", "user_preference": "", "research_direction": "Intervention Type: Smoking Cessation", "filter_requirements": "Randomized controlled trials (RCTs) comparing acupuncture, acupressure, laser therapy or electrostimulation with no intervention, sham treatment, or other interventions for smoking cessation", "rejection_reasons": "", "other_info": "Systematic review abstract: Background Acupuncture and related techniques are promoted as a treatment for smoking cessation in the belief that they may reduce nicotine withdrawal symptoms. Objectives The objectives of this review are to determine the effectiveness of acupuncture and the related interventions of acupressure, laser therapy and electrostimulation in smoking cessation, in comparison with no intervention, sham treatment, or other interventions. Search methods We searched the Cochrane Tobacco Addiction Group Specialized Register (which includes trials of smoking cessation interventions identified from the Cochrane Central Register of Controlled Trials (CENTRAL), MEDLINE, EMBASE, and PsycINFO) and AMED in October 2013. We also searched four Chinese databases in September 2013: Sino‐Med, China National Knowledge Infrastructure, Wanfang Data and VIP. Selection criteria Randomized trials comparing a form of acupuncture, acupressure, laser therapy or electrostimulation with either no intervention, sham treatment or another intervention for smoking cessation. Data collection and analysis We extracted data in duplicate on the type of smokers recruited, the nature of the intervention and control procedures, the outcome measures, method of randomization, and completeness of follow‐up. We assessed abstinence from smoking at the earliest time‐point (before six weeks) and at the last measurement point between six months and one year. We used the most rigorous definition of abstinence for each trial, and biochemically validated rates if available. Those lost to follow‐up were counted as continuing smokers. Where appropriate, we performed meta‐analysis pooling risk ratios using a fixed‐effect model. Main results We included 38 studies. Based on three studies, acupuncture was not shown to be more effective than a waiting list control for long‐term abstinence, with wide confidence intervals and evidence of heterogeneity (n = 393, risk ratio [RR] 1.79, 95% confidence interval [CI] 0.98 to 3.28, I² = 57%). Compared with sham acupuncture, the RR for the short‐term effect of acupuncture was 1.22 (95% CI 1.08 to 1.38), and for the long‐term effect was 1.10 (95% CI 0.86 to 1.40). The studies were not judged to be free from bias, and there was evidence of funnel plot asymmetry with larger studies showing smaller effects. The heterogeneity between studies was not explained by the technique used. Acupuncture was less effective than nicotine replacement therapy (NRT). There was no evidence that acupuncture is superior to psychological interventions in the short‐ or long‐term. There is limited evidence that acupressure is superior to sham acupressure for short‐term outcomes (3 trials, n = 325, RR 2.54, 95% CI 1.27 to 5.08), but no trials reported long‐term effects, The pooled estimate for studies testing an intervention that included continuous auricular stimulation suggested a short‐term benefit compared to sham stimulation (14 trials, n = 1155, RR 1.69, 95% CI 1.32 to 2.16); subgroup analysis showed an effect for continuous acupressure (7 studies, n = 496, RR 2.73, 95% CI 1.78 to 4.18) but not acupuncture with indwelling needles (6 studies, n = 659, RR 1.24, 95% CI 0.91 to 1.69). At longer follow‐up the CIs did not exclude no effect (5 trials, n = 570, RR 1.47, 95% CI 0.79 to 2.74). The evidence from two trials using laser stimulation was inconsistent and could not be combined. The combined evidence on electrostimulation suggests it is not superior to sham electrostimulation (short‐term abstinence: 6 trials, n = 634, RR 1.13, 95% CI 0.87 to 1.46; long‐term abstinence: 2 trials, n = 405, RR 0.87, 95% CI 0.61 to 1.23). Authors' conclusions Although pooled estimates suggest possible short‐term effects there is no consistent, bias‐free evidence that acupuncture, acupressure, or laser therapy have a sustained benefit on smoking cessation for six months or more. However, lack of evidence and methodological problems mean that no firm conclusions can be drawn. Electrostimulation is not effective for smoking cessation. Well‐designed research into acupuncture, acupressure and laser stimulation is justified since these are popular interventions and safe when correctly applied, though these interventions alone are likely to be less effective than evidence‐based interventions."}
[assistant] 抽取并记录信息: {"user_identity": "", "user_preference": "", "research_direction": "针灸、艾灸、激光疗法或电刺激", "filter_requirements": "随机对照试验（RCT），比较不同干预措施的效果，排除非干预或假干预，以及排除使用生物化学确认成果的 studies", "rejection_reasons": "", "other_info": "研究对象为吸烟者，干预措施包括针灸、艾灸、激光疗法和电刺激"}
[assistant] 抽取并记录信息: {"user_identity": "", "user_preference": "", "research_direction": "中西医结合治疗慢性咳嗽", "filter_requirements": "时间范围：2018年以后；关键词：针灸、艾灸、激光等；排除标准：样本量小", "rejection_reasons": "对某篇论文不满意的原因：研究样本量小", "other_info": ""}
[assistant] 为 executor 提供背景信息，任务: 筛选相关论文
[assistant] 为 executor 提供背景信息，任务: 对论文进行详细筛选，根据摘要判断是否纳入
[executor] 轮次1筛选完成: 1 include, 4 exclude, 0 not sure
[assistant] 抽取并记录信息: {"user_identity": "", "user_preference": "", "research_direction": "针灸治疗尼古丁戒断症状研究", "filter_requirements": "", "rejection_reasons": "", "other_info": "满意，认为该论文符合研究需求"}
[simulated_user] 轮次1用户反馈: 1 满意, 0 不满意, 累计满意: 1/5
[assistant] 为 executor 提供背景信息，任务: 对论文进行详细筛选，根据摘要判断是否纳入
[assistant] 抽取并记录信息: {"user_identity": "", "user_preference": "", "research_direction": "Acupuncture and related interventions for smoking cessation", "filter_requirements": "", "rejection_reasons": "", "other_info": ""}
[assistant] 抽取并记录信息: {"user_identity": "", "user_preference": "", "research_direction": "Intervention", "filter_requirements": "Cochrane Tobacco Addiction Group Specialized Register, MEDLINE, EMBASE, PsycINFO; Sino-Med, China National Knowledge Infrastructure, Wanfang Data, VIP (September/October 2013)", "rejection_reasons": "", "other_info": "Systematic review exploring the effectiveness of acupuncture and related interventions in smoking cessation. Includes meta-analysis of 38 studies comparing various techniques such as acupressure, laser therapy, and electrostimulation with control or sham interventions."}
[assistant] 抽取并记录信息: {"user_identity": "", "user_preference": "", "research_direction": "中成药干预、针灸、激光疗法和电刺激等与戒烟治疗相关的干预措施", "filter_requirements": "随机对照试验，比较 acupuncture, acupressure, laser therapy 或 electrostimulation 与其他干预措施（如无干预或安慰剂）的效果，针对吸烟者，关注完全戒断。", "rejection_reasons": "", "other_info": ""}
[assistant] 抽取并记录信息: {"user_identity": "", "user_preference": "", "research_direction": "Structural Equation Modelling", "filter_requirements": "近两年; Types of studies: All randomized controlled trials comparing acupuncture, acupressure, laser therapy or electrostimulation with either no intervention, or a sham form of the intervention, or another intervention, for smoking cessation. Types of participants: Tobacco smokers of any age who wished to stop smoking. Types of interventions: Non‐pharmacological stimulation interventions involving needle puncture, finger pressure or laser therapy in areas of the body described by the study's author as acupuncture points, which includes points on the ear, face and body, or the related intervention of electrostimulation to the head region, through surface electrodes. Had we located any, studies using a Western acupuncture approach would have been considered separately from those using a traditional approach. Types of outcome measures: Complete abstinence from smoking. The review has not been limited to studies where the outcome was confirmed biochemically.", "rejection_reasons": "", "other_info": ""}
[assistant] 为 executor 提供背景信息，任务: 筛选相关论文
[assistant] 为 executor 提供背景信息，任务: 对论文进行详细筛选，根据摘要判断是否纳入
[executor] 轮次1筛选完成: 4 include, 1 exclude, 0 not sure
[assistant] 抽取并记录信息: {"user_identity": "", "user_preference": "", "research_direction": "吸烟 cessation", "filter_requirements": "", "rejection_reasons": "", "other_info": ""}
[assistant] 抽取并记录信息: {"user_identity": "", "user_preference": "", "research_direction": "中医或alternative medicine", "filter_requirements": "", "rejection_reasons": "", "other_info": ""}
[assistant] 抽取并记录信息: {"user_identity": "", "user_preference": "", "research_direction": "针灸与药物依赖治疗", "filter_requirements": "", "rejection_reasons": "", "other_info": "论文标题：《Randomized Trial of Acupuncture for Nicotine Withdrawal Symptoms》，研究主题：针灸与药物依赖治疗"}
[assistant] 抽取并记录信息: {"user_identity": "", "user_preference": "", "research_direction": "Public Health Education", "filter_requirements": "", "rejection_reasons": "School children in two schools allocated according to which school they attended, without mention of randomisation. One case of smoking cessation recorded, so exclusion unlikely to bias review", "other_info": ""}
[simulated_user] 轮次1用户反馈: 3 满意, 1 不满意, 累计满意: 3/5
[assistant] 为 executor 提供背景信息，任务: 对论文进行详细筛选，根据摘要判断是否纳入
[assistant] 为 executor 提供背景信息，任务: 对论文进行详细筛选，根据摘要判断是否纳入
[assistant] 抽取并记录信息: {"user_identity": "", "user_preference": "Acupuncture and related interventions for smoking cessation", "research_direction": "Acupuncture and related interventions for smoking cessation", "filter_requirements": "近两年", "rejection_reasons": "", "other_info": ""}
[assistant] 抽取并记录信息: {"user_identity": "", "user_preference": "", "research_direction": "干预", "filter_requirements": "Cochrane Tobacco Addiction Group Specialized Register, MEDLINE, EMBASE, PsycINFO; 四个中文数据库", "rejection_reasons": "", "other_info": "系统综述摘要: Background Acupuncture and related techniques are promoted as a treatment for smoking cessation in the belief that they may reduce nicotine withdrawal symptoms.    Objectives The objectives of this review are to determine the effectiveness of acupuncture and the related interventions of acupressure, laser therapy and electrostimulation in smoking cessation, in comparison with no intervention, sham treatment, or other interventions."}
[assistant] 抽取并记录信息: {"user_identity": "", "user_preference": "", "research_direction": "针灸疗法及其在戒烟中的应用", "filter_requirements": "随机对照试验，比较 acupuncture, acupressure, laser therapy 或 electrostimulation 与 no intervention, sham intervention 或 other intervention 在 smoking cessation 中的效果。研究对象为任何年龄的吸烟者，有意愿戒烟。", "rejection_reasons": "", "other_info": "纳入标准：随机对照试验；排除标准：不包括使用药物治疗的研究和特定针灸方法（如西方针灸）"}
[assistant] 抽取并记录信息: {"user_identity": "", "user_preference": "", "research_direction": "针灸、艾灸等非药物干预措施", "filter_requirements": "随机对照试验，参与者为吸烟者，干预类型为针灸、艾灸等，结果终点为完全戒烟", "rejection_reasons": "", "other_info": ""}
[assistant] 为 executor 提供背景信息，任务: 筛选相关论文
[assistant] 为 executor 提供背景信息，任务: 对论文进行详细筛选，根据摘要判断是否纳入
[executor] 轮次1筛选完成: 5 include, 0 exclude, 0 not sure
[assistant] 抽取并记录信息: {"user_identity": "", "user_preference": "", "research_direction": "Helping people to stop smoking: randomised comparison of groups being treated with acupuncture and nicotine gum with control group.", "filter_requirements": "", "rejection_reasons": "", "other_info": ""}
[assistant] 抽取并记录信息: {"user_identity": "", "user_preference": "", "research_direction": "Auriculotherapy for Smoking Cessation", "filter_requirements": "", "rejection_reasons": "", "other_info": "The Efficacy of Auriculotherapy for Smoking Cessation: A Randomized, Placebo-Controlled Trial 和 Auriculotherapy for Smoking Cessation"}
[assistant] 抽取并记录信息: {"user_identity": "", "user_preference": "", "research_direction": "", "filter_requirements": "", "rejection_reasons": "", "other_info": "Randomized Trial of Acupuncture for Nicotine Withdrawal Symptoms"}
[assistant] 抽取并记录信息: {"user_identity": "", "user_preference": "", "research_direction": "中医/针灸", "filter_requirements": "", "rejection_reasons": "", "other_info": "用户对论文 'Acupressure for smoking cessation – a pilot study' 感到满意，认为该论文符合研究需求。"}
[assistant] 抽取并记录信息: {"user_identity": "", "user_preference": "", "research_direction": "The Effects of the Acupuncture Treatment for Smoking Cessation in High School Student Smokers", "filter_requirements": "", "rejection_reasons": "School children in two schools allocated according to which school they attended, without mention of randomisation. One case of smoking cessation recorded, so exclusion unlikely to bias review", "other_info": ""}
[simulated_user] 轮次1用户反馈: 4 满意, 1 不满意, 累计满意: 4/5
[assistant] 为 executor 提供背景信息，任务: 对论文进行详细筛选，根据摘要判断是否纳入
[assistant] 为 executor 提供背景信息，任务: 对论文进行详细筛选，根据摘要判断是否纳入
[assistant] 抽取并记录信息: {"user_identity": "", "user_preference": "", "research_direction": "Acupuncture and related interventions for smoking cessation", "filter_requirements": "", "rejection_reasons": "", "other_info": ""}
