[assistant] 抽取并记录信息: {"user_identity": "", "user_preference": "", "research_direction": "HMG CoA reductase inhibitors (statins) for kidney transplant recipients", "filter_requirements": "", "rejection_reasons": "", "other_info": ""}
[assistant] 抽取并记录信息: {"user_identity": "", "user_preference": "", "research_direction": "他汀类药物对肾移植患者心血管事件的影响", "filter_requirements": "随机对照试验和半随机对照试验，截至2012年2月29日", "rejection_reasons": "", "other_info": "系统综述类型为干预性综述，研究对象为慢性肾脏病肾移植患者，干预措施为他汀类药物与安慰剂、无治疗、标准治疗或其他他汀类药物的比较。"}
[assistant] 抽取并记录信息: {"user_identity": "", "user_preference": "", "research_direction": "他汀类药物在肾移植患者中的疗效与安全性", "filter_requirements": "纳入标准：RCTs和准RCTs；评估他汀类药物在功能正常的成人肾移植患者中的获益和危害；交叉研究纳入第一个周期；排除标准：研究时长少于8周；纳入基线时有或无心血管疾病的成人肾移植患者；排除慢性肾病1-5期和透析患者；比较他汀类药物与安慰剂、无治疗、标准治疗或其他他汀类药物的研究；排除他汀类药物与非他汀类药物（包括贝特类）比较的研究。", "rejection_reasons": "", "other_info": "关注的结局指标包括：心血管死亡率、全因死亡率、主要心血管事件、致命性和非致命性心肌梗死、致命性和非致命性卒中、治疗相关不良事件、肌酸激酶升高、肝酶升高、因不良事件退出、癌症、治疗结束时血脂水平（总胆固醇、LDL胆固醇、HDL胆固醇、甘油三酯）、终末期肾病、急性排斥反应、治疗结束时蛋白尿、治疗结束时肾小球滤过率。"}
[assistant] 抽取并记录信息: {"user_identity": "", "user_preference": "", "research_direction": "他汀类药物在肾移植患者中的疗效与安全性", "filter_requirements": "研究类型：RCT和准RCT，持续时间≥8周；参与者：成年肾移植受者，排除CKD 1-5期及透析患者；干预措施：他汀类药物对比安慰剂、无治疗、标准治疗或其他他汀，排除与非他汀类药物（如贝特类）比较；结局指标：心血管死亡率、全因死亡率、主要心血管事件等", "rejection_reasons": "", "other_info": "纳入标准包括随机交叉试验的第一阶段；排除标准包括CKD 1-5期和透析患者，因其已在其他综述中评估"}
[assistant] 抽取并记录信息: {"user_identity": "", "user_preference": "", "research_direction": "肾移植与他汀类药物", "filter_requirements": "", "rejection_reasons": "", "other_info": "搜索策略包含CENTRAL、MEDLINE、EMBASE三个数据库的检索词，以及偏倚风险评估工具。"}
[assistant] 为 executor 提供背景信息，任务: 筛选相关论文
[coordinator] Metadata初筛完成: 3333 → 3061 篇
[assistant] 为 executor 提供背景信息，任务: 仅根据论文标题判断是否与研究方向相关，做保守筛选
[coordinator] Title筛选完成: 排除 3055 篇, 保留 6 篇
[assistant] 为 executor 提供背景信息，任务: 对论文进行详细筛选，根据摘要判断是否纳入
[executor] 轮次1筛选完成: 1 include, 4 exclude, 1 not sure
[assistant] 抽取并记录信息: {"user_identity": "", "user_preference": "", "research_direction": "", "filter_requirements": "", "rejection_reasons": "", "other_info": "用户对论文 'Beneficial effect of early initiation of lipid-lowering therapy following renal transplantation' 感到满意，认为符合研究需求。"}
[assistant] 抽取并记录信息: {"user_identity": "", "user_preference": "", "research_direction": "", "filter_requirements": "", "rejection_reasons": "Active comparator (not statin)", "other_info": ""}
[simulated_user] 轮次1用户反馈: 1 满意, 1 不满意, 累计满意: 1/5
[assistant] 为 executor 提供背景信息，任务: 对论文进行详细筛选，根据摘要判断是否纳入
[assistant] 为 executor 提供背景信息，任务: 对论文进行详细筛选，根据摘要判断是否纳入
[assistant] 抽取并记录信息: {"user_identity": "", "user_preference": "HMG CoA reductase inhibitors (statins)", "research_direction": "HMG CoA reductase inhibitors (statins) for kidney transplant recipients", "filter_requirements": "", "rejection_reasons": "", "other_info": "HMG-CoA再加酶抑制剂在肾移植患者中的应用，尤其是其对心血管系统的保护作用。"}
[assistant] 抽取并记录信息: {"user_identity": "", "user_preference": "", "research_direction": "Statins effects on CKD patients: benefits and harms", "filter_requirements": "", "rejection_reasons": "", "other_info": "The review evaluates the benefits (reductions in cardiovascular mortality, major cardiovascular events, etc.) and harms (muscle or liver dysfunction, withdrawal, cancer) of statins compared to other treatments in adults with CKD who have a functioning kidney transplant. The study includes RCTs and quasi-RCTS comparing statins with placebo, standard care, or another statin. The review provides data on outcomes such as mortality, cardiovascular events, GFR, and liver enzyme elevation. However, the effects are imprecise due to heterogeneity in comparisons."}
[assistant] 抽取并记录信息: {"user_identity": "", "user_preference": "", "research_direction": "RCTs and quasi‐RCTs evaluating the benefits and harms of statins in adults with a functioning kidney transplant", "filter_requirements": "Randomised cross‐over studies; studies of at least eight weeks' duration; inclusion of studies comparing statins with placebo, no treatment or standard care, or another statin; exclusion of studies where a statin was compared with a second non‐statin regimen including fibrate therapy", "rejection_reasons": "", "other_info": ""}
[assistant] 抽取并记录信息: {"user_identity": "", "user_preference": "", "research_direction": "研究集中在评估 statins 的益处与风险", "filter_requirements": "RCTs在两年内", "rejection_reasons": "", "other_info": ""}
[assistant] 抽取并记录信息: {"user_identity": "研究人员/学生", "user_preference": "MEDLINE, EMBASEDE, Database, Central, Exp Hydroxymethylglutaryl‐CoA Reductase Inhibitors, Kidney Transplantation, exp Hydroxymethylglutaryl‐CoA reductase inhibitor$, kidney next (transplant* or graft* or recipient*) in All Fields in all products, renal next (transplant* or graft* or recipient*) in All Fields in all products", "research_direction": "Hydroxymethylglutaryl‐CoA Reductase Inhibitors, HMG CoA还原酶抑制剂, Hydroxymethylglutaryl‐CoA Reductase Inhibitors, HMG-CoA还原酶抑制剂, Hydroxymethylglutaryl-CO酶抑制剂, Hydroxymethylglutaryl-Co酶抑制剂", "filter_requirements": "近两年, 2‐25, 2‐16, 2‐17, 2‐18, 2‐19, 2‐20, 2‐21, 2‐22, 2‐23, 2‐24, 2‐25", "rejection_reasons": "", "other_info": "研究主题集中在Hydroxymethylglutaryl-CO酶抑制剂和HMG-CoA还原酶抑制剂的筛选与评估，使用了MEDLINE、EBASEDE等数据库，筛选要求包括近两年内发表、排除未包含特定药物的研究，并且不使用随机数字表等方法。"}
[assistant] 为 executor 提供背景信息，任务: 筛选相关论文
[assistant] 为 executor 提供背景信息，任务: 对论文进行详细筛选，根据摘要判断是否纳入
[executor] 轮次1筛选完成: 2 include, 1 exclude, 1 not sure
[assistant] 抽取并记录信息: {"user_identity": "", "user_preference": "", "research_direction": "", "filter_requirements": "", "rejection_reasons": "", "other_info": "'Beneficial effect of early initiation of lipid-lowering therapy following renal transplantation'"}
[assistant] 抽取并记录信息: {"user_identity": "", "user_preference": "", "research_direction": "Nephrology Dialysis Transplantation Therapy of post-renal transplantation hyperlipidaemia: comparative study with simvastatin and fish oil", "filter_requirements": "", "rejection_reasons": "Active comparator (not statin)", "other_info": ""}
[assistant] 抽取并记录信息: {"user_identity": "", "user_preference": "", "research_direction": "", "filter_requirements": "", "rejection_reasons": "", "other_info": ""}
[simulated_user] 轮次1用户反馈: 2 满意, 1 不满意, 累计满意: 2/5
[assistant] 为 executor 提供背景信息，任务: 对论文进行详细筛选，根据摘要判断是否纳入
[assistant] 为 executor 提供背景信息，任务: 对论文进行详细筛选，根据摘要判断是否纳入
