[assistant] 抽取并记录信息: {"user_identity": "", "user_preference": "", "research_direction": "Amnioinfusion for meconium-stained liquor in labour", "filter_requirements": "", "rejection_reasons": "", "other_info": ""}
[assistant] 抽取并记录信息: {"user_identity": "", "user_preference": "", "research_direction": "羊膜腔灌注对胎粪污染羊水的围产期结局影响", "filter_requirements": "", "rejection_reasons": "", "other_info": "研究类型为干预性系统综述，涉及14项研究（4435名女性），主要关注围产期结局，包括胎粪吸入综合征、围产儿死亡、剖宫产率等。"}
[assistant] 抽取并记录信息: {"user_identity": "", "user_preference": "", "research_direction": "Amnioinfusion for meconium‐stained liquor in labour", "filter_requirements": "", "rejection_reasons": "", "other_info": ""}
[assistant] 抽取并记录信息: {"user_identity": "", "user_preference": "", "research_direction": "羊水灌注对胎粪污染羊水的围产期结局影响", "filter_requirements": "", "rejection_reasons": "", "other_info": "研究类型为干预性系统综述"}
[assistant] 抽取并记录信息: {"user_identity": "", "user_preference": "", "research_direction": "羊膜腔灌注治疗羊水胎粪污染", "filter_requirements": "随机对照试验，比较羊膜腔灌注与无或假灌注对临床有意义结局的影响；准随机试验（交替分配）可纳入，但交叉试验和整群随机试验不纳入；纳入对象为产时中重度羊水胎粪污染的产妇；结局包括分娩方式、新生儿结局和母体并发症；排除标准未明确提及，但通过纳入标准间接体现。", "rejection_reasons": "", "other_info": "包含事后添加的复合结局：围产儿死亡或严重疾病、孕产妇死亡或严重疾病；结局列表共26项，部分重复列出。"}
[assistant] 抽取并记录信息: {"user_identity": "", "user_preference": "", "research_direction": "", "filter_requirements": "纳入/排除标准：研究类型为随机对照试验（包括准随机试验，排除交叉和整群随机试验）；参与者为产时中或重度羊水胎粪污染的女性；干预措施为羊膜腔灌注与无或假灌注比较；结局指标包括分娩方式、新生儿结局和母体并发症等26项具体指标。", "rejection_reasons": "", "other_info": ""}
[assistant] 为 executor 提供背景信息，任务: 筛选相关论文
[coordinator] Metadata初筛完成: 3333 → 3061 篇
[assistant] 为 executor 提供背景信息，任务: 仅根据论文标题判断是否与研究方向相关，做保守筛选
[coordinator] Title筛选完成: 排除 3059 篇, 保留 2 篇
[assistant] 为 executor 提供背景信息，任务: 对论文进行详细筛选，根据摘要判断是否纳入
[executor] 轮次1筛选完成: 0 include, 2 exclude, 0 not sure
[assistant] 为 executor 提供背景信息，任务: 对论文进行详细筛选，根据摘要判断是否纳入
[assistant] 抽取并记录信息: {"user_identity": "研究人员", "user_preference": "对Amnioinfusion for meconium‐stained liquor in labour感兴趣", "research_direction": "Neonatal Intensive Care/Perinatal Medicine", "filter_requirements": "近两年，排除与Amnioinfusion相关的论文", "rejection_reasons": "", "other_info": "用户询问了关于该论文的具体内容和筛选标准"}
[assistant] 抽取并记录信息: {"user_identity": "", "user_preference": "", "research_direction": "Intervention", "filter_requirements": "Cochrane Pregnancy and Childbirth Group's Trials Register (1 December 2013)", "rejection_reasons": "", "other_info": ""}
[assistant] 抽取并记录信息: {"user_identity": "", "user_preference": "", "research_direction": "羊水穿刺术与胎儿健康", "filter_requirements": "包括随机ised controlled trials (RCTs) with a control group or sham intervention, quasi-randomised designs, and inclusion of specific patient characteristics such as moderate or thick meconium staining. Exclusion criteria include cross-over trials and cluster-randomised trials.", "rejection_reasons": "", "other_info": ""}
[assistant] 抽取并记录信息: {"user_identity": "", "user_preference": "", "research_direction": "Clinical trials comparing the effect of amnioinfusion on meconium-stained liquor", "filter_requirements": "Types of studies: Randomised controlled trials; Types of participants: Women in labour with moderate or thick meconium staining of the amniotic fluid; Types of interventions: Amnioinfusion compared with no or sham amnioinfusion; Types of outcome measures: Method of delivery, neonatal outcome and maternal complications (including post hoc outcomes like perinatal death, severe morbidity, maternal death, etc.)", "rejection_reasons": "", "other_info": "Inclusion criteria include randomised allocation to treatment or control groups; women must have moderate or thick meconium staining; no crossover or cluster randomisation allowed. Exclusions involve non-compliance with protocol and other specific conditions."}
[assistant] 为 executor 提供背景信息，任务: 筛选相关论文
[assistant] 为 executor 提供背景信息，任务: 对论文进行详细筛选，根据摘要判断是否纳入
[executor] 轮次1筛选完成: 0 include, 1 exclude, 0 not sure
[assistant] 为 executor 提供背景信息，任务: 对论文进行详细筛选，根据摘要判断是否纳入
[assistant] 抽取并记录信息: {"user_identity": "", "user_preference": "", "research_direction": "Amnioinfusion, Neonatal Intensive Care, Neonatology", "filter_requirements": "", "rejection_reasons": "", "other_info": "主题：Amnioinfusion for meconium-stained liquor in labour；关键词：Amnioinfusion, meconium-stained liquor"}
[assistant] 抽取并记录信息: {"user_identity": "", "user_preference": "", "research_direction": "Assessment of the effects of amnioinfusion for meconium-stained liquor on perinatal outcome", "filter_requirements": "Cochrane Pregnancy and Childbirth Group's Trials Register (1 December 2013)", "rejection_reasons": "", "other_info": "Systematic review summary: Background Amnioinfusion is thought to dilute meconium present in the amniotic fluid and so reduce the risk of meconium aspiration."}
[assistant] 抽取并记录信息: {"user_identity": "孕妇", "user_preference": "", "research_direction": "Meconium-stained liquor amnioinfusion effect", "filter_requirements": "Randomised controlled trials comparing the effect of amnioinfusion for meconium-stained liquor on clinically meaningful outcomes, with a control group (no or sham amnioinfusion). Quasi-randomised (alternate allocation) were considered eligible, but cross-over and cluster-randomised trials were not considered.", "rejection_reasons": "", "other_info": "研究包括纳入标准如随机对照试验、控制组等，排除了交叉实验和集群式随机试验。筛选要求涉及时间范围（近两年）、关键词（多个胎儿和母体指标）及排除标准（交叉实验和集群式随机试验）。"}
[assistant] 抽取并记录信息: {"user_identity": "", "user_preference": "", "research_direction": "Randomised controlled trials comparing the effect of amnioinfusion for meconium-stained liquor on clinically meaningful outcomes, with a control group (no or sham amnioinfusion). Quasi-randomised (alternate allocation) were considered eligible, but cross-over and cluster-randomised trials were not considered.", "filter_requirements": "近两年", "rejection_reasons": "", "other_info": ""}
[assistant] 为 executor 提供背景信息，任务: 筛选相关论文
[assistant] 为 executor 提供背景信息，任务: 对论文进行详细筛选，根据摘要判断是否纳入
[executor] 轮次1筛选完成: 1 include, 0 exclude, 0 not sure
[assistant] 抽取并记录信息: {"user_identity": "", "user_preference": "", "research_direction": "", "filter_requirements": "", "rejection_reasons": "Excluded because comparison was between amnioinfusion with and without antibiotics", "other_info": ""}
[simulated_user] 轮次1用户反馈: 0 满意, 1 不满意, 累计满意: 0/5
[assistant] 为 executor 提供背景信息，任务: 对论文进行详细筛选，根据摘要判断是否纳入
[assistant] 为 executor 提供背景信息，任务: 对论文进行详细筛选，根据摘要判断是否纳入
[assistant] 抽取并记录信息: {"user_identity": "", "user_preference": "", "research_direction": "Amnioinfusion, meconium‐stained liquor in labour", "filter_requirements": "", "rejection_reasons": "", "other_info": ""}
[assistant] 抽取并记录信息: {"user_identity": "", "user_preference": "", "research_direction": "Intervention", "filter_requirements": "", "rejection_reasons": "", "other_info": "Systematic review summary: Background Amnioinfusion is thought to dilute meconium present in the amniotic fluid and so reduce the risk of meconium aspiration. Objectives To assess the effects of amnioinfusion for meconium-stained liquor on perinatal outcome. Search methods We searched the Cochrane Pregnancy and Childbirth Group's Trials Register (1 December 2013). Selection criteria Randomised trials comparing amnioinfusion with no amnioinfusion for women in labour with moderate or thick meconium staining of the amniotic fluid. Data collection and analysis Three review authors independently assessed eligibility and trial quality, and extracted data. Main results Fourteen studies of variable quality (4435 women) are included. Subgroup analysis was performed for studies from settings with limited facilities to monitor the baby's condition during labour and intervene effectively, and settings with standard peripartum surveillance. Settings with standard peripartum surveillance: there was considerable heterogeneity for several outcomes. There was no significant reduction in the primary outcomes meconium aspiration syndrome, perinatal death or severe morbidity, and maternal death or severe morbidity. There was a reduction in caesarean sections (CSs) for fetal distress but not overall. Meconium below the vocal cords diagnosed by laryngoscopy was reduced, as was neonatal ventilation or neonatal intensive care unit admission, but there was no significant reduction in perinatal deaths or other morbidity. Planned sensitivity analysis excluding trials with greater risk of bias resulted in an absence of benefits for any of the outcomes studied. Settings with limited peripartum surveillance: three studies were included. In the amnioinfusion group there was a reduction in CS for fetal distress and overall; meconium aspiration syndrome (three studies, 1144 women; risk ratio (RR) 0.17, 95% confidence interval (CI) 0.05 to 0.52); perinatal mortality (three studies, 1151 women; RR 0.24, 95% CI 0.11 to 0.53) and neonatal ventilation or neonatal intensive care unit admission. In one of the studies, meconium below the vocal cords was reduced and, in the other, neonatal encephalopathy was reduced. Authors' conclusions Amnioinfusion is associated with substantive improvements in perinatal outcome only in settings where facilities for perinatal surveillance are limited. It is not clear whether the benefits are due to dilution of meconium or relief of oligohydramnios. In settings with standard peripartum surveillance, some non-substantive outcomes were improved in the initial analysis, but sensitivity analysis excluding trials with greater risk of bias eliminated these differences. Amnioinfusion is either ineffective in this setting, or its effects are masked by other strategies to optimise neonatal outcome. The trials reviewed are too small to address the possibility of rare but serious maternal adverse effects of amnioinfusion."}
[assistant] 抽取并记录信息: {"user_identity": "", "user_preference": "", "research_direction": "Meconium infusion", "filter_requirements": "Randomised controlled trials comparing the effect of amnioinfusion for meconium-stained liquor on clinically meaningful outcomes, with a control group (no or sham amnioinfusion). Quasi-randomised (alternate allocation) were considered eligible, but cross-over and cluster-randomised trials were not considered. Women in labour with moderate or thick meconium staining of the amniotic fluid.", "rejection_reasons": "", "other_info": ""}
[assistant] 抽取并记录信息: {"user_identity": "", "user_preference": "Medical studies on neonatal care and perinatal outcomes", "research_direction": "Studies comparing amnioinfusion effect on meconium-stained liquor outcomes", "filter_requirements": "Randomised controlled trials with specific inclusion and exclusion criteria, focusing on women in labour with moderate or thick meconium staining of the amniotic fluid", "rejection_reasons": "", "other_info": ""}
[assistant] 为 executor 提供背景信息，任务: 筛选相关论文
[assistant] 为 executor 提供背景信息，任务: 对论文进行详细筛选，根据摘要判断是否纳入
[executor] 轮次1筛选完成: 0 include, 0 exclude, 1 not sure
[assistant] 为 executor 提供背景信息，任务: 对论文进行详细筛选，根据摘要判断是否纳入
[assistant] 抽取并记录信息: {"user_identity": "", "user_preference": "", "research_direction": "Amnioinfusion for meconium‐stained liquor in labour", "filter_requirements": "", "rejection_reasons": "", "other_info": "Amnioinfusion is a medical treatment used to manage meconium-stained liquor, which can be encountered during labor. This paper likely discusses its application or effectiveness in Neonatal Intensive Care Units."}
