[assistant] 抽取并记录信息: {"user_identity": "", "user_preference": "", "research_direction": "Vitamin D supplementation for prevention of mortality in adults", "filter_requirements": "", "rejection_reasons": "", "other_info": ""}
[assistant] 抽取并记录信息: {"user_identity": "", "user_preference": "", "research_direction": "维生素D补充剂对死亡率的影响", "filter_requirements": "", "rejection_reasons": "", "other_info": "研究类型为干预性系统综述，关注维生素D（特别是维生素D3）对成人死亡率的影响，包括一级和二级预防。"}
[assistant] 抽取并记录信息: {"user_identity": "", "user_preference": "", "research_direction": "维生素D补充剂对成人健康影响的随机临床试验", "filter_requirements": "纳入标准：随机临床试验，不限盲法、发表状态或语言；评估补充性维生素D（维生素D3或D2）或活性维生素D（1α-羟基维生素D或1,25-二羟基维生素D）；一级预防试验（健康或普通人群）和二级预防试验（已确诊疾病稳定期或维生素D缺乏症）；成人参与者（18岁及以上）；维生素D任何剂量和持续时间，单用或联合钙剂；给药途径为肠内或肠外；对照组为相同安慰剂或无干预，允许对照组使用钙剂（若与维生素D组同等使用）。排除标准：继发性骨质疏松症患者（如糖皮质激素诱导、甲状腺切除、原发性甲状旁腺功能亢进、慢性肾病、肝硬化、克罗恩病、胃肠绕道手术）；孕妇或哺乳期妇女；癌症患者。结局指标：全因死亡率、不良事件（严重和非严重）、癌症相关死亡率、心血管死亡率、骨折相关死亡率、其他原因死亡率、健康相关生活质量、卫生经济学。协变量：维生素D剂量和形式、给药方案、补充持续时间、随访时间、平均年龄、偏倚风险、钙联合用药、其他药物、依从性和脱落。时间限制：无干预或随访持续时间限制，评估随访期末数据。", "rejection_reasons": "", "other_info": ""}
[assistant] 抽取并记录信息: {"user_identity": "", "user_preference": "", "research_direction": "维生素D补充剂对健康影响的系统评价", "filter_requirements": "随机临床试验；成人（≥18岁）；健康人群或特定疾病稳定期患者或维生素D缺乏患者；排除继发性骨质疏松、孕妇/哺乳期、癌症患者；干预为维生素D（任何剂量、时长、途径），对照为安慰剂或无干预；结局包括全因死亡率、不良事件等", "rejection_reasons": "", "other_info": "纳入标准详细，包括研究类型、参与者、干预措施、对照、结局指标，并区分了主要和次要结局。"}
[assistant] 抽取并记录信息: {"user_identity": "", "user_preference": "", "research_direction": "", "filter_requirements": "", "rejection_reasons": "", "other_info": ""}
[assistant] 为 executor 提供背景信息，任务: 筛选相关论文
[coordinator] Metadata初筛完成: 3333 → 3061 篇
[assistant] 为 executor 提供背景信息，任务: 仅根据论文标题判断是否与研究方向相关，做保守筛选
[coordinator] Title筛选完成: 排除 3005 篇, 保留 56 篇
[assistant] 为 executor 提供背景信息，任务: 对论文进行详细筛选，根据摘要判断是否纳入
[executor] 轮次1筛选完成: 4 include, 26 exclude, 0 not sure
[assistant] 抽取并记录信息: {"user_identity": "", "user_preference": "", "research_direction": "", "filter_requirements": "", "rejection_reasons": "", "other_info": "用户对论文 'Long-Term Follow-Up for Mortality and Cancer in a Randomized Placebo-Controlled Trial of Vitamin D<sub>3</sub>and/or Calcium (RECORD Trial)' 感到满意，认为符合研究需求。"}
[assistant] 抽取并记录信息: {"user_identity": "", "user_preference": "", "research_direction": "", "filter_requirements": "", "rejection_reasons": "", "other_info": "用户对论文 'The Effect of Calcium plus Vitamin D on Risk for Invasive Cancer: Results of the Women's Health Initiative (WHI) Calcium Plus Vitamin D Randomized Clinical Trial' 感到满意，认为符合研究需求。"}
[assistant] 抽取并记录信息: {"user_identity": "", "user_preference": "", "research_direction": "", "filter_requirements": "", "rejection_reasons": "", "other_info": "用户对论文 'Vitamin D and calcium supplementation reduces cancer risk: results of a randomized trial 1,2' 感到满意，认为符合研究需求。"}
[assistant] 抽取并记录信息: {"user_identity": "", "user_preference": "", "research_direction": "", "filter_requirements": "", "rejection_reasons": "", "other_info": "用户对论文 'Vitamin D supplementation and the prevention of fractures and falls: results of a randomised trial in elderly people in residential accommodation' 感到满意，认为该论文符合研究需求。"}
[simulated_user] 轮次1用户反馈: 4 满意, 0 不满意, 累计满意: 4/5
[assistant] 为 executor 提供背景信息，任务: 对论文进行详细筛选，根据摘要判断是否纳入
[assistant] 抽取并记录信息: {"user_identity": "", "user_preference": "", "research_direction": "Vitamin D supplementation for prevention of mortality in adults", "filter_requirements": "近两年", "rejection_reasons": "", "other_info": ""}
[assistant] 抽取并记录信息: {"user_identity": "", "user_preference": "", "research_direction": "vitamin D supplementation for prevention of mortality in healthy adults and adults in a stable phase of disease", "filter_requirements": "randomised trials comparing any type of vitamin D with placebo or no intervention in adult participants, specifically focusing on elderly women, postmenopausal women, older people living alone or in institutional care, and individuals with conditions such as cardiovascular, respiratory, or rheumatoid diseases", "rejection_reasons": "", "other_info": "The systematic review updates previous findings on vitamin D supplementation effects, highlighting its benefits for mortality prevention in specific populations. It emphasizes the need for further placebo-controlled trials due to potential attrition and reporting biases."}
[assistant] 抽取并记录信息: {"user_identity": "", "user_preference": "", "research_direction": "Randomised clinical trials, vitamin D supplementation, calcium treatment for bone mineral density", "filter_requirements": "Including randomised controlled trials (RCTs) with primary and secondary prevention, adults with or without vitamin D deficiency, excluding specific patient groups and dosage details", "rejection_reasons": "", "other_info": "Focus on clinical trials evaluating vitamin D supplementation and calcium for bone health, with criteria based on trial type, population, and exclusionary factors."}
[assistant] 抽取并记录信息: {"user_identity": "", "user_preference": "", "research_direction": "随机对照试验", "filter_requirements": "随机对照试验，评估补充维生素 D 或钙的补充剂", "rejection_reasons": "", "other_info": ""}
[assistant] 抽取并记录信息: {"other_info": "The data provided appears to be a collection of studies examining the effects of vitamin D supplements, particularly vitamin D3 plus calcium, across various interventions (I) and controls (C). Below is an analysis and summary of the key observations:\n\n### Key Observations:\n1. **Interventions (I):**\n   - The most common intervention observed in the studies is \"vitamin D3 plus calcium.\"\n   - Other interventions include matched placebo groups, no intervention, or specific doses of vitamin D (e.g., alfacalcidol).\n\n2. **Controls (C):**\n   - Many controls are labeled as \"no intervention,\" meaning they did not receive any treatment besides their usual care.\n   - Some controls received a matched placebo or no treatment.\n\n3. **Effect Measures:**\n   - The studies report various effect measures such as Odds Ratio (OR), Relative Risk (RR), and others, but many of these values are incomplete or marked with dashes (\"‐\"), indicating missing data.\n   - Some interventions show significant effects compared to controls (e.g., Ott 1989, where vitamin D3 plus calcium had an OR of ~25.6 compared to a matched placebo).\n\n4. **Sample Sizes:**\n   - The sample sizes vary widely across studies, ranging from small numbers (e.g., Krieg 1999 with only 124 participants) to larger numbers.\n\n5. **Missing Data:**\n   - Many footnotes indicate that certain data points were not reported or are missing, which could affect the reliability of the conclusions drawn from these studies.\n\n### Summary:\nThe data suggests that vitamin D3 plus calcium interventions are being tested in multiple studies, with some showing significant effects compared to controls. However, due to the variability in sample sizes and incomplete reporting, it is challenging to draw definitive conclusions about the overall efficacy of vitamin D supplements. Further research with larger, more balanced studies would be needed to provide clearer evidence.\n\n### Final Answer:\nThe provided data indicates that vitamin D3 plus calcium interventions are being tested across multiple studies, with some showing significant effects compared to controls. However, due to variability in sample sizes and incomplete reporting, the overall efficacy of vitamin D supplements remains uncertain. Further research is needed to provide clearer evidence."}
[assistant] 为 executor 提供背景信息，任务: 筛选相关论文
[assistant] 为 executor 提供背景信息，任务: 对论文进行详细筛选，根据摘要判断是否纳入
[executor] 轮次1筛选完成: 6 include, 2 exclude, 2 not sure
[assistant] 抽取并记录信息: {"user_identity": "", "user_preference": "", "research_direction": "Optimal vitamin D status and serum parathyroid hormone concentrations in African American women", "filter_requirements": "", "rejection_reasons": "", "other_info": ""}
[assistant] 抽取并记录信息: {"user_identity": "", "user_preference": "", "research_direction": "vitamin D 补plementation", "filter_requirements": "", "rejection_reasons": "", "other_info": "论文标题：A Randomized Controlled Trial of Vitamin D 3 Supplementation in African American Women，研究主题：维生素D补充对非洲裔女性的研究"}
[assistant] 抽取并记录信息: {"user_identity": "", "user_preference": "", "research_direction": "维生素D补充的剂量反应研究", "filter_requirements": "", "rejection_reasons": "", "other_info": ""}
[assistant] 抽取并记录信息: {"user_identity": "", "user_preference": "", "research_direction": "", "filter_requirements": "", "rejection_reasons": "", "other_info": ""}
[assistant] 抽取并记录信息: {"user_identity": "", "user_preference": "", "research_direction": "骨健康", "filter_requirements": "", "rejection_reasons": "", "other_info": "论文标题：'Prediction of Bone Mass Density Variation by Bone Remodeling Markers in Postmenopausal Women with Vitamin D Insufficiency Treated with Calcium and Vitamin D Supplementation'，研究主题涉及骨密度变化预测，使用了骨重构标记，在特定女性群体中接受治疗。"}
[assistant] 抽取并记录信息: {"user_identity": "", "user_preference": "", "research_direction": "", "filter_requirements": "", "rejection_reasons": "", "other_info": "论文标题：Does vitamin D stop inpatients falling? A randomised controlled trial"}
[assistant] 抽取并记录信息: {"user_identity": "", "user_preference": "", "research_direction": "", "filter_requirements": "", "rejection_reasons": "", "other_info": ""}
[assistant] 抽取并记录信息: {"user_identity": "", "user_preference": "", "research_direction": "Vitamin D deficiency and learning experiences in older adults", "filter_requirements": "", "rejection_reasons": "", "other_info": ""}
[simulated_user] 轮次1用户反馈: 8 满意, 0 不满意, 累计满意: 8/5
[assistant] 为 executor 提供背景信息，任务: 对论文进行详细筛选，根据摘要判断是否纳入
