[assistant] 抽取并记录信息: {"user_identity": "", "user_preference": "", "research_direction": "Warfarin initiation nomograms for venous thromboembolism", "filter_requirements": "", "rejection_reasons": "", "other_info": ""}
[assistant] 抽取并记录信息: {"user_identity": "", "user_preference": "", "research_direction": "静脉血栓栓塞症（VTE）患者华法林初始剂量方案比较", "filter_requirements": "随机对照研究，比较10mg与5mg华法林起始方案", "rejection_reasons": "", "other_info": "研究类型为干预性系统综述，关注急性深静脉血栓和肺栓塞患者"}
[assistant] 抽取并记录信息: {"user_identity": "", "user_preference": "", "research_direction": "急性血栓栓塞症（DVT或PE）的华法林治疗", "filter_requirements": "随机对照试验；确诊急性血栓栓塞症（DVT或PE）且年龄≥18岁的患者；包含急性血栓栓塞症及其他需华法林治疗疾病的混合研究，仅当急性血栓栓塞症患者数据可用时纳入；华法林起始剂量方案为10 mg和5 mg；关注第5天INR达到2.0-3.0的患者比例；复发性静脉血栓栓塞症（RVTE）通过超声、肺扫描或胸部CT测量；大出血定义为血红蛋白下降>20 g/L或输注≥2单位红细胞；小出血（非大出血的其他出血）；住院时间", "rejection_reasons": "", "other_info": ""}
[assistant] 抽取并记录信息: {"user_identity": "", "user_preference": "", "research_direction": "急性血栓栓塞症（DVT或PE）患者华法林初始治疗剂量方案比较", "filter_requirements": "随机对照试验；患者为确诊急性血栓栓塞症（DVT或PE）、年龄≥18岁；干预措施为华法林起始剂量10mg和5mg的列线图；结局指标包括第5天INR达到2.0-3.0的患者比例、复发性静脉血栓栓塞、大出血、小出血、住院时间", "rejection_reasons": "", "other_info": ""}
[assistant] 抽取并记录信息: {"user_identity": "", "user_preference": "", "research_direction": "", "filter_requirements": "", "rejection_reasons": "", "other_info": "提供的文本是搜索策略，而非对话内容，无法提取用户相关信息。"}
[assistant] 为 executor 提供背景信息，任务: 筛选相关论文
[coordinator] Metadata初筛完成: 3333 → 3061 篇
[assistant] 为 executor 提供背景信息，任务: 仅根据论文标题判断是否与研究方向相关，做保守筛选
[coordinator] Title筛选完成: 排除 3060 篇, 保留 1 篇
[assistant] 为 executor 提供背景信息，任务: 对论文进行详细筛选，根据摘要判断是否纳入
[executor] 轮次1筛选完成: 0 include, 1 exclude, 0 not sure
[assistant] 为 executor 提供背景信息，任务: 对论文进行详细筛选，根据摘要判断是否纳入
[assistant] 抽取并记录信息: {"user_identity": "", "user_preference": "", "research_direction": "venous thromboembolism and Warfarin", "filter_requirements": "", "rejection_reasons": "", "other_info": ""}
[assistant] 抽取并记录信息: {"user_identity": "", "user_preference": "", "research_direction": "Veinous thromboembolism (VTE) patients", "filter_requirements": "Cochrane Vascular Trials Search Co-ordinator searched the Specialised Register and the Cochrane Register of Studies. The review authors also searched PubMed and LILACS, as well as contacted pharmaceutical companies.", "rejection_reasons": "", "other_info": "Systematic Review; Intervention"}
[assistant] 抽取并记录信息: {"user_identity": "", "user_preference": "", "research_direction": "Randomized controlled trials for acute thromboembolism treatment", "filter_requirements": "Studies that contain a mix of patients with acute thromboembolism and other conditions requiring warfarin treatment will be included only if the data for patients with acute thromboembolism are available. Warfarin initiation nomograms of 10 mg and 5 mg. The proportion of patients with an INR of 2.0 to 3.0 on the fifth day of initial therapy with warfarin. Recurrent venous thromboembolism (RVTE) as measured by sonography, lung scan, or chest computed tomography. Major bleeding as defined by fall in hemoglobin of > 20 g/L or transfusion of two or more units of red cells. Minor bleeding (other bleeding not categorized as major bleeding). Length of hospital stay.", "rejection_reasons": "", "other_info": ""}
[assistant] 抽取并记录信息: {"user_identity": "", "user_preference": "", "research_direction": "Randomized controlled trials of warfarin initiation nomograms in patients with acute thromboembolism", "filter_requirements": "Studies must include patients aged 18 years or older with a diagnosis of objectively confirmed acute thromboembolism (DVT or PE). Mixtures of conditions requiring warfarin treatment will only be included if data on acute thromboembolism patients are available.", "rejection_reasons": "", "other_info": ""}
[assistant] 抽取并记录信息: {"user_identity": "", "user_preference": "", "research_direction": "Thrombosis and related fields", "filter_requirements": "近两年 | (thrombus* or thrombopro* or thrombotic* or thrombolic* or thromboemboli* or thrombos* or embol*)：TI,AB,KY | Pulmonary Embolism | (PE or DVT or VTE) | ((vein* or ven*) near thromb*) | (blood near3 clot*) | (pulmonary near3 clot*)", "rejection_reasons": "", "other_info": ""}
[assistant] 为 executor 提供背景信息，任务: 筛选相关论文
[assistant] 为 executor 提供背景信息，任务: 对论文进行详细筛选，根据摘要判断是否纳入
[executor] 轮次1筛选完成: 0 include, 0 exclude, 1 not sure
[assistant] 为 executor 提供背景信息，任务: 对论文进行详细筛选，根据摘要判断是否纳入
