[assistant] 抽取并记录信息: {"user_identity": "", "user_preference": "", "research_direction": "Duloxetine for treating painful neuropathy, chronic pain or fibromyalgia", "filter_requirements": "", "rejection_reasons": "", "other_info": ""}
[assistant] 抽取并记录信息: {"user_identity": "", "user_preference": "", "research_direction": "度洛西汀治疗疼痛性神经病变和慢性疼痛的疗效与安全性", "filter_requirements": "2013年11月19日之前发表的随机或准随机试验", "rejection_reasons": "", "other_info": "研究类型为干预性系统综述，评估度洛西汀对疼痛性神经病变和不同类型慢性疼痛的益处和危害。"}
[assistant] 抽取并记录信息: {"user_identity": "", "user_preference": "", "research_direction": "度洛西汀治疗疼痛性神经病变、慢性神经病理性疼痛、慢性疼痛（无明确病因）或纤维肌痛的疗效", "filter_requirements": "仅纳入双盲随机对照试验；度洛西汀治疗至少8周；纳入任何形式的疼痛性周围神经病变、慢性神经病理性疼痛、慢性疼痛（无明确病因）或纤维肌痛患者；所有剂型和剂量；与安慰剂或其他对照比较；无发表状态或语言限制；主要结局为短期（≤12周）疼痛改善（使用验证量表）；长期（>12周）疼痛改善；至少30%或50%疼痛改善；生活质量评分改善≥30%；不良事件分析；使用GRADE评估证据质量", "rejection_reasons": "", "other_info": "排除标准未明确提及，但纳入标准严格限定为双盲随机对照试验和特定疾病类型；结局指标层次基于Wiffen 2005修改；使用IMMPACT推荐的30%和50%疼痛改善阈值"}
[assistant] 抽取并记录信息: {"user_identity": "", "user_preference": "", "research_direction": "duloxetine for treating painful neuropathy, chronic neuropathic pain, chronic pain conditions without identified cause, or fibromyalgia", "filter_requirements": "double-blind randomised trials; minimum eight weeks treatment; any publication status or language; participants with any form of painful peripheral neuropathy, chronic neuropathic pain, chronic pain conditions without identified cause, or fibromyalgia; all formulations and doses of duloxetine compared with placebo or other controls; primary outcome: short-term (up to 12 weeks) improvement of pain using validated scales; secondary outcomes: long-term (>12 weeks) improvement, ≥30% improvement, quality of life, adverse events", "rejection_reasons": "", "other_info": "The text is a structured inclusion/exclusion criteria for a systematic review, specifying study types, participants, interventions, and outcome measures."}
[assistant] 抽取并记录信息: {"user_identity": "", "user_preference": "", "research_direction": "duloxetine治疗疼痛（包括带状疱疹后神经痛、纤维肌痛、三叉神经痛等）", "filter_requirements": "随机对照试验、临床对照试验、人类研究", "rejection_reasons": "", "other_info": "搜索策略涉及多个数据库（MEDLINE、EMBASE、CENTRAL、NMS Specialized Register、ClinicalTrials.gov），并包含排除动物研究的条件。"}
[assistant] 为 executor 提供背景信息，任务: 筛选相关论文
[coordinator] Metadata初筛完成: 3333 → 3061 篇
[assistant] 为 executor 提供背景信息，任务: 仅根据论文标题判断是否与研究方向相关，做保守筛选
[coordinator] Title筛选完成: 排除 3020 篇, 保留 41 篇
[assistant] 为 executor 提供背景信息，任务: 对论文进行详细筛选，根据摘要判断是否纳入
[executor] 轮次1筛选完成: 7 include, 3 exclude, 0 not sure
[assistant] 抽取并记录信息: {"user_identity": "", "user_preference": "", "research_direction": "", "filter_requirements": "", "rejection_reasons": "", "other_info": "用户对论文 'Duloxetine for Pain in Major Depressive Disorder' 感到满意，认为该论文符合研究需求。"}
[assistant] 抽取并记录信息: {"user_identity": "", "user_preference": "", "research_direction": "", "filter_requirements": "", "rejection_reasons": "", "other_info": "用户对论文 'A Comparative Evaluation of Amitriptyline and Duloxetine in Painful Diabetic Neuropathy' 感到满意，认为符合研究需求。"}
[assistant] 抽取并记录信息: {"user_identity": "", "user_preference": "", "research_direction": "", "filter_requirements": "", "rejection_reasons": "", "other_info": "用户对论文 'Superiority of duloxetine to placebo in improving diabetic neuropathic pain: Results of a randomized controlled trial in Japan' 感到满意，认为符合研究需求。"}
[assistant] 抽取并记录信息: {"user_identity": "", "user_preference": "", "research_direction": "", "filter_requirements": "", "rejection_reasons": "28 days only", "other_info": ""}
[assistant] 抽取并记录信息: {"user_identity": "", "user_preference": "", "research_direction": "", "filter_requirements": "", "rejection_reasons": "Four weeks treatment only in each group of 4 way crossover. Terminated early July 2013", "other_info": ""}
[assistant] 抽取并记录信息: {"user_identity": "", "user_preference": "", "research_direction": "", "filter_requirements": "", "rejection_reasons": "Not a double‐blind trial", "other_info": ""}
[assistant] 抽取并记录信息: {"user_identity": "", "user_preference": "", "research_direction": "", "filter_requirements": "", "rejection_reasons": "Duration of treatment only 4 weeks", "other_info": ""}
[simulated_user] 轮次1用户反馈: 3 满意, 4 不满意, 累计满意: 3/5
[assistant] 为 executor 提供背景信息，任务: 对论文进行详细筛选，根据摘要判断是否纳入
[executor] 轮次2筛选完成: 0 include, 31 exclude, 0 not sure
[assistant] 为 executor 提供背景信息，任务: 对论文进行详细筛选，根据摘要判断是否纳入
[assistant] 抽取并记录信息: {"user_identity": "", "user_preference": "", "research_direction": "", "filter_requirements": "", "rejection_reasons": "", "other_info": "Duloxetine for treating painful neuropathy, chronic pain or fibromyalgia"}
[assistant] 抽取并记录信息: {"user_identity": "", "user_preference": "", "research_direction": "Duloxetine for treating painful neuropathy and chronic pain", "filter_requirements": "Cochrane Neuromuscular Group Specialized Register, CENTRAL, DARE, HTA, NHSEED, MEDLINE, EMBASE; ClinicalTrials.gov (April 2013); reference lists of identified publications", "rejection_reasons": "", "other_info": "Duloxetine at 60 mg daily is effective in treating painful diabetic peripheral neuropathy with a risk ratio (RR) for ≥50% pain reduction at 12 weeks of 1.73 (95% CI 1.44 to 2.08). The related NNTB is 5 (95% CI 4 to 7). Duloxetine at 60 mg daily is also effective for fibromyalgia over 12 weeks (RR for ≥50% reduction in pain 1.57, 95% CI 1.20 to 2.06; NNTB 8, 95% CI 4 to 21) and over 28 weeks (RR 1.58, 95% CI 1.10 to 2.27) as well as for painful physical symptoms in depression (RR 1.37, 95% CI 1.19 to 1.59; NNTB 8, 95% CI 5 to 14). There was no effect on central neuropathic pain in a single, small, high quality trial. In all conditions, adverse events were common in both treatment and placebo arms but more common in the treatment arm, with a dose-dependent effect."}
[assistant] 抽取并记录信息: {"user_identity": "", "user_preference": "", "research_direction": "双单胺丁氧氯 Exitix定用于治疗慢性疼痛", "filter_requirements": "纳入标准：随机对照试验，治疗对象为患有慢性疼痛（包括慢性疼痛无明确病因或阿raisedgia）；药物持续时间至少8周；研究语言不限制。排除标准：不包括有已知明确病因的疼痛、急性疼痛或其他类型的研究。", "rejection_reasons": "", "other_info": "研究主要关注双单胺丁氧氯 Exitix定在治疗慢性疼痛中的应用，筛选标准详细描述了纳入和排除条件，并使用 GRADE 方法评估研究质量。"}
[assistant] 抽取并记录信息: {"user_identity": "", "user_preference": "", "research_direction": "Duloxetine for treating chronic neuropathic pain", "filter_requirements": "double‐blind randomised trials, Duloxetine for treating painful neuropathy or chronic neuropathic pain, chronic pain conditions without identified cause or fibromyalgia. Minimum eight weeks of treatment.", "rejection_reasons": "", "other_info": "The study included participants with any form of painful peripheral neuropathy, chronic neuropathic pain, chronic pain conditions without identified cause, or fibromyalgia. Interventions compared were all formulations and doses of duloxetine in comparison with placebo or other controls. Primary outcome was short‐term improvement of pain using validated scales. Secondary outcomes included long‐term improvement, validated quality of life scores, and adverse events."}
[assistant] 抽取并记录信息: {"user_identity": "", "user_preference": "", "research_direction": "", "filter_requirements": {"database": ["Ovid MEDLINE(R)", "EMBASE", "CENTRAL", "NMS Specialized Register (CRS)", "ClinicalTrials.gov"], "keywords": ["Herpes Zoster", "Neuralgia, Postherpetic", "Pain", "Duloxetine or Cymbalta", "Fibromyalgia", "Shingles*"]}, "rejection_reasons": "", "other_info": {"MEDLINE": "https://www.clinicaltrials.gov/ct2/results?term=Duloxetine AND pain", "EMBASE": "https://www.embase.com/searchStrategyResults.aspx?db=EMBASE&strid=1157664", "CENTRAL": "#1 MeSH descriptor: [Herpes Zoster] explode all trees #2 \"herpes zoster\" #3 shingle* #4 MeSH descriptor: [Neuralgia, Postherpetic] explode all trees #5 \"postherpetic neuralgia\" #6 \"post‐herpetic neuralgia\" #7 \"post‐herpetic pain\" #8 \"postherpetic pain\" #9 PHN #10 \"trigeminal neuralgia\" #11 fibromyalgia #12 MeSH descriptor: [Pain] explode all trees #13 pain or painful #14 #1 or #2 or #3 or #4 or #5 or #6 or #7 or #8 or #9 or #10 or #11 or #12 or #13 #15 duloxetine or cymbalta #16 #14 and #15", "NMS Specialized Register": "#1 MeSH DESCRIPTOR Herpes Zoster Explode All [REFERENCE] [STANDARD] #2 \"herpes zoster\" or shingle* [REFERENCE] [STANDARD] #3 MeSH DESCRIPTOR Neuralgia, Postherpetic [REFERENCE] [STANDARD] #4 \"postherpetic neuralgia\" or \"postherpetic pain\" [REFERENCE] [STANDARD] #5 phn or \"trigeminal neuralgia\" or fibromyalgia [REFERENCE] [STANDARD] #6 MeSH DESCRIPTOR Trigeminal Neuralgia [REFERENCE] [STANDARD] #7 pain or painful [REFERENCE] [STANDARD] #8 MeSH DESCRIPTOR Pain Explode All [REFERENCE] [STANDARD] #9 #1 or #2 or #3 or #4 or #5 or #6 or #7 or #8 [REFERENCE] [STANDARD] #10 duloxetine or cymbalta [REFERENCE] [STANDARD] #11 #9 and #10 [REFERENCE] [STANDARD] #12 (#9 and #10) AND (INREGISTER) [REFERENCE] [STANDARD]", "Appendix table 1 ‐ identified trials completed without obvious study report": "www.clinicaltrials.gov reference    Title    Responsible body    Completed?    Last verified      NCT00489073   Duloxetine versus placebo for fibromyalgia   Eli Lilly   Yes   June 2007     NCT00233025   Duloxetine versus placebo in the treatment of fibromyalgia syndrome   Eli Lilly   Yes   August 2007     NCT00125892   A study of duloxetine in the treatment of fibromyalgia   Eli Lilly   Yes   May 2007     NCT00603265   Safety and efficacy study of ADL5859 in subjects with neuropathic pain associated with diabetic peripheral neuropathy    Adolor Corporation   Yes   October 2008     NCT01579279   A study comparing the efficacy and safety of ABT‐652 to placebo in subjects with diabetic neuropathic pain    Abbott   Yes   May 2012"}}
[assistant] 为 executor 提供背景信息，任务: 筛选相关论文
[assistant] 为 executor 提供背景信息，任务: 对论文进行详细筛选，根据摘要判断是否纳入
[executor] 轮次1筛选完成: 6 include, 3 exclude, 0 not sure
[assistant] 抽取并记录信息: {"user_identity": "", "user_preference": "", "research_direction": "糖尿病神经痛药物评估", "filter_requirements": "", "rejection_reasons": "", "other_info": ""}
[assistant] 抽取并记录信息: {"user_identity": "", "user_preference": "医学/药理学领域的研究", "research_direction": "药物治疗糖尿病神经痛", "filter_requirements": "", "rejection_reasons": "", "other_info": ""}
[assistant] 抽取并记录信息: {"user_identity": "", "user_preference": "", "research_direction": "药物在慢性糖尿病周围神经痛患者中的随机、安慰剂对照比较", "filter_requirements": "28 days only", "rejection_reasons": "28 days only", "other_info": ""}
[assistant] 抽取并记录信息: {"user_identity": "", "user_preference": "医学/药学领域", "research_direction": "Diabetic Peripheral Neuropathic Pain", "filter_requirements": "排除原因: Not a double‐blind trial", "rejection_reasons": "Duloxetine versus Routine Care in the Long-Term Management of Diabetic Peripheral Neuropathic Pain", "other_info": ""}
[assistant] 抽取并记录信息: {"user_identity": "", "user_preference": "", "research_direction": "Duloxetine for Patients with Diabetic Peripheral Neuropathic Pain", "filter_requirements": "Open label study with dosage control only", "rejection_reasons": "对某篇论文不满意，排除原因: Open label study with dosage control only", "other_info": ""}
[assistant] 抽取并记录信息: {"user_identity": "", "user_preference": "", "research_direction": "", "filter_requirements": "", "rejection_reasons": "排除原因: Open label - non blinded study", "other_info": ""}
[simulated_user] 轮次1用户反馈: 2 满意, 4 不满意, 累计满意: 2/5
[assistant] 为 executor 提供背景信息，任务: 对论文进行详细筛选，根据摘要判断是否纳入
[assistant] 为 executor 提供背景信息，任务: 对论文进行详细筛选，根据摘要判断是否纳入
