[assistant] 抽取并记录信息: {"user_identity": "", "user_preference": "", "research_direction": "Endovascular repair of abdominal aortic aneurysm", "filter_requirements": "", "rejection_reasons": "", "other_info": ""}
[assistant] 抽取并记录信息: {"user_identity": "", "user_preference": "", "research_direction": "腹主动脉瘤（AAA）的血管内修复（EVAR）与开放手术修复（OSR）的比较", "filter_requirements": "", "rejection_reasons": "", "other_info": ""}
[assistant] 抽取并记录信息: {"user_identity": "", "user_preference": "", "research_direction": "腹主动脉瘤（AAA）的血管内动脉瘤修复（EVAR）与开放手术修复（OSR）或最佳药物治疗的比较", "filter_requirements": "前瞻性随机对照试验（RCTs）；比较EVAR与OSR（适合手术者）或EVAR与最佳药物治疗（不适合手术者）；排除数据不充分或随机化技术不当的研究；纳入经超声或CT诊断为AAA且需要治疗的患者；排除动脉瘤大小不明确的研究；仅考虑无症状AAA接受择期治疗的患者；排除急诊修复；主要干预为择期EVAR；考虑所有设备类型；排除复杂和混合腔内技术（如开窗EVAR）；结局指标包括死亡率、动脉瘤相关死亡率、内漏、再干预、主要并发症、次要并发症、健康相关生活质量、经济分析", "rejection_reasons": "", "other_info": ""}
[assistant] 抽取并记录信息: {"user_identity": "", "user_preference": "", "research_direction": "腹主动脉瘤（AAA）的血管内动脉瘤修复（EVAR）与开放手术修复（OSR）或最佳药物治疗的比较", "filter_requirements": "前瞻性随机对照试验（RCT）；排除数据不充分或随机化技术不当的研究；排除动脉瘤大小不明确的研究；仅考虑无症状AAA患者接受择期动脉瘤治疗；排除紧急修复；排除复杂和混合型血管内技术（包括开窗EVAR）", "rejection_reasons": "", "other_info": "纳入标准包括研究类型、参与者类型、干预措施类型和结局指标类型；主要结局为死亡率和动脉瘤相关死亡率、内移植物相关并发症、主要并发症；次要结局为轻微并发症、健康相关生活质量、经济分析"}
[assistant] 抽取并记录信息: {"user_identity": "", "user_preference": "", "research_direction": "主动脉瘤的血管内治疗", "filter_requirements": "", "rejection_reasons": "", "other_info": ""}
[assistant] 为 executor 提供背景信息，任务: 筛选相关论文
[coordinator] Metadata初筛完成: 3333 → 3061 篇
[assistant] 为 executor 提供背景信息，任务: 仅根据论文标题判断是否与研究方向相关，做保守筛选
[coordinator] Title筛选完成: 排除 3050 篇, 保留 11 篇
[assistant] 为 executor 提供背景信息，任务: 对论文进行详细筛选，根据摘要判断是否纳入
[executor] 轮次1筛选完成: 5 include, 3 exclude, 2 not sure
[assistant] 抽取并记录信息: {"user_identity": "", "user_preference": "", "research_direction": "", "filter_requirements": "", "rejection_reasons": "", "other_info": "用户对论文 'Sexual Dysfunction After Conventional and Endovascular AAA Repair: Results of the DREAM Trial' 感到满意，认为符合研究需求。"}
[assistant] 抽取并记录信息: {"user_identity": "", "user_preference": "", "research_direction": "", "filter_requirements": "", "rejection_reasons": "", "other_info": "用户对论文 'Endovascular versus Open Repair of Abdominal Aortic Aneurysm' 感到满意，认为该论文符合研究需求。"}
[assistant] 抽取并记录信息: {"user_identity": "", "user_preference": "", "research_direction": "", "filter_requirements": "", "rejection_reasons": "", "other_info": "用户对论文 'Outcomes Following Endovascular vs Open Repair of Abdominal Aortic Aneurysm A Randomized Trial' 感到满意，认为符合研究需求。"}
[assistant] 抽取并记录信息: {"user_identity": "", "user_preference": "", "research_direction": "", "filter_requirements": "", "rejection_reasons": "A small RCT comparing cardiac response between EVAR and OSR. The randomisation method and allocation concealment were unclear. Mortality and long‐term outcomes were not the primary endpoints. Hence, the trial may not be powered to determine the outcomes considered for this review.", "other_info": ""}
[assistant] 抽取并记录信息: {"user_identity": "", "user_preference": "", "research_direction": "", "filter_requirements": "", "rejection_reasons": "样本量小（OSR组仅19人），且仅评估术后3个月的结果，可能无法真实反映干预效果", "other_info": ""}
[assistant] 抽取并记录信息: {"user_identity": "", "user_preference": "", "research_direction": "", "filter_requirements": "", "rejection_reasons": "", "other_info": "用户对论文 'Long-Term Outcome of Open or Endovascular Repair of Abdominal Aortic Aneurysm' 感到满意，认为该论文符合研究需求。"}
[assistant] 抽取并记录信息: {"user_identity": "", "user_preference": "", "research_direction": "", "filter_requirements": "", "rejection_reasons": "", "other_info": "用户对论文 'A Randomized Trial Comparing Conventional and Endovascular Repair of Abdominal Aortic Aneurysms' 感到满意，认为符合研究需求。"}
[simulated_user] 轮次1用户反馈: 5 满意, 2 不满意, 累计满意: 5/5
[assistant] 为 executor 提供背景信息，任务: 对论文进行详细筛选，根据摘要判断是否纳入
[assistant] 抽取并记录信息: {"user_identity": "", "user_preference": "", "research_direction": "Endovascular repair of abdominal aortic aneurysm", "filter_requirements": "", "rejection_reasons": "", "other_info": ""}
[assistant] 抽取并记录信息: {"user_identity": "", "user_preference": "", "research_direction": "EVAR 在手术选择中的效果", "filter_requirements": "搜索了特定数据库，使用了 Cochrane Peripheral Vascular Diseases Group Trials Search Co-ordinator (TSC)、Specialised Register 和 CENTRAL 等工具，并排除了不完整数据或不良随机化技术的 studies", "rejection_reasons": "", "other_info": "研究分析了短期、中期和长期的死亡率、并发症等指标，发现 EVAR 在短期 mortality 上优于 OSR，但长期效果不佳。不适合常规手术的患者组中，EVAR 和无干预组在 all-cause mortality 上没有差异，但在 aneurysm-related deaths 上存在显著差异。研究还提到长期再入手术率较高，且 OSR 组肺 complications 较高。"}
[assistant] 抽取并记录信息: {"user_identity": "", "user_preference": "", "research_direction": "EVAR and OSR in treating Asymptomatic Aneurysmal Thrombosis", "filter_requirements": "Randomised controlled trials (RCTs) comparing EVAR with OSR in individuals considered fit for surgery, and EVAR with best medical care in individuals considered unfit for surgery. Excluded studies with inadequate data or using inadequate randomisation technique.", "rejection_reasons": "", "other_info": "Mortality and aneurysm-related mortality rates: short term (30-day or inhospital mortality), intermediate (up to four years from randomisation) and long term (beyond four years). Endograft-related complications (e.g. endoleak, reintervention), Major complications (e.g. those that altered management of the individual (myocardial infarction, stroke, renal failure, bowel ischaemia, pulmonary complications etc.) Minor complications Health-related quality of life (HRQoL): as measured using standardised questionnaires Economic analysis: based on an analysis of costs, not charges"}
[assistant] 抽取并记录信息: {"user_identity": "个体", "user_preference": "", "research_direction": "EVAR 与 OSR 比较", "filter_requirements": "近两年", "rejection_reasons": "", "other_info": "研究设计包括随机对照试验，比较 EVAR 和 OSR 在不同患者群体中的效果和安全性。纳入标准为有 AAA 的个体，排除了样本不足或数据不全的试验。"}
[assistant] 抽取并记录信息: {"user_identity": "", "user_preference": "Palmaz, Zy PROMPT, Viabahn or Nitinol", "research_direction": "Endovascular Procedures Stents Vascular Surgical Procedures Blood Vessel Prosthesis Blood Vessel Prosthesis Implantation endovasc*:ti,ab,kw endostent*:ti,ab,kw stent*:ti,ab,kw EVAR:ti,ab,kw EVRAR:ti,ab,kw percutaneous:ti,ab,kw TEVAR:ti,ab,kw (endoprosthe* or endograft*):ti,ab,kw Palmaz:ti,ab,kw Zenith or Dynalink or Hemobahn or Luminex* or Memotherm or Wallstent:ti,ab,kw Viabahn or Nitinol or Hemobahn or Intracoil or Tantalum:ti,ab,kw", "filter_requirements": "", "rejection_reasons": "", "other_info": "MeSH descriptors"}
[assistant] 为 executor 提供背景信息，任务: 筛选相关论文
[assistant] 为 executor 提供背景信息，任务: 对论文进行详细筛选，根据摘要判断是否纳入
[executor] 轮次1筛选完成: 3 include, 5 exclude, 0 not sure
[assistant] 抽取并记录信息: {"user_identity": "", "user_preference": "", "research_direction": "Sexual Dysfunction After Conventional and Endovascular AAA Repair", "filter_requirements": "", "rejection_reasons": "", "other_info": "Sexual Dysfunction After Conventional and Endovascular AAA Repair: Results of the DREAM Trial"}
[assistant] 抽取并记录信息: {"user_identity": "", "user_preference": "", "research_direction": "手术方法比较", "filter_requirements": "试验规模小、随机化方法不明确、主要终点不是预期的指标", "rejection_reasons": "A small RCT comparing cardiac response between EVAR and OSR. The randomisation method and allocation concealment were unclear. Mortality and long‐term outcomes were not the primary endpoints.", "other_info": ""}
[assistant] 抽取并记录信息: {"user_identity": "", "user_preference": "", "research_direction": "Health-Related Quality of Life Outcomes Following Elective Open or Endovascular AAA Repair", "filter_requirements": "randomised participants in a 3:1 format, where 57 participants were randomised to EVAR and 19 to OSR; health‐related quality of life outcomes estimated at 3 months post surgery; small sample size in OSR group; results may not be representative", "rejection_reasons": "randomised participants in a 3:1 format, where 57 participants were randomised to EVAR and 19 to OSR. Further they present health‐related quality of life outcomes estimated at 3 months post surgery. The numbers of participants considered for study, especially in the OSR group, were small and the outcomes were estimated at 3 months only. Therefore, the results may not be a true representative of the effects of the interventions and hence the study was excluded from analysis.", "other_info": ""}
[simulated_user] 轮次1用户反馈: 1 满意, 2 不满意, 累计满意: 1/5
[assistant] 为 executor 提供背景信息，任务: 对论文进行详细筛选，根据摘要判断是否纳入
[assistant] 为 executor 提供背景信息，任务: 对论文进行详细筛选，根据摘要判断是否纳入
