[assistant] 抽取并记录信息: {"user_identity": "", "user_preference": "", "research_direction": "Vaccines for preventing typhoid fever", "filter_requirements": "", "rejection_reasons": "", "other_info": ""}
[assistant] 抽取并记录信息: {"user_identity": "", "user_preference": "", "research_direction": "伤寒疫苗的预防效果", "filter_requirements": "", "rejection_reasons": "", "other_info": "研究类型为干预性系统综述，评估Ty21a、Vi多糖、Vi-rEPA和Vi-TT疫苗预防伤寒的效果。"}
[assistant] 抽取并记录信息: {"user_identity": "", "user_preference": "", "research_direction": "Vaccines for preventing typhoid fever", "filter_requirements": "", "rejection_reasons": "", "other_info": ""}
[assistant] 抽取并记录信息: {"user_identity": "", "user_preference": "", "research_direction": "伤寒疫苗的预防效果", "filter_requirements": "", "rejection_reasons": "", "other_info": "研究类型为干预性系统综述，评估Ty21a、Vi多糖、Vi-rEPA和Vi-TT疫苗对伤寒的预防效果。"}
[assistant] 抽取并记录信息: {"user_identity": "", "user_preference": "", "research_direction": "伤寒疫苗的纳入/排除标准", "filter_requirements": "随机和准随机对照试验；成人和儿童；疫苗类型包括：口服活疫苗Ty2la或其基因修饰株、Vi多糖疫苗、结合疫苗；对照为无疫苗、安慰剂或伤寒非活性制剂（其他疾病疫苗）或其他伤寒疫苗；不良事件次要结局仅纳入安慰剂对照试验；排除：灭活全细胞疫苗（已不再使用）、仅报告免疫原性的试验、仅评估不良事件而未评估临床疗效的试验、人体挑战研究；伤寒定义：血培养分离伤寒沙门菌；不良事件定义：严重不良事件（导致死亡、住院等）和其他不良事件（发热、注射部位红斑、呕吐、腹泻）；提取每剂后不良事件发生情况，时间点选择接种后24小时。", "rejection_reasons": "排除灭活全细胞疫苗（已不再使用）；排除仅报告免疫原性的试验；排除仅评估不良事件而未评估临床疗效的试验；排除人体挑战研究（细菌接种量恒定、感染时间高度控制，对临床和政策制定相关性较低）。", "other_info": ""}
[assistant] 抽取并记录信息: {"user_identity": "", "user_preference": "", "research_direction": "伤寒疫苗的临床疗效与安全性评估", "filter_requirements": "随机对照试验和准随机对照试验；成人及儿童；干预措施包括活口服疫苗Ty2la、Vi多糖疫苗、结合疫苗；对照为无疫苗、安慰剂或伤寒非活性制剂、其他伤寒疫苗；排除灭活全细胞疫苗、仅免疫原性研究、仅评估不良事件而未评估临床疗效的研究、人体挑战试验；主要结局为伤寒确诊（血培养分离S. Typhi）；次要结局为严重不良事件及其他不良事件。", "rejection_reasons": "", "other_info": ""}
[assistant] 抽取并记录信息: {"user_identity": "", "user_preference": "", "research_direction": "", "filter_requirements": "", "rejection_reasons": "", "other_info": ""}
[assistant] 为 executor 提供背景信息，任务: 筛选相关论文
[coordinator] Metadata初筛完成: 3333 → 3061 篇
[assistant] 为 executor 提供背景信息，任务: 仅根据论文标题判断是否与研究方向相关，做保守筛选
[coordinator] Title筛选完成: 排除 3053 篇, 保留 8 篇
[assistant] 为 executor 提供背景信息，任务: 对论文进行详细筛选，根据摘要判断是否纳入
[executor] 轮次1筛选完成: 4 include, 4 exclude, 0 not sure
[assistant] 抽取并记录信息: {"user_identity": "", "user_preference": "", "research_direction": "", "filter_requirements": "", "rejection_reasons": "", "other_info": "用户对论文 'Ty21a Live Oral Typhoid Vaccine and Prevention of Paratyphoid Fever Caused by Salmonella enterica Serovar Paratyphi B' 感到满意，认为符合研究需求。"}
[assistant] 抽取并记录信息: {"user_identity": "", "user_preference": "", "research_direction": "", "filter_requirements": "", "rejection_reasons": "", "other_info": "用户对论文 'Ty21a Live Oral Typhoid Vaccine and Prevention of Paratyphoid Fever Caused by Salmonella enterica Serovar Paratyphi B' 感到满意，认为符合研究需求。"}
[assistant] 抽取并记录信息: {"user_identity": "", "user_preference": "", "research_direction": "", "filter_requirements": "", "rejection_reasons": "Evaluated adverse events of new M01ZH09 vaccine, no efficacy trials of this vaccine", "other_info": ""}
[assistant] 抽取并记录信息: {"user_identity": "", "user_preference": "", "research_direction": "", "filter_requirements": "", "rejection_reasons": "No relevant outcome measures", "other_info": ""}
[simulated_user] 轮次1用户反馈: 2 满意, 2 不满意, 累计满意: 2/5
[assistant] 为 executor 提供背景信息，任务: 对论文进行详细筛选，根据摘要判断是否纳入
[assistant] 为 executor 提供背景信息，任务: 对论文进行详细筛选，根据摘要判断是否纳入
[assistant] 抽取并记录信息: {"user_identity": "", "user_preference": "", "research_direction": "预防伤寒热的疫苗", "filter_requirements": "", "rejection_reasons": "", "other_info": "Vaccines for preventing typhoid fever"}
[assistant] 抽取并记录信息: {"user_identity": "", "user_preference": "", "research_direction": "Typhoid fever and typhoid conjugate vaccines", "filter_requirements": "searched Cochrane Infectious Diseases Group Specialized Register, CENTRAL, MEDLINE, Embase, LILACS, and mRCT in February 2018; reference lists of all included trials were also searched", "rejection_reasons": "", "other_info": "Systematic review assesses the effects of vaccines for preventing typhoid fever. Study includes RCTs comparing different types of typhoid vaccines with other vaccines or inactive agents in adults and children."}
[assistant] 抽取并记录信息: {"user_identity": "", "user_preference": "", "research_direction": "S. Typhi疫苗研究", "filter_requirements": "随机化和半随机化对照试验. 成年和儿童. S. Typhi疫苗包括活口轮疫苗Ty2la或其基因修改的菌株、多糖类疫苗和共价结合疫苗。其他S. Typhi疫苗包括无疫苗、安慰剂或非活的黄热病抑制性药物（针对不同疾病）。对于次要结果不良事件，我们只包含安慰剂对照试验。我们排除了以下类型的干预：评估杀灭型细胞疫苗的研究，因为这些疫苗不再使用；仅报告免疫原性的研究；仅关注不良事件但未评估疫苗临床有效性的研究；人工感染S. Typhi的临床试验，因为这些试验中菌量是恒定的，并且感染时间点与接种之间的关系受到严格控制，这使其在真实情况下的相关性较低。", "rejection_reasons": "", "other_info": "研究方向：S. Typhi疫苗研究；筛选要求：随机化和半随机化对照试验，针对成年和儿童的研究，对特定疫苗类型的研究。排除了杀灭型细胞疫苗、仅报告免疫原性的研究、仅关注不良事件但未评估临床有效性的研究以及关于人类挑战研究的干预。"}
[assistant] 抽取并记录信息: {"user_identity": "", "user_preference": "", "research_direction": "", "filter_requirements": "We excluded studies focusing on the following types of interventions. Trials that evaluated killed whole‐cell vaccines, because these vaccines are no longer in use. Trials that reported only on immunogenicity. Trials that assessed only adverse events but not clinical efficacy of vaccines that have not yet been evaluated for clinical efficacy. Human challenge studies where participants were artificially infected withS. Typhi at a certain time point following vaccination, since the bacterial inoculum in challenge trials is constant and the timing of infection relative to vaccination is highly controlled compared to the real life situation. We therefore believe these trials to be less relevant for clinicians and policy‐making.", "rejection_reasons": "", "other_info": ""}
[assistant] 抽取并记录信息: {"user_identity": "", "user_preference": "", "research_direction": "Ty21a疫苗不良事件", "filter_requirements": "近两年", "rejection_reasons": "", "other_info": ""}
[assistant] 为 executor 提供背景信息，任务: 筛选相关论文
[assistant] 为 executor 提供背景信息，任务: 对论文进行详细筛选，根据摘要判断是否纳入
[executor] 轮次1筛选完成: 0 include, 10 exclude, 2 not sure
[assistant] 为 executor 提供背景信息，任务: 对论文进行详细筛选，根据摘要判断是否纳入
[assistant] 抽取并记录信息: {"user_identity": "", "user_preference": "", "research_direction": "Vaccines for Preventing Typhoid Fever", "filter_requirements": "", "rejection_reasons": "", "other_info": ""}
[assistant] 抽取并记录信息: {"user_identity": "", "user_preference": "evaluating the effects of vaccines for preventing typhoid fever", "research_direction": "Assessment of Typhoid Vaccine Effects", "filter_requirements": "Randomized and quasi-randomized controlled trials (RCTs) comparing typhoid fever vaccines with other typhoid fever vaccines or with an inactive agent in adults and children. Human challenge studies were not eligible.", "rejection_reasons": "", "other_info": ""}
[assistant] 抽取并记录信息: {"user_identity": "", "user_preference": "", "research_direction": "Vaccines against S. Typhi", "filter_requirements": "Randomized and quasi-randomized controlled trials; Adults and children; Live oral vaccine Ty2la or genetic modifications of this strain; Vi polysaccharide vaccine; Conjugate vaccines; No vaccine, placebo or typhoid-inactive agents (vaccine for a different disease); Other typhoid vaccines", "rejection_reasons": "", "other_info": ""}
[assistant] 抽取并记录信息: {"user_identity": "", "user_preference": "", "research_direction": "S. Typhi疫苗的研究", "filter_requirements": "近两年", "rejection_reasons": "", "other_info": ""}
[assistant] 抽取并记录信息: {"user_identity": "", "user_preference": "", "research_direction": "Typhoid Agent Memory Management", "filter_requirements": "Cochrane Infectious Diseases Group Specialized Register, Embase, LILACS, MEDLINE, Typhoid fever vaccine studies with various search terms and combinations of databases.", "rejection_reasons": "", "other_info": "Search strategy includes multiple databases (Cochrane, Embase, LILACS, MEDLINE) combined with specific search terms targeting Typhoid fever and its vaccines. Adverse events data is provided for the Ty21a vaccine including incidence rates across different trials."}
[assistant] 为 executor 提供背景信息，任务: 筛选相关论文
[assistant] 为 executor 提供背景信息，任务: 对论文进行详细筛选，根据摘要判断是否纳入
[executor] 轮次1筛选完成: 3 include, 4 exclude, 5 not sure
[assistant] 抽取并记录信息: {"user_identity": "", "user_preference": "", "research_direction": "", "filter_requirements": "", "rejection_reasons": "", "other_info": ""}
[assistant] 抽取并记录信息: {"user_identity": "", "user_preference": "", "research_direction": "", "filter_requirements": "", "rejection_reasons": "", "other_info": "用户对论文 'Ty21a Live Oral Typhoid Vaccine and Prevention of Paratyphoid Fever Caused by Salmonella enterica Serovar Paratyphi B' 感到满意，认为该论文符合研究需求。"}
[assistant] 抽取并记录信息: {"user_identity": "", "user_preference": "", "research_direction": "", "filter_requirements": "", "rejection_reasons": "排除原因: No relevant outcome measures", "other_info": ""}
[assistant] 抽取并记录信息: {"user_identity": "", "user_preference": "", "research_direction": "", "filter_requirements": "", "rejection_reasons": "", "other_info": ""}
[assistant] 抽取并记录信息: {"user_identity": "", "user_preference": "", "research_direction": "", "filter_requirements": "", "rejection_reasons": "Evaluated adverse events of new M01ZH09 vaccine, no efficacy trials of this vaccine", "other_info": ""}
[assistant] 抽取并记录信息: {"user_identity": "", "user_preference": "", "research_direction": "Typhoid Fever Vaccine", "filter_requirements": "筛选要求: No random allocation", "rejection_reasons": "No random allocation", "other_info": ""}
[assistant] 抽取并记录信息: {"user_identity": "", "user_preference": "", "research_direction": "Public Health/ Biomedical", "filter_requirements": "", "rejection_reasons": "No random allocation to vaccine and placebo arms", "other_info": ""}
[assistant] 抽取并记录信息: {"user_identity": "", "user_preference": "", "research_direction": "", "filter_requirements": "", "rejection_reasons": "No relevant outcome measures", "other_info": ""}
[simulated_user] 轮次1用户反馈: 3 满意, 5 不满意, 累计满意: 3/5
[assistant] 为 executor 提供背景信息，任务: 对论文进行详细筛选，根据摘要判断是否纳入
[assistant] 为 executor 提供背景信息，任务: 对论文进行详细筛选，根据摘要判断是否纳入
