[assistant] 抽取并记录信息: {"user_identity": "", "user_preference": "", "research_direction": "", "filter_requirements": "", "rejection_reasons": "", "other_info": ""}
[assistant] 抽取并记录信息: {"user_identity": "", "user_preference": "", "research_direction": "慢性类圆线虫病的治疗", "filter_requirements": "", "rejection_reasons": "", "other_info": "研究类型为干预性系统综述，比较伊维菌素与苯并咪唑类药物治疗慢性类圆线虫病的疗效和安全性。"}
[assistant] 抽取并记录信息: {"user_identity": "", "user_preference": "", "research_direction": "慢性粪类圆线虫感染的随机对照试验", "filter_requirements": "随机对照试验；参与者为任何年龄的免疫正常或免疫低下人群，经寄生虫学检查或血清学检查确认慢性粪类圆线虫感染；比较伊维菌素与阿苯达唑或噻苯达唑；结局包括感染消除/寄生虫学治愈、死亡、不良事件", "rejection_reasons": "", "other_info": ""}
[assistant] 抽取并记录信息: {"user_identity": "", "user_preference": "", "research_direction": "Strongyloides stercoralis 慢性感染的药物治疗", "filter_requirements": "随机对照试验 (RCTs)；参与者为免疫正常或免疫受损人群，经寄生虫学检查或血清学确诊；干预措施为伊维菌素对比阿苯达唑或噻苯达唑；结局指标包括寄生虫学治愈、死亡、不良事件等", "rejection_reasons": "", "other_info": ""}
[assistant] 抽取并记录信息: {"user_identity": "", "user_preference": "", "research_direction": "", "filter_requirements": "", "rejection_reasons": "", "other_info": ""}
[assistant] 为 executor 提供背景信息，任务: 筛选相关论文
[coordinator] Metadata初筛完成: 3333 → 3061 篇
[assistant] 为 executor 提供背景信息，任务: 仅根据论文标题判断是否与研究方向相关，做保守筛选
[coordinator] Title筛选完成: 排除 3059 篇, 保留 2 篇
[assistant] 为 executor 提供背景信息，任务: 对论文进行详细筛选，根据摘要判断是否纳入
[executor] 轮次1筛选完成: 1 include, 1 exclude, 0 not sure
[assistant] 抽取并记录信息: {"user_identity": "", "user_preference": "", "research_direction": "", "filter_requirements": "", "rejection_reasons": "Participants not randomized, no control group.", "other_info": ""}
[simulated_user] 轮次1用户反馈: 0 满意, 1 不满意, 累计满意: 0/5
[assistant] 为 executor 提供背景信息，任务: 对论文进行详细筛选，根据摘要判断是否纳入
[assistant] 为 executor 提供背景信息，任务: 对论文进行详细筛选，根据摘要判断是否纳入
[assistant] 抽取并记录信息: {"user_identity": "", "user_preference": "", "research_direction": "Ivermectin versus albendazole or thiabendazole for Strongyloides stercoralis infection", "filter_requirements": "", "rejection_reasons": "", "other_info": ""}
[assistant] 抽取并记录信息: {"user_identity": "计算机专业硕士研究生", "user_preference": "", "research_direction": "评估ivermectin与benzimidazoles治疗强yloidiasis的效果", "filter_requirements": "搜索方法包括Cochrane Infectious Diseases Group Specialized Register、Cochrane Central Register of Controlled Trials、MEDLINE、EMBASE、LILACS和metaRegister；选择标准为随机对照试验，比较ivermectin与albendazole或thiabendazole治疗慢性强yloidiasis；数据收集和分析方法包括从文献中提取数据并评估风险偏倚，使用风险比（RRs）和95%置信区间（CIs），以及混合效应模型。", "rejection_reasons": "", "other_info": "系统综述摘要介绍了 Strongyloidiasis 的背景、研究目的、搜索方法、选择标准、数据收集与分析方法，以及主要结果。"}
[assistant] 抽取并记录信息: {"user_identity": "医学研究者或相关专业背景", "user_preference": "药物试验或RCTs", "research_direction": "S. stercoralis感染治疗方案比较", "filter_requirements": "纳入标准：免疫competent/compromised人群，慢性感染；排除标准：不良事件如入院、残疾等", "rejection_reasons": "", "other_info": ""}
[assistant] 抽取并记录信息: {"user_identity": "", "user_preference": "", "research_direction": "Types of studies: Randomized controlled trials (RCTs). Types of participants: Participants were people (all ages) who were immunocompetent or immunocompromised, and with chronic infection by S. stercoralis confirmed by parasitological examination (at least one positive specimen) or serology tests (IFAT). We defined immunocompromised people as those affected by haematological malignancies, bone marrow and kidney transplants, hypogammaglobulinaemia (low gamma globulin in blood), malnutrition, HTLV‐1/HIV infection or co‐infection, or who are using corticosteroids. Types of interventions: Ivermectin versus albendazole or thiabendazole. Types of outcome measures: Elimination of infection or parasitological cure: defined as any parasitological exam negative during follow‐up period (more than two stool samples negative). Death; Adverse events as reported in trials: Serious adverse events (requires inpatient hospitalization or prolongation of existing hospitalization; persistent or significant disability/incapacity; or is life threatening). Adverse events leading to discontinuation of treatment. Other adverse events. Primary outcomes: Elimination of infection or parasitological cure: defined as any parasitological exam negative during follow‐up period (more than two stool samples negative). Secondary outcomes: Death; Adverse events as reported in trials: Serious adverse events (requires inpatient hospitalization or prolongation of existing hospitalization; persistent or significant disability/incapacity; or is life threatening). Adverse events leading to discontinuation of treatment. Other adverse events.", "filter_requirements": "Types of studies, Types of participants, Types of interventions, Types of outcome measures, Primary outcomes, Secondary outcomes", "rejection_reasons": "", "other_info": ""}
[assistant] 抽取并记录信息: {"user_identity": "", "user_preference": "", "research_direction": "STRONGYLOIDES, STRONGYLOIDIASIS, ALBENDAZOLE, MEDEB AZOLE, ANTHELMINT, IVEMCETIN, THIABENDAZOLE", "filter_requirements": "CIDG SRa, CENTRAL, MEDLINEb, EMBASEb, LILACSb, STRONGYLOIDES, STRONGYLOIDIASIS, ALBENDAZOLE, MEDEB AZOLE, ANTHELMINT, IVEMCETIN, THIABENDAZOLE", "rejection_reasons": "", "other_info": ""}
[assistant] 为 executor 提供背景信息，任务: 筛选相关论文
[assistant] 为 executor 提供背景信息，任务: 对论文进行详细筛选，根据摘要判断是否纳入
[executor] 轮次1筛选完成: 1 include, 1 exclude, 7 not sure
[assistant] 抽取并记录信息: {"user_identity": "", "user_preference": "", "research_direction": "Tratamiento de Strongyloides stercoralis con ivermectina y tiabendazole", "filter_requirements": "Participants not randomized, no control group", "rejection_reasons": "Participants not randomized, no control group", "other_info": ""}
[assistant] 抽取并记录信息: {"user_identity": "", "user_preference": "", "research_direction": "", "filter_requirements": "", "rejection_reasons": "Participants not randomized, no control group.", "other_info": ""}
[assistant] 抽取并记录信息: {"user_identity": "", "user_preference": "", "research_direction": "", "filter_requirements": "", "rejection_reasons": "Participants not randomized, no control group", "other_info": ""}
[assistant] 抽取并记录信息: {"user_identity": "", "user_preference": "", "research_direction": "", "filter_requirements": "", "rejection_reasons": "No control group", "other_info": ""}
[assistant] 抽取并记录信息: {"user_identity": "", "user_preference": "", "research_direction": "", "filter_requirements": "", "rejection_reasons": "Participants not randomized.", "other_info": ""}
[assistant] 抽取并记录信息: {"user_identity": "", "user_preference": "", "research_direction": "", "filter_requirements": "Participants not randomized", "rejection_reasons": "Participants not randomized", "other_info": ""}
[assistant] 抽取并记录信息: {"user_identity": "", "user_preference": "", "research_direction": "", "filter_requirements": "", "rejection_reasons": "Participants not randomized", "other_info": ""}
[assistant] 抽取并记录信息: {"user_identity": "", "user_preference": "", "research_direction": "", "filter_requirements": "", "rejection_reasons": "Participants not randomized", "other_info": ""}
[simulated_user] 轮次1用户反馈: 0 满意, 8 不满意, 累计满意: 0/5
[assistant] 为 executor 提供背景信息，任务: 对论文进行详细筛选，根据摘要判断是否纳入
[assistant] 为 executor 提供背景信息，任务: 对论文进行详细筛选，根据摘要判断是否纳入
