[assistant] 抽取并记录信息: {"user_identity": "", "user_preference": "", "research_direction": "Pneumococcal vaccination during pregnancy for preventing infant infection", "filter_requirements": "", "rejection_reasons": "", "other_info": ""}
[assistant] 抽取并记录信息: {"user_identity": "", "user_preference": "", "research_direction": "孕期肺炎球菌疫苗接种对预防婴儿感染的效果", "filter_requirements": "", "rejection_reasons": "", "other_info": "研究类型为干预性系统综述"}
[assistant] 抽取并记录信息: {"user_identity": "", "user_preference": "", "research_direction": "孕期接种肺炎球菌疫苗对新生儿的影响", "filter_requirements": "随机对照试验；排除准随机对照试验；健康无并发症孕妇；肺炎球菌疫苗（多糖或结合疫苗）与安慰剂、不干预或其他疫苗比较；结局包括新生儿肺炎球菌感染、定植、抗体水平、不良事件等", "rejection_reasons": "", "other_info": ""}
[assistant] 抽取并记录信息: {"user_identity": "", "user_preference": "", "research_direction": "孕期接种肺炎球菌疫苗对新生儿的影响", "filter_requirements": "随机对照试验；健康无并发症孕妇；肺炎球菌疫苗与安慰剂、不干预或其他疫苗比较；主要结局包括新生儿肺炎球菌感染和定植，次要结局包括抗体水平、不良效应等", "rejection_reasons": "", "other_info": ""}
[assistant] 抽取并记录信息: {"user_identity": "", "user_preference": "", "research_direction": "", "filter_requirements": "", "rejection_reasons": "", "other_info": ""}
[assistant] 为 executor 提供背景信息，任务: 筛选相关论文
[coordinator] Metadata初筛完成: 3333 → 3061 篇
[assistant] 为 executor 提供背景信息，任务: 仅根据论文标题判断是否与研究方向相关，做保守筛选
[coordinator] Title筛选完成: 排除 3057 篇, 保留 4 篇
[assistant] 为 executor 提供背景信息，任务: 对论文进行详细筛选，根据摘要判断是否纳入
[executor] 轮次1筛选完成: 3 include, 1 exclude, 0 not sure
[assistant] 抽取并记录信息: {"user_identity": "", "user_preference": "", "research_direction": "", "filter_requirements": "", "rejection_reasons": "", "other_info": "用户对论文 'Pneumococcal Nasopharyngeal Carriage in Infants of Mothers Immunized with 23V Non-conjugate Pneumococcal Polysaccharide Vaccine' 感到满意，认为符合研究需求。"}
[assistant] 抽取并记录信息: {"user_identity": "", "user_preference": "", "research_direction": "", "filter_requirements": "", "rejection_reasons": "", "other_info": "用户对论文 'Ineffectiveness for Infants of Immunization of Mothers with Pneumococcal Capsular Polysaccharide Vaccine During Pregnancy' 感到满意，认为符合研究需求。"}
[assistant] 抽取并记录信息: {"user_identity": "", "user_preference": "", "research_direction": "", "filter_requirements": "", "rejection_reasons": "", "other_info": "用户对论文 'Antibody persistence in mothers one year after pneumococcal immunization in pregnancy' 感到满意，认为符合研究需求。"}
[simulated_user] 轮次1用户反馈: 3 满意, 0 不满意, 累计满意: 3/5
[assistant] 为 executor 提供背景信息，任务: 对论文进行详细筛选，根据摘要判断是否纳入
[assistant] 抽取并记录信息: {"user_identity": "", "user_preference": "", "research_direction": "Pneumococcal vaccination during pregnancy", "filter_requirements": "", "rejection_reasons": "", "other_info": "无"}
[assistant] 抽取并记录信息: {"user_identity": "公共卫生领域的研究人员/学生", "user_preference": "", "research_direction": "孕妇肺炎链球菌疫苗对婴儿感染的影响评估", "filter_requirements": "随机对照试验（RCT）在孕妇研究中比较疫苗效果", "rejection_reasons": "", "other_info": "摘要详细描述了研究背景、方法和结果，包括纳入的7项研究，主要关注疫苗对新生儿感染率和抗体水平的影响。结论指出现有证据不足，需要更大规模的研究来评估疫苗效果。"}
[assistant] 抽取并记录信息: {"user_identity": "呼吸医学和感染性疾病领域的专家", "user_preference": "", "research_direction": "肺炎链球菌疫苗在新生儿中的安全性评估", "filter_requirements": "随机对照试验. 准群随机对照试验不包括在内. 健康女性无复杂妊娠. 疫苗类型：多糖或共轭疫苗与安慰剂或无疫苗或其他疫苗比较", "rejection_reasons": "", "other_info": ""}
[assistant] 抽取并记录信息: {"user_identity": "", "user_preference": "", "research_direction": "Randomized controlled trials. Quasi‐randomized controlled trials were not included.", "filter_requirements": "2016-2023年", "rejection_reasons": "", "other_info": ""}
[assistant] 抽取并记录信息: {"user_identity": "", "user_preference": "", "research_direction": "", "filter_requirements": "", "rejection_reasons": "", "other_info": ""}
[assistant] 为 executor 提供背景信息，任务: 筛选相关论文
[assistant] 为 executor 提供背景信息，任务: 对论文进行详细筛选，根据摘要判断是否纳入
[executor] 轮次1筛选完成: 3 include, 3 exclude, 0 not sure
[assistant] 抽取并记录信息: {"user_identity": "", "user_preference": "", "research_direction": "Pneumococcal Carriage Research", "filter_requirements": "", "rejection_reasons": "", "other_info": ""}
[assistant] 抽取并记录信息: {"user_identity": "", "user_preference": "", "research_direction": "", "filter_requirements": "", "rejection_reasons": "", "other_info": "Ineffectiveness for Infants of Immunization of Mothers with Pneumococcal Capsular Polysaccharide Vaccine During Pregnancy"}
[assistant] 抽取并记录信息: {"user_identity": "", "user_preference": "", "research_direction": "", "filter_requirements": "", "rejection_reasons": "", "other_info": ""}
[simulated_user] 轮次1用户反馈: 3 满意, 0 不满意, 累计满意: 3/5
[assistant] 为 executor 提供背景信息，任务: 对论文进行详细筛选，根据摘要判断是否纳入
