[assistant] 抽取并记录信息: {"user_identity": "", "user_preference": "", "research_direction": "Omega-3 fatty acid supplementation for cystic fibrosis", "filter_requirements": "", "rejection_reasons": "", "other_info": ""}
[assistant] 抽取并记录信息: {"user_identity": "", "user_preference": "", "research_direction": "omega-3多不饱和脂肪酸补充剂对囊性纤维化患者的影响", "filter_requirements": "随机对照试验；比较omega-3脂肪酸补充剂与安慰剂；人群为囊性纤维化患者", "rejection_reasons": "", "other_info": "研究类型为干预性系统综述；纳入5项研究，共106名参与者；证据质量极低，无法得出明确结论；建议进行大规模、长期、多中心随机对照研究"}
[assistant] 抽取并记录信息: {"user_identity": "", "user_preference": "", "research_direction": "omega-3脂肪酸补充剂对囊性纤维化患者的影响", "filter_requirements": "随机对照试验、准随机试验、交叉试验；任何年龄和严重程度的囊性纤维化患者；任何剂量、频率和持续时间的omega-3脂肪酸膳食补充剂与安慰剂比较；安慰剂为低omega-3或omega-6脂肪酸含量的油（如橄榄油）；结局指标包括呼吸加重次数、不良事件、肺功能、生活质量、死亡、临床变量、脂肪酸生物标志物等", "rejection_reasons": "", "other_info": ""}
[assistant] 抽取并记录信息: {"user_identity": "", "user_preference": "", "research_direction": "囊性纤维化（CF）中omega-3必需脂肪酸膳食补充剂的效果", "filter_requirements": "研究类型：随机对照试验、准随机试验、交叉试验；参与者：任何年龄和严重程度的CF患者；干预：任何剂量、频率和时长的omega-3必需脂肪酸膳食补充剂，与低omega-3或omega-6脂肪酸含量的安慰剂（如橄榄油）比较；结局指标：呼吸恶化次数（包括住院、抗生素疗程）、不良事件和退出、肺功能（FEV1%、FVC）、生活质量、死亡数、生长/营养指标、支气管反应性、必需脂肪酸状态生化标志物（EPA、DHA、omega-3/omega-6比值）", "rejection_reasons": "", "other_info": "主要结局：呼吸恶化次数、不良事件和退出、肺功能；次要结局：生活质量、死亡数、临床变量、支气管反应性、生化标志物"}
[assistant] 抽取并记录信息: {"user_identity": "", "user_preference": "", "research_direction": "cystic fibrosis, essential fatty acids, omega-3 fatty acids", "filter_requirements": "1995 to April 2007; up to 12 February 2019", "rejection_reasons": "", "other_info": ""}
[assistant] 为 executor 提供背景信息，任务: 筛选相关论文
[coordinator] Metadata初筛完成: 3333 → 3061 篇
[assistant] 为 executor 提供背景信息，任务: 仅根据论文标题判断是否与研究方向相关，做保守筛选
[coordinator] Title筛选完成: 排除 3055 篇, 保留 6 篇
[assistant] 为 executor 提供背景信息，任务: 对论文进行详细筛选，根据摘要判断是否纳入
[executor] 轮次1筛选完成: 1 include, 5 exclude, 0 not sure
[assistant] 抽取并记录信息: {"user_identity": "", "user_preference": "", "research_direction": "", "filter_requirements": "", "rejection_reasons": "Omega‐3 supplementation with large omega‐6 fatty acid source (sunflower oil) rather than a neutral placebo that contains relatively little omega‐3 or omega‐6 fatty acid (olive oil).", "other_info": ""}
[simulated_user] 轮次1用户反馈: 0 满意, 1 不满意, 累计满意: 0/5
[assistant] 为 executor 提供背景信息，任务: 对论文进行详细筛选，根据摘要判断是否纳入
[assistant] 为 executor 提供背景信息，任务: 对论文进行详细筛选，根据摘要判断是否纳入
[assistant] 抽取并记录信息: {"user_identity": "研究人员", "user_preference": "", "research_direction": "Omega-3 fatty acid supplementation for cystic fibrosis", "filter_requirements": "用户已提交请求，可能需要调整筛选条件", "rejection_reasons": "", "other_info": "用户正在寻找论文副本"}
[assistant] 抽取并记录信息: {"user_identity": "", "user_preference": "omeg-3多不饱和脂肪酸补充", "research_direction": "omeg-3多不饱和脂肪酸在哮喘患者中的应用和效果评估", "filter_requirements": "搜索时间：2020年4月1日到2020年2月12日，关键词：随机对照试验、omeg-3、哮喘患者，排除标准：没有随机对照试验的文献", "rejection_reasons": "", "other_info": ""}
[assistant] 抽取并记录信息: {"user_identity": "", "user_preference": "", "research_direction": "CF患者和ω-3脂肪酸补充剂研究", "filter_requirements": "纳入标准：随机对照试验（RCT）、准随机对照试验（quasi‐randomised）和交叉对照试验（cross‐over）。受试者为患有CF的患者，任何年龄段、任何严重度，临床诊断或通过汗液或遗传学测试确诊。饮食补充ω-3脂肪酸（以EPA或DHA或两者结合）与安慰剂进行比较。排除标准：受试者不能有低ω-3或ω-6脂肪酸含量的饮食补充（如橄榄油）。测量指标包括：住院次数、抗生素使用次数和类型、不良事件和退出情况、肺功能（FEV1% predicted和FVC）、生活质量、生长或营养指标、气道反应性测试结果、生物化学标记（如血浆、血小板和红细胞中的EPA、DHA及其比值）。", "rejection_reasons": "", "other_info": ""}
[assistant] 抽取并记录信息: {"user_identity": "People with CF, of any age and severity, diagnosed clinically and by sweat or genetic testing.", "user_preference": "", "research_direction": "Dietary supplementation of omega-3 essential fatty acids", "filter_requirements": "Inclusion criteria: People with CF, of any age and severity, diagnosed clinically and by sweat or genetic testing. Interventions: Dietary supplementation of omega-3 essential fatty acids (EPA or DHA) compared to placebo in people with CF who have low omega-3 or omega-6 fatty acid content. Exclusion criteria: Participants unable to perform standardised lung function tests or those whose blood samples are insufficient.", "rejection_reasons": "", "other_info": ""}
[assistant] 抽取并记录信息: {"user_identity": "", "user_preference": "", "research_direction": "Cystic Fibrosis and Omega 3 Fatty Acids", "filter_requirements": "clinicaltrials.gov, Cystic Fibrosis AND Omega 3 Fatty Acids, 12 February 2019", "rejection_reasons": "", "other_info": ""}
[assistant] 为 executor 提供背景信息，任务: 筛选相关论文
[assistant] 为 executor 提供背景信息，任务: 对论文进行详细筛选，根据摘要判断是否纳入
[executor] 轮次1筛选完成: 1 include, 0 exclude, 0 not sure
[assistant] 抽取并记录信息: {"user_identity": "", "user_preference": "", "research_direction": "Elevated prostaglandin E metabolites and abnormal plasma fatty acids at baseline in pediatric cystic fibrosis patients: a pilot study", "filter_requirements": "", "rejection_reasons": "用户对论文 'Elevated prostaglandin E metabolites and abnormal plasma fatty acids at baseline in pediatric cystic fibrosis patients: a pilot study' 不满意，排除原因:  Omega‐3 supplementation with large omega‐6 fatty acid source (sunflower oil) rather than a neutral placebo that contains relatively little omega‐3 or omega‐6 fatty acid (olive oil).", "other_info": ""}
[simulated_user] 轮次1用户反馈: 0 满意, 1 不满意, 累计满意: 0/5
[assistant] 为 executor 提供背景信息，任务: 对论文进行详细筛选，根据摘要判断是否纳入
[assistant] 为 executor 提供背景信息，任务: 对论文进行详细筛选，根据摘要判断是否纳入
