[assistant] 抽取并记录信息: {"user_identity": "", "user_preference": "", "research_direction": "Early versus late tracheostomy for critically ill patients", "filter_requirements": "", "rejection_reasons": "", "other_info": ""}
[assistant] 抽取并记录信息: {"user_identity": "", "user_preference": "", "research_direction": "早期气管切开术与晚期气管切开术在重症监护病房患者中的效果比较", "filter_requirements": "随机对照试验或准随机对照试验，比较早期气管切开术（插管后2-10天）与晚期气管切开术（插管后>10天）", "rejection_reasons": "", "other_info": "研究类型为干预性系统综述，主要关注死亡率、机械通气时间和ICU住院时间等结局指标"}
[assistant] 抽取并记录信息: {"user_identity": "", "user_preference": "", "research_direction": "气管切开术时机（早期 vs 晚期）对危重患者预后的影响", "filter_requirements": "纳入随机对照试验（RCTs）和准随机对照试验（QRCTs），不限语言；纳入摘要形式但需提供足够方法和结果信息；研究对象为危重患者（死亡可能或迫近）、预期需长期机械通气的成人（≥18岁）；长期机械通气定义为24小时至21天连续、每天≥6小时；排除颈部解剖异常、既往气管切开、凝血障碍、颈部软组织感染；比较组为早期气管切开（插管后2-10天）和晚期气管切开（插管后>10天）；结局指标包括死亡率、人工通气时间、ICU住院时间、呼吸机相关性肺炎、喉气管损伤", "rejection_reasons": "", "other_info": "定义了长期机械通气的具体标准（Divo 2010; Shirzad 2010）；结局指标定义以原始研究为准，必要时讨论非验证工具或定义差异"}
[assistant] 抽取并记录信息: {"user_identity": "", "user_preference": "", "research_direction": "气管切开术在危重患者中的应用", "filter_requirements": "纳入随机对照试验和准随机对照试验，不限语言；研究对象为危重成人患者（≥18岁），预期需要长期机械通气（24小时至21天，每天≥6小时）；排除颈部解剖异常、既往气管切开、凝血障碍、颈部软组织感染；干预措施为早期气管切开（插管后2-10天）与晚期气管切开（10天后）；结局指标包括死亡率、机械通气时间、ICU住院时间、呼吸机相关性肺炎、喉气管损伤等。", "rejection_reasons": "", "other_info": ""}
[assistant] 抽取并记录信息: {"user_identity": "", "user_preference": "", "research_direction": "早期与晚期气管切开术对危重症患者的疗效比较", "filter_requirements": "", "rejection_reasons": "", "other_info": "该搜索策略包含多个数据库的检索式（MEDLINE, CENTRAL, EMBASE, LILACS, CINAHL等），以及数据提取表和系统评价中未计划的其他相关结局指标。"}
[assistant] 为 executor 提供背景信息，任务: 筛选相关论文
[coordinator] Metadata初筛完成: 3333 → 3061 篇
[assistant] 为 executor 提供背景信息，任务: 仅根据论文标题判断是否与研究方向相关，做保守筛选
[coordinator] Title筛选完成: 排除 3053 篇, 保留 8 篇
[assistant] 为 executor 提供背景信息，任务: 对论文进行详细筛选，根据摘要判断是否纳入
[executor] 轮次1筛选完成: 3 include, 4 exclude, 1 not sure
[assistant] 抽取并记录信息: {"user_identity": "", "user_preference": "", "research_direction": "", "filter_requirements": "", "rejection_reasons": "", "other_info": "用户对论文 'Early vs Late Tracheotomy for Prevention of Pneumonia in Mechanically Ventilated Adult ICU Patients A Randomized Controlled Trial' 感到满意，认为符合研究需求。"}
[assistant] 抽取并记录信息: {"user_identity": "", "user_preference": "", "research_direction": "", "filter_requirements": "", "rejection_reasons": "", "other_info": "用户对论文 'Effect of Early vs Late Tracheostomy Placement on Survival in Patients Receiving Mechanical Ventilation The TracMan Randomized Trial' 感到满意，认为该论文符合研究需求。"}
[assistant] 抽取并记录信息: {"user_identity": "", "user_preference": "", "research_direction": "", "filter_requirements": "", "rejection_reasons": "Late tracheostomy ≥ 6 days after intubation (before 10 days)", "other_info": ""}
[assistant] 抽取并记录信息: {"user_identity": "", "user_preference": "", "research_direction": "", "filter_requirements": "", "rejection_reasons": "Early tracheotomy vs prolonged endotracheal intubation. No data available for participants subjected to late tracheostomy", "other_info": ""}
[simulated_user] 轮次1用户反馈: 2 满意, 2 不满意, 累计满意: 2/5
[assistant] 为 executor 提供背景信息，任务: 对论文进行详细筛选，根据摘要判断是否纳入
[assistant] 为 executor 提供背景信息，任务: 对论文进行详细筛选，根据摘要判断是否纳入
[assistant] 抽取并记录信息: {"user_identity": "", "user_preference": "Medical and surgical research, particularly Trauma and Critical Care", "research_direction": "Early versus late tracheostomy for critically ill patients", "filter_requirements": "", "rejection_reasons": "", "other_info": ""}
[assistant] 抽取并记录信息: {"user_identity": "", "user_preference": "", "research_direction": "Comparison of early and late tracheostomy", "filter_requirements": "Systematic review with RCTs from 2013 to 2014, including 8 studies with N=1977 participants", "rejection_reasons": "", "other_info": "The systematic review compares the effectiveness and safety of early (≤10 days after tracheal intubation) versus late (>10 days after tracheal intubation) tracheostomy in critically ill adults with prolonged mechanical ventilation. The main results show lower mortality rates in the early group, higher discharge probability from ICU at day 28, but divergent results on mechanical ventilation time and pneumonia outcomes."}
[assistant] 抽取并记录信息: {"user_identity": "", "user_preference": "", "research_direction": "Tracheostomy and Mechanical Ventilation", "filter_requirements": "Included all randomized (RCTs) and quasi‐randomized controlled trials (QRCTs) published in any language. Included studies published in abstract form if sufficient information regarding their methods and results was provided. We approached the principal authors for additional information when necessary. Critically ill patients (for whom death is possible or imminent). Patients expected to be on prolonged mechanical ventilation. Adults (≥ 18 years). We defined prolonged mechanical ventilation as ventilation provided for 24 hours to 21 consecutive days, six or more hours per day (Divo 2010; Shirzad 2010). Anatomical anomalies of the neck that would impair the tracheostomy procedure. Previous tracheostomy. Coagulation disturbances (e.g. thrombocytopenia). Soft tissue infection of the neck.", "rejection_reasons": "", "other_info": "We considered all outcome measures reported in the primary studies. For each outcome, we accepted the definition used by the study authors. We discussed when necessary limitations such as use of non‐validated instruments for evaluation or a divergence of definitions. Mortality (time to mortality or frequency of deaths at any time point: in hospital, in ICU, or after discharge). Duration of artificial ventilation. Length of stay in ICU (or frequency of tracheostomy at any time point). Ventilator‐associated pneumonia at any time point. Laryngotracheal lesions at any time point (in epiglottis, vocal cord, larynx; subglottic ulceration and inflammation; stenosis)."}
[assistant] 抽取并记录信息: {"user_identity": "", "user_preference": "", "research_direction": "Inclusion and exclusion criteria for critically ill patients with specific anatomical anomalies", "filter_requirements": "Inclusion based on critical illness, prolonged mechanical ventilation, age ≥18 years, and exclusion of neck anomalies like tracheostomy impairment, previous tracheostomy, coagulation disturbances, and soft tissue infections.", "rejection_reasons": "", "other_info": ""}
[assistant] 抽取并记录信息: {"other_info": "It seems like you've provided a structured dataset containing information about tracheal extubation and related outcomes from studies comparing early versus late tracheostomy. However, your request is not entirely clear. Could you clarify what specific information or analysis you'd like me to extract or summarize? For example:\n\n- Are you looking for a summary of the outcomes measured in these studies?\n- Do you want an analysis of whether early or late tracheostomy showed better results based on the data provided?\n- Or are you interested in a comparison of the methodologies used in these studies?\n\nPlease let me know how I can assist further!"}
[assistant] 为 executor 提供背景信息，任务: 筛选相关论文
[assistant] 为 executor 提供背景信息，任务: 对论文进行详细筛选，根据摘要判断是否纳入
[executor] 轮次1筛选完成: 4 include, 0 exclude, 0 not sure
[assistant] 抽取并记录信息: {"user_identity": "", "user_preference": "", "research_direction": "Early vs Late Tracheotomy for Prevention of Pneumonia", "filter_requirements": "", "rejection_reasons": "", "other_info": "Early vs Late Tracheotomy for Prevention of Pneumonia in Mechanically Ventilated Adult ICU Patients A Randomized Controlled Trial"}
[assistant] 抽取并记录信息: {"user_identity": "", "user_preference": "", "research_direction": "医学 - 手术后护理/麻醉学", "filter_requirements": "", "rejection_reasons": "", "other_info": ""}
[assistant] 抽取并记录信息: {"user_identity": "", "user_preference": "", "research_direction": "Tracheostomy timing, enrollment and power in ICU clinical trials", "filter_requirements": "", "rejection_reasons": "Early tracheotomy vs prolonged endotracheal intubation. No data available for participants subjected to late tracheostomy", "other_info": ""}
[assistant] 抽取并记录信息: {"user_identity": "", "user_preference": "", "research_direction": "Early tracheostomy decreases ventilation time but has no impact on mortality of intensive care patients: a randomized study", "filter_requirements": "", "rejection_reasons": "Late tracheostomy ≥ 6 days after intubation (before 10 days)", "other_info": ""}
[simulated_user] 轮次1用户反馈: 2 满意, 2 不满意, 累计满意: 2/5
[assistant] 为 executor 提供背景信息，任务: 对论文进行详细筛选，根据摘要判断是否纳入
[assistant] 为 executor 提供背景信息，任务: 对论文进行详细筛选，根据摘要判断是否纳入
