[assistant] 抽取并记录信息: {"user_identity": "", "user_preference": "", "research_direction": "Length of hospitalisation for people with severe mental illness", "filter_requirements": "", "rejection_reasons": "", "other_info": ""}
[assistant] 抽取并记录信息: {"user_identity": "", "user_preference": "", "research_direction": "短住院与长住院对严重精神疾病患者的影响", "filter_requirements": "", "rejection_reasons": "", "other_info": "研究类型为干预性系统综述，主要比较计划短住院与标准长住院的效果。"}
[assistant] 抽取并记录信息: {"user_identity": "", "user_preference": "", "research_direction": "Length of hospitalisation for people with severe mental illness", "filter_requirements": "", "rejection_reasons": "", "other_info": ""}
[assistant] 抽取并记录信息: {"user_identity": "", "user_preference": "", "research_direction": "短住院与长住院对严重精神疾病患者的影响", "filter_requirements": "", "rejection_reasons": "", "other_info": "研究类型为干预性系统综述，关注严重精神疾病患者的住院时长比较。"}
[assistant] 抽取并记录信息: {"user_identity": "", "user_preference": "", "research_direction": "精神分裂症及相关障碍的临床试验", "filter_requirements": "纳入所有随机试验；准随机试验被识别但排除于主要分析，用于敏感性分析；纳入精神分裂症、相关障碍或严重/慢性精神障碍患者；结局按短期（<3个月）、中期（3-6个月）、长期（6个月-1年）、更长时期（1-2年及以上）分组；使用GRADE方法解释结果", "rejection_reasons": "", "other_info": "包含详细的结局指标列表，如全球状态、复发、精神症状、再住院、提前出院、暴力事件、社会功能、生活质量、经济成本等，并指定了长期结局用于'Summary of findings'表"}
[assistant] 抽取并记录信息: {"user_identity": "", "user_preference": "", "research_direction": "", "filter_requirements": "Types of studies: randomised trials; Types of participants: people with schizophrenia, related disorders or severe/chronic mental disorders; Types of interventions: planned short stay/brief admission vs long stay or standard care; Types of outcome measures: grouped into short term (<3 months), medium term (3-6 months), long term (6 months-1 year), longer term (1-2 years or more); Primary outcomes: global state; Secondary outcomes: death, global state, mental state, leaving studies early, service outcomes, behaviour, user satisfaction, quality of life, self esteem, family burden, general functioning, economic outcomes", "rejection_reasons": "", "other_info": "GRADE approach used for interpreting findings; Summary of findings table includes specific long-term outcomes such as death, symptom change, readmission, premature discharge, delayed discharge, early study leaving, and employment status."}
[assistant] 抽取并记录信息: {"user_identity": "", "user_preference": "", "research_direction": "精神疾病患者住院时长（短期 vs 长期住院）", "filter_requirements": "随机对照试验；Cochrane Schizophrenia Group Trials Register、Biological Abstracts、EMBASE、MEDLINE、PsycLIT等数据库；时间范围从1966年到2007年；关键词包括short*, brief*, length*, admission*, hospital*等", "rejection_reasons": "", "other_info": "该搜索策略来自Cochrane系统评价，涉及精神分裂症患者住院时长的随机对照试验，包含多个附录详细描述了既往搜索方法、数据收集方法和简明语言摘要。"}
[assistant] 为 executor 提供背景信息，任务: 筛选相关论文
[coordinator] Metadata初筛完成: 3333 → 3061 篇
[assistant] 为 executor 提供背景信息，任务: 仅根据论文标题判断是否与研究方向相关，做保守筛选
[coordinator] Title筛选完成: 排除 3023 篇, 保留 38 篇
[assistant] 为 executor 提供背景信息，任务: 对论文进行详细筛选，根据摘要判断是否纳入
[executor] 轮次1筛选完成: 1 include, 37 exclude, 0 not sure
[assistant] 抽取并记录信息: {"user_identity": "", "user_preference": "", "research_direction": "", "filter_requirements": "", "rejection_reasons": "", "other_info": "用户对论文 'Shortening hospital stay for psychiatric care: effect on patients and their families' 感到满意，认为符合研究需求。"}
[simulated_user] 轮次1用户反馈: 1 满意, 0 不满意, 累计满意: 1/5
[assistant] 为 executor 提供背景信息，任务: 对论文进行详细筛选，根据摘要判断是否纳入
[assistant] 抽取并记录信息: {"user_identity": "", "user_preference": "", "research_direction": "", "filter_requirements": "", "rejection_reasons": "", "other_info": ""}
[assistant] 抽取并记录信息: {"user_identity": "", "user_preference": "", "research_direction": "Short stay/brief admission hospital care vs. long stay/standard in-patient care", "filter_requirements": "We searched the Cochrane Schizophrenia Group's register of trials, July 2007 and updated this search in May 2012. We included all randomised controlled trials comparing planned short/brief with long/standard hospital stays for people with serious mental illnesses.", "rejection_reasons": "", "other_info": "The effects of hospital care and the length of stay is important for mental health policy. We found limited low and very low quality data which were all over 30 years old."}
[assistant] 抽取并记录信息: {"user_identity": "", "user_preference": "", "research_direction": "精神分裂症相关治疗及结果", "filter_requirements": "近两年；纳入随机对照试验（RCT）；排除准确定义的quasi-RCT", "rejection_reasons": "", "other_info": "使用GRADE分析方法，生成摘要表格；使用GRADEPRO Profiler和RevMan进行数据分析"}
[assistant] 抽取并记录信息: {"user_identity": "", "user_preference": "", "research_direction": "Randomised controlled trials (RCT) with specific inclusion and exclusion criteria for schizophrenia-related studies", "filter_requirements": "Inclusion criteria: all randomised trials; quasi-randomised trials excluded unless used in a sensitivity analysis. Outcomes included: long-term follow-up, no clinically significant change, readmission rates, discharge delays, etc.", "rejection_reasons": "", "other_info": " GRADE approach and GRADEPRO tool were used for systematic review and meta-analysis; summary findings table provided with detailed outcomes including quality of evidence, intervention effects, and study endpoints."}
[assistant] 抽取并记录信息: {"user_identity": "patients with schizophrenia", "user_preference": "", "research_direction": "psychosis", "filter_requirements": "Cochrane Schizophrenia Group Trials Register (July 2007) using the phrase: [((short* or brief* or length*) in same field as (admission* or hospital*) in REFERENCE and (*hospitali*) in STUDY] and PsycLIT (January 1974 to May 1995) using the Cochrane Schizophrenia Group's phrase for both randomised controlled trials and schizophrenia combined with the phrase: [and ((short or brief) near (admission* or hospitali$ation*))] and EMBASE (January 1980 to May 1998) using the Cochrane Schizophrenia Group's phrase for both randomised controlled trials and schizophrenia combined with the phrase: [and ((short or brief) near (admission* or hospitali$ation*))] and MEDLINE (January 1966 to May 1998) using the Cochrane Schizophrenia Group's phrase for both randomised controlled trials and schizophrenia combined with the phrase: [and ((short or brief) near (admission* or hospitali$ation*))]", "rejection_reasons": "", "other_info": "Cochrane Schizophrenia Group Trials Register (July 2007), PsycLIT (January 1974 to May 1995), EMBASE (January 1980 to May 1998), MEDLINE (January 1966 to May 1998), search phrases: [((short* or brief* or length*) in same field as (admission* or hospital*) in REFERENCE and (*hospitali*) in STUDY) and ((short or brief) near (admission* or hospitali$ation*))], database searches conducted from 1966 to 2007, systematic review of studies comparing short (1 week to 21-28 days) vs long (90-120 days) hospital stays for schizophrenia patients"}
[assistant] 为 executor 提供背景信息，任务: 筛选相关论文
[assistant] 为 executor 提供背景信息，任务: 对论文进行详细筛选，根据摘要判断是否纳入
[executor] 轮次1筛选完成: 1 include, 0 exclude, 0 not sure
[assistant] 抽取并记录信息: {"user_identity": "", "user_preference": "", "research_direction": "Shortening hospital stay for psychiatric care", "filter_requirements": "近两年", "rejection_reasons": "", "other_info": ""}
[simulated_user] 轮次1用户反馈: 1 满意, 0 不满意, 累计满意: 1/5
[assistant] 为 executor 提供背景信息，任务: 对论文进行详细筛选，根据摘要判断是否纳入
[assistant] 抽取并记录信息: {"user_identity": "", "user_preference": "", "research_direction": "", "filter_requirements": "", "rejection_reasons": "", "other_info": ""}
[assistant] 抽取并记录信息: {"user_identity": "", "user_preference": "", "research_direction": "Short-term vs. standard hospital care for serious mental illness", "filter_requirements": "From 2007 to May 2012", "rejection_reasons": "", "other_info": "The effects of hospital care and the length of stay is important for mental health policy. We found limited low and very low quality data which were all over 30 years old. Outcomes from these studies do suggest that a planned short-stay policy does not encourage a 'revolving door' pattern of admission and disjointed care for people with serious mental illness. More large, well-designed and reported trials are justified especially where a short-stay policy is not routine care."}
[assistant] 抽取并记录信息: {"user_identity": "", "user_preference": "", "research_direction": "", "filter_requirements": "Inclusion criteria: Randomised trials; Quasi-randomised trials excluded from main analysis but included in sensitivity analysis. Trials of people with schizophrenia, related disorders or severe/chronic mental disorders included. Exclusions based on definitions tested in Objectives. Outcomes grouped into short term (less than three months), medium term (three to six months), long term (six months to one year), and longer term (one to two years or more from admission date).", "rejection_reasons": "", "other_info": ""}
[assistant] 抽取并记录信息: {"user_identity": "其他", "user_preference": "", "research_direction": "Schizophrenia studies", "filter_requirements": "近两年；排除随机对照试验（RCCT）；长期随访数据", "rejection_reasons": "", "other_info": "纳入标准：所有随机化试验，排除 quasi‐randomized 试验。使用 GRADE 方法和 GRADEPRO 分析。筛选要求包括时间范围、关键词、排除标准等。研究结果的分析方法：GRADE 和 GRADEPRO。"}
[assistant] 抽取并记录信息: {"user_identity": "", "user_preference": "高质量、系统化的研究", "research_direction": "精神分裂症", "filter_requirements": "近两年", "rejection_reasons": "", "other_info": ""}
[assistant] 为 executor 提供背景信息，任务: 筛选相关论文
[assistant] 为 executor 提供背景信息，任务: 对论文进行详细筛选，根据摘要判断是否纳入
[executor] 轮次1筛选完成: 1 include, 0 exclude, 0 not sure
[assistant] 抽取并记录信息: {"user_identity": "", "user_preference": "", "research_direction": "", "filter_requirements": "", "rejection_reasons": "", "other_info": "用户对论文 'Shortening hospital stay for psychiatric care: effect on patients and their families' 感到满意，认为该论文符合研究需求。"}
[simulated_user] 轮次1用户反馈: 1 满意, 0 不满意, 累计满意: 1/5
[assistant] 为 executor 提供背景信息，任务: 对论文进行详细筛选，根据摘要判断是否纳入
