[assistant] 抽取并记录信息: {"user_identity": "", "user_preference": "", "research_direction": "Non-invasive ventilation during exercise training for people with chronic obstructive pulmonary disease", "filter_requirements": "", "rejection_reasons": "", "other_info": ""}
[assistant] 抽取并记录信息: {"user_identity": "", "user_preference": "", "research_direction": "COPD患者运动训练中无创通气的效果", "filter_requirements": "随机对照试验，比较运动训练中无创通气与单独运动训练或假无创通气", "rejection_reasons": "", "other_info": "系统综述，发表于Cochrane，关注运动能力、健康相关生活质量和体力活动"}
[assistant] 抽取并记录信息: {"user_identity": "", "user_preference": "", "research_direction": "非侵入性通气（NIV）在运动训练中的应用", "filter_requirements": "纳入标准：随机对照试验（RCTs），比较NIV联合运动训练与单独运动训练或假NIV联合运动训练；随机交叉试验；研究对象为稳定期COPD患者（过去一个月无急性加重史），FEV1/FVC < 70%且FEV1 < 80%预计值（GOLD II至IV期）；干预组在监督运动训练期间使用NIV（双水平、吸气压力支持或比例辅助通气）通过面罩或口器；对照组进行运动训练伴或不伴假NIV；训练包括下肢和/或上肢耐力训练，持续至少4周，每周至少2次监督训练；补充氧气或夜间NIV需两组均使用。排除标准：准RCTs（如交替随机化）；研究对象包括非COPD呼吸疾病、神经肌肉疾病、限制性胸廓疾病、严重心衰或心脏病且COPD数据无法单独分析；使用持续气道正压通气（CPAP）作为主动治疗；结局指标包括运动能力、健康相关生活质量、体力活动、训练强度、生理变化、呼吸困难、退出、不良事件、成本。", "rejection_reasons": "", "other_info": ""}
[assistant] 抽取并记录信息: {"user_identity": "", "user_preference": "", "research_direction": "NIV during exercise training in stable COPD", "filter_requirements": "RCTs or randomised cross-over trials; participants with stable COPD (GOLD II-IV); intervention: NIV during supervised exercise training; control: exercise training with/without sham NIV; training ≥4 weeks, ≥2 sessions/week; exclude quasi-RCTs, non-COPD respiratory disease, neuromuscular disease, restrictive thoracic disorder, significant cardiac failure/disease, CPAP as active treatment", "rejection_reasons": "", "other_info": ""}
[assistant] 抽取并记录信息: {"user_identity": "", "user_preference": "", "research_direction": "非侵入性通气（NIV）与运动训练在慢性阻塞性肺疾病（COPD）患者中的应用", "filter_requirements": "随机对照试验（RCT）", "rejection_reasons": "", "other_info": ""}
[assistant] 为 executor 提供背景信息，任务: 筛选相关论文
[coordinator] Metadata初筛完成: 3333 → 3061 篇
[assistant] 为 executor 提供背景信息，任务: 仅根据论文标题判断是否与研究方向相关，做保守筛选
[coordinator] Title筛选完成: 排除 3041 篇, 保留 20 篇
[assistant] 为 executor 提供背景信息，任务: 对论文进行详细筛选，根据摘要判断是否纳入
[executor] 轮次1筛选完成: 4 include, 4 exclude, 2 not sure
[assistant] 抽取并记录信息: {"user_identity": "", "user_preference": "", "research_direction": "", "filter_requirements": "", "rejection_reasons": "", "other_info": "用户对论文 'Proportional assist ventilation as an aid to exercise training in severe chronic obstructive pulmonary disease' 感到满意，认为符合研究需求。"}
[assistant] 抽取并记录信息: {"user_identity": "", "user_preference": "", "research_direction": "", "filter_requirements": "", "rejection_reasons": "", "other_info": "用户对论文 'THE IMPACT OF NONINVASIVE VENTILATION DURING THE PHYSICAL TRAINING IN PATIENTS WITH MODERATE-TO-SEVERE CHRONIC OBSTRUCTIVE PULMONARY DISEASE (COPD)' 感到满意，认为该论文符合研究需求。"}
[assistant] 抽取并记录信息: {"user_identity": "", "user_preference": "", "research_direction": "", "filter_requirements": "", "rejection_reasons": "", "other_info": "用户对论文 'Training with inspiratory pressure support in patients with severe COPD' 感到满意，认为符合研究需求。"}
[assistant] 抽取并记录信息: {"user_identity": "", "user_preference": "", "research_direction": "", "filter_requirements": "", "rejection_reasons": "Not exercise training", "other_info": ""}
[assistant] 抽取并记录信息: {"user_identity": "", "user_preference": "", "research_direction": "", "filter_requirements": "", "rejection_reasons": "Not an RCT", "other_info": ""}
[simulated_user] 轮次1用户反馈: 3 满意, 2 不满意, 累计满意: 3/5
[assistant] 为 executor 提供背景信息，任务: 对论文进行详细筛选，根据摘要判断是否纳入
[executor] 轮次2筛选完成: 6 include, 3 exclude, 1 not sure
[assistant] 抽取并记录信息: {"user_identity": "", "user_preference": "", "research_direction": "", "filter_requirements": "", "rejection_reasons": "Not exercise training", "other_info": ""}
[assistant] 抽取并记录信息: {"user_identity": "", "user_preference": "", "research_direction": "", "filter_requirements": "", "rejection_reasons": "Not exercise training", "other_info": ""}
[assistant] 抽取并记录信息: {"user_identity": "", "user_preference": "", "research_direction": "", "filter_requirements": "", "rejection_reasons": "Not exercise training", "other_info": ""}
[assistant] 抽取并记录信息: {"user_identity": "", "user_preference": "", "research_direction": "", "filter_requirements": "", "rejection_reasons": "Not exercise training", "other_info": ""}
[assistant] 抽取并记录信息: {"user_identity": "", "user_preference": "", "research_direction": "", "filter_requirements": "", "rejection_reasons": "Not exercise training", "other_info": ""}
[assistant] 抽取并记录信息: {"user_identity": "", "user_preference": "", "research_direction": "", "filter_requirements": "", "rejection_reasons": "Not exercise training", "other_info": ""}
[simulated_user] 轮次2用户反馈: 0 满意, 6 不满意, 累计满意: 3/5
[assistant] 为 executor 提供背景信息，任务: 对论文进行详细筛选，根据摘要判断是否纳入
[assistant] 为 executor 提供背景信息，任务: 对论文进行详细筛选，根据摘要判断是否纳入
[assistant] 抽取并记录信息: {"user_identity": "", "user_preference": "", "research_direction": "Non-invasive ventilation during exercise training for chronic obstructive pulmonary disease", "filter_requirements": "", "rejection_reasons": "", "other_info": ""}
[assistant] 抽取并记录信息: {"user_identity": "", "user_preference": "", "research_direction": "Non-invasive ventilation (NIV) during exercise training for chronic obstructive pulmonary disease (COPD)", "filter_requirements": "", "rejection_reasons": "", "other_info": "The review explores the impact of NIV on exercise capacity, HRQL, and physical activity in COPD patients compared to standard exercise training."}
[assistant] 抽取并记录信息: {"user_identity": "", "user_preference": "", "research_direction": "NIRV 在运动训练中的疗效对比", "filter_requirements": "近两年；随机化对照试验（RCTs）；随机交叉对照试验（随机化交叉对照研究）；quasi-RCTs（如交替随机化）除外。纳入稳定 COPD 患者，定义为过去一个月无加重病史，FEV1/FVC <70%且 FEV1 <80%预测值的个体（GOLD 阶段 II-IV）。排除非-COPD 呼吸系统疾病、伴随神经肌肉疾病、胸腔受限性疾病、显著心力衰竭或心病。干预措施：NIRV（包括双级压力支持和比例辅助通气）通过面罩或口咽管在所有受监督运动训练中实施；对照组为受监督运动训练，含无创氧或 NIV。研究需包含下肢或上肢耐力运动，持续四周及以上，每周至少两次受监督训练。连续正压通气作为治疗的干预措施除外。", "rejection_reasons": "", "other_info": "研究指标包括运动能力（最大运动能力、持续运动能力、功能运动能力）、生活质量（疾病-specific或通用 HRQL 工具测量）、心率（如 MET、步数等）、呼吸困难评分（如 Borg 分、 visualize analogue scale）、流失情况、不良事件、成本。"}
[assistant] 抽取并记录信息: {"user_identity": "", "user_preference": "", "research_direction": "NIV在运动训练中的应用效果", "filter_requirements": {"Types of studies": "We included in this review randomised controlled trials (RCTs) comparing NIV during exercise training versus exercise training alone, or exercise training with sham NIV (control group). Randomised cross‐over trials were also considered for inclusion. Quasi‐RCTs, for example, those with alternate randomisation, were excluded.", "Types of participants": "We considered studies with participants with stable COPD for inclusion. Participants were considered to be stable if no history of an exacerbation was reported over the past month (Rabe 2007). The definition of COPD was based on: a clinical diagnosis of COPD; and a best recorded ratio of forced expiratory volume during one second (FEV1) over forced vital capacity (FVC) < 70% and a best recorded FEV1 < 80% predicted for individual study participants (equivalent to GOLD stage II to IV) (GOLD 2013). We excluded studies that included participants with non‐COPD respiratory disease or participants with concomitant neuromuscular disease, a restrictive thoracic disorder, significant cardiac failure or cardiac disease if data from participants with COPD could not be analysed separately.", "Inclusion": "The intervention for the active group consisted of the application of NIV (including bilevel, inspiratory pressure support and proportional assist ventilation) delivered via a mask or mouthpiece during all supervised exercise training sessions. The intervention for the control group was exercise training with or without sham NIV during all supervised exercise training sessions. Studies that involved the delivery of supplemental oxygen during exercise training in one group (e.g. exercise training with NIV and supplemental oxygen) were included provided that supplemental oxygen was also delivered to the alternative group (e.g. exercise training with supplemental oxygen). Similarly, studies that involved the use of nocturnal NIV were included only if both the actively treated group and the control group received nocturnal NIV. Training had to include lower limb and/or upper limb endurance exercise and had to comprise four or more weeks with a minimum of two supervised sessions per week.", "Exclusion": "Studies that used continuous positive airway pressure as the active treatment during exercise training were excluded.", "Types of interventions": "The intervention for the active group consisted of the application of NIV (including bilevel, inspiratory pressure support and proportional assist ventilation) delivered via a mask or mouthpiece during all supervised exercise training sessions. The intervention for the control group was exercise training with or without sham NIV during all supervised exercise training sessions. Studies that involved the delivery of supplemental oxygen during exercise training in one group (e.g. exercise training with NIV and supplemental oxygen) were included provided that supplemental oxygen was also delivered to the alternative group (e.g. exercise training with supplemental oxygen). Similarly, studies that involved the use of nocturnal NIV were included only if both the actively treated group and the control group received nocturnal NIV. Training had to include lower limb and/or upper limb endurance exercise and had to comprise four or more weeks with a minimum of two supervised sessions per week. Studies that used continuous positive airway pressure as the active treatment during exercise training were excluded.", "Types of outcome measures": "Exercise capacity (defined as peak exercise capacity, constant work rate (endurance) exercise capacity or functional exercise capacity measured post exercise training, without NIV). Health‐related quality of life (measured using disease‐specific or generic HRQL instruments). Physical activity: direct measurement (e.g. metabolic equivalents (METS), step count). Exercise capacity (defined as peak exercise capacity, constant work rate (endurance) exercise capacity or functional exercise capacity measured post exercise training, without NIV). Health‐related quality of life (measured using disease‐specific or generic HRQL instruments). Physical activity: direct measurement (e.g. metabolic equivalents (METS), step count). Training intensity (e.g. peak training intensity, final session training intensity). Physiological changes related to exercise training (e.g. blood lactate levels, minute ventilation). Dyspnoea (e.g. Borg score, visual analogue scale score). Dropouts. Adverse events. Cost. Training intensity (e.g. peak training intensity, final session training intensity). Physiological changes related to exercise training (e.g. blood lactate levels, minute ventilation). Dyspnoea (e.g. Borg score, visual analogue scale score). Dropouts. Adverse events. Cost.", "Primary outcomes": "Exercise capacity (defined as peak exercise capacity, constant work rate (endurance) exercise capacity or functional exercise capacity measured post exercise training, without NIV). Health‐related quality of life (measured using disease‐specific or generic HRQL instruments). Physical activity: direct measurement (e.g. metabolic equivalents (METS), step count).", "Secondary outcomes": "Training intensity (e.g. peak training intensity, final session training intensity). Physiological changes related to exercise training (e.g. blood lactate levels, minute ventilation). Dyspnoea (e.g. Borg score, visual analogue scale score). Dropouts. Adverse events. Cost."}, "user_rejection_reasons": "", "other_info": ""}
[assistant] 抽取并记录信息: {"用户身份与背景": "", "用户偏好": "", "研究方向": {"具体研究主题或领域": ["COPD", "NIV", "Pulmonary disease, chronic obstructive"]}, "论文筛选要求": {"时间范围": ["6 weeks", "8 weeks", "12 weeks"], "关键词": ["Randomized controlled trial", "Controlled clinical trial", "Positive pressure respiration", "Respiration, artificial", "Pulmonary disease, chronic obstructive"], "排除标准": []}, "用户拒绝论文原因": "", "其他有用信息": ""}
[assistant] 为 executor 提供背景信息，任务: 筛选相关论文
[assistant] 为 executor 提供背景信息，任务: 对论文进行详细筛选，根据摘要判断是否纳入
[executor] 轮次1筛选完成: 5 include, 4 exclude, 1 not sure
[assistant] 抽取并记录信息: {"user_identity": "", "user_preference": "", "research_direction": "Proportional assist ventilation as an aid to exercise training in severe chronic obstructive pulmonary disease", "filter_requirements": "", "rejection_reasons": "", "other_info": "用户对论文 'Proportional assist ventilation as an aid to exercise training in severe chronic obstructive pulmonary disease' 感到满意，认为该论文符合研究需求。"}
[assistant] 抽取并记录信息: {"user_identity": "", "user_preference": "", "research_direction": "Training with inspiratory pressure support in patients with severe COPD", "filter_requirements": "", "rejection_reasons": "", "other_info": "论文标题为'Training with inspiratory pressure support in patients with severe COPD'，主题是关于严重COPD患者吸气压力辅助训练的研究。"}
[assistant] 抽取并记录信息: {"user_identity": "", "user_preference": "", "research_direction": "Effects of proportional assist ventilation on exercise tolerance in COPD patients with chronic hypercapnia", "filter_requirements": "Not exercise training", "rejection_reasons": "Not exercise training", "other_info": ""}
[assistant] 抽取并记录信息: {"user_identity": "", "user_preference": "", "research_direction": "COPD", "filter_requirements": "", "rejection_reasons": "Not exercise training", "other_info": ""}
[assistant] 抽取并记录信息: {"user_identity": "医生", "user_preference": "", "research_direction": "运动训练与肺部健康的关系", "filter_requirements": "", "rejection_reasons": "Not COPD", "other_info": ""}
[assistant] 抽取并记录信息: {"user_identity": "", "user_preference": "", "research_direction": "", "filter_requirements": "Not an RCT", "rejection_reasons": "Not an RCT", "other_info": ""}
[simulated_user] 轮次1用户反馈: 2 满意, 4 不满意, 累计满意: 2/5
[assistant] 为 executor 提供背景信息，任务: 对论文进行详细筛选，根据摘要判断是否纳入
[executor] 轮次2筛选完成: 5 include, 3 exclude, 2 not sure
[assistant] 抽取并记录信息: {"user_identity": "", "user_preference": "", "research_direction": "INFLUENCE OF NONINVASIVE VENTILATION BY BIPAP ® ON EXERCISE TOLERANCE AND RESPIRATORY MUSCLE STRENGTH IN CHRONIC OBSTRUCTIVE PULMONARY DISEASE PATIENTS (COPD)", "filter_requirements": "Not an RCT", "rejection_reasons": "Not an RCT", "other_info": ""}
[assistant] 抽取并记录信息: {"user_identity": "", "user_preference": "", "research_direction": "COPD", "filter_requirements": "", "rejection_reasons": "Not exercise training", "other_info": ""}
[assistant] 抽取并记录信息: {"user_identity": "", "user_preference": "", "research_direction": "Two-year home-based nocturnal noninvasive ventilation added to rehabilitation in chronic obstructive pulmonary disease patients: A randomized controlled trial", "filter_requirements": "", "rejection_reasons": "Not NIV during exercise", "other_info": ""}
[assistant] 抽取并记录信息: {"user_identity": "", "user_preference": "", "research_direction": "Effect of inspiratory pressure support on exercise tolerance and breathlessness in patients with severe stable chronic obstructive pulmonary disease", "filter_requirements": "", "rejection_reasons": "Not exercise training", "other_info": ""}
[assistant] 抽取并记录信息: {"user_identity": "", "user_preference": "", "research_direction": "Respiratory muscle activity in COPD patients", "filter_requirements": "", "rejection_reasons": "Not exercise training", "other_info": ""}
[assistant] 抽取并记录信息: {"user_identity": "", "user_preference": "", "research_direction": "COPD高碳酸血症患者非侵入式通气康复治疗", "filter_requirements": "Exclude papers where NIV is not mentioned during exercise", "rejection_reasons": "Not NIV during exercise", "other_info": ""}
[assistant] 抽取并记录信息: {"user_identity": "", "user_preference": "", "research_direction": "COPD患者在锻炼中使用呼气正压通气装置的效果", "filter_requirements": "Not an RCT", "rejection_reasons": "Not an RCT", "other_info": ""}
[simulated_user] 轮次2用户反馈: 0 满意, 7 不满意, 累计满意: 2/5
[assistant] 为 executor 提供背景信息，任务: 对论文进行详细筛选，根据摘要判断是否纳入
[executor] 轮次3筛选完成: 5 include, 0 exclude, 0 not sure
[assistant] 抽取并记录信息: {"user_identity": "", "user_preference": "", "research_direction": "医学", "filter_requirements": "排除标准: Not an RCT", "rejection_reasons": "Not an RCT", "other_info": ""}
[assistant] 抽取并记录信息: {"user_identity": "学术背景", "user_preference": "", "research_direction": "Inspiratory pressure support prolongs exercise induced lactataemia in severe COPD", "filter_requirements": "", "rejection_reasons": "Not exercise training", "other_info": ""}
[assistant] 抽取并记录信息: {"user_identity": "", "user_preference": "", "research_direction": "呼吸医学/肺部健康", "filter_requirements": "", "rejection_reasons": "Not exercise training", "other_info": ""}
[assistant] 抽取并记录信息: {"user_identity": "", "user_preference": "", "research_direction": "Chronic obstructive pulmonary disease (COPD) patient exercise response", "filter_requirements": "Exclude papers not involving exercise training", "rejection_reasons": "Not exercise training", "other_info": ""}
[assistant] 抽取并记录信息: {"user_identity": "", "user_preference": "", "research_direction": "Pulmonary Rehabilitation", "filter_requirements": "Not an RCT", "rejection_reasons": "Not an RCT", "other_info": ""}
[simulated_user] 轮次3用户反馈: 0 满意, 5 不满意, 累计满意: 2/5
[assistant] 为 executor 提供背景信息，任务: 对论文进行详细筛选，根据摘要判断是否纳入
[assistant] 为 executor 提供背景信息，任务: 对论文进行详细筛选，根据摘要判断是否纳入
