[assistant] 抽取并记录信息: {"user_identity": "", "user_preference": "", "research_direction": "Rituximab for rheumatoid arthritis", "filter_requirements": "", "rejection_reasons": "", "other_info": ""}
[assistant] 抽取并记录信息: {"user_identity": "", "user_preference": "", "research_direction": "Intervention", "filter_requirements": "", "rejection_reasons": "", "other_info": ""}
[assistant] 抽取并记录信息: {"user_identity": "", "user_preference": "", "research_direction": "类风湿关节炎（RA）的利妥昔单抗治疗", "filter_requirements": "随机对照试验（RCT）或对照临床试验（CCT）；比较利妥昔单抗联合任何DMARD或利妥昔单抗单药与安慰剂、其他DMARD或任何生物制剂；试验最短持续4个月；患者年龄≥18岁，符合ACR 1987修订标准，活动性疾病；报告利妥昔单抗单药或联合任何DMARD（传统或生物）与安慰剂或其他DMARD（传统或生物）的疗效或安全性；优先报告利妥昔单抗（两次1000 mg剂量）联合甲氨蝶呤；额外数据包括利妥昔单抗单药 vs 甲氨蝶呤单药、利妥昔单抗（两次500 mg剂量）联合甲氨蝶呤 vs 甲氨蝶呤、利妥昔单抗（两次1000 mg剂量）联合环磷酰胺 vs 利妥昔单抗单药、利妥昔单抗联合甲氨蝶呤和TNF抑制剂 vs 甲氨蝶呤联合TNF抑制剂；主要疗效结局包括ACR 50反应、疾病缓解（DAS<2.6）、功能状态（HAQ）、放射学进展（至少6个月）、健康相关生活质量（SF-36）、因不良事件退出、严重不良事件；次要结局包括ACR 20/70、EULAR反应标准、ACR核心组份、患者报告结局、退出、不良事件", "rejection_reasons": "", "other_info": ""}
[assistant] 抽取并记录信息: {"user_identity": "", "user_preference": "", "research_direction": "类风湿关节炎（RA）的利妥昔单抗治疗", "filter_requirements": "随机对照试验或对照临床试验，试验持续时间至少四个月，患者年龄≥18岁，符合ACR 1987修订标准，活动性疾病", "rejection_reasons": "", "other_info": "主要结局包括ACR 50反应、疾病缓解（DAS<2.6）、功能状态（HAQ）、影像学进展（≥6个月研究）、生活质量（SF-36）、因不良事件退出、严重不良事件；次要结局包括ACR 20/70、EULAR反应标准、ACR核心组分量表、患者报告结局、退出原因、不良事件"}
[assistant] 抽取并记录信息: {"user_identity": "", "user_preference": "", "research_direction": "类风湿关节炎的利妥昔单抗治疗", "filter_requirements": "随机对照试验、临床试验、人类研究", "rejection_reasons": "", "other_info": "搜索策略覆盖MEDLINE、EMBASE、CINAHL、Cochrane Library和Web of Science数据库，使用MeSH词和自由词组合，并应用了研究类型和动物排除过滤器。"}
[assistant] 为 executor 提供背景信息，任务: 筛选相关论文
[coordinator] Metadata初筛完成: 3333 → 3061 篇
[assistant] 为 executor 提供背景信息，任务: 仅根据论文标题判断是否与研究方向相关，做保守筛选
[coordinator] Title筛选完成: 排除 3053 篇, 保留 8 篇
[assistant] 为 executor 提供背景信息，任务: 对论文进行详细筛选，根据摘要判断是否纳入
[executor] 轮次1筛选完成: 4 include, 3 exclude, 1 not sure
[assistant] 抽取并记录信息: {"user_identity": "", "user_preference": "", "research_direction": "", "filter_requirements": "", "rejection_reasons": "", "other_info": "用户对论文 'Efficacy and safety of various repeat treatment dosing regimens of rituximab in patients with active rheumatoid arthritis: results of a Phase III randomized study (MIRROR)' 感到满意，认为符合研究需求。"}
[assistant] 抽取并记录信息: {"user_identity": "", "user_preference": "", "research_direction": "", "filter_requirements": "", "rejection_reasons": "", "other_info": "用户对论文 'Sustained inhibition of progressive joint damage with rituximab plus methotrexate in early active rheumatoid arthritis: 2-year results from the randomised controlled trial IMAGE' 感到满意，认为符合研究需求。"}
[assistant] 抽取并记录信息: {"user_identity": "", "user_preference": "", "research_direction": "", "filter_requirements": "", "rejection_reasons": "", "other_info": "用户对论文 'Inhibition of joint damage and improved clinical outcomes with rituximab plus methotrexate in early active rheumatoid arthritis: the IMAGE trial' 感到满意，认为该论文符合研究需求。"}
[assistant] 抽取并记录信息: {"user_identity": "", "user_preference": "", "research_direction": "", "filter_requirements": "", "rejection_reasons": "The RESET trial assessed safety and efficacy of rituximab in patients with RA that were taking stable doses of methotrexate and failed tumour necrosis factor (TNF) inhibitors. This was an open‐label; multicentre trial with 120 patients receiving the first course of rituximab (2 x 1000 mg) then from this group, 77 patients received re‐treatment with rituximab (2 x 1000 mg) between weeks 24 and 48 with a total of 72 patients that received rituximab re‐treatment completing the 24 week second course of treatment period, 112 patients completing the 24 week primary treatment period and 25 patients completing the 48 week primary treatment period. Analysis preformed after 24 weeks showed that 58%, 27% and 7% of patients achieved an ACR 20, 50 and 70 improvements respectively. During the primary treatment the amount of patients with a decrease in at least 0.25 in the HAQ‐DI score was 56.7% after 24 weeks of the first course of rituximab and 64.9% after 24 weeks of re‐treatment. No infections or infusion reactions were found life‐threatening during treatment courses.", "other_info": ""}
[assistant] 抽取并记录信息: {"user_identity": "", "user_preference": "", "research_direction": "", "filter_requirements": "", "rejection_reasons": "", "other_info": "用户对论文 'Rituximab inhibits structural joint damage in patients with rheumatoid arthritis with an inadequate response to tumour necrosis factor inhibitor therapies' 感到满意，认为符合研究需求。"}
[simulated_user] 轮次1用户反馈: 4 满意, 1 不满意, 累计满意: 4/5
[assistant] 为 executor 提供背景信息，任务: 对论文进行详细筛选，根据摘要判断是否纳入
[assistant] 为 executor 提供背景信息，任务: 对论文进行详细筛选，根据摘要判断是否纳入
[assistant] 抽取并记录信息: {"user_identity": "", "user_preference": "", "research_direction": "类风湿性关节炎治疗", "filter_requirements": "", "rejection_reasons": "", "other_info": ""}
[assistant] 抽取并记录信息: {"user_identity": "", "user_preference": "", "research_direction": "Rituximab in Rheumatoid Arthritis (RA)", "filter_requirements": "Search methods: Electronic databases (The Cochrane Library, MEDLINE, EMBASE, CINAHL, Web of Science), clinical trials registries, and websites of regulatory agencies. Reference lists from comprehensive reviews were also screened.", "rejection_reasons": "", "other_info": "The study included eight studies with 2720 patients. The RR for ACR50 at 24 weeks was 3.3 (95% CI 2.3 to 4.6); 29% of patients achieved ACR50 compared to 9% in controls, with an ATB of 21% and NNT of 6. The RR for clinical remission at 52 weeks was 2.4 (95% CI 1.7 to 3.5); 22% of patients achieved remission compared to 11% in controls, with an ATB of 11% and NNT of 7. The RR for CMI in HAQ at 24 weeks was 1.6 (95% CI 1.2 to 2.1); 24% improvement compared to controls, with an NNT of 5. Similar benefits were observed at later time points. Statistically significantly more patients achieved CMI on the SF-36 physical and mental components in the treatment group compared to controls (RR 2.0; NNT 4) and (RR 1.4; NNT 8). There was no significant difference in adverse event rates between groups, but the control group had a higher withdrawal rate (RR 0.40-0.58; ARD -20%, NNH 7)."}
[assistant] 抽取并记录信息: {"user_identity": "", "user_preference": "", "research_direction": "Rituximab与DMARD药物的组合治疗", "filter_requirements": "RCTs或CCTs比较rituximab在与其他DMARD或单独使用rituximab于安慰剂或其他生物药物之间效果的研究，试验持续时间至少4个月。患者需满足ACR 1987修订标准且病情活动度符合研究定义。", "rejection_reasons": "", "other_info": ""}
[assistant] 抽取并记录信息: {"user_identity": "", "user_preference": "", "research_direction": "Rituximab in combination with DMARDs or alone versus placebo, other DMARDs, or biologic agents for a minimum trial duration of four months", "filter_requirements": "All randomised controlled trials (RCTs) (CCTs) comparing rituximab in combination with any DMARD or rituximab alone versus placebo, other DMARDs, or any biologic agent for a minimum trial duration of four months. RCTs with patients on concomitant therapy including stable doses of corticosteroids or non-steroidal anti-inflammatory drugs were accepted.", "rejection_reasons": "", "other_info": ""}
[assistant] 抽取并记录信息: {"user_identity": "", "user_preference": "", "research_direction": "Arthritis, Rheumatoid; Felty$ adj2 syndrome; Caplan$ adj2 syndrome; Rheumatoid nodule; SJogren$ adj2 syndrome; SiccA$ adj2 syndrome; Still$ disease; Bechterew$ disease; Arthritis near/2 rheumat*", "filter_requirements": "MeSH descriptors: Antibodies, Monoclonal; Immunologic Factors; Rituximab, Rituxan, Mabthera; Trial* or Random* or Placebo* or Double or Treble or Blown* or Prospective* or Volunteer* or Comparative or Evaluation or Follow-up. Database: MEDLINE, EB bASE, CINAHL, The Cochrane Library", "rejection_reasons": "", "other_info": "MEDLINE, EB bASE, CINAHL, The Cochrane Library"}
[assistant] 为 executor 提供背景信息，任务: 筛选相关论文
[assistant] 为 executor 提供背景信息，任务: 对论文进行详细筛选，根据摘要判断是否纳入
[executor] 轮次1筛选完成: 6 include, 2 exclude, 0 not sure
[assistant] 抽取并记录信息: {"user_identity": "", "user_preference": "", "research_direction": "", "filter_requirements": "", "rejection_reasons": "", "other_info": ""}
[assistant] 抽取并记录信息: {"user_identity": "", "user_preference": "", "research_direction": "药物临床试验", "filter_requirements": "", "rejection_reasons": "", "other_info": ""}
[assistant] 抽取并记录信息: {"user_identity": "", "user_preference": "", "research_direction": "类风湿性关节炎", "filter_requirements": "", "rejection_reasons": "", "other_info": ""}
[assistant] 抽取并记录信息: {"user_identity": "", "user_preference": "", "research_direction": "early active rheumatoid arthritis", "filter_requirements": "", "rejection_reasons": "", "other_info": "Inhibition of joint damage and improved clinical outcomes with rituximab plus methotrexate in early active rheumatoid arthritis: the IMAGE trial"}
[assistant] 抽取并记录信息: {"user_identity": "", "user_preference": "", "research_direction": "Safety and Effectiveness of Rituximab in Patients with Rheumatoid Arthritis Following an Inadequate Response to 1 Prior Tumor Necrosis Factor Inhibitor", "filter_requirements": "", "rejection_reasons": "The RESET trial assessed safety and efficacy of rituximab in patients with RA that were taking stable doses of methotrexate and failed tumour necrosis factor (TNF) inhibitors.", "other_info": "Analysis preformed after 24 weeks showed that 58%, 27% and 7% of patients achieved an ACR 20, 50 and 70 improvements respectively. During the primary treatment the amount of patients with a decrease in at least 0.25 in the HAQ-DI score was 56.7% after 24 weeks of the first course of rituximab and 64.9% after 24 weeks of re-treatment."}
[assistant] 抽取并记录信息: {"user_identity": "", "user_preference": "", "research_direction": "免疫治疗", "filter_requirements": "开放标签, 13患者, 24周随访", "rejection_reasons": "Open‐label study, 13 patients, 24 weeks of follow‐up", "other_info": ""}
[simulated_user] 轮次1用户反馈: 4 满意, 2 不满意, 累计满意: 4/5
[assistant] 为 executor 提供背景信息，任务: 对论文进行详细筛选，根据摘要判断是否纳入
[assistant] 为 executor 提供背景信息，任务: 对论文进行详细筛选，根据摘要判断是否纳入
