[assistant] 抽取并记录信息: {"user_identity": "", "user_preference": "", "research_direction": "weight-reducing drugs in people with hypertension", "filter_requirements": "", "rejection_reasons": "", "other_info": ""}
[assistant] 抽取并记录信息: {"user_identity": "", "user_preference": "", "research_direction": "高血压治疗中的抗肥胖药物效果", "filter_requirements": "随机对照试验，至少24周，比较长效减肥药物与安慰剂", "rejection_reasons": "", "other_info": "系统综述更新至2020年3月，纳入6项试验（12724名参与者），涉及奥利司他、芬特明/托吡酯、纳曲酮/安非他酮"}
[assistant] 抽取并记录信息: {"user_identity": "", "user_preference": "", "research_direction": "长期体重管理的药物治疗", "filter_requirements": "随机对照试验，比较经批准的长期体重管理药物与安慰剂，随访至少24周，研究对象为18岁及以上患有原发性高血压的男性和非妊娠女性，单药治疗（奥利司他、芬特明/托吡酯、洛卡色林、纳曲酮/安非他酮、利拉鲁肽）", "rejection_reasons": "", "other_info": "排除标准：随访少于24周的研究，未对治疗组和对照组同时应用额外积极治疗（如抗高血压药物）的研究，以及未报告死亡率、心血管结局、不良事件或血压等结局的研究"}
[assistant] 抽取并记录信息: {"user_identity": "", "user_preference": "", "research_direction": "长期体重管理的药物干预对高血压患者的影响", "filter_requirements": "随机对照试验，随访至少24周，比较经批准的长期体重管理药物与安慰剂；参与者为18岁及以上患有原发性高血压的男性和非妊娠女性；干预措施为奥利司他、芬特明/托吡酯、洛卡色林、纳曲酮/安非他酮或利拉鲁肽的单药治疗；结局指标包括总死亡率、心血管发病率、不良事件、血压变化和体重变化", "rejection_reasons": "", "other_info": "该标准来自一篇系统综述或Meta分析，详细定义了研究类型、参与者、干预措施和结局指标"}
[assistant] 抽取并记录信息: {"user_identity": "", "user_preference": "", "research_direction": "", "filter_requirements": "", "rejection_reasons": "", "other_info": ""}
[assistant] 为 executor 提供背景信息，任务: 筛选相关论文
[coordinator] Metadata初筛完成: 3333 → 3061 篇
[assistant] 为 executor 提供背景信息，任务: 仅根据论文标题判断是否与研究方向相关，做保守筛选
[coordinator] Title筛选完成: 排除 3026 篇, 保留 35 篇
[assistant] 为 executor 提供背景信息，任务: 对论文进行详细筛选，根据摘要判断是否纳入
[executor] 轮次1筛选完成: 6 include, 13 exclude, 1 not sure
[assistant] 抽取并记录信息: {"user_identity": "", "user_preference": "", "research_direction": "", "filter_requirements": "", "rejection_reasons": "", "other_info": "用户对论文 'Effect of Naltrexone-Bupropion on Major Adverse Cardiovascular Events in Overweight and Obese Patients With Cardiovascular Risk Factors' 感到满意，认为符合研究需求。"}
[assistant] 抽取并记录信息: {"user_identity": "", "user_preference": "", "research_direction": "", "filter_requirements": "", "rejection_reasons": "", "other_info": "用户对论文 'XENical in the Prevention of Diabetes in Obese Subjects (XENDOS) Study' 感到满意，认为符合研究需求。"}
[assistant] 抽取并记录信息: {"user_identity": "", "user_preference": "", "research_direction": "", "filter_requirements": "", "rejection_reasons": "The study includes normotensive and hypertensive participants but reports no or insufficient results for the hypertensive subgroup", "other_info": ""}
[assistant] 抽取并记录信息: {"user_identity": "", "user_preference": "", "research_direction": "", "filter_requirements": "", "rejection_reasons": "The study includes normotensive and hypertensive participants but reports no or insufficient results for the hypertensive subgroup", "other_info": ""}
[assistant] 抽取并记录信息: {"user_identity": "", "user_preference": "", "research_direction": "", "filter_requirements": "", "rejection_reasons": "The study includes normotensive and hypertensive participants but reports no or insufficient results for the hypertensive subgroup", "other_info": ""}
[assistant] 抽取并记录信息: {"user_identity": "", "user_preference": "", "research_direction": "", "filter_requirements": "", "rejection_reasons": "The study includes normotensive and hypertensive participants but reports no or insufficient results for the hypertensive subgroup", "other_info": ""}
[assistant] 抽取并记录信息: {"user_identity": "", "user_preference": "", "research_direction": "", "filter_requirements": "", "rejection_reasons": "The study is not a randomised controlled trial", "other_info": ""}
[simulated_user] 轮次1用户反馈: 2 满意, 5 不满意, 累计满意: 2/5
[assistant] 为 executor 提供背景信息，任务: 对论文进行详细筛选，根据摘要判断是否纳入
[executor] 轮次2筛选完成: 0 include, 15 exclude, 0 not sure
[assistant] 为 executor 提供背景信息，任务: 对论文进行详细筛选，根据摘要判断是否纳入
[assistant] 抽取并记录信息: {"user_identity": "", "user_preference": "", "research_direction": "Long-term effects of weight-reducing drugs in people with hypertension", "filter_requirements": "", "rejection_reasons": "", "other_info": ""}
[assistant] 抽取并记录信息: {"user_identity": "", "user_preference": "", "research_direction": "药物诱导体重减轻对高血压患者血压和全因死亡的影响", "filter_requirements": "时间范围：至少24周；药物对比：长期体重减轻药物 vs 安慰剂；研究类型：随机对照试验", "rejection_reasons": "", "other_info": "研究中提到的三种药物及其效果：奥listat、phetirimate/topiramate和naltrexone/bupropion。"}
[assistant] 抽取并记录信息: {"user_identity": "", "user_preference": "", "research_direction": "药物用于长期体重管理", "filter_requirements": "随机对照试验（RCTs） comparing pharmacologic interventions approved for long‐weight management versus placebo, with a follow‐up of at least 24 weeks. The study design must meet the following criteria: all randomised controlled trials (RCTs) comparing pharmacologic interventions approved for long‐term weight management versus placebo, with a follow‐up of at least 24 weeks.", "rejection_reasons": "", "other_info": ""}
[assistant] 抽取并记录信息: {"user_identity": "", "user_preference": "", "research_direction": "药物研究：长期体重管理药物在高血压患者中的效果", "filter_requirements": {"study_design": "随机对照试验（RCT）", "participants": "18岁以上且非孕妇的男性和女性，有至少140 mmHg收缩压或90 mmHg舒张压 baseline", "interventions": "单药治疗：奥沙利特、氢氯噻嗪/对丙酰胺、利鲁唑、那替罗德/乙氧丙loses、林格列otide", "outcome_measures": "总死亡率、心血管并发症、不良事件（因不良事件而退出研究，因特定药物引起的不良事件）、体重变化", "primary_outcomes": "总死亡率、心血管并发症、因不良事件或特定药物引发的不良事件", "secondary_outcomes": "收缩压和舒张压的变化、体重变化"}, "rejection_reasons": "", "other_info": ""}
[assistant] 抽取并记录信息: {"other_info": "The data you've provided appears to be part of an academic or systematic review process related to obesity medications, specifically focusing on the inclusion criteria for studies included in the review. Below is a summary and analysis of the key components:\n\n---\n\n### **Key Components of the Data**\n\n1. **Inclusion Criteria**:\n   - The search strategy was designed to include studies that meet specific criteria related to obesity medications.\n   - Medications such as **orlistat**, **sibutramine**, **reductil**, **medaria**, **meridia**, and **arcalion** were included based on their use in treating obesity or related conditions.\n\n2. **Search Strategy Details**:\n   - The search strategy was outlined in multiple appendices, including details about the inclusion criteria for each study.\n   - Keywords used included \"hypertension,\" \"blood pressure,\" and specific drug names (e.g., orlistat, sibutramine, reductil).\n   - The search strategy also included terms like \"randomized controlled trials\" (\"RCT\") and \"placebo\" to ensure the inclusion of high-quality studies.\n\n3. **Trial Investigators' Responses**:\n   - Several trial investigators were contacted during the preparation of the review report (IQWiG 2006).\n   - Some investigators responded positively, while others did not provide data or indicated that their trials were not included in the final analysis.\n   - For example, Nissen and Lu provided some data, but CAMELLIA-TIMI did not.\n\n4. **Selection Bias Decisions**:\n   - This section discusses the risk of selection bias for studies reporting unadjusted analyses.\n   - It compares the risk of bias when using only method details versus when additional baseline information is included.\n   - Some studies had high, low, or unclear risks of selection bias based on baseline imbalances and other factors.\n\n5. **Authors' Responses**:\n   - Detailed notes about how trial investigators responded to requests for data were provided in \"Appendix 8.\"\n   - This includes whether the investigator provided data, requested additional information, or replied that no data was available.\n\n---\n\n### **Analysis**\n\n1. **Inclusion Criteria**:\n   - The inclusion criteria appear to be quite specific and focused on certain classes of drugs (e.g., orlistat, sibutramine) and conditions related to obesity.\n   - The search strategy appears to have been comprehensive in terms of including both randomized controlled trials (\"RCT\") and crossover studies.\n\n2. **Search Strategy**:\n   - The search strategy outlined in \"Appendix 1\" and \"Appendix 2\" includes multiple inclusion criteria, such as the use of specific drugs (e.g., orlistat) and conditions (e.g., obesity-related symptoms).\n   - The search terms also include methodological details like \"randomized controlled trials\" to ensure that only high-quality studies were included.\n\n3. **Trial Investigators' Responses**:\n   - The response rates varied among trial investigators.\n   - Some investigators provided data, while others did not respond or indicated their trials were excluded from the analysis.\n   - This suggests that the search strategy may have missed some studies, as some investigators did not provide data (e.g., CAMELLIA-TIMI).\n\n4. **Selection Bias**:\n   - The risk of selection bias was assessed based on baseline imbalances and other factors.\n   - Some studies had high risks of bias due to baseline imbalances, while others had low or unclear risks depending on the details provided.\n\n---\n\n### **Conclusion**\n\nThe data appears to be part of a systematic review process focused on identifying studies that meet specific inclusion criteria for obesity medications. The search strategy was thorough in terms of including methodological details and drugs of interest, but there may have been gaps due to some trial investigators not providing data or indicating their trials were excluded from the analysis.\n\nIf you need further assistance with extracting information, analyzing trends, or interpreting the results, feel free to ask!"}
[assistant] 为 executor 提供背景信息，任务: 筛选相关论文
[assistant] 为 executor 提供背景信息，任务: 对论文进行详细筛选，根据摘要判断是否纳入
[executor] 轮次1筛选完成: 5 include, 20 exclude, 5 not sure
[assistant] 抽取并记录信息: {"user_identity": "", "user_preference": "", "research_direction": "", "filter_requirements": "", "rejection_reasons": "The study does not include participants with essential hypertension", "other_info": ""}
[assistant] 抽取并记录信息: {"user_identity": "", "user_preference": "", "research_direction": "肥胖2型糖尿病患者管理", "filter_requirements": "排除高血压亚组结果不足", "rejection_reasons": "The study includes normotensive and hypertensive participants but reports no or insufficient results for the hypertensive subgroup", "other_info": ""}
[assistant] 抽取并记录信息: {"user_identity": "", "user_preference": "", "research_direction": "糖尿病药物治疗", "filter_requirements": "", "rejection_reasons": "The study includes normotensive and hypertensive participants but reports no or insufficient results for the hypertensive subgroup", "other_info": ""}
[assistant] 抽取并记录信息: {"user_identity": "", "user_preference": "", "research_direction": "Prognostic Value Of Platelet Count In Patients With Acute Exacerbation Of COPD", "filter_requirements": "Excludes studies with insufficient results for hypertensive subgroup", "rejection_reasons": "The study includes normotensive and hypertensive participants but reports no or insufficient results for the hypertensive subgroup", "other_info": ""}
[assistant] 抽取并记录信息: {"user_identity": "", "user_preference": "", "research_direction": "Prevention of Type 2 Diabetes in Subjects With Prediabetes and Metabolic Syndrome", "filter_requirements": "The study is not a randomised controlled trial", "rejection_reasons": "The study is not a randomised controlled trial", "other_info": ""}
[assistant] 抽取并记录信息: {"user_identity": "", "user_preference": "", "research_direction": "", "filter_requirements": "", "rejection_reasons": "", "other_info": ""}
[assistant] 抽取并记录信息: {"user_identity": "", "user_preference": "", "research_direction": "饮食控制药物与生活方式变化在肥胖患者预防2型糖尿病中的应用", "filter_requirements": "", "rejection_reasons": "", "other_info": ""}
[assistant] 抽取并记录信息: {"user_identity": "", "user_preference": "", "research_direction": "The efficacy and safety of the naltrexone/bupropion combination for the treatment of obesity: an update", "filter_requirements": "", "rejection_reasons": "The study is not a randomised controlled trial", "other_info": ""}
[assistant] 抽取并记录信息: {"user_identity": "", "user_preference": "", "research_direction": "糖尿病治疗相关领域", "filter_requirements": "排除高血压亚组结果", "rejection_reasons": "The study includes normotensive and hypertensive participants but reports no or insufficient results for the hypertensive subgroup", "other_info": ""}
[assistant] 抽取并记录信息: {"user_identity": "", "user_preference": "", "research_direction": "医学/健康领域", "filter_requirements": "", "rejection_reasons": "The study is not a randomised controlled trial", "other_info": ""}
[simulated_user] 轮次1用户反馈: 2 满意, 8 不满意, 累计满意: 2/5
[assistant] 为 executor 提供背景信息，任务: 对论文进行详细筛选，根据摘要判断是否纳入
[executor] 轮次2筛选完成: 0 include, 3 exclude, 1 not sure
[assistant] 为 executor 提供背景信息，任务: 对论文进行详细筛选，根据摘要判断是否纳入
