[assistant] 抽取并记录信息: {"user_identity": "", "user_preference": "", "research_direction": "Intraperitoneal chemotherapy for the initial management of primary epithelial ovarian cancer", "filter_requirements": "", "rejection_reasons": "", "other_info": ""}
[assistant] 抽取并记录信息: {"user_identity": "", "user_preference": "", "research_direction": "卵巢癌腹腔化疗与静脉化疗比较", "filter_requirements": "", "rejection_reasons": "", "other_info": "研究类型为干预性系统综述，关注卵巢癌腹腔化疗的疗效和安全性"}
[assistant] 抽取并记录信息: {"user_identity": "", "user_preference": "", "research_direction": "卵巢癌治疗", "filter_requirements": "仅纳入随机对照试验；新诊断的原发性上皮性卵巢癌患者（任何FIGO分期）；接受初次肿瘤细胞减灭术后；比较标准静脉化疗与含腹腔给药成分的化疗方案；排除放射性胶体、基因治疗、生物治疗、放射性同位素、血管生长因子、免疫调节药物、基质金属蛋白酶抑制剂、放射性标记单克隆抗体；结局指标包括无进展生存期、总生存期、不良事件、生活质量", "rejection_reasons": "", "other_info": ""}
[assistant] 抽取并记录信息: {"user_identity": "", "user_preference": "", "research_direction": "卵巢癌化疗（腹腔化疗与静脉化疗比较）", "filter_requirements": "仅限随机对照试验（RCT）；研究对象为原发性上皮性卵巢癌新诊断女性，任何FIGO分期，初次肿瘤细胞减灭术后；干预措施为标准化疗与含腹腔化疗方案的比较；排除放射性胶体、基因治疗、生物治疗、放射性同位素、血管生长因子、免疫调节药物、基质金属蛋白酶抑制剂、放射性标记单克隆抗体", "rejection_reasons": "", "other_info": "主要结局：无进展生存期（至复发时间）和总生存期（至死亡时间）；次要结局：不良事件和生活质量"}
[assistant] 抽取并记录信息: {"user_identity": "", "user_preference": "", "research_direction": "卵巢肿瘤的腹腔内化疗", "filter_requirements": "随机对照试验、临床对照试验", "rejection_reasons": "", "other_info": "该搜索策略包含MEDLINE、EMBASE和CENTRAL三个数据库的检索式，以及方法学差异和偏倚风险评估的附录。"}
[assistant] 为 executor 提供背景信息，任务: 筛选相关论文
[coordinator] Metadata初筛完成: 3333 → 3061 篇
[assistant] 为 executor 提供背景信息，任务: 仅根据论文标题判断是否与研究方向相关，做保守筛选
[coordinator] Title筛选完成: 排除 3058 篇, 保留 3 篇
[assistant] 为 executor 提供背景信息，任务: 对论文进行详细筛选，根据摘要判断是否纳入
[executor] 轮次1筛选完成: 0 include, 3 exclude, 0 not sure
[assistant] 为 executor 提供背景信息，任务: 对论文进行详细筛选，根据摘要判断是否纳入
[assistant] 抽取并记录信息: {"user_identity": "", "user_preference": "", "research_direction": "intraperitoneal chemotherapy for the initial management of primary epithelial ovarian cancer", "filter_requirements": "", "rejection_reasons": "", "other_info": ""}
[assistant] 抽取并记录信息: {"user_identity": "", "user_preference": "", "research_direction": "Intervention: Intraperitoneal Chemotherapy", "filter_requirements": "1951 to May 2011", "rejection_reasons": "", "other_info": "研究结论指出，增加化疗方案至腹腔可提高总体生存率和无进展生存率，并减少某些系统性副作用。未来研究应进一步探索剂量、时间及给药方式等细节。"}
[assistant] 抽取并记录信息: {"user_identity": "", "user_preference": "", "research_direction": "Ovarian cancer, chemotherapy drugs, immunotherapy", "filter_requirements": "Inclusion of RCTs regardless of co-morbidities; trials with specified randomization details included but considered low quality; focus on women with epithelial ovarian cancer following cytoreductive surgery; comparison of standard IV chemotherapy with chemotherapies including IP administration; excluded certain drugs and treatments such as radio colloids, gene therapy, biologic therapy, etc.", "rejection_reasons": "", "other_info": "Progression-free survival (time to recurrence), overall survival (time to death), adverse effects measured by validated scoring systems, QOL measured by validated scales for cancer care"}
[assistant] 抽取并记录信息: {"user_identity": "", "user_preference": "", "research_direction": "", "filter_requirements": "Types of studies: Only RCTs regardless of other co‐morbidity were considered for this review. Trials where the method of randomisation was not specified in detail were included but were considered of low quality (see Subgroup analysis and investigation of heterogeneity). Types of participants: Women with a new diagnosis of primary epithelial ovarian cancer, of any FIGO stage, following primary cytoreductive surgery. No age limit was applied. Types of interventions: Standard IV chemotherapy was compared with chemotherapy that included a component of IP administration. We accepted trials comparing regimes which included IP treatment with similar regimes that excluded IP treatment. Where interventions differed significantly between studies this was clearly stated and the implications were discussed. The review excluded the following: radio colloids; gene therapy; biologic therapy; radio‐isotopes; vascular growth factors; immunomodulating drugs; matrix metalloproteinase inhibitors; radiolabelled monoclonal antibodies. Types of outcome measures: Progression‐free survival (time to recurrence). Overall survival (time to death). Progression‐free survival (time to recurrence). Overall survival (time to death). The definitions used in the trials to describe what constitutes recurrence are noted in Characteristics of included studies where possible. Adverse effects as measured by any recognised and validated scoring system. It is acknowledged that the frequency of important long‐term adverse effects may not be adequately captured by information in (small) RCTs. QOL as measured by any scale recognised and validated for cancer care. Adverse effects as measured by any recognised and validated scoring system. It is acknowledged that the frequency of important long‐term adverse effects may not be adequately captured by information in (small) RCTs. QOL as measured by any scale recognised and validated for cancer care. Primary outcomes: Progression‐free survival (time to recurrence). Overall survival (time to death). The definitions used in the trials to describe what constitutes recurrence are noted in Characteristics of included studies where possible. Secondary outcomes: Adverse effects as measured by any recognised and validated scoring system. It is acknowledged that the frequency of important long‐term adverse effects may not be adequately captured by information in (small) RCTs. QOL as measured by any scale recognised and validated for cancer care.", "rejection_reasons": "", "other_info": ""}
[assistant] 抽取并记录信息: {"user_identity": "", "user_preference": "", "research_direction": "", "filter_requirements": "25 or 26 or 27 or 28 or 29 or 30 or 31", "rejection_reasons": "", "other_info": "The search strategy includes detailed criteria for randomization, concealment, blinding, and follow-up analysis. The review assesses the quality of trials based on these factors."}
[assistant] 为 executor 提供背景信息，任务: 筛选相关论文
[assistant] 为 executor 提供背景信息，任务: 对论文进行详细筛选，根据摘要判断是否纳入
[executor] 轮次1筛选完成: 1 include, 0 exclude, 0 not sure
[assistant] 抽取并记录信息: {"user_identity": "", "user_preference": "", "research_direction": "卵巢癌治疗效果分析", "filter_requirements": "", "rejection_reasons": "", "other_info": ""}
[simulated_user] 轮次1用户反馈: 1 满意, 0 不满意, 累计满意: 1/5
[assistant] 为 executor 提供背景信息，任务: 对论文进行详细筛选，根据摘要判断是否纳入
