[assistant] 抽取并记录信息: {"user_identity": "", "user_preference": "", "research_direction": "Recombinant human erythropoietin for anaemia of chronic kidney disease in non-dialysis patients", "filter_requirements": "", "rejection_reasons": "", "other_info": ""}
[assistant] 抽取并记录信息: {"user_identity": "", "user_preference": "", "research_direction": "重组人促红细胞生成素（rHuEPO）在透析前患者中的应用效果", "filter_requirements": "", "rejection_reasons": "", "other_info": "研究类型为干预性系统综述，关注rHuEPO对贫血纠正、生活质量、肾功能进展及不良事件的影响。"}
[assistant] 抽取并记录信息: {"user_identity": "", "user_preference": "", "research_direction": "rHuEPO治疗肾性贫血的随机对照试验", "filter_requirements": "仅纳入随机对照试验或准随机对照试验；比较rHuEPO治疗组与安慰剂或未使用rHuEPO的对照组；纳入未开始透析的慢性肾病贫血患者；无年龄限制；结局指标包括肾功能进展、贫血纠正、生活质量、高血压、不良事件和死亡率", "rejection_reasons": "", "other_info": ""}
[assistant] 抽取并记录信息: {"user_identity": "", "user_preference": "", "research_direction": "肾性贫血患者使用rHuEPO治疗", "filter_requirements": "仅纳入随机对照试验或准随机对照试验，比较rHuEPO与安慰剂或不使用rHuEPO的对照；参与者为未开始透析的慢性肾病贫血患者；干预措施为rHuEPO治疗；结局指标包括肾功能进展、贫血纠正、生活质量、高血压、不良事件和死亡率。", "rejection_reasons": "", "other_info": ""}
[assistant] 抽取并记录信息: {"user_identity": "", "user_preference": "", "research_direction": "慢性肾病与贫血、促红细胞生成素", "filter_requirements": "", "rejection_reasons": "", "other_info": "包含电子搜索策略和偏倚风险评估工具"}
[assistant] 为 executor 提供背景信息，任务: 筛选相关论文
[coordinator] Metadata初筛完成: 3333 → 3061 篇
[assistant] 为 executor 提供背景信息，任务: 仅根据论文标题判断是否与研究方向相关，做保守筛选
[coordinator] Title筛选完成: 排除 3059 篇, 保留 2 篇
[assistant] 为 executor 提供背景信息，任务: 对论文进行详细筛选，根据摘要判断是否纳入
[executor] 轮次1筛选完成: 1 include, 1 exclude, 0 not sure
[assistant] 抽取并记录信息: {"user_identity": "", "user_preference": "", "research_direction": "", "filter_requirements": "", "rejection_reasons": "Compares early with late commencement of EPO", "other_info": ""}
[simulated_user] 轮次1用户反馈: 0 满意, 1 不满意, 累计满意: 0/5
[assistant] 为 executor 提供背景信息，任务: 对论文进行详细筛选，根据摘要判断是否纳入
[assistant] 为 executor 提供背景信息，任务: 对论文进行详细筛选，根据摘要判断是否纳入
[assistant] 抽取并记录信息: {"user_identity": "", "user_preference": "", "research_direction": "Recombinant human erythropoietin versus placebo or no treatment for the anaemia of chronic kidney disease in people not requiring dialysis", "filter_requirements": "", "rejection_reasons": "", "other_info": ""}
[assistant] 抽取并记录信息: {"user_identity": "来自英国南安普敦大学的研究人员", "user_preference": "", "research_direction": "rHuEPO治疗在透析前后患者的疗效", "filter_requirements": "Cochrane Kidney and Transplant's Specialised Register至2015年6月，使用特定搜索术语，随机对照试验或准随机对照试验", "rejection_reasons": "", "other_info": "系统综述摘要、研究目的、搜索方法、入选标准等详细内容"}
[assistant] 抽取并记录信息: {"user_identity": "", "user_preference": "", "research_direction": "rHuEPO in treating kidney anaemia", "filter_requirements": "Only randomised controlled trials (RCT) or quasi‐RCTs comparing rHuEPO treatment with either placebo or no rHuEPO in predialysis patients with renal anaemia were included. Patients with CKD who have not yet commenced dialysis were included.", "rejection_reasons": "", "other_info": "The study measures progression of kidney failure (time from start of rHuEPO to start of dialysis, numbers starting RRT in each group, GFR at the end of the study, change in GFR, serum creatinine), correction of anaemia (haemoglobin/haematocrit values, numbers of blood transfusions), quality of life measures (changes in exercise capacity), hypertension (systolic and diastolic blood pressure, numbers with increase or introduction of antihypertensive treatment), adverse events (numbers discontinued due to adverse events, access problems, seizures), and mortality."}
[assistant] 抽取并记录信息: {"user_identity": "", "user_preference": "", "research_direction": "Only randomised controlled trials (RCT) or quasi‐RCTs", "filter_requirements": "Randomised controlled trials comparing rHuEPO treatment with placebo or no rHuEPO in predialysis patients with renal anaemia, including those who have not yet commenced dialysis. Participants must have CKD and anaemia.", "rejection_reasons": "", "other_info": "The study evaluates the efficacy of rHuEPO in treating anaemia in CKD patients."}
[assistant] 抽取并记录信息: {"user_identity": "", "user_preference": "", "research_direction": "Kidney Diseases and Erythropoietin Research", "filter_requirements": "medline|ebase|and/9,12,15|or/1-8|or/10-11|or/13-14", "rejection_reasons": "", "other_info": "Database Search Terms:\nMEDLINE: Renal Insufficiency/Exp Renal Insufficiency, Chronic/Kidney Diseases/(chronic kidney or chronic renal).tw.(pre-dialy$ or predialy$).tw. Uremia/ure$.tw. Anemia/(anemia or anaemia).tw. Erythropoietin/(EPO or darbepoetin$ or epoetin or erythropoietin).tw.\nEMBASE: Kidney Disease/Chronic Kidney Disease/Kidney Failure/Chronic Kidney Failure/Kidney dysfunction/(chronic kidney or chronic renal).tw. Anemia/(anemia or anaemia).tw. Recombinant Erythropoietin/EPO/darbepoetin$/epoetin/erythropoietin.\nAnd: 9,12,15"}
[assistant] 为 executor 提供背景信息，任务: 筛选相关论文
[assistant] 为 executor 提供背景信息，任务: 对论文进行详细筛选，根据摘要判断是否纳入
[executor] 轮次1筛选完成: 1 include, 2 exclude, 0 not sure
[assistant] 抽取并记录信息: {"user_identity": "", "user_preference": "", "research_direction": "医学（内科学/肾脏病学）", "filter_requirements": "", "rejection_reasons": "Compares early with late commencement of EPO", "other_info": ""}
[simulated_user] 轮次1用户反馈: 0 满意, 1 不满意, 累计满意: 0/5
[assistant] 为 executor 提供背景信息，任务: 对论文进行详细筛选，根据摘要判断是否纳入
[assistant] 为 executor 提供背景信息，任务: 对论文进行详细筛选，根据摘要判断是否纳入
