[assistant] 抽取并记录信息: {"user_identity": "", "user_preference": "", "research_direction": "Interval debulking surgery for advanced epithelial ovarian cancer", "filter_requirements": "", "rejection_reasons": "", "other_info": ""}
[assistant] 抽取并记录信息: {"user_identity": "", "user_preference": "", "research_direction": "Interval debulking surgery (IDS) for advanced epithelial ovarian cancer", "filter_requirements": "", "rejection_reasons": "", "other_info": "研究类型为干预性系统综述，涉及卵巢癌的间隔减灭术与化疗对比，结论不明确，仅对特定亚组有益。"}
[assistant] 抽取并记录信息: {"user_identity": "", "user_preference": "", "research_direction": "上皮性卵巢癌的间隔减瘤手术与辅助化疗的疗效比较", "filter_requirements": "随机对照试验；晚期上皮性卵巢癌女性；初次手术次优（残留肿瘤>1-2cm）；治疗组：新辅助化疗2-4周期后行间隔减瘤手术+相同辅助化疗；对照组：仅辅助化疗；结局指标：总生存期、无进展生存期、不良事件、生活质量（经同行评议验证的量表）", "rejection_reasons": "", "other_info": ""}
[assistant] 抽取并记录信息: {"user_identity": "", "user_preference": "", "research_direction": "上皮性卵巢癌的间隔减瘤手术与辅助化疗对比", "filter_requirements": "随机对照试验；晚期上皮性卵巢癌女性，初次手术次优（残留肿瘤>1-2cm）；干预组：新辅助化疗2-4周期后行间隔减瘤手术+相同辅助化疗；对照组：仅辅助化疗；结局指标：总生存期、无进展生存期、不良事件、生活质量", "rejection_reasons": "", "other_info": ""}
[assistant] 抽取并记录信息: {"user_identity": "", "user_preference": "", "research_direction": "卵巢肿瘤手术相关研究", "filter_requirements": "随机对照试验", "rejection_reasons": "", "other_info": "搜索策略涉及MEDLINE Ovid、EMBASE和CENTRAL三个数据库，使用MeSH词和自由词组合，限定手术、间隔/减瘤/二次等术语，并筛选随机对照试验。"}
[assistant] 为 executor 提供背景信息，任务: 筛选相关论文
[coordinator] Metadata初筛完成: 3333 → 3061 篇
[assistant] 为 executor 提供背景信息，任务: 仅根据论文标题判断是否与研究方向相关，做保守筛选
[coordinator] Title筛选完成: 排除 3058 篇, 保留 3 篇
[assistant] 为 executor 提供背景信息，任务: 对论文进行详细筛选，根据摘要判断是否纳入
[executor] 轮次1筛选完成: 0 include, 3 exclude, 0 not sure
[assistant] 为 executor 提供背景信息，任务: 对论文进行详细筛选，根据摘要判断是否纳入
[assistant] 抽取并记录信息: {"user_identity": "", "user_preference": "", "research_direction": "Interval debulking surgery for advanced epithelial ovarian cancer", "filter_requirements": "", "rejection_reasons": "", "other_info": ""}
[assistant] 抽取并记录信息: {"user_identity": "", "user_preference": "", "research_direction": "Intervention: Intervention", "filter_requirements": "Systematic Review", "rejection_reasons": "", "other_info": "The review assesses the effectiveness and complications of interval debulking surgery (IDS) for women with advanced epithelial ovarian cancer. The search methods included Cochrane registers, MEDLINE, EMBASE, and CENTRAL. Randomised controlled trials were selected if they compared survival outcomes between women treated with IDS plus chemotherapy versus those with conventional treatment. The main results showed no significant difference in overall survival (HR = 0.80) but a benefit for PFS in certain subgroups. Toxicity rates were similar in both arms."}
[assistant] 抽取并记录信息: {"user_identity": "女性卵巢癌患者", "user_preference": "", "research_direction": "晚期卵巢癌", "filter_requirements": "随机对照试验 (RCTs); 入侵性治疗; 病理学诊断", "rejection_reasons": "", "other_info": ""}
[assistant] 抽取并记录信息: {"user_identity": "", "user_preference": "", "research_direction": "医学临床试验", "filter_requirements": "", "rejection_reasons": "", "other_info": ""}
[assistant] 抽取并记录信息: {"user_identity": "", "user_preference": "医学和生物学领域，特别是卵巢癌的手术治疗", "research_direction": "卵巢癌、手术治疗、化疗药物、辅助治疗", "filter_requirements": "近两年 | 包括MeSH术语：Ovarian Neoplasms, Surgical Procedures, Operative, intervall, debulk*, cytoreduc*, secondary.研究类型为随机对照试验或临床试验", "rejection_reasons": "", "other_info": ""}
[assistant] 为 executor 提供背景信息，任务: 筛选相关论文
[assistant] 为 executor 提供背景信息，任务: 对论文进行详细筛选，根据摘要判断是否纳入
[executor] 轮次1筛选完成: 1 include, 2 exclude, 0 not sure
[assistant] 抽取并记录信息: {"user_identity": "", "user_preference": "", "research_direction": "卵巢癌,输卵管或原发性腹膜癌,化疗和手术", "filter_requirements": "排除标准：参与者必须在接受intraperitoneal化疗和手术前没有经过激进的腹膜转移性疾病（PDS）治疗", "rejection_reasons": "This was a prospective single arm study when the women must have had no aggressive PDS before receiving intraperitoneal chemotherapy followed by surgery.", "other_info": ""}
[simulated_user] 轮次1用户反馈: 0 满意, 1 不满意, 累计满意: 0/5
[assistant] 为 executor 提供背景信息，任务: 对论文进行详细筛选，根据摘要判断是否纳入
[assistant] 为 executor 提供背景信息，任务: 对论文进行详细筛选，根据摘要判断是否纳入
