2026-04-27 00:34:29 [INFO] auto_slr - 日志系统初始化完成，级别: INFO，日志文件: D:\School\SAT404\pilot_study_code\new_auto_slr\logs\run_20260427_003429.log
2026-04-27 00:36:07 [INFO] auto_slr - 初步筛选: 共 20 篇, 未筛选 20 篇
2026-04-27 00:36:07 [INFO] auto_slr - 筛选第 1 批, 共 10 篇
2026-04-27 00:37:35 [INFO] auto_slr - 第 1 批筛选完成: included=3, excluded=0, not_sure=7
2026-04-27 00:40:14 [INFO] auto_slr - 初步筛选: 共 20 篇, 未筛选 10 篇
2026-04-27 00:40:14 [INFO] auto_slr - 筛选第 1 批, 共 10 篇
2026-04-27 00:40:56 [INFO] auto_slr - 第 1 批筛选完成: included=0, excluded=4, not_sure=6
2026-04-27 00:42:03 [INFO] auto_slr - 开始打分，共 20 篇论文，每批 5 篇
2026-04-27 00:42:03 [INFO] auto_slr - 打分第 1 批, 共 5 篇
2026-04-27 00:43:22 [INFO] auto_slr - 第 1 批打分完成
2026-04-27 00:43:22 [INFO] auto_slr - 打分第 2 批, 共 5 篇
2026-04-27 00:44:26 [INFO] auto_slr - 第 2 批打分完成
2026-04-27 00:44:26 [INFO] auto_slr - 打分第 3 批, 共 5 篇
2026-04-27 00:45:56 [WARNING] auto_slr - JSON 提取失败，原始文本: ```json
[
  {
    "index": 1,
    "scores": {
      "核心问题契合度与前沿性": 5,
      "真实执行环境验证与实证严谨性": 4,
      "中小型项目适配性与落地价值": 4,
      "优化路径创新性与机制深度": 4,
      "实验细节透明度与可复现性": 4
    },
    "total_score": 83...
2026-04-27 00:45:56 [WARNING] auto_slr - 批量打分 JSON 解析失败，原始返回:
```json
[
  {
    "index": 1,
    "scores": {
      "核心问题契合度与前沿性": 5,
      "真实执行环境验证与实证严谨性": 4,
      "中小型项目适配性与落地价值": 4,
      "优化路径创新性与机制深度": 4,
      "实验细节透明度与可复现性": 4
    },
    "total_score": 83,
    "brief_comment": "直击仓库级迭代生成中跨尝试状态孤立的痛点，提出AST引导的自适应记忆机制，创新性与机制深度好；方法轻量，适配中小型项目；但执行环境验证的颗粒度需进一步确认。"
  },
  {
    "index": 2,
    "scores": {
      "核心问题契合度与前沿性": 4,
      "真实执行环境验证与实证严谨性": 1,
      "中小型项目适配性与落地价值": 2,
      "优化路径创新性与机制深度": 1,
      "实验细节透明度与可复现性": 3
    },
    "total_score": 39,
    "brief_comment": "综述类论文，虽聚焦仓库级RAG热点，但缺乏真实执行环境验证（维度二≤2，一票否决），无原创优化机制与落地考量，不符合实证与落地导向，建议拒稿。"
  },
  {
    "index": 3,
    "scores": {
      "核心问题契合度与前沿性": 4,
      "真实执行环境验证与实证严谨性": 3,
      "中小型项目适配性与落地价值": 3,
      "优化路径创新性与机制深度": 3,
      "实验细节透明度与可复现性": 3
    },
    "total_score": 63,
    "brief_comment": "关注仓库级上下文检索，问题定义清晰，但优化路径属于RAG的常规增量改进；缺乏真实执行环境的深度闭环验证，落地适配性中规中矩，创新性一般。"
  },
  {
    "index": 4,
    "scores": {
      "核心问题契合度与前沿性": 5,
      "真实执行环境验证与实证严谨性": 4,
      "中小型项目适配性与落地价值": 5,
      "优化路径创新性与机制深度": 4,
      "实验细节透明度与可复现
2026-04-27 00:45:56 [INFO] auto_slr - 打分第 4 批, 共 5 篇
2026-04-27 00:47:40 [INFO] auto_slr - 第 4 批打分完成
