[assistant] 抽取并记录信息: {"user_identity": "", "user_preference": "", "research_direction": "Rivastigmine for Alzheimer's disease", "filter_requirements": "", "rejection_reasons": "", "other_info": ""}
[assistant] 抽取并记录信息: {"user_identity": "", "user_preference": "", "research_direction": "阿尔茨海默病治疗", "filter_requirements": "", "rejection_reasons": "", "other_info": ""}
[assistant] 抽取并记录信息: {"user_identity": "", "user_preference": "", "research_direction": "阿尔茨海默病（AD）治疗，利斯的明（rivastigmine）的随机对照试验", "filter_requirements": "双盲随机对照试验；利斯的明给药至少12周；与安慰剂或利斯的明贴片与胶囊比较；排除非随机或分配隐藏不充分的试验；患者诊断为很可能AD（符合DSM-IV或NINCDS-ADRDA标准）", "rejection_reasons": "", "other_info": "结局指标包括认知功能、功能表现、总体印象、行为障碍、治疗可接受性（退出率）、不良事件发生率、对照顾者的影响、死亡、机构化率、生活质量、依赖性"}
[assistant] 抽取并记录信息: {"user_identity": "", "user_preference": "", "research_direction": "Rivastigmine for Alzheimer's disease", "filter_requirements": "", "rejection_reasons": "", "other_info": ""}
[assistant] 抽取并记录信息: {"user_identity": "", "user_preference": "", "research_direction": "阿尔茨海默病治疗", "filter_requirements": "", "rejection_reasons": "", "other_info": ""}
[assistant] 抽取并记录信息: {"user_identity": "", "user_preference": "", "research_direction": "阿尔茨海默病（AD）治疗药物利凡斯的明（rivastigmine）的随机对照试验", "filter_requirements": "双盲、随机对照试验；利凡斯的明给药至少12周；与安慰剂比较；或利凡斯的明贴片与胶囊比较；排除非随机或分配隐藏不充分的试验；患者诊断为很可能AD（符合DSM-IV或NINCDS-ADRDA标准）", "rejection_reasons": "", "other_info": "结局指标包括认知功能、功能表现、总体印象、行为障碍、治疗可接受性（退出率）、不良事件发生率、对照顾者的影响、死亡、机构化率、生活质量、依赖性"}
[assistant] 抽取并记录信息: {"user_identity": "", "user_preference": "", "research_direction": "rivastigmine治疗阿尔茨海默病的随机对照试验", "filter_requirements": "双盲随机对照试验；治疗时长≥12周；比较rivastigmine与安慰剂或rivastigmine贴片与胶囊；患者符合DSM-IV或NINCDS-ADRDA诊断标准；排除非随机或分配隐藏不充分的试验", "rejection_reasons": "", "other_info": "结局指标包括认知功能、功能表现、整体印象、行为障碍、治疗可接受性、不良事件、对照顾者的影响、死亡、机构化率、生活质量、依赖性"}
[assistant] 抽取并记录信息: {"user_identity": "", "user_preference": "", "research_direction": "", "filter_requirements": "", "rejection_reasons": "", "other_info": "该内容为系统综述的检索策略附录，包含多个数据库的检索式、时间范围及命中数量，涉及阿尔茨海默病、痴呆等疾病与利凡斯的明（rivastigmine）的随机对照试验。"}
[assistant] 为 executor 提供背景信息，任务: 筛选相关论文
[coordinator] Metadata初筛完成: 3333 → 3061 篇
[assistant] 为 executor 提供背景信息，任务: 仅根据论文标题判断是否与研究方向相关，做保守筛选
[coordinator] Title筛选完成: 排除 3050 篇, 保留 11 篇
[assistant] 为 executor 提供背景信息，任务: 对论文进行详细筛选，根据摘要判断是否纳入
[executor] 轮次1筛选完成: 7 include, 3 exclude, 0 not sure
[assistant] 抽取并记录信息: {"user_identity": "", "user_preference": "", "research_direction": "", "filter_requirements": "", "rejection_reasons": "", "other_info": "用户对论文 'Analysis of Outcome in Retrieved Dropout Patients in a Rivastigmine vs Placebo, 26-Week, Alzheimer Disease Trial' 感到满意，认为符合研究需求。"}
[assistant] 抽取并记录信息: {"user_identity": "", "user_preference": "", "research_direction": "", "filter_requirements": "", "rejection_reasons": "", "other_info": "用户对论文 'Effects of two-year treatment with the cholinesterase inhibitor rivastigmine on behavioural symptoms in Alzheimer's disease' 感到满意，认为符合研究需求。"}
[assistant] 抽取并记录信息: {"user_identity": "", "user_preference": "", "research_direction": "", "filter_requirements": "", "rejection_reasons": "", "other_info": "用户对论文 'Rivastigmine: a placebo controlled trial of twice daily and three times daily regimens in patients with Alzheimer's disease' 感到满意，认为该论文符合研究需求。"}
[assistant] 抽取并记录信息: {"user_identity": "", "user_preference": "", "research_direction": "", "filter_requirements": "", "rejection_reasons": "", "other_info": "用户对论文 'Analysis of Outcome in Retrieved Dropout Patients in a Rivastigmine vs Placebo, 26-Week, Alzheimer Disease Trial' 感到满意，认为该论文符合研究需求。"}
[assistant] 抽取并记录信息: {"user_identity": "", "user_preference": "", "research_direction": "", "filter_requirements": "", "rejection_reasons": "", "other_info": "用户对论文 'Analysis of Outcome in Retrieved Dropout Patients in a Rivastigmine vs Placebo, 26-Week, Alzheimer Disease Trial' 感到满意，认为该论文符合研究需求。"}
[assistant] 抽取并记录信息: {"user_identity": "", "user_preference": "", "research_direction": "", "filter_requirements": "", "rejection_reasons": "Study of effect of rivastigmine on specific cognitive domains. This is not an randomised controlled trial, treatment group compared with historical controls", "other_info": ""}
[assistant] 抽取并记录信息: {"user_identity": "", "user_preference": "", "research_direction": "", "filter_requirements": "", "rejection_reasons": "This trial compared two sizes of rivastigmine patches, but there was no placebo group", "other_info": ""}
[simulated_user] 轮次1用户反馈: 5 满意, 2 不满意, 累计满意: 5/5
[assistant] 为 executor 提供背景信息，任务: 对论文进行详细筛选，根据摘要判断是否纳入
[assistant] 抽取并记录信息: {"user_identity": "", "user_preference": "", "research_direction": "Rivastigmine for Alzheimer's disease", "filter_requirements": "", "rejection_reasons": "", "other_info": ""}
[assistant] 抽取并记录信息: {"user_identity": "", "user_preference": "Research on Rivastigmine for Alzheimer's disease", "research_direction": "Alzheimer's disease and cognitive decline", "filter_requirements": "Cochrane Dementia and Cognitive Improvement Group Specialized Register, ALOIS database, MEDLINE, EMBASE, PsycINFO, CINAHL, LILACS", "rejection_reasons": "", "other_info": "Systematic review on Rivastigmine's clinical efficacy and safety for Alzheimer's disease patients"}
[assistant] 抽取并记录信息: {"user_identity": "", "user_preference": "", "research_direction": "Alzheimer's disease", "filter_requirements": "Included double-blind, randomised controlled trials comparing rivastigmine administration (12 weeks+) with placebo; excluded non-randomised trials or those with non-concealed allocation. Eligible patients diagnosed with probable AD according to DSM IV and NINCDS-ADRDA criteria.", "rejection_reasons": "", "other_info": "Assessed outcomes: cognitive function, functional performance, global impression, behavioural disturbance, treatment acceptability, adverse effects, carers' impact, death, institutionalisation, quality of life, dependency."}
[assistant] 抽取并记录信息: {"user_identity": "", "user_preference": "", "research_direction": "AD患者研究 Rivastigmine疗效评估", "filter_requirements": "double‐blind, randomised controlled trials; rivastigmine administration; DSM IV criteria; NINCDS‐ADRDA criteria; cognitive function; functional performance; global impression; behavioural disturbance; adverse effects; treatment withdrawal; institutionalisation rates; quality of life; dependency", "rejection_reasons": "", "other_info": ""}
[assistant] 抽取并记录信息: {"other_info": "从您的查询中可以提取出以下关键信息：\n\n### 1. **主题与关键词**\n   - 主题：认知功能障碍、老年痴呆症（Alzheimer's disease）、阿兹海默病（AD）、认知障碍（Cognitive impairments）、认知退行性疾病（Dementia-related diseases）。\n   - 关键词：\n     - 药物：Rivastigine、Exelon、SDZ ENA 713。\n     - 研究类型：临床试验（Clinical trials）、综述（Systematic reviews）、研究 registry（如ICTRP）。\n\n### 2. **数据库与搜索结果**\n   - **Web of Science**：\n     - 搜索关键词： Rivastigine、Exelon、SDZ ENA 713。\n     - 主题：认知功能障碍、阿兹海默病。\n     - 总计文献数：98条（2008-2011）。\n\n   - **PsycINFO**：\n     - 搜索关键词： Rivastigine、Exelon、SDZ ENA 713。\n     - 主题：认知功能障碍、阿兹海默病。\n     - 总计文献数：98条（2008-2011）。\n\n   - **CINAHL (EBSCOhost)**：\n     - 搜索关键词： Rivastigine、Exelon、SDZ ENA 713。\n     - 主题：认知功能障碍、阿兹海默病。\n     - 总计文献数：98条（2008-2011）。\n\n   - **Clinicaltrials.gov**：\n     - 搜索关键词： Rivastigine、Exelon、SDZ ENA 713。\n     - 主题：阿兹海默病、认知功能障碍。\n     - 总计文献数：18条（2008-2011）。\n\n   - **ICTRP Search Portal**：\n     - 搜索关键词： Rivastigine、Exelon、SDZ ENA 713。\n     - 主题：阿兹海默病、认知功能障碍。\n     - 总计文献数：5条（2008-2011）。\n\n### 3. **研究类型与年份**\n   - 数据库中主要包含**临床试验**和**系统综述**，涉及年份为2008-2011。\n   - 总计文献数：1,195条（在多个数据库中的合并结果）。\n\n### 4. **关键词分类**\n   - 按主题分类的关键词包括：\n     - 药物：Rivastigine、Exelon、SDZ ENA 713。\n     - 研究主题：认知功能障碍、阿兹海默病、认知退行性疾病。\n\n### 5. **排除条件**\n   - 数据中提到“排除与‘MCI’相关的条目”，这可能意味着在某些研究中排除了与 Mini-Mental State Examination（MMSE）或 Mini-Cognitive Assessment for Dementia (AC) 相关的文献。\n\n### 总结\n您的数据主要来源于多个学术数据库，涵盖了从2008年到2011年的临床试验和系统综述。关键词集中在认知功能障碍、阿兹海默病及其相关药物的研究上。如果您需要进一步分析这些数据或提取特定信息，请提供更多细节！"}
[assistant] 为 executor 提供背景信息，任务: 筛选相关论文
[assistant] 为 executor 提供背景信息，任务: 对论文进行详细筛选，根据摘要判断是否纳入
[executor] 轮次1筛选完成: 6 include, 2 exclude, 1 not sure
[assistant] 抽取并记录信息: {"user_identity": "", "user_preference": "", "research_direction": "神经科学", "filter_requirements": "", "rejection_reasons": "", "other_info": "论文标题：Analysis of Outcome in Retrieved Dropout Patients in a Rivastigmine vs Placebo, 26-Week, Alzheimer Disease Trial；研究主题：阿尔茨海默病患者在 Rivastigmine vs placebo 试验中的结果分析"}
[assistant] 抽取并记录信息: {"user_identity": "", "user_preference": "", "research_direction": "", "filter_requirements": "", "rejection_reasons": "", "other_info": "用户对论文 'Effects of two-year treatment with the cholinesterase inhibitor rivastigmine on behavioural symptoms in Alzheimer's disease' 感到满意，认为该论文符合研究需求。"}
[assistant] 抽取并记录信息: {"user_identity": "", "user_preference": "", "research_direction": "Rivastigmine: a placebo controlled trial of twice daily and three times daily regimens in patients with Alzheimer's disease", "filter_requirements": "", "rejection_reasons": "", "other_info": ""}
[assistant] 抽取并记录信息: {"user_identity": "", "user_preference": "", "research_direction": "Quetiapine and rivastigmine and cognitive decline in Alzheimer's disease", "filter_requirements": "", "rejection_reasons": "", "other_info": ""}
[assistant] 抽取并记录信息: {"user_identity": "", "user_preference": "", "research_direction": "rivastigmine 在阿兹海默病中的反应和反应域", "filter_requirements": "", "rejection_reasons": "This is not a randomised controlled trial, treatment group compared with historical controls. This study focuses on the effect of rivastigmine on specific cognitive domains.", "other_info": ""}
[assistant] 抽取并记录信息: {"user_identity": "", "user_preference": "", "research_direction": "Alzheimer's Disease", "filter_requirements": "", "rejection_reasons": "This trial compared two sizes of rivastigmine patches, but there was no placebo group", "other_info": ""}
[assistant] 抽取并记录信息: {"user_identity": "", "user_preference": "", "research_direction": "Rivastigmine 在阿尔茨海默病中的临床效应及神经代谢变化", "filter_requirements": "", "rejection_reasons": " Investigation of brain metabolism using positron emission tomography (PET) scans from 27 patients chosen non-randomly from study B351", "other_info": ""}
[simulated_user] 轮次1用户反馈: 4 满意, 3 不满意, 累计满意: 4/5
[assistant] 为 executor 提供背景信息，任务: 对论文进行详细筛选，根据摘要判断是否纳入
[assistant] 为 executor 提供背景信息，任务: 对论文进行详细筛选，根据摘要判断是否纳入
[assistant] 抽取并记录信息: {"user_identity": "", "user_preference": "", "research_direction": "Alzheimer's disease", "filter_requirements": "", "rejection_reasons": "", "other_info": ""}
[assistant] 抽取并记录信息: {"user_identity": "", "user_preference": "", "research_direction": "Rivastigmine clinical efficacy and safety analysis for Alzheimer's disease", "filter_requirements": "Inclusion criteria: randomized, controlled trials comparing Rivastigmine with placebo; Exclusion criteria: studies with bias or incomplete data", "rejection_reasons": "", "other_info": ""}
[assistant] 抽取并记录信息: {"user_identity": "", "user_preference": "", "research_direction": " rivastigmine 在治疗阿尔茨海默病中的效果", "filter_requirements": "双盲随机对照试验， Rivastigmine 给药12周及以上与安慰剂比较， Rivastigmine PATCH 与Capsule比较。排除标准：非随机分配或隐藏处理分配的试验，患者不符合DSM IV或NINCDS-ADRDA诊断标准。", "rejection_reasons": "", "other_info": ""}
[assistant] 抽取并记录信息: {"user_identity": "", "user_preference": "", "research_direction": "Study of rivastigmine's efficacy in treating Alzheimer's disease", "filter_requirements": "近两年", "rejection_reasons": "排除了不符合标准的试验，如非随机对照试验或未隐藏分配的试验", "other_info": ""}
[assistant] 抽取并记录信息: {"other_info": "以下是根据提供的JSON数据提取的关键词并按主题分类整理的结果：\n\n---\n\n### **神经退行性疾病 (Neurodegenerative Disease)**\n- 条目编号：1, 2\n  - 关键词：neurodegenerative disease, dementia, cognitive impairment\n\n---\n\n### **阿尔茨海默病 (Alzheimer's Disease) 和相关主题**\n- 条目编号：3, 4, 5, 6, 7, 8, 9, 10\n  - 关键词：alzheimer*, dement*, cognitive impairment, delirium, lewy* bod*, chronic cerebrovascular disease\n\n---\n\n### **精神疾病和认知障碍 (Mental Health and Cognitive Impairment)**\n- 条目编号：5, 6, 7, 8\n  - 关键词：mental health, cognitive impairment, dementia, delirium, lewy* bod*\n\n---\n\n### **临床试验和研究 (Clinical Trials and Studies)**\n- 条目编号：10\n  - 关键词： clinical trials, rivastigmin*, exelon, sdz ena 713\n\n---\n\n### **其他相关主题**\n- 条目编号：9\n  - 关键词：neurodegenerative disease, cognitive impairment\n\n---\n\n以上结果按主题分类整理，每个主题下列出对应的条目编号和关键词。"}
[assistant] 为 executor 提供背景信息，任务: 筛选相关论文
[assistant] 为 executor 提供背景信息，任务: 对论文进行详细筛选，根据摘要判断是否纳入
[executor] 轮次1筛选完成: 2 include, 6 exclude, 1 not sure
[assistant] 抽取并记录信息: {"user_identity": "", "user_preference": "", "research_direction": "Alzheimer's disease", "filter_requirements": "", "rejection_reasons": "", "other_info": ""}
[assistant] 抽取并记录信息: {"user_identity": "", "user_preference": "", "research_direction": "Alzheimer's Disease", "filter_requirements": "", "rejection_reasons": "This trial compared two sizes of rivastigmine patches, but there was no placebo group", "other_info": ""}
[assistant] 抽取并记录信息: {"user_identity": "", "user_preference": "", "research_direction": "Alzheimer's disease and rivastigmine effect on cognitive domains", "filter_requirements": "Exclusion of randomized controlled trials, preference for historical controls comparison", "rejection_reasons": "This is not a randomized controlled trial; treatment group compared with historical controls.", "other_info": ""}
[simulated_user] 轮次1用户反馈: 1 满意, 2 不满意, 累计满意: 1/5
[assistant] 为 executor 提供背景信息，任务: 对论文进行详细筛选，根据摘要判断是否纳入
[assistant] 为 executor 提供背景信息，任务: 对论文进行详细筛选，根据摘要判断是否纳入
