[assistant] 抽取并记录信息: {"user_identity": "", "user_preference": "", "research_direction": "Music therapy for autistic people", "filter_requirements": "", "rejection_reasons": "", "other_info": ""}
[assistant] 抽取并记录信息: {"user_identity": "", "user_preference": "", "research_direction": "音乐疗法对自闭症患者的效果", "filter_requirements": "系统综述，更新至2021年8月，随机对照试验、准随机试验和对照临床试验", "rejection_reasons": "", "other_info": ""}
[assistant] 抽取并记录信息: {"user_identity": "", "user_preference": "", "research_direction": "音乐疗法对自闭症谱系障碍（ASD）的干预效果", "filter_requirements": "纳入随机对照试验（RCTs）、准随机试验、对照临床试验（CCTs）及符合RCT/CCT定义的单病例实验设计；排除所有参与者按相同顺序接受干预的研究（如病例系列）；纳入符合DSM-5或ICD-11 ASD诊断标准的个体，包括ICD-10或旧版DSM中的广泛性发育障碍（如儿童孤独症、非典型孤独症、阿斯伯格综合征等），排除Rett障碍和儿童瓦解性障碍；干预措施为音乐治疗（由专业音乐治疗师提供），对照条件为安慰剂治疗、无治疗或标准护理；结局指标包括主要结局（整体改善、社会互动、非言语沟通、言语沟通、生活质量、总自闭症症状严重程度、不良事件）和次要结局（适应性行为、家庭关系质量、身份形成、抑郁、认知能力）；数据来源包括标准化或非标准化工具、家长/教师报告、学校记录，排除由治疗师单独完成的评分（除非经独立评定者确认）；结局时间点分为干预期间、干预后立即、1-5个月、6-11个月、12-23个月、24-35个月后；泛化结局仅报告干预后立即测量的主要结局。", "rejection_reasons": "", "other_info": "该文本为系统综述的纳入/排除标准，详细描述了研究设计、参与者、干预措施、对照条件、结局指标及数据收集方法。"}
[assistant] 抽取并记录信息: {"user_identity": "", "user_preference": "", "research_direction": "音乐疗法对自闭症谱系障碍的干预效果", "filter_requirements": "研究类型：随机对照试验、准随机试验、对照临床试验（包括整群试验）、满足RCT或CCT定义的单病例实验设计；参与者：符合DSM-5或ICD-11自闭症谱系障碍诊断标准的任何年龄个体，包括既往诊断标签（如童年自闭症、非典型自闭症、阿斯伯格综合征等），排除Rett障碍或童年瓦解性障碍；干预措施：由专业音乐治疗师提供的音乐治疗，对照为安慰剂治疗、无治疗、标准治疗或音乐治疗加标准治疗；结局指标：主要结局包括整体改善、社会互动、非言语沟通、言语沟通、生活质量、总自闭症症状严重程度、不良事件；次要结局包括适应性行为、家庭关系质量、身份形成、抑郁、认知能力；时间点：干预期间、干预后立即、1-5个月、6-11个月、12-23个月、24-35个月；数据来源：非标准化或标准化工具、家长或教师报告、学校记录，仅纳入自评或独立评估者报告的数据。", "rejection_reasons": "", "other_info": ""}
[assistant] 抽取并记录信息: {"user_identity": "", "user_preference": "", "research_direction": "音乐疗法对自闭症谱系障碍（ASD）的干预效果", "filter_requirements": "时间范围：2013年至2021年；研究类型：随机对照试验、对照临床试验；排除动物研究；排除非随机研究；排除非人类研究；排除非干预性研究；排除非音乐疗法相关研究", "rejection_reasons": "", "other_info": "该搜索策略为Cochrane系统综述的更新搜索，涉及多个数据库（CENTRAL、MEDLINE、Embase、PsycInfo、CINAHL等），搜索日期为2020年7月至2021年8月。"}
[assistant] 为 executor 提供背景信息，任务: 筛选相关论文
[coordinator] Metadata初筛完成: 3333 → 3061 篇
[assistant] 为 executor 提供背景信息，任务: 仅根据论文标题判断是否与研究方向相关，做保守筛选
[coordinator] Title筛选完成: 排除 3059 篇, 保留 2 篇
[assistant] 为 executor 提供背景信息，任务: 对论文进行详细筛选，根据摘要判断是否纳入
[executor] 轮次1筛选完成: 0 include, 2 exclude, 0 not sure
[assistant] 为 executor 提供背景信息，任务: 对论文进行详细筛选，根据摘要判断是否纳入
[assistant] 抽取并记录信息: {"user_identity": "", "user_preference": "", "research_direction": "Music therapy for autistic people", "filter_requirements": "", "rejection_reasons": "", "other_info": ""}
[assistant] 抽取并记录信息: {"user_identity": "Research team from University of Southampton, UK", "user_preference": "", "research_direction": "Music Therapy for autistic children", "filter_requirements": "", "rejection_reasons": "", "other_info": "Published in 2023 by the University of Southampton, focusing on music therapy effects on autistic children."}
[assistant] 抽取并记录信息: {"user_identity": "学龄前儿童（2-11岁）", "user_preference": "", "research_direction": "音乐治疗与自闭症干预", "filter_requirements": "随机对照试验（RCT）、准随机对照试验（quasi-RCT）和集群试验（CCT），包括交叉顺序实验设计。", "rejection_reasons": "", "other_info": "干预措施包括音乐治疗、音乐聆听等，主要比较音乐治疗与标准护理的差异。研究对象为自闭症谱系障碍患者，年龄在2-11岁之间。"}
[assistant] 抽取并记录信息: {"user_identity": "", "user_preference": "", "research_direction": "Music Therapy Interventions", "filter_requirements": "", "rejection_reasons": "", "other_info": ""}
[assistant] 抽取并记录信息: {"other_info": "Based on the analysis of the provided information regarding bias assessment in music therapy studies across various databases, here is a structured summary:\n\n### Key Criteria for Bias Assessment:\n1. **Random Sequence Generation:**\n   - Studies are judged at low risk if randomization is properly implemented (e.g., computer-generated numbers).\n   - Unclear risk if the method is not stated or known.\n   - High risk if non-random methods are used.\n\n2. **Allocation Concealment:**\n   - Low risk if allocation is concealed, ensuring participants and researchers are unaware of interventions.\n   - Unclear risk if details on concealment are lacking.\n   - High risk if allocation is not concealed, affecting study reliability.\n\n3. **Blindness of Participants/Personnel:**\n   - Autistic individuals may not be blinded due to their unawareness of treatment options or study design, which does not significantly introduce bias.\n\n4. **Blinding of Outcome Assessors:**\n   - Low risk if assessors are blind and data reporting is thorough.\n   - Unclear risk if information on blinding is unavailable.\n   - High risk if assessors are not blind, potentially affecting outcome reliability.\n\n5. **Completeness of Outcome Data:**\n   - Low risk if all participants complete the study.\n   - Unclear risk if participant dropout or attrition data is missing.\n   - High risk if there is clear evidence of attrition affecting outcomes.\n\n6. **Selective Reporting:**\n   - Low risk if all expected outcomes are reported.\n   - Unclear risk if some data is omitted.\n   - High risk if specific outcomes are missing, potentially biasing results.\n\n### Common Themes Across Databases:\n- **Challenges in Blinding:** The nature of music therapy interventions often prevents effective blinding, particularly for therapists and participants. This may introduce subtle biases but is generally considered manageable.\n  \n- **Outcome Data Completeness:** Many studies face issues with incomplete data due to attrition or exclusion, which can bias results if not properly addressed.\n\n- **Selective Reporting:** There is a risk of missing outcome data, which can skew study conclusions if not reported adequately.\n\n### Conclusion:\nThe assessment of bias in music therapy studies highlights the need for consistent application of bias-checking criteria across different databases. Ensuring proper randomization, allocation concealment, and blinding can enhance study reliability. Addressing issues related to outcome data completeness and selective reporting is crucial for producing unbiased and reliable results. Future research should focus on mitigating these challenges to improve the quality and generalizability of findings in music therapy interventions for autism."}
[assistant] 为 executor 提供背景信息，任务: 筛选相关论文
[assistant] 为 executor 提供背景信息，任务: 对论文进行详细筛选，根据摘要判断是否纳入
[executor] 轮次1筛选完成: 2 include, 1 exclude, 0 not sure
[assistant] 抽取并记录信息: {"user_identity": "", "user_preference": "信号检测分析,干预式研究", "research_direction": "autism 信号检测分析", "filter_requirements": "干预式研究", "rejection_reasons": "Not intervention study (assessment)", "other_info": ""}
[assistant] 抽取并记录信息: {"user_identity": "", "user_preference": "", "research_direction": "Pitch memory, labelling and disembedding in autism", "filter_requirements": "", "rejection_reasons": "Not intervention study (assessment)", "other_info": ""}
[simulated_user] 轮次1用户反馈: 0 满意, 2 不满意, 累计满意: 0/5
[assistant] 为 executor 提供背景信息，任务: 对论文进行详细筛选，根据摘要判断是否纳入
[assistant] 为 executor 提供背景信息，任务: 对论文进行详细筛选，根据摘要判断是否纳入
