[assistant] 抽取并记录信息: {"user_identity": "", "user_preference": "", "research_direction": "Techniques for assisting difficult delivery at caesarean section", "filter_requirements": "", "rejection_reasons": "", "other_info": ""}
[assistant] 抽取并记录信息: {"user_identity": "", "user_preference": "", "research_direction": "剖宫产术中辅助分娩方法（包括宫缩抑制剂、器械助产、反向臀位牵引与胎头推压）的比较", "filter_requirements": "", "rejection_reasons": "", "other_info": "研究类型为干预性系统综述，涉及剖宫产术中宫缩抑制剂、器械助产及反向臀位牵引等方法的随机对照试验。"}
[assistant] 抽取并记录信息: {"user_identity": "", "user_preference": "", "research_direction": "剖宫产术中胎头娩出困难的干预措施比较", "filter_requirements": "纳入所有已发表、未发表和正在进行的随机对照试验；排除半随机对照试验；仅纳入摘要形式的研究需待全文报告可用；考虑纳入整群随机试验于未来更新", "rejection_reasons": "", "other_info": "研究人群为剖宫产术中预期或可能胎儿娩出困难的产妇；干预措施包括宫缩抑制剂使用、反式臀位牵引与胎头推挤比较、器械辅助胎头娩出与不使用器械比较；主要结局指标包括产妇和新生儿相关指标"}
[assistant] 抽取并记录信息: {"user_identity": "", "user_preference": "", "research_direction": "剖宫产术中胎儿娩出困难的处理方法", "filter_requirements": "随机对照试验；排除准随机试验；排除仅以摘要形式发表的研究；未来更新中考虑纳入整群随机试验", "rejection_reasons": "", "other_info": "纳入标准包括：任何宫缩抑制剂（常规或选择性）与不使用宫缩抑制剂或安慰剂的比较；反向臀位牵引与推头法的比较；使用器械（产钳或胎吸）与不使用器械的比较。排除标准：准随机试验；仅摘要形式的研究。"}
[assistant] 抽取并记录信息: {"user_identity": "", "user_preference": "", "research_direction": "", "filter_requirements": "", "rejection_reasons": "", "other_info": ""}
[assistant] 为 executor 提供背景信息，任务: 筛选相关论文
[coordinator] Metadata初筛完成: 3333 → 3061 篇
[assistant] 为 executor 提供背景信息，任务: 仅根据论文标题判断是否与研究方向相关，做保守筛选
[coordinator] Title筛选完成: 排除 3058 篇, 保留 3 篇
[assistant] 为 executor 提供背景信息，任务: 对论文进行详细筛选，根据摘要判断是否纳入
[executor] 轮次1筛选完成: 1 include, 2 exclude, 0 not sure
[assistant] 抽取并记录信息: {"user_identity": "", "user_preference": "", "research_direction": "", "filter_requirements": "", "rejection_reasons": "Continuous tocolytic infusion used 2 hours prior to caesarean section to improve infant respiratory effort and metabolism.", "other_info": ""}
[simulated_user] 轮次1用户反馈: 0 满意, 1 不满意, 累计满意: 0/5
[assistant] 为 executor 提供背景信息，任务: 对论文进行详细筛选，根据摘要判断是否纳入
[assistant] 为 executor 提供背景信息，任务: 对论文进行详细筛选，根据摘要判断是否纳入
[assistant] 抽取并记录信息: {"user_identity": "", "user_preference": "", "research_direction": "Techniques for assisting difficult delivery at caesarean section", "filter_requirements": "", "rejection_reasons": "", "other_info": "The query is about techniques related to difficult delivery during cesarean section, which may involve topics like obstetrics and gynecology, specifically focusing on assistive methods in vaginal deliveries."}
[assistant] 抽取并记录信息: {"user_identity": "", "user_preference": "", "research_direction": "难产情况下的剖腹产手术中使用的药物和辅助方法", "filter_requirements": "Cochrane Pregnancy and Childbirth Group's Trials Register (30 September 2015) 和参考文献列表", "rejection_reasons": "", "other_info": "研究比较了托列昔利（tocolytic medication）的使用、反车头提取和头推法对母 Todd 和婴儿的影响，包括出生创伤、血流中血栓形成等指标。"}
[assistant] 抽取并记录信息: {"user_identity": "", "user_preference": "", "research_direction": "妇产科和 neonatal care", "filter_requirements": "纳入标准：随机对照试验，比较使用任意活检药物或选择性活检药物与不使用药物或安慰剂；reverse breech extraction与head pushing在obstructed labour中的对比；使用力断器或真空辅助分娩时与不使用工具的对比。排除标准：quasi-randomised trials（非随机试验）。研究对象为接受caesarean section的妇女及胎儿，评估指标包括婴儿出生创伤、血流情况、Apgar评分等。", "rejection_reasons": "", "other_info": "详细描述了纳入和排除标准，以及各种评估指标。"}
[assistant] 抽取并记录信息: {"user_identity": "Women undergoing caesarean birth with anticipated/possible difficulty in delivering the fetus.", "user_preference": "", "research_direction": "Use of tocolytic agents, reverse breech extraction, and forceps/vacuum in caesarean section", "filter_requirements": "Two years; Excluded randomised controlled trials (e.g. those randomised by date of birth or hospital number); Specific types of interventions: Use of tocolytic agents (routine or selective) at caesarean section versus no use of tocolytic or placebo at caesarean section; Use of reverse breech extraction versus head push at caesarean section for the deeply impacted fetal head in obstructed labour; Use of forceps or vacuum at caesarean section versus no use of forceps or vacuum at caesarean section. Outcomes prestated by review authors only.", "rejection_reasons": "", "other_info": ""}
[assistant] 抽取并记录信息: {"user_identity": "", "user_preference": "", "research_direction": "", "filter_requirements": "", "rejection_reasons": "", "other_info": "search_strategy: {\"Appendix 1. Search methods used in previous version of the review\": \"For Dodd 2006, we also searched the Cochrane Central Register of Controlled Trials (The Cochrane Library 2006, Issue 1) and PubMed (1966 to January 2006) using the following search terms: c(a)esarean section; tocolysis; betamimetics; glyceryl tri‐nitrate; calcium channel blockers; birth injury; and birth trauma.\"}"}
[assistant] 为 executor 提供背景信息，任务: 筛选相关论文
[assistant] 为 executor 提供背景信息，任务: 对论文进行详细筛选，根据摘要判断是否纳入
[executor] 轮次1筛选完成: 0 include, 1 exclude, 0 not sure
[assistant] 为 executor 提供背景信息，任务: 对论文进行详细筛选，根据摘要判断是否纳入
