[assistant] 抽取并记录信息: {"user_identity": "", "user_preference": "", "research_direction": "Homocysteine‐lowering interventions for preventing cardiovascular events", "filter_requirements": "", "rejection_reasons": "", "other_info": ""}
[assistant] 抽取并记录信息: {"user_identity": "", "user_preference": "", "research_direction": "同型半胱氨酸降低干预对心血管事件的影响", "filter_requirements": "", "rejection_reasons": "", "other_info": ""}
[assistant] 抽取并记录信息: {"user_identity": "", "user_preference": "", "research_direction": "维生素B6、B9、B12对心血管疾病的影响", "filter_requirements": "随机对照试验，随访期≥1年；成人（>18岁）有心血管疾病风险或已确诊；排除终末期肾病患者；干预措施为维生素B6、B9、B12单独或联合使用，任何剂量和给药途径；对照为安慰剂或不同方案；结局包括非致死/致死性心肌梗死、卒中、不稳定心绞痛、心衰住院、全因死亡、不良事件", "rejection_reasons": "", "other_info": ""}
[assistant] 抽取并记录信息: {"user_identity": "", "user_preference": "", "research_direction": "维生素B6、B9、B12与心血管疾病的关系", "filter_requirements": "随机对照试验，随访期一年或以上；成人（18岁以上）心血管疾病风险或已确诊患者；排除终末期肾病患者；干预措施为维生素B6、B9或B12单用或联用；结局指标包括心肌梗死、卒中、不稳定心绞痛、心力衰竭住院、全因死亡、不良事件等", "rejection_reasons": "", "other_info": ""}
[assistant] 抽取并记录信息: {"user_identity": "", "user_preference": "", "research_direction": "维生素B补充剂与心血管疾病（包括心肌缺血、脑缺血、脑血管疾病、高同型半胱氨酸血症等）的关系", "filter_requirements": "随机对照试验、临床试验、2008年至2017年间的文献", "rejection_reasons": "", "other_info": "搜索策略涉及多个数据库（CENTRAL, LILACS, MEDLINE, Embase, Web of Science），并包含详细的检索词和偏倚风险评估标准。"}
[assistant] 为 executor 提供背景信息，任务: 筛选相关论文
[coordinator] Metadata初筛完成: 3333 → 3061 篇
[assistant] 为 executor 提供背景信息，任务: 仅根据论文标题判断是否与研究方向相关，做保守筛选
[coordinator] Title筛选完成: 排除 3046 篇, 保留 15 篇
[assistant] 为 executor 提供背景信息，任务: 对论文进行详细筛选，根据摘要判断是否纳入
[executor] 轮次1筛选完成: 4 include, 6 exclude, 0 not sure
[assistant] 抽取并记录信息: {"user_identity": "", "user_preference": "", "research_direction": "", "filter_requirements": "", "rejection_reasons": "", "other_info": "用户对论文 'Efficacy of Folic Acid Therapy in Primary Prevention of Stroke Among Adults With Hypertension in China' 感到满意，认为符合研究需求。"}
[assistant] 抽取并记录信息: {"user_identity": "", "user_preference": "", "research_direction": "", "filter_requirements": "", "rejection_reasons": "", "other_info": "用户对论文 'The SU.FOL.OM3 Study: a secondary prevention trial testing the impact of supplementation with folate and B-vitamins and/or Omega-3 PUFA on fatal and non fatal cardiovascular events, design, methods and participants characteristics' 感到满意，认为该论文符合研究需求。"}
[assistant] 抽取并记录信息: {"user_identity": "", "user_preference": "", "research_direction": "", "filter_requirements": "", "rejection_reasons": "", "other_info": "用户对论文 'Effects of B vitamins and omega 3 fatty acids on cardiovascular diseases: a randomised placebo controlled trial' 感到满意，认为该论文符合研究需求。"}
[assistant] 抽取并记录信息: {"user_identity": "", "user_preference": "", "research_direction": "", "filter_requirements": "", "rejection_reasons": "", "other_info": "用户对论文 'Effect of Folic Acid and B Vitamins on Risk of Cardiovascular Events and Total Mortality Among Women at High Risk for Cardiovascular Disease A Randomized Trial' 感到满意，认为符合研究需求。"}
[simulated_user] 轮次1用户反馈: 4 满意, 0 不满意, 累计满意: 4/5
[assistant] 为 executor 提供背景信息，任务: 对论文进行详细筛选，根据摘要判断是否纳入
[assistant] 抽取并记录信息: {"user_identity": "", "user_preference": "Homocysteine-lowering interventions for preventing cardiovascular events", "research_direction": "Homocysteine-lowering interventions for preventing cardiovascular events", "filter_requirements": "", "rejection_reasons": "", "other_info": "The study aims to evaluate the effectiveness of various homocysteine-lowering interventions in preventing cardiovascular events and explore their impact on cardiovascular outcomes."}
[assistant] 抽取并记录信息: {"user_identity": "Dr. John Paul Smith, University of Manchester", "user_preference": "", "research_direction": "High concentration of folate on cardiovascular events: myocardial infarction and stroke", "filter_requirements": "Cochrane Central Register of Controlled Trials (CENTRAL 2017, Issue 5), MEDLINE, Embase, LILACS, Web of Science", "rejection_reasons": "", "other_info": "High concentration of folate on cardiovascular events: myocardial infarction and stroke"}
[assistant] 抽取并记录信息: {"user_identity": "", "user_preference": "", "research_direction": "Cardiovascular disease interventions", "filter_requirements": "Randomised controlled trials (RCTs) with a follow‐up period of one year or longer. Adults (over 18 years) at risk of, or with established cardiovascular disease. We excluded studies in patients with end‐stage renal disease. The interventions considered were vitamins B6 (pyridoxine; pyridoxal), B9 (folic acid) or B12 (cyanocobalamin) given alone or in combination, at any dosage, and via any administration route. We made comparisons with placebo, or with differing regimens of vitamins B6, B9 or B12. When the included population was at risk of cardiovascular disease, we considered combinations of homocysteine‐lowering interventions with standard treatment (such as antihypertensives and statins) versus standard treatment alone.", "rejection_reasons": "", "other_info": ""}
[assistant] 抽取并记录信息: {"user_identity": "", "user_preference": "", "research_direction": "心血管疾病", "filter_requirements": "随机ised controlled trials (RCTs) with a follow‐up period of one year or longer. Adults (over 18 years) at risk of, or with established cardiovascular disease. We excluded studies in patients with end‐stage renal disease.", "rejection_reasons": "", "other_info": "Types of interventions: vitamins B6、B9、B12给予单药或组合剂，任何剂量，通过任何给药途径。比较安慰剂或不同维生素B6、B9、B12 regimen。当受试者有心血管疾病风险时，考虑与降压药物和他汀类药物的联合治疗方案与单独治疗方案的比较。Types of outcome measures: 非致命或 fatal 心肌梗死. 非致命或 fatal 中风（缺血性和出血性中风）. 非致命或 fatal 心肌梗死. 非致命或 fatal 中风（缺血性和出血性中风）. 不稳定 angina pectoris 症状首次发作需要入院. 入院于心衰竭竭. 死亡从任何原因. 严重或非严重不良事件. We defined serious adverse events according to the International Conference on Harmonisation (ICH) Guidelines (ICH‐GCP 1997), as any event that leads to death, is life‐threatening, requires hospitalisation or prolongation of existing hospitalisation and/or results in persistent or significant disability. We considered all other adverse events non‐serious.", "additional_notes": "详细的研究设计和排除标准"}
[assistant] 抽取并记录信息: {"Myocardial Infarction": {"B-PROOF 2015": "Not available", "BVAIT 2009": "Not available", "CSPPT 2015": "Criteria for ischaemic symptoms or corresponding electrocardiographic changes plus evidence of myocardial damage.", "HOPE‐2 2006": "2 of the following 3 criteria were met...", "SU.FOL.OM3 2010": "ICD-10 codes I21.0–I21.9 based on specific criteria", "VISP 2004": "New ECG changes including Q waves or marked ST-T changes plus abnormal cardiac enzymes..."}, "Stroke": {"B-PROOF 2015": "Not available", "BVAIT 2009": "Not available", "CSPPT 2015": "Computed tomography or magnetic resonance imaging was recommended to identify the type of stroke.", "HOPE‐2 2006": "..."}}
[assistant] 为 executor 提供背景信息，任务: 筛选相关论文
[assistant] 为 executor 提供背景信息，任务: 对论文进行详细筛选，根据摘要判断是否纳入
[executor] 轮次1筛选完成: 4 include, 5 exclude, 1 not sure
[assistant] 抽取并记录信息: {"user_identity": "", "user_preference": "", "research_direction": "维生素B12和叶酸补充对骨折发生率的影响", "filter_requirements": "", "rejection_reasons": "", "other_info": ""}
[assistant] 抽取并记录信息: {"user_identity": "", "user_preference": "", "research_direction": "The Heart Outcomes Prevention Evaluation (HOPE)-2 trial", "filter_requirements": "", "rejection_reasons": "", "other_info": ""}
[assistant] 抽取并记录信息: {"user_identity": "", "user_preference": "", "research_direction": "心脏疾病与营养补充", "filter_requirements": "", "rejection_reasons": "", "other_info": ""}
[assistant] 抽取并记录信息: {"user_identity": "", "user_preference": "", "research_direction": "心脏健康", "filter_requirements": "", "rejection_reasons": "", "other_info": ""}
[assistant] 抽取并记录信息: {"user_identity": "", "user_preference": "", "research_direction": "Efficacy of Folic Acid Therapy in Primary Prevention of Stroke Among Adults With Hypertension in China", "filter_requirements": "", "rejection_reasons": "", "other_info": ""}
[simulated_user] 轮次1用户反馈: 5 满意, 0 不满意, 累计满意: 5/5
[assistant] 为 executor 提供背景信息，任务: 对论文进行详细筛选，根据摘要判断是否纳入
