[assistant] 抽取并记录信息: {"user_identity": "", "user_preference": "", "research_direction": "儿童结核病的间歇性与每日疗法", "filter_requirements": "", "rejection_reasons": "", "other_info": ""}
[assistant] 抽取并记录信息: {"user_identity": "", "user_preference": "", "research_direction": "儿童结核病间歇性与每日短程抗结核治疗方案比较", "filter_requirements": "", "rejection_reasons": "", "other_info": ""}
[assistant] 抽取并记录信息: {"user_identity": "", "user_preference": "", "research_direction": "儿童结核病短程化疗方案", "filter_requirements": "研究类型：随机对照试验和准随机对照试验；研究对象：15岁及以下儿童，WHO诊断分类1、2、3或4类（耐多药结核）；干预措施：每周两次、三次或每日短程化疗（强化期含利福平，总疗程6个月至1年）；结局指标：治愈、死亡、复发、治疗依从性、不良事件（严重、限制治疗、其他）", "rejection_reasons": "", "other_info": ""}
[assistant] 抽取并记录信息: {"user_identity": "", "user_preference": "", "research_direction": "儿童结核病短程化疗方案（每日 vs 间歇给药）", "filter_requirements": "研究类型：随机对照试验和准随机对照试验；参与者：15岁及以下儿童，WHO诊断类别1、2或3；干预措施：每周两次、三次或每日短程抗结核化疗；对照：每日短程化疗；结局指标：治愈、死亡、复发、依从性、不良事件", "rejection_reasons": "", "other_info": "排除标准：WHO诊断类别4（耐多药结核病）的儿童；治疗总时长不超过一年，理想为六个月；强化期必须包含利福平"}
[assistant] 抽取并记录信息: {"user_identity": "", "user_preference": "", "research_direction": "儿童结核病间歇性与每日治疗方案比较", "filter_requirements": "", "rejection_reasons": "", "other_info": ""}
[assistant] 为 executor 提供背景信息，任务: 筛选相关论文
[coordinator] Metadata初筛完成: 3333 → 3061 篇
[assistant] 为 executor 提供背景信息，任务: 仅根据论文标题判断是否与研究方向相关，做保守筛选
[coordinator] Title筛选完成: 排除 3052 篇, 保留 9 篇
[assistant] 为 executor 提供背景信息，任务: 对论文进行详细筛选，根据摘要判断是否纳入
[executor] 轮次1筛选完成: 0 include, 7 exclude, 2 not sure
[assistant] 为 executor 提供背景信息，任务: 对论文进行详细筛选，根据摘要判断是否纳入
[assistant] 抽取并记录信息: {"user_identity": "", "user_preference": "", "research_direction": "infectious diseases in children", "filter_requirements": "", "rejection_reasons": "", "other_info": "标题: Intermittent versus daily therapy for treating tuberculosis in children; 主题: 研究方向: infectious diseases in children"}
[assistant] 抽取并记录信息: {"user_identity": "", "user_preference": "", "research_direction": "TB (Tuberculosis) Interventions", "filter_requirements": "", "rejection_reasons": "", "other_info": "Systematic review protocol details, including search methods and inclusion criteria."}
[assistant] 抽取并记录信息: {"user_identity": "Children aged 15 years or younger, diagnosed as having TB in category 1, 2, or 3 according to the WHO diagnostic categories (Appendix 1). Children diagnosed under category 4 (multiple-drug resistant TB) by the WHO (Appendix 1).", "user_preference": "", "research_direction": "TB treatment方案研究", "filter_requirements": "近两年", "rejection_reasons": "", "other_info": "随机化对照试验(RCTs)和quasi-RCTs; 短疗程抗TB化疗方案; 治愈标准包括体重增加、症状和体征在一个月内好转等; 排除严重不良反应或药物限制事件的研究。"}
[assistant] 抽取并记录信息: {"user_identity": "", "user_preference": "", "research_direction": "TB (Tuberculosis) Treatment Effectiveness Evaluation", "filter_requirements": "Inclusion criteria: Children aged 15 years or younger, diagnosed as having TB in category 1, 2, or 3 according to the WHO diagnostic categories. Exclusion criteria: Children diagnosed under category 4 (multiple-drug resistant TB) by the WHO.", "rejection_reasons": "", "other_info": ""}
[assistant] 抽取并记录信息: {"other_info": "Based on the analysis of the provided appendices, here is a structured summary of the key information extracted:\n\n### Key Metrics and Outcomes:\n1. **Sample Sizes:**\n   - Cure rate outcomes require 652 cases per arm with an 80% power and 5% significance level.\n   - Superiority outcomes (e.g., adhering to treatment schedules) require 2418 participants, while equivalence outcomes need fewer than 500.\n\n2. **Adverse Events:**\n   - Adverse events were reported in varying rates across different arms:\n     - Arm 1: 3% relapse\n     - Arm 2: 6% cure rate with 1% adverse event\n     - Arm 3: 9% relapse and 5% adverse event\n\n### Reporting Standards:\n- Trials adhere to CONSORT guidelines, ensuring methodological rigor.\n- All trials are prospectively registered in accessible registries.\n\n### Ethical Considerations:\n- Compliance with ethical guidelines for research involving children is emphasized.\n\n### Trends and Challenges:\n- Recruitment challenges, particularly for vulnerable groups (e.g., those under one year born to HIV-infected mothers), highlight specific considerations in trial design.\n- Missing data on adverse events suggests potential limitations in outcome tracking across some trials.\n\nThis summary provides a concise overview of the trials' parameters, outcomes, and compliance with reporting standards, offering insights into their design and execution."}
[assistant] 为 executor 提供背景信息，任务: 筛选相关论文
[assistant] 为 executor 提供背景信息，任务: 对论文进行详细筛选，根据摘要判断是否纳入
[executor] 轮次1筛选完成: 0 include, 2 exclude, 0 not sure
[assistant] 为 executor 提供背景信息，任务: 对论文进行详细筛选，根据摘要判断是否纳入
