[assistant] 抽取并记录信息: {"user_identity": "", "user_preference": "", "research_direction": "Statins for the prevention of dementia", "filter_requirements": "", "rejection_reasons": "", "other_info": ""}
[assistant] 抽取并记录信息: {"user_identity": "", "user_preference": "", "research_direction": "他汀类药物预防痴呆的效果", "filter_requirements": "", "rejection_reasons": "", "other_info": ""}
[assistant] 抽取并记录信息: {"user_identity": "", "user_preference": "", "research_direction": "他汀类药物对痴呆症和阿尔茨海默病/血管性痴呆的预防效果", "filter_requirements": "随机、双盲、安慰剂对照试验；他汀类药物治疗至少12个月；排除比较两种不同他汀类药物而无安慰剂的试验；受试者需有客观正常的认知功能且平均年龄≥65岁；包括有脑血管疾病证据或高风险者；使用许可剂量范围内的他汀类药物；结局包括痴呆、AD、VaD的客观诊断，认知功能测试变化，不良事件，生活质量，日常生活活动能力，行为变化，以及考虑胆固醇水平、ApoE基因型和认知水平的变化", "rejection_reasons": "", "other_info": ""}
[assistant] 抽取并记录信息: {"user_identity": "", "user_preference": "", "research_direction": "他汀类药物对痴呆症发病率的影响", "filter_requirements": "随机、双盲、安慰剂对照试验；他汀治疗至少12个月；排除比较两种不同他汀且无安慰剂的试验；参与者为客观认知功能正常且平均年龄≥65岁的人群，或伴有脑血管疾病或高风险人群；干预措施为任何他汀类药物在许可剂量范围内与平行安慰剂联用；结局指标包括痴呆症诊断、AD诊断、VaD诊断、认知测试变化、不良事件等", "rejection_reasons": "", "other_info": "主要结局包括痴呆症客观诊断、AD标准诊断、VaD标准诊断、MMSE或ADAS-Cog等认知测试变化、不良事件发生率及严重程度；次要结局包括考虑先前胆固醇水平、ApoE基因型和认知水平的认知状态变化、患者感知生活质量、日常生活活动能力变化、行为变化"}
[assistant] 抽取并记录信息: {"user_identity": "", "user_preference": "", "research_direction": "他汀类药物与痴呆/认知障碍的预防", "filter_requirements": "随机对照试验、预防性研究、2014-2015年", "rejection_reasons": "", "other_info": ""}
[assistant] 为 executor 提供背景信息，任务: 筛选相关论文
[coordinator] Metadata初筛完成: 3333 → 3061 篇
[assistant] 为 executor 提供背景信息，任务: 仅根据论文标题判断是否与研究方向相关，做保守筛选
[coordinator] Title筛选完成: 排除 3051 篇, 保留 10 篇
[assistant] 为 executor 提供背景信息，任务: 对论文进行详细筛选，根据摘要判断是否纳入
[executor] 轮次1筛选完成: 0 include, 9 exclude, 1 not sure
[assistant] 为 executor 提供背景信息，任务: 对论文进行详细筛选，根据摘要判断是否纳入
[assistant] 抽取并记录信息: {"user_identity": "", "user_preference": "", "research_direction": "Statins for the prevention of dementia", "filter_requirements": "", "rejection_reasons": "", "other_info": ""}
[assistant] 抽取并记录信息: {"user_identity": "", "user_preference": "", "research_direction": "血管风险因素、统计药物与痴呆", "filter_requirements": "搜索了 ALOIS、Cochrane Library、MEDLINE、EMBASE、PsycINFO、CINAHL、LILACS、临床Trials.gov 和 WHO 网站", "rejection_reasons": "", "other_info": "研究提到了统计药物与认知功能的关系，但没有明确用户的偏好或拒绝原因。"}
[assistant] 抽取并记录信息: {"user_identity": "", "user_preference": "", "research_direction": "Cognitive function changes in people at risk of AD/VaD on treatment with statins", "filter_requirements": "Randomised, double‐blind, placebo‐controlled trials; Statin given for at least 12 months; Trials comparing two different statins without a placebo were excluded; Participants had objective normal cognitive function and sufficient age to be at risk of AD (mean age 65 years or over); Participants with evidence of cerebrovascular disease or at high risk of cerebrovascular disease were included; Participants given any member of the statin family within the licensed dose range with parallel concomitant placebo; Objective diagnosis of dementia; Objective diagnosis of AD according to standard criteria; Objective diagnosis of VaD according to standard criteria; Change in Mini Mental State Examination (MMSE), Alzheimer's Disease Assessment Scale ‐ Cognition (ADAS‐Cog) or other accepted objective and standardised tests of cognitive performance in people at risk of AD/VaD on treatment with statins; Incidence and severity of adverse effects; Participant‐perceived quality of life; Change in ADLs; Change in behaviour", "rejection_reasons": "", "other_info": ""}
[assistant] 抽取并记录信息: {"user_identity": "", "user_preference": "", "research_direction": "Randomised, double‐blind, placebo‐controlled trials in which a statin was given for at least 12 months. We considered it unlikely that any preventive effect on dementia incidence could be detected in trials with shorter treatment periods. We excluded trials comparing two different statins without a placebo.", "filter_requirements": "Types of studies: Randomised, double‐blind, placebo‐controlled trials in which a statin was given for at least 12 months. We considered it unlikely that any preventive effect on dementia incidence could be detected in trials with shorter treatment periods. We excluded trials comparing two different statins without a placebo.\nTypes of participants: People with objectively normal cognitive function and of sufficient age to be at risk of AD (mean age 65 years or over). We also included people with evidence of cerebrovascular disease or at high risk of cerebrovascular disease.\nTypes of interventions: Any member of the statin family given within the licensed dose range with parallel concomitant placebo.\nTypes of outcome measures: Objective diagnosis of dementia.   Objective diagnosis of AD according to standard criteria.   Objective diagnosis of VaD according to standard criteria.   Change in Mini Mental State Examination (MMSE), Alzheimer's Disease Assessment Scale ‐ Cognition (ADAS‐Cog) or other accepted objective and standardised tests of cognitive performance in people at risk of AD/VaD on treatment with statins.    Incidence and severity of adverse effects.\nPrimary outcomes: Objective diagnosis of dementia.   Objective diagnosis of AD according to standard criteria.   Objective diagnosis of VaD according to standard criteria.   Change in Mini Mental State Examination (MMSE), Alzheimer's Disease Assessment Scale ‐ Cognition (ADAS‐Cog) or other accepted objective and standardised tests of cognitive performance in people at risk of AD/VaD on treatment with statins.    Incidence and severity of adverse effects.\nSecondary outcomes: Change in cognitive status accounting for prior cholesterol level, ApoE genotype and cognitive level.    Participant‐perceived quality of life.   Change in ADLs.   Change in behaviour.", "rejection_reasons": "", "other_info": ""}
[assistant] 抽取并记录信息: {"用户身份与背景": "", "偏好": "关注统计降脂药物（如他汀类药物）及其在老年痴呆症、阿兹海默病等认知症方面的研究", "研究方向": ["老年痴呆症", "阿兹海默病", "认知症", "统计降脂药物", "随机对照试验", "对照组研究"], "筛选要求": "2014年到2015年间搜索，关注随机对照试验或对照组研究"}
[assistant] 为 executor 提供背景信息，任务: 筛选相关论文
[assistant] 为 executor 提供背景信息，任务: 对论文进行详细筛选，根据摘要判断是否纳入
[executor] 轮次1筛选完成: 1 include, 2 exclude, 0 not sure
[assistant] 抽取并记录信息: {"user_identity": "", "user_preference": "", "research_direction": "Pravastatin and cognitive function in the elderly", "filter_requirements": "", "rejection_reasons": "", "other_info": ""}
[simulated_user] 轮次1用户反馈: 1 满意, 0 不满意, 累计满意: 1/5
[assistant] 为 executor 提供背景信息，任务: 对论文进行详细筛选，根据摘要判断是否纳入
