[assistant] 抽取并记录信息: {"user_identity": "", "user_preference": "", "research_direction": "Oral anticoagulation in people with cancer who have no therapeutic or prophylactic indication for anticoagulation", "filter_requirements": "", "rejection_reasons": "", "other_info": ""}
[assistant] 抽取并记录信息: {"user_identity": "", "user_preference": "", "research_direction": "口服抗凝药在癌症患者中的疗效与安全性", "filter_requirements": "", "rejection_reasons": "", "other_info": "研究类型为干预性系统综述，涉及维生素K拮抗剂和直接口服抗凝药在门诊癌症患者中的应用。"}
[assistant] 抽取并记录信息: {"user_identity": "", "user_preference": "", "research_direction": "癌症患者口服药物血栓预防", "filter_requirements": "随机对照试验；非住院癌症患者（任何年龄）；无标准抗凝指征；干预措施为口服VKA或DOAC；对照组为无药物血栓预防；结局包括全因死亡率、症状性深静脉血栓、肺栓塞、大出血、小出血、健康相关生活质量；评估时间不超过12个月", "rejection_reasons": "", "other_info": ""}
[assistant] 抽取并记录信息: {"user_identity": "", "user_preference": "", "research_direction": "癌症患者口服药物血栓预防", "filter_requirements": "随机对照试验；非住院癌症患者；口服抗凝药（VKA或DOAC）对比无药物预防；结局包括全因死亡率、症状性深静脉血栓、肺栓塞、大出血、小出血、健康相关生活质量；评估时间不超过12个月", "rejection_reasons": "", "other_info": ""}
[assistant] 抽取并记录信息: {"user_identity": "", "user_preference": "", "research_direction": "", "filter_requirements": "", "rejection_reasons": "", "other_info": ""}
[assistant] 为 executor 提供背景信息，任务: 筛选相关论文
[coordinator] Metadata初筛完成: 3333 → 3061 篇
[assistant] 为 executor 提供背景信息，任务: 仅根据论文标题判断是否与研究方向相关，做保守筛选
[coordinator] Title筛选完成: 排除 3046 篇, 保留 15 篇
[assistant] 为 executor 提供背景信息，任务: 对论文进行详细筛选，根据摘要判断是否纳入
[executor] 轮次1筛选完成: 0 include, 15 exclude, 0 not sure
[assistant] 为 executor 提供背景信息，任务: 对论文进行详细筛选，根据摘要判断是否纳入
[assistant] 抽取并记录信息: {"user_identity": "", "user_preference": "", "research_direction": "临床医学", "filter_requirements": "", "rejection_reasons": "", "other_info": ""}
[assistant] 抽取并记录信息: {"user_identity": "Medical doctor from the University of Manchester", "user_preference": "Systematic Review (Systemic Synthesis) of Intervention", "research_direction": "Oral anticoagulants in cancer patients undergoing chemotherapy, targeted therapy, immunotherapy, or radiotherapy", "filter_requirements": "Since 2016", "rejection_reasons": "", "other_info": "Intervention studies evaluating the efficacy and safety of oral anticoagulants in cancer patients undergoing chemotherapy, targeted therapy, immunotherapy, or radiotherapy have shown that VKAs may reduce venous thromboembolism but increase bleeding risk. DOACs offer a balance between thromboprophylaxis and bleeding reduction."}
[assistant] 抽取并记录信息: {"user_identity": "", "user_preference": "", "research_direction": "", "filter_requirements": "Randomised controlled trials (RCTs). Ambulatory people with cancer of any age with no standard indication for prophylactic anticoagulation or for therapeutic anticoagulation. Typically undergoing chemotherapy, target therapy, immunotherapy, or radiotherapy. Interventions: oral pharmacological thromboprophylaxis with VKA or DOAC. Control: no pharmacological thromboprophylaxis.", "rejection_reasons": "", "other_info": ""}
[assistant] 抽取并记录信息: {"user_identity": "", "user_preference": "", "research_direction": "Randomised controlled trials (RCTs). Ambulatory people with cancer", "filter_requirements": "近两年, 涉及随机对照试验, 研究对象是活动中的癌症患者", "rejection_reasons": "", "other_info": ""}
[assistant] 抽取并记录信息: {"other_info": "It seems like you've provided a detailed dataset related to anticoagulant studies, particularly focusing on DVT (Deep Venous Thrombosis) as an outcome under different RILTFU/FU dosages. Based on the context, here's a structured summary and interpretation of the data:\n\n### Summary of Sensitivity Analysis Results:\nThe sensitivity analysis examines the impact of varying RILTFU/FU dosages on the risk of DVT under the comparison between DOAC (Direct Oral Anticoagulant) and no prophylaxis. The results are as follows:\n\n- **RILTFU/FU = 1.5**: Relative Risk (RR) = 0.47, 95% CI = 0.24 to 0.90\n- **RILTFU/FU = 2**: RR = 0.47, 95% CI = 0.24 to 0.91\n- **RILTFU/FU = 3**: RR = 0.49, 95% CI = 0.25 to 0.95\n- **RILTFU/FU = 5**: RR = 0.52, 95% CI = 0.27 to 1.01\n\n### Interpretation:\n1. **Relative Risk (RR)**: The RR indicates the probability of experiencing DVT under different RILTFU/FU dosages compared to no prophylaxis.\n   - Lower RR values suggest a reduced risk of DVT with higher RILTFU/FU dosages.\n\n2. **Confidence Intervals (CI)**:\n   - For RILTFU/FU = 1.5 and 2, the CI includes values below 0.90, indicating a statistically significant reduction in DVT risk.\n   - At RILTFU/FU = 3, the CI is slightly wider but still suggests a reduced risk (CI upper bound near 0.95).\n   - At RILTFU/FU = 5, the RR is close to 1, with a CI that includes 1, indicating no statistically significant difference from no prophylaxis.\n\n### Key Observations:\n- **Dose-Effect Relationship**: Higher RILTFU/FU dosages are associated with a greater reduction in DVT risk. However, beyond a certain point (e.g., RILTFU/FU = 5), the effect may plateau or become non-significant.\n- **Clinical Significance**: While higher dosages reduce the risk of DVT, it's important to consider absolute risk reductions and potential side effects, as clinical significance goes beyond statistical measures.\n\n### Recommendations:\n1. **Assumptions for Missing Data**: The analysis assumes plausible values for missing outcome data (RILTFU/FU = 1.5, 2, 3, 5). It's important to document these assumptions in the study protocol.\n2. **Clinical Application**: Consider the balance between reduced DVT risk and potential side effects when applying these findings in clinical practice.\n3. **Further Analysis**: If incorporating this data into a larger study, ensure that the network meta-analysis accounts for the variability in RILTFU/FU dosages and their impact on DVT outcomes.\n\nThis analysis provides insights into how different regimens of RILTFU/FU affect the risk of DVT, which is crucial for optimizing anticoagulant therapy."}
[assistant] 为 executor 提供背景信息，任务: 筛选相关论文
[assistant] 为 executor 提供背景信息，任务: 对论文进行详细筛选，根据摘要判断是否纳入
[executor] 轮次1筛选完成: 5 include, 5 exclude, 0 not sure
[assistant] 抽取并记录信息: {"user_identity": "", "user_preference": "", "research_direction": "Effect of low molecular weight heparin on venous thromboembolism disease in thoracotomy patients with cancer", "filter_requirements": "", "rejection_reasons": "Not population of interest (people with cancer without VTE undergoing a surgical procedure)", "other_info": ""}
[assistant] 抽取并记录信息: {"user_identity": "", "user_preference": "", "research_direction": "Small-cell lung cancer", "filter_requirements": "Exclusion criteria: Not comparison of interest (parenteral anticoagulant)", "rejection_reasons": "Not comparison of interest (parenteral anticoagulant)", "other_info": ""}
[assistant] 抽取并记录信息: {"user_identity": "", "user_preference": "", "research_direction": "临床医学/肿瘤学", "filter_requirements": "排除原因: Not population of interest (hospitalised people with cancer); included 3 reports", "rejection_reasons": "Not population of interest (hospitalised people with cancer); included 3 reports", "other_info": ""}
[assistant] 抽取并记录信息: {"user_identity": "", "user_preference": "", "research_direction": "Use of heparins in patients with cancer", "filter_requirements": "Excluded papers comparing parenteral anticoagulant; included only 4 reports", "rejection_reasons": "Not comparison of interest (parenteral anticoagulant); included 4 reports", "other_info": ""}
[assistant] 抽取并记录信息: {"user_identity": "", "user_preference": "", "research_direction": "Comparison of an Oral Factor Xa Inhibitor With Low Molecular Weight Heparin in Patients With Cancer With Venous Thromboembolism", "filter_requirements": "Not population of interest (people with cancer with VTE)", "rejection_reasons": "Not population of interest (people with cancer with VTE)", "other_info": ""}
[simulated_user] 轮次1用户反馈: 0 满意, 5 不满意, 累计满意: 0/5
[assistant] 为 executor 提供背景信息，任务: 对论文进行详细筛选，根据摘要判断是否纳入
[assistant] 为 executor 提供背景信息，任务: 对论文进行详细筛选，根据摘要判断是否纳入
