[assistant] 抽取并记录信息: {"user_identity": "", "user_preference": "", "research_direction": "Omalizumab for asthma in adults and children", "filter_requirements": "", "rejection_reasons": "", "other_info": ""}
[assistant] 抽取并记录信息: {"user_identity": "", "user_preference": "", "research_direction": "Omalizumab 治疗哮喘的疗效", "filter_requirements": "干预性研究，系统综述", "rejection_reasons": "", "other_info": ""}
[assistant] 抽取并记录信息: {"user_identity": "", "user_preference": "", "research_direction": "哮喘治疗与抗IgE疗法", "filter_requirements": "仅纳入双盲随机对照试验；排除交叉研究；纳入成人和儿童慢性哮喘患者；包括接受维持治疗和未接受背景治疗的人群；按严重程度进行亚组分析；根据CTS 2012、GiNA 2011和BTS/SIGN 2012指南分类；抗IgE疗法任何剂量或途径与安慰剂对比；主要结局包括哮喘加重事件、类固醇使用减少、症状、生活质量、急救药物使用、肺功能、不良事件", "rejection_reasons": "", "other_info": "主要结局顺序从方案中更改；对慢性哮喘定义有差异，区分了医生诊断和客观标准"}
[assistant] 抽取并记录信息: {"user_identity": "", "user_preference": "", "research_direction": "", "filter_requirements": "Types of studies: Only double-blind randomised controlled trials (RCTs) were considered for inclusion. Excluded cross-over studies. Types of participants: Adults and children with chronic asthma from all referral sources, including those on maintenance therapy or without background therapy. Types of interventions: Anti-IgE therapy at any dose or route versus placebo. Types of outcome measures: Asthma exacerbations (hospital admissions, emergency room visits, days lost from work/school, unscheduled doctor visits, increase in medication); reduction or termination of steroid use; asthma symptoms; health-related quality of life; rescue medication use; lung function (FEV1, PEF); adverse events. Primary outcomes: Asthma exacerbations and reduction/termination of steroid use. Secondary outcomes: Asthma symptoms, quality of life, rescue medication use, lung function, adverse events.", "rejection_reasons": "", "other_info": ""}
[assistant] 抽取并记录信息: {"user_identity": "", "user_preference": "", "research_direction": "哮喘（Asthma）和奥马珠单抗（omalizumab）的临床试验", "filter_requirements": "Cochrane Airways Group Specialised Register (CAGR) 的搜索策略，包括电子数据库（CENTRAL, MEDLINE, EMBASE, PsycINFO, CINAHL, AMED）和手工检索会议摘要，以及针对哮喘和奥马珠单抗的MEDLINE搜索策略和RCT筛选过滤器", "rejection_reasons": "", "other_info": "内容为Cochrane系统评价中关于奥马珠单抗（静脉和吸入）治疗哮喘的附录，包括搜索策略、筛选方法和已归档的试验结果（主要结局、次要结局）。"}
[assistant] 为 executor 提供背景信息，任务: 筛选相关论文
[coordinator] Metadata初筛完成: 3333 → 3061 篇
[assistant] 为 executor 提供背景信息，任务: 仅根据论文标题判断是否与研究方向相关，做保守筛选
[coordinator] Title筛选完成: 排除 3050 篇, 保留 11 篇
[assistant] 为 executor 提供背景信息，任务: 对论文进行详细筛选，根据摘要判断是否纳入
[executor] 轮次1筛选完成: 4 include, 5 exclude, 1 not sure
[assistant] 抽取并记录信息: {"user_identity": "", "user_preference": "", "research_direction": "", "filter_requirements": "", "rejection_reasons": "", "other_info": "用户对论文 'Randomized Trial of Omalizumab (Anti-IgE) for Asthma in Inner-City Children' 感到满意，认为符合研究需求。"}
[assistant] 抽取并记录信息: {"user_identity": "", "user_preference": "", "research_direction": "", "filter_requirements": "", "rejection_reasons": "", "other_info": "用户对论文 'Omalizumab provides long-term control in patients with moderate-to-severe allergic asthma' 感到满意，认为该论文符合研究需求。"}
[assistant] 抽取并记录信息: {"user_identity": "", "user_preference": "", "research_direction": "", "filter_requirements": "", "rejection_reasons": "", "other_info": "用户对论文 'The anti-IgE antibody omalizumab reduces exacerbations and steroid requirement in allergic asthmatics' 感到满意，认为符合研究需求。"}
[assistant] 抽取并记录信息: {"user_identity": "", "user_preference": "", "research_direction": "", "filter_requirements": "", "rejection_reasons": "Review article", "other_info": ""}
[assistant] 抽取并记录信息: {"user_identity": "", "user_preference": "", "research_direction": "", "filter_requirements": "", "rejection_reasons": "", "other_info": "用户对论文 'The anti-IgE antibody omalizumab improves asthma-related quality of life in patients with allergic asthma' 感到满意，认为该论文符合研究需求。"}
[simulated_user] 轮次1用户反馈: 4 满意, 1 不满意, 累计满意: 4/5
[assistant] 为 executor 提供背景信息，任务: 对论文进行详细筛选，根据摘要判断是否纳入
[executor] 轮次2筛选完成: 0 include, 1 exclude, 0 not sure
[assistant] 为 executor 提供背景信息，任务: 对论文进行详细筛选，根据摘要判断是否纳入
[assistant] 抽取并记录信息: {"user_identity": "", "user_preference": "", "research_direction": "Omalizumab for asthma", "filter_requirements": "", "rejection_reasons": "", "other_info": ""}
[assistant] 抽取并记录信息: {"user_identity": "", "user_preference": "", "research_direction": "omalizumab辅助治疗哮喘", "filter_requirements": "", "rejection_reasons": "", "other_info": ""}
[assistant] 抽取并记录信息: {"user_identity": "", "user_preference": "", "research_direction": "随机对照试验", "filter_requirements": "仅限随机对照试验；成人和儿童慢性哮喘；包括维持疗法和抗IgE治疗。", "rejection_reasons": "", "other_info": "研究类型：随机对照试验；患者群体：成人和儿童慢性哮喘；干预措施：双盲设计，特定治疗方案；结果指标：哮喘症状、生活质量、药物使用、肺功能测试等。"}
[assistant] 抽取并记录信息: {"user_identity": "", "user_preference": "Only double-blind randomised controlled trials (RCTs) were considered for inclusion. In view of the uncertain washout period for this form of treatment and our interest in inhaled steroid withdrawal and exacerbations, we elected to exclude cross‐over studies.", "research_direction": "asthma inhaler steroids withdrawal and exacerbations", "filter_requirements": "Excluded cross-over studies; included adults and children with chronic asthma from all referral sources. Studies populations were analyzed separately based on their definition of chronic asthma. Subgroup analyses performed where possible.", "user_rejection_reasons": "", "other_info": "Types of interventions: anti-IgE therapy at any dose or route versus placebo. Types of outcome measures: asthma exacerbations, reduction or termination of steroid use, asthma symptoms, health-related quality of life, rescue medication use, lung function measurements (FEV1 and PEF), adverse events."}
[assistant] 抽取并记录信息: {"other_info": "It seems you have already provided a structured JSON format with various sections of data related to omalizumab. Below is a more organized version of your data, formatted for clarity and ease of access:\n\n---\n\n### **Information Extraction**\n- **P value**: 0.67  \n  *Note: No significant difference in rescue medication between IV and placebo.*\n\n---\n\n### **Statistics on Omalizumab**\n1. **Rescue Medication Use**:\n   - **IV Omalizumab**: PEF increased by 30.7 L/min (P < 0.007). FEV1 showed no significant difference.\n   - **Aerosolized Omalizumab**: No significant differences in PEF or FEV1.\n\n2. **Lung Function**:\n   - **IV Omalizumab**: Significant increase in PEF (30.7 L/min) and no change in FEV1.\n   - **Aerosolized Omalizumab**: No significant differences in PEF or FEV1.\n\n---\n\n### **Adverse Events**\n- **Aerosolized Omalizumab**:\n  - Nine participants reported headaches; no significant difference from placebo.\n  - One participant developed IgG and IgA antibodies, not detected at follow-up.\n\n- **IV Omalizumab (Participants Not on ICS)**:\n  - Few adverse events noted, similar to placebo.\n\n---\n\n### **Rescue Medication Use**\n1. **IV Omalizumab**:\n   - Albuterol use reduced by 14% compared to 10% in the placebo group (P = 0.02).\n\n2. **Aerosolized Omalizumab**: No significant difference from placebo.\n\n---\n\n### **Lung Function**\n- **IV Omalizumab**:\n  - Morning PEF increased significantly (30.7 L/min vs. 11.3 L/min, P = 0.007).\n  - FEV1 showed no significant change.\n\n- **Aerosolized Omalizumab**: No significant differences in PEF or FEV1.\n\n---\n\n### **Symptom Scores**\n- **Information Extraction**:\n  - Mean asthma symptom scores were significantly lower during the steroid stable phase (2.8 vs. 3.1, P = 0.008).\n  - Small reduction noted at 20 weeks post-treatment (P < 0.05).\n\n---\n\n### **Health-Related Quality of Life**\n- **Information Extraction**:\n  - Mean increase in Asthma Quality of Life Questionnaire scores: High-dose IV group (+1.4) vs. placebo group (+0.8, P < 0.001).\n\n---\n\nThis structure organizes the data into clear categories for easier access and interpretation. Let me know if you need further assistance!"}
[assistant] 为 executor 提供背景信息，任务: 筛选相关论文
[assistant] 为 executor 提供背景信息，任务: 对论文进行详细筛选，根据摘要判断是否纳入
[executor] 轮次1筛选完成: 2 include, 9 exclude, 0 not sure
[assistant] 抽取并记录信息: {"user_identity": "", "user_preference": "", "research_direction": "Omalizumab provides long-term control in patients with moderate-to-severe allergic asthma", "filter_requirements": "", "rejection_reasons": "", "other_info": ""}
[assistant] 抽取并记录信息: {"用户身份与背景": "", "用户偏好": "", "研究方向": "过敏性哮喘药物研究", "论文筛选要求": "", "用户拒绝论文的原因": "", "其他有用信息": "论文标题：The anti-IgE antibody omalizumab reduces exacerbations and steroid requirement in allergic asthmatics，用户认为该论文符合研究需求"}
[simulated_user] 轮次1用户反馈: 2 满意, 0 不满意, 累计满意: 2/5
[assistant] 为 executor 提供背景信息，任务: 对论文进行详细筛选，根据摘要判断是否纳入
