[assistant] 抽取并记录信息: {"user_identity": "", "user_preference": "", "research_direction": "Blood pressure lowering efficacy of nonselective beta‐blockers for primary hypertension", "filter_requirements": "", "rejection_reasons": "", "other_info": ""}
[assistant] 抽取并记录信息: {"user_identity": "", "user_preference": "", "research_direction": "非选择性β受体阻滞剂对原发性高血压患者的血压和心率影响", "filter_requirements": "随机、双盲、安慰剂对照、平行或交叉试验；包含固定剂量的非选择性β受体阻滞剂单药治疗组；受试者基线为原发性高血压；研究持续时间3-12周；检索截至2013年10月", "rejection_reasons": "", "other_info": "系统综述纳入25项随机对照试验，评估7种非选择性β受体阻滞剂在1264名高血压患者中的效果；主要结果包括收缩压、舒张压、心率及脉压的降低幅度；证据质量低至极低"}
[assistant] 抽取并记录信息: {"user_identity": "", "user_preference": "", "research_direction": "非选择性β受体阻滞剂对血压的影响", "filter_requirements": "安慰剂对照；随机分配至非选择性β受体阻滞剂组和安慰剂组；平行或交叉设计；双盲；随访至少3周；基线（洗脱后）和治疗开始后3至12周之间至少一个时间点的血压测量；基线收缩压≥140 mmHg或舒张压≥90 mmHg；肌酐水平不超过正常值1.5倍；不限制年龄、性别、基线风险或其他合并症；单药治疗使用特定非选择性β受体阻滞剂；排除基于血压反应调整剂量的试验；结局指标包括谷值或峰值收缩压和舒张压变化、标准差变化、脉压变化、心率变化、因不良事件退出人数", "rejection_reasons": "", "other_info": "包含重复的纳入标准描述"}
[assistant] 抽取并记录信息: {"user_identity": "", "user_preference": "", "research_direction": "非选择性β受体阻滞剂对高血压的疗效", "filter_requirements": "研究类型：安慰剂对照、随机分配至非选择性β受体阻滞剂组和安慰剂组、平行或交叉设计、双盲、随访至少三周、基线（洗脱后）和治疗开始后3至12周之间至少一个时间点的血压测量；参与者：基线SBP≥140 mmHg或DBP≥90 mmHg，肌酐水平不超过正常值1.5倍，不限制年龄、性别、基线风险或其他合并症；干预：非选择性β受体阻滞剂单药治疗（特定药物列表），排除基于血压反应调整剂量的试验；结局：与安慰剂相比的谷值或峰值SBP和DBP变化、标准差变化、脉压变化、心率变化、因不良事件退出人数。", "rejection_reasons": "", "other_info": "主要结局：谷值或峰值SBP和DBP变化；次要结局：标准差、脉压、心率变化及因不良事件退出人数。"}
[assistant] 抽取并记录信息: {"user_identity": "", "user_preference": "", "research_direction": "", "filter_requirements": "", "rejection_reasons": "", "other_info": "对话内容为多个数据库的检索策略，涉及β受体阻滞剂（beta blockers）治疗高血压的随机对照试验检索，无用户身份、偏好、研究方向、筛选要求或拒绝原因等信息。"}
[assistant] 为 executor 提供背景信息，任务: 筛选相关论文
[coordinator] Metadata初筛完成: 3333 → 3061 篇
[assistant] 为 executor 提供背景信息，任务: 仅根据论文标题判断是否与研究方向相关，做保守筛选
[coordinator] Title筛选完成: 排除 3043 篇, 保留 18 篇
[assistant] 为 executor 提供背景信息，任务: 对论文进行详细筛选，根据摘要判断是否纳入
[executor] 轮次1筛选完成: 1 include, 17 exclude, 0 not sure
[assistant] 抽取并记录信息: {"user_identity": "", "user_preference": "", "research_direction": "", "filter_requirements": "", "rejection_reasons": "", "other_info": "用户对论文 'Propranolol in hypertension: a dose-response study.' 感到满意，认为该论文符合研究需求。"}
[simulated_user] 轮次1用户反馈: 1 满意, 0 不满意, 累计满意: 1/5
[assistant] 为 executor 提供背景信息，任务: 对论文进行详细筛选，根据摘要判断是否纳入
[assistant] 抽取并记录信息: {"user_identity": "", "user_preference": "", "research_direction": "降压效果, 非选择性β受体阻滞剂", "filter_requirements": "", "rejection_reasons": "", "other_info": ""}
[assistant] 抽取并记录信息: {"user_identity": "", "user_preference": "", "research_direction": "Nonselective beta-blockers and their effects on blood pressure", "filter_requirements": "Cochrane Central Register of Controlled Trials (CENTRAL), MEDLINE, EMBASE, ClinicalTrials.gov; Randomized controlled trials up to October 2013; Double-blind, placebo-controlled trials with nonselective beta-blocker monotherapy arms and fixed doses; Participants with primary hypertension baseline; Study duration between three and twelve weeks", "rejection_reasons": "", "other_info": "The study quantifies the dose-related effects of nonselective beta-blockers on systolic and diastolic blood pressure compared to placebo in hypertensive patients. It evaluates both direct and indirect comparisons, identifies a small reduction in pulse pressure with higher doses, and notes limited data on adverse effects."}
[assistant] 抽取并记录信息: {"user_identity": "", "user_preference": "", "research_direction": "Non-selective beta-blocker studies", "filter_requirements": "placebo-controlled; random allocation to nonselective beta-blocker group and placebo group; parallel or cross-over design; double blinded; duration of follow-up of at least three weeks; BP measurements at baseline (following washout) and at one or more time points between three and 12 weeks after starting treatment. Participants had a baseline SBP of at least 140 mmHg or a DBP of at least 90 mmHg, or both, measured in a standard way. Participants must not have had creatinine levels greater than 1.5 times the normal level. We did not restrict participants by age, gender, baseline risk or any other comorbid conditions.", "rejection_reasons": "", "other_info": ""}
[assistant] 抽取并记录信息: {"user_identity": "计算机专业硕士研究生", "user_preference": "", "research_direction": "β受体阻滞剂临床试验", "filter_requirements": "包括以下标准：Types of studies, Types of participants, Types of interventions, Types of outcome measures, Primary outcomes, Secondary outcomes", "rejection_reasons": "", "other_info": ""}
[assistant] 抽取并记录信息: {"用户身份与背景": "", "偏好": "", "研究方向": {"药物": ["β受体阻滞剂", "α-β受体阻滞剂"], "疾病": ["高血压"]}, "筛选要求": ["MeSH术语匹配", "特定药物名称", "排除不符合条件的研究类型"]}
[assistant] 为 executor 提供背景信息，任务: 筛选相关论文
[assistant] 为 executor 提供背景信息，任务: 对论文进行详细筛选，根据摘要判断是否纳入
[executor] 轮次1筛选完成: 5 include, 0 exclude, 0 not sure
[assistant] 抽取并记录信息: {"user_identity": "", "user_preference": "", "research_direction": "Cardiovascular Response to Adrenergic Stimulation during Treatment with Tertatolol", "filter_requirements": "", "rejection_reasons": "", "other_info": ""}
[assistant] 抽取并记录信息: {"user_identity": "", "user_preference": "", "research_direction": "", "filter_requirements": "", "rejection_reasons": "", "other_info": ""}
[assistant] 抽取并记录信息: {"user_identity": "", "user_preference": "", "research_direction": "高血压", "filter_requirements": "", "rejection_reasons": "", "other_info": "Methyldopa和propranolol或practicolol在治疗中性高血压中的应用"}
[assistant] 抽取并记录信息: {"user_identity": "", "user_preference": "", "research_direction": "降压药物", "filter_requirements": "", "rejection_reasons": "", "other_info": "论文标题：Atenolol, sustained-release oxprenolol, and long-acting propranolol in hypertension. 研究主题：降压药物。"}
[assistant] 抽取并记录信息: {"user_identity": "", "user_preference": "", "research_direction": "Comparison of antihypertensive activity of beta-blocking drugs during chronic treatment", "filter_requirements": "Nonfixed dose", "rejection_reasons": "用户对论文 'Comparison of antihypertensive activity of beta-blocking drugs during chronic treatment.' 不满意，排除原因: Nonfixed dose", "other_info": ""}
[simulated_user] 轮次1用户反馈: 4 满意, 1 不满意, 累计满意: 4/5
[assistant] 为 executor 提供背景信息，任务: 对论文进行详细筛选，根据摘要判断是否纳入
[assistant] 为 executor 提供背景信息，任务: 对论文进行详细筛选，根据摘要判断是否纳入
