[assistant] 抽取并记录信息: {"user_identity": "", "user_preference": "", "research_direction": "慢性哮喘治疗", "filter_requirements": "", "rejection_reasons": "", "other_info": ""}
[assistant] 抽取并记录信息: {"user_identity": "", "user_preference": "", "research_direction": "哮喘治疗中ICS联合LABA与LTRA的疗效与安全性比较", "filter_requirements": "随机对照试验，治疗至少4周，截至2012年12月", "rejection_reasons": "", "other_info": "系统综述类型为干预性综述，主要关注成人哮喘患者，儿童数据有限"}
[assistant] 抽取并记录信息: {"user_identity": "", "user_preference": "", "research_direction": "哮喘治疗", "filter_requirements": "纳入标准：随机对照试验（RCT），对象为成人或儿童，在ICS治疗基础上添加LABA或LTRA（固定剂量组合）；参与者为ICS作为唯一控制药物的复发性或持续性哮喘患者；干预措施包括LABA（如沙美特罗、福莫特罗）或LTRA（如孟鲁司特、普仑司特、扎鲁司特、齐留通）；参与者需在整个治疗期间服用稳定剂量的ICS；干预至少持续四周；允许使用吸入短效β2激动剂和短程口服皮质类固醇作为急救措施。排除标准：未明确提及排除标准。", "rejection_reasons": "", "other_info": "关注的结局指标包括：需要急救短程全身性皮质类固醇的哮喘急性发作人数；其他严重程度指标如住院；长期哮喘控制指标如肺功能、症状评分、无症状天数/夜数、生活质量、急救药物使用和患者满意度；炎症指标如嗜酸性粒细胞增多、血清嗜酸性粒细胞阳离子蛋白和痰嗜酸性粒细胞；不良事件包括临床和生化不良事件发生率；退出情况。"}
[assistant] 抽取并记录信息: {"user_identity": "", "user_preference": "", "research_direction": "哮喘治疗中LABA或LTRA作为ICS附加治疗的随机对照试验", "filter_requirements": "纳入标准：随机对照试验；成人或儿童；LABA或LTRA作为固定剂量联合治疗添加到ICS；参与者为复发性或持续性哮喘且仅使用ICS作为控制药物；干预至少4周；允许使用短效β2激动剂和短期口服皮质类固醇作为救援。排除标准未明确。", "rejection_reasons": "", "other_info": ""}
[assistant] 抽取并记录信息: {"user_identity": "", "user_preference": "", "research_direction": "", "filter_requirements": "", "rejection_reasons": "", "other_info": ""}
[assistant] 为 executor 提供背景信息，任务: 筛选相关论文
[coordinator] Metadata初筛完成: 3333 → 3061 篇
[assistant] 为 executor 提供背景信息，任务: 仅根据论文标题判断是否与研究方向相关，做保守筛选
[coordinator] Title筛选完成: 排除 3044 篇, 保留 17 篇
[assistant] 为 executor 提供背景信息，任务: 对论文进行详细筛选，根据摘要判断是否纳入
[executor] 轮次1筛选完成: 4 include, 5 exclude, 1 not sure
[assistant] 抽取并记录信息: {"user_identity": "", "user_preference": "", "research_direction": "", "filter_requirements": "", "rejection_reasons": "", "other_info": ""}
[assistant] 抽取并记录信息: {"user_identity": "", "user_preference": "", "research_direction": "", "filter_requirements": "", "rejection_reasons": "", "other_info": "用户对论文 'Step-up Therapy for Children with Uncontrolled Asthma Receiving Inhaled Corticosteroids' 感到满意，认为符合研究需求。"}
[assistant] 抽取并记录信息: {"user_identity": "", "user_preference": "", "research_direction": "", "filter_requirements": "", "rejection_reasons": "", "other_info": "用户对论文 'The salmeterol/£uticasone combination is more e¡ective than £uticasone plus oral montelukast in asthma' 感到满意，认为符合研究需求。"}
[assistant] 抽取并记录信息: {"user_identity": "", "user_preference": "", "research_direction": "", "filter_requirements": "", "rejection_reasons": "One of the interventions was not LABA + ICS", "other_info": ""}
[assistant] 抽取并记录信息: {"user_identity": "", "user_preference": "", "research_direction": "", "filter_requirements": "", "rejection_reasons": "Observational study", "other_info": ""}
[simulated_user] 轮次1用户反馈: 3 满意, 2 不满意, 累计满意: 3/5
[assistant] 为 executor 提供背景信息，任务: 对论文进行详细筛选，根据摘要判断是否纳入
[executor] 轮次2筛选完成: 3 include, 4 exclude, 0 not sure
[assistant] 抽取并记录信息: {"user_identity": "", "user_preference": "", "research_direction": "", "filter_requirements": "", "rejection_reasons": "Not truly randomised as eligible patients were allocated to each treatment group according to their application month to hospital (consecutive alocation not random).", "other_info": ""}
[simulated_user] 轮次2用户反馈: 0 满意, 1 不满意, 累计满意: 3/5
[assistant] 为 executor 提供背景信息，任务: 对论文进行详细筛选，根据摘要判断是否纳入
[assistant] 为 executor 提供背景信息，任务: 对论文进行详细筛选，根据摘要判断是否纳入
[assistant] 抽取并记录信息: {"user_identity": "", "user_preference": "", "research_direction": "比较吸入性长-作用β2-agonists和anti-leukotrienes用于慢性哮喘的效果", "filter_requirements": "", "rejection_reasons": "", "other_info": ""}
[assistant] 抽取并记录信息: {"user_identity": "Asthma patients (children and adults)", "user_preference": "Systematic Review/Intervention", "research_direction": "Comparing LABA vs. LTRA in asthma management", "filter_requirements": "Systematic review until December 2012, RCTs with ICS plus LABA or LTRA for at least four weeks in adults or children with recurrent asthma", "rejection_reasons": "", "other_info": ""}
[assistant] 抽取并记录信息: {"user_identity": "", "user_preference": "", "research_direction": "哮喘药物临床试验", "filter_requirements": "纳入标准：随机化对照试验（RCTs）；干预措施：LABA或LTRA作为固定剂量组合用于ICS治疗；研究对象为成人或儿童；排除标准：使用ICS作为唯一哮喘控制药物；干预措施包括 LABA（如舍米特醇、形ominator）、LTRA（如莫那鲁卡斯、帕兰鲁卡斯、扎夫利鲁卡斯、泽乐图）；参与者需要稳定服用ICS治疗期间的剂量；干预措施必须至少持续四周；允许使用吸入短效β2受体激动剂和短期口服皮质类固醇作为救援干预；评估指标包括：哮喘发作次数、系统性皮质类固醇使用次数、症状评分、无症状天数或夜晚、生活质量、使用救援快效β2受体激动剂的频率及参与者满意度、炎症指标（如 eosinophilia、serum eosinophil cationic protein、sputum eosinophils）、不良事件发生率；研究排除了哮喘发作次数需要系统性皮质类固醇治疗的情况。", "rejection_reasons": "", "other_info": ""}
[assistant] 抽取并记录信息: {"user_identity": "", "user_preference": "", "research_direction": "Randomised controlled trials (RCTs) conducted in adults or children for whom a LABA or an LTRA was added, as a fixed-dose combination, to ICS treatment.", "filter_requirements": "Types of studies: RCTs; Types of participants: Children or adults with recurrent or persistent asthma treated with ICS as the only asthma control medication before study entry.; Types of interventions: LABA (e.g. salmeterol, formoterol) or LTRA (e.g. montelukast, pranlukast, zafirlukast, zileuton). Participants were required to be taking a stable dose of ICS throughout the treatment period. The intervention must have been administered for a minimum of four weeks. Inhaled short-acting beta2-agonists and short courses of oral corticosteroids were permitted as rescue interventions.; Types of outcome measures: Number of participants with asthma exacerbations requiring a rescue short course of systemic corticosteroids. Other measures of severity of exacerbations, such as hospital admissions. Measures reflecting long-term asthma control, such as pulmonary function tests, symptom scores, days or nights or both without symptoms, quality of life, use of rescue fast-acting beta2-agonists and participant satisfaction. Measures of inflammation, such as eosinophilia, serum eosinophil cationic protein and sputum eosinophils. Adverse events including rates of clinical and biochemical adverse events. Withdrawals.", "primary_outcomes": "Number of participants with asthma exacerbations requiring a rescue short course of systemic corticosteroids.", "secondary_outcomes": "Other measures of severity of exacerbations, such as hospital admissions. Measures reflecting long-term asthma control, such as pulmonary function tests, symptom scores, days or nights or both without symptoms, quality of life, use of rescue fast-acting beta2-agonists and participant satisfaction. Measures of inflammation, such as eosinophilia, serum eosinophil cationic protein and sputum eosinophils. Adverse events including rates of clinical and biochemical adverse events. Withdrawals."}
[assistant] 抽取并记录信息: {"user_identity": "", "user_preference": "", "research_direction": "", "filter_requirements": "", "rejection_reasons": "", "other_info": ""}
[assistant] 为 executor 提供背景信息，任务: 筛选相关论文
[assistant] 为 executor 提供背景信息，任务: 对论文进行详细筛选，根据摘要判断是否纳入
[executor] 轮次1筛选完成: 7 include, 2 exclude, 1 not sure
[assistant] 抽取并记录信息: {"user_identity": "", "user_preference": "", "research_direction": "Montelukast and fluticasone compared with salmeterol and fluticasone", "filter_requirements": "", "rejection_reasons": "", "other_info": "Montelukast and fluticasone compared with salmeterol and fluticasone in protecting against asthma exacerbation in adults: one year, double blind, randomised, comparative trial"}
[assistant] 抽取并记录信息: {"other_info": "```json\n{\n  \"user_identity\": \"\",\n  \"user_preference\": \"\",\n  \"research_direction\": \"\", // 研究方向无法从对话中明确提取\n  \"filter_requirements\": \"\",\n  \"rejection_reasons\": \"\",\n  \"other_info\": \"\"\n}\n```"}
[assistant] 抽取并记录信息: {"user_identity": "", "user_preference": "", "research_direction": "药物治疗效果比较", "filter_requirements": "", "rejection_reasons": "", "other_info": ""}
[assistant] 抽取并记录信息: {"user_identity": "", "user_preference": "", "research_direction": "", "filter_requirements": "", "rejection_reasons": "Duration of intervention <30 days", "other_info": ""}
[assistant] 抽取并记录信息: {"user_identity": "", "user_preference": "", "research_direction": "Combination Therapy with a Long-Acting β-Agonist and a Leukotriene Antagonist in Moderate Asthma", "filter_requirements": "", "rejection_reasons": "Comparison of MON/SAL with FP/SAL", "other_info": ""}
[assistant] 抽取并记录信息: {"user_identity": "", "user_preference": "", "research_direction": "Asthma medication", "filter_requirements": "LTRA and LABA not compared as add on to ICS", "rejection_reasons": "LTRA and LABA not compared as add on to ICS", "other_info": ""}
[assistant] 抽取并记录信息: {"user_identity": "", "user_preference": "", "research_direction": "哮喘治疗", "filter_requirements": "排除标准: 没有系统性联合使用ICS", "rejection_reasons": "排除原因: No systematic co-treatment with ICS", "other_info": ""}
[assistant] 抽取并记录信息: {"user_identity": "", "user_preference": "", "research_direction": "哮喘治疗", "filter_requirements": "", "rejection_reasons": "", "other_info": ""}
[simulated_user] 轮次1用户反馈: 4 满意, 4 不满意, 累计满意: 4/5
[assistant] 为 executor 提供背景信息，任务: 对论文进行详细筛选，根据摘要判断是否纳入
[executor] 轮次2筛选完成: 7 include, 2 exclude, 1 not sure
[assistant] 抽取并记录信息: {"user_identity": "", "user_preference": "", "research_direction": "Dose reduction of inhaled corticosteroids under concomitant medication with montelukast in patients with asthma", "filter_requirements": "", "rejection_reasons": "One of the interventions was not LABA + ICS", "other_info": ""}
[assistant] 抽取并记录信息: {"user_identity": "", "user_preference": "", "research_direction": "哮喘和过敏性鼻炎管理", "filter_requirements": "Observational study", "rejection_reasons": "Observational study", "other_info": ""}
[assistant] 抽取并记录信息: {"user_identity": "", "user_preference": "", "research_direction": "氢氟烷酮类药物在哮喘中的应用", "filter_requirements": "", "rejection_reasons": "No LTRA and No LABA", "other_info": ""}
[assistant] 抽取并记录信息: {"user_identity": "", "user_preference": "", "research_direction": "", "filter_requirements": "", "rejection_reasons": "One of the interventions not LTRA", "other_info": ""}
[assistant] 抽取并记录信息: {"user_identity": "", "user_preference": "", "research_direction": "呼吸系统药物或哮喘治疗", "filter_requirements": "其中一个干预措施不是 LTRA + ICS", "rejection_reasons": "One of the interventions is not LTRA + ICS", "other_info": ""}
[assistant] 抽取并记录信息: {"user_identity": "", "user_preference": "", "research_direction": "呼吸系统疾病", "filter_requirements": "LTRA without ICS", "rejection_reasons": "LTRA administered without an ICS", "other_info": ""}
[assistant] 抽取并记录信息: {"user_identity": "", "user_preference": "", "research_direction": "哮喘治疗对儿童肺功能的影响", "filter_requirements": "", "rejection_reasons": "Participants were all on combination therapy ICS + LABA prior to enrollment and all controller medication was withdrawn for the 4‐week run‐in period. Neither before or during the run‐in were the participants on ICS alone prior to randomisation.", "other_info": ""}
[assistant] 抽取并记录信息: {"user_identity": "", "user_preference": "LABA + ICS", "research_direction": "", "filter_requirements": "干预措施为 LABA + ICS", "rejection_reasons": "One of the interventions was not LABA + ICS", "other_info": ""}
[simulated_user] 轮次2用户反馈: 0 满意, 8 不满意, 累计满意: 4/5
[assistant] 为 executor 提供背景信息，任务: 对论文进行详细筛选，根据摘要判断是否纳入
[executor] 轮次3筛选完成: 1 include, 1 exclude, 0 not sure
[assistant] 抽取并记录信息: {"user_identity": "", "user_preference": "", "research_direction": "哮喘治疗药物组合使用", "filter_requirements": "", "rejection_reasons": "One of the interventions was not LABA + ICS", "other_info": ""}
[simulated_user] 轮次3用户反馈: 0 满意, 1 不满意, 累计满意: 4/5
[assistant] 为 executor 提供背景信息，任务: 对论文进行详细筛选，根据摘要判断是否纳入
[assistant] 为 executor 提供背景信息，任务: 对论文进行详细筛选，根据摘要判断是否纳入
