[assistant] 抽取并记录信息: {"user_identity": "", "user_preference": "", "research_direction": "Sulfasalazine for ankylosing spondylitis", "filter_requirements": "", "rejection_reasons": "", "other_info": ""}
[assistant] 抽取并记录信息: {"user_identity": "", "user_preference": "", "research_direction": "柳氮磺吡啶治疗强直性脊柱炎的系统综述", "filter_requirements": "", "rejection_reasons": "", "other_info": ""}
[assistant] 抽取并记录信息: {"user_identity": "", "user_preference": "any language", "research_direction": "sulfasalazine for ankylosing spondylitis (AS)", "filter_requirements": "randomized controlled trials (RCTs) and quasi-RCTs; patients with AS fulfilling Rome 1961, New York 1966, modified New York 1984, Amor or ESSG criteria; sulfasalazine given orally for at least 12 weeks; comparisons: sulfasalazine vs placebo, vs other medication, vs no medication; major outcomes: pain, BASDAI, BASFI, BASMI, radiographic progression, withdrawals due to adverse events, serious adverse events, ASAS responses, other disease activity index, physical function, spinal mobility, peripheral joints/entheses, patient/physician global assessment, fatigue, acute phase reactants, total withdrawals", "rejection_reasons": "", "other_info": ""}
[assistant] 抽取并记录信息: {"user_identity": "", "user_preference": "", "research_direction": "柳氮磺吡啶治疗强直性脊柱炎的系统评价", "filter_requirements": "随机对照试验或准随机对照试验；任何语言；患者符合1961罗马、1966纽约、1984修订纽约、Amor或ESSG标准；干预措施为口服柳氮磺吡啶至少12周；结局指标包括疼痛、BASDAI、BASFI、BASMI、影像学进展、不良事件退出、严重不良事件等", "rejection_reasons": "", "other_info": ""}
[assistant] 抽取并记录信息: {"user_identity": "", "user_preference": "", "research_direction": "", "filter_requirements": "", "rejection_reasons": "", "other_info": ""}
[assistant] 为 executor 提供背景信息，任务: 筛选相关论文
[coordinator] Metadata初筛完成: 3333 → 3061 篇
[assistant] 为 executor 提供背景信息，任务: 仅根据论文标题判断是否与研究方向相关，做保守筛选
[coordinator] Title筛选完成: 排除 3056 篇, 保留 5 篇
[assistant] 为 executor 提供背景信息，任务: 对论文进行详细筛选，根据摘要判断是否纳入
[executor] 轮次1筛选完成: 3 include, 2 exclude, 0 not sure
[assistant] 抽取并记录信息: {"user_identity": "", "user_preference": "", "research_direction": "", "filter_requirements": "", "rejection_reasons": "", "other_info": "用户对论文 'Sulphasalazine in ankylosing spondylitis: a double blind controlled study in 60 patients.' 感到满意，认为符合研究需求。"}
[assistant] 抽取并记录信息: {"user_identity": "", "user_preference": "", "research_direction": "", "filter_requirements": "", "rejection_reasons": "", "other_info": "用户对论文 'Sulphasalazine in ankylosing spondylitis.' 感到满意，认为该论文符合研究需求。"}
[assistant] 抽取并记录信息: {"user_identity": "", "user_preference": "", "research_direction": "", "filter_requirements": "", "rejection_reasons": "无法单独获取强直性脊柱炎患者的结果", "other_info": ""}
[simulated_user] 轮次1用户反馈: 2 满意, 1 不满意, 累计满意: 2/5
[assistant] 为 executor 提供背景信息，任务: 对论文进行详细筛选，根据摘要判断是否纳入
[assistant] 为 executor 提供背景信息，任务: 对论文进行详细筛选，根据摘要判断是否纳入
[assistant] 抽取并记录信息: {"user_identity": "", "user_preference": "", "research_direction": "药物在类风湿性关节炎中的应用", "filter_requirements": "", "rejection_reasons": "", "other_info": "Sulfasalazine for ankylosing spondylitis"}
[assistant] 抽取并记录信息: {"user_identity": "", "user_preference": "", "research_direction": "Ankylosing spondylitis (AS) treatment", "filter_requirements": "Cochrane Central Register of Controlled Trials, MEDLINE, EMBASE, CINAHL, Ovid MEDLINE data, WHO ICTRP", "rejection_reasons": "", "other_info": "The review evaluates the benefits and harms of sulfasalazine for ankylosing spondylitis treatment. It includes 11 studies with 895 participants, comparing sulfasalazine to placebo. The pooled results show a small reduction in pain but significant adverse effects."}
[assistant] 抽取并记录信息: {"user_identity": "Medical researcher focusing on Ankylosing Spondylitis and Spondyloarthropathies", "user_preference": "", "research_direction": "Ankylosing Spondylitis and Spondyloarthropathies", "filter_requirements": "Randomized controlled trials (RCTs) and quasi‐RCTs with sulfasalazine treatment, at least 12 weeks duration, excluding studies not meeting specific disease activity criteria.", "rejection_reasons": "", "other_info": ""}
[assistant] 抽取并记录信息: {"user_identity": "Medical researcher with expertise in rheumatology", "user_preference": "Sulfasalazine and randomized controlled trials (RCTs)", "research_direction": "Evaluation of sulfasalazine benefits and harms on ankylosing spondylitis (AS) through randomized controlled trials (RCTs) or quasi‐RCTs in any language", "filter_requirements": "", "rejection_reasons": "", "other_info": ""}
[assistant] 抽取并记录信息: {"other_info": "### 信息抽取结果：\n\n1. **信息抽取**：\n   - **随机数字表**：研究使用了“随机数字表”作为随机化方法。\n   - **计算机生成的随机数**：研究中没有明确提到是否使用了计算机生成的随机数，但可能有其他替代方法。\n\n### 风险评估标准判断结果：\n\n2. **风险评估标准判断**：\n   - **随机数字表**：研究使用了“随机数字表”，符合低风险。\n   - **计算机生成的随机数**：由于没有明确提到使用计算机生成的随机数，无法确定是否符合低风险。\n\n### 详细分析：\n\n1. **信息抽取部分**：\n   - 研究明确指出使用了“随机数字表”作为随机化方法，这是明确且具体的。\n   - 对于计算机生成的随机数，文本中没有提供相关信息，因此无法提取具体数据。\n\n2. **风险评估标准判断部分**：\n   - **随机数字表**：符合低风险，因为研究明确使用了随机数字表。\n   - **计算机生成的随机数**：由于缺乏信息，无法判断是否符合低风险。根据提供的信息，可能需要将其归类为中风险。\n\n### 结论：\n\n- **信息抽取结果**：\n  - 随机数字表：是\n  - 计算机生成的随机数：不确定\n\n- **风险评估结果**：\n  - 随机数字表：低风险\n  - 计算机生成的随机数：中风险"}
[assistant] 为 executor 提供背景信息，任务: 筛选相关论文
[assistant] 为 executor 提供背景信息，任务: 对论文进行详细筛选，根据摘要判断是否纳入
[executor] 轮次1筛选完成: 0 include, 5 exclude, 1 not sure
[assistant] 为 executor 提供背景信息，任务: 对论文进行详细筛选，根据摘要判断是否纳入
