[assistant] 抽取并记录信息: {"user_identity": "", "user_preference": "", "research_direction": "Blood pressure control for diabetic retinopathy", "filter_requirements": "", "rejection_reasons": "", "other_info": ""}
[assistant] 抽取并记录信息: {"user_identity": "", "user_preference": "", "research_direction": "Diabetic retinopathy, blood pressure control intervention", "filter_requirements": "Randomized controlled trials, type 1 or type 2 diabetic participants, with or without hypertension, comparing intense vs less intense blood pressure control, blood pressure control vs usual care/no intervention, or different classes of anti-hypertensive agents vs placebo; search up to 25 April 2014", "rejection_reasons": "", "other_info": "Review type: Intervention"}
[assistant] 抽取并记录信息: {"user_identity": "", "user_preference": "", "research_direction": "糖尿病视网膜病变与血压控制", "filter_requirements": "仅纳入随机对照试验（RCTs）；参与者诊断为1型或2型糖尿病，不限年龄、性别、种族、血统、血压状态或治疗、糖尿病视网膜病变状态；比较严格血压控制与较不严格血压控制、血压控制与无干预（安慰剂）、不同类别抗高血压药物之间；结局包括视网膜病变发生率（ETDRS评分≥35）、进展（两步或以上）、视力下降（logMAR图表三行或以上）、增殖性糖尿病视网膜病变或临床显著黄斑水肿、不良事件、生活质量、经济数据；随访时间无限制但至少一年，主要结局时间点为4-5年，也分析1.5-2年数据", "rejection_reasons": "", "other_info": "排除未报告视网膜病变结局的RCT和非随机研究；对于使用非ETDRS量表的试验，评估量表可比性；事后添加了视网膜病变发生或进展的复合结局；未对不良事件进行额外检索"}
[assistant] 抽取并记录信息: {"user_identity": "", "user_preference": "", "research_direction": "糖尿病视网膜病变与血压控制", "filter_requirements": "仅纳入随机对照试验（RCTs）；参与者为1型或2型糖尿病患者，不限年龄、性别、种族等；干预措施为严格血压控制 vs 宽松控制、血压控制 vs 安慰剂、不同抗高血压药物类别比较；结局指标包括视网膜病变发生率、进展、视力下降、增殖性糖尿病视网膜病变、黄斑水肿、不良事件、生活质量、经济数据；随访时间无限制但至少1年，主要分析4-5年及1.5-2年数据。", "rejection_reasons": "", "other_info": ""}
[assistant] 抽取并记录信息: {"user_identity": "", "user_preference": "", "research_direction": "Diabetic Retinopathy, Blood Pressure, Antihypertensive Agents", "filter_requirements": "Randomized controlled trials, clinical trials, comparative studies, prospective studies", "rejection_reasons": "", "other_info": "The search strategies cover multiple databases (CENTRAL, MEDLINE, EMBASE, LILACS, metaRegister of Controlled Trials, ClinicalTrials.gov, ICTRP) and include detailed MeSH terms and keywords for diabetic retinopathy, blood pressure, glucose, hypertension, and various antihypertensive drug classes."}
[assistant] 为 executor 提供背景信息，任务: 筛选相关论文
[coordinator] Metadata初筛完成: 3333 → 3061 篇
[assistant] 为 executor 提供背景信息，任务: 仅根据论文标题判断是否与研究方向相关，做保守筛选
[coordinator] Title筛选完成: 排除 2956 篇, 保留 105 篇
[assistant] 为 executor 提供背景信息，任务: 对论文进行详细筛选，根据摘要判断是否纳入
[executor] 轮次1筛选完成: 3 include, 37 exclude, 0 not sure
[assistant] 抽取并记录信息: {"user_identity": "", "user_preference": "", "research_direction": "", "filter_requirements": "", "rejection_reasons": "", "other_info": "用户对论文 'Appropriate Blood Pressure Control in NIDDM (ABCD) Trial' 感到满意，认为符合研究需求。"}
[assistant] 抽取并记录信息: {"user_identity": "", "user_preference": "", "research_direction": "", "filter_requirements": "", "rejection_reasons": "", "other_info": "用户对论文 'Effects of blood pressure lowering and intensive glucose control on the incidence and progression of retinopathy in patients with type 2 diabetes mellitus: a randomised controlled trial' 感到满意，认为符合研究需求。"}
[assistant] 抽取并记录信息: {"user_identity": "", "user_preference": "", "research_direction": "", "filter_requirements": "", "rejection_reasons": "", "other_info": "用户对论文 'Cost-utility analyses of intensive blood glucose and tight blood pressure control in type 2 diabetes (UKPDS 72)' 感到满意，认为符合研究需求。"}
[simulated_user] 轮次1用户反馈: 3 满意, 0 不满意, 累计满意: 3/5
[assistant] 为 executor 提供背景信息，任务: 对论文进行详细筛选，根据摘要判断是否纳入
[assistant] 抽取并记录信息: {"user_identity": "", "user_preference": "", "research_direction": "Blood pressure control for diabetic retinopathy", "filter_requirements": "", "rejection_reasons": "", "other_info": ""}
[assistant] 抽取并记录信息: {"user_identity": "1型糖尿病患者和2型糖尿病患者", "user_preference": "", "research_direction": "Intervention type assessment", "filter_requirements": "随机对照试验（RCTs）, 时间范围未知, 关键词包括血压控制和糖尿病视网膜病变, 排除标准为非随机对照试验", "rejection_reasons": "", "other_info": "Systematic review abstract"}
[assistant] 抽取并记录信息: {"user_identity": "", "user_preference": "", "research_direction": "糖尿病视网膜病变", "filter_requirements": "只包括随机对照试验（RCT）。参与者必须有1型或2型糖尿病的诊断，不考虑年龄、性别、种族、既往病史、血压管理状态或糖尿病视网膜病变（DMV）的状态。", "rejection_reasons": "", "other_info": "主要关注终点为5年后的视网膜病变发生或进展，包括视网膜病变的定义为ETDRS最终分值≥35或更严重，以及临床显著的视网膜水肿（CSME）。研究还分析了1.5至2年报告的试验结果，并考虑了高血压药物的不良反应，如失血、低血压和视网膜氧缺或视力减退。"}
[assistant] 抽取并记录信息: {"user_identity": "", "user_preference": "", "research_direction": "Diabetic Retinopathy Studies", "filter_requirements": "近两年", "rejection_reasons": "", "other_info": ""}
[assistant] 抽取并记录信息: {"other_info": "To effectively search for studies on antihypertensive drugs in patients with diabetic retinopathy using various databases like LILACS, EMBASE, and ClinicalTrials.gov, follow this organized approach:\n\n1. **Understand Each Database's Focus:**\n   - **Glanville (Appendix 1):** Ideal for comprehensive studies on EMBASE or another database emphasizing rigorous methodologies.\n   - **EMBASE (Appendix 2 & 3):** Focuses on human experiments, useful if excluding animal studies is necessary. Use the clinical trial filters in Appendix 3 for controlled studies.\n   - **LILACS (Appendix 4):** Targeted Latin American studies focusing on retinopathy and blood pressure.\n   - **metaRegister (Appendix 5):** Efficiently targets Diabetic Retinopathy with hypertensive-related terms, combining keywords effectively.\n   - **ClinicalTrials.gov (Appendix 6):** Offers a US perspective, useful for broader regional studies.\n   - **ICTRP (Appendix 7):** Highly specific to Diabetic Retinopathy and blood pressure.\n\n2. **Combine Strategies Using Boolean Operators:**\n   - Use \"AND\" to combine terms like \"Diabetic Retinopathy\" with hypertensive-related keywords.\n   - Use \"OR\" for alternative terms if needed, though the provided strategies mostly use \"AND.\"\n\n3. **Filter by Study Design and Region:**\n   - Apply filters related to study types (e.g., randomized controlled trials) from Appendices 1-3.\n   - Consider publication dates and methodologies required for your research.\n\n4. **Organize Results by Database:**\n   - After searching, categorize results by database to facilitate comparison across sources.\n\n5. **Use Consistent Terminology:**\n   - Ensure that terms like \"retinopathy\" are used consistently across databases, even if their indexing differs.\n\nBy strategically using these approaches, you can efficiently retrieve and organize relevant studies from various databases tailored to your research on antihypertensive drugs in diabetic retinopathy patients."}
[assistant] 为 executor 提供背景信息，任务: 筛选相关论文
[assistant] 为 executor 提供背景信息，任务: 对论文进行详细筛选，根据摘要判断是否纳入
[executor] 轮次1筛选完成: 3 include, 6 exclude, 1 not sure
[assistant] 抽取并记录信息: {"user_identity": "", "user_preference": "", "research_direction": "医学", "filter_requirements": "", "rejection_reasons": "", "other_info": "用户对论文 'Appropriate Blood Pressure Control in NIDDM (ABCD) Trial' 感到满意，认为该论文符合研究需求。"}
[assistant] 抽取并记录信息: {"user_identity": "", "user_preference": "", "research_direction": "糖尿病视网膜病变", "filter_requirements": "", "rejection_reasons": "", "other_info": ""}
[assistant] 抽取并记录信息: {"user_identity": "", "user_preference": "", "research_direction": "糖尿病血管退行性疾病", "filter_requirements": "", "rejection_reasons": "", "other_info": ""}
[assistant] 抽取并记录信息: {"user_identity": "", "user_preference": "", "research_direction": "糖尿病学", "filter_requirements": "", "rejection_reasons": "", "other_info": ""}
[simulated_user] 轮次1用户反馈: 4 满意, 0 不满意, 累计满意: 4/5
[assistant] 为 executor 提供背景信息，任务: 对论文进行详细筛选，根据摘要判断是否纳入
