[assistant] 抽取并记录信息: {"user_identity": "", "user_preference": "", "research_direction": "非小细胞肺癌胸部症状的姑息性放疗方案", "filter_requirements": "", "rejection_reasons": "", "other_info": ""}
[assistant] 抽取并记录信息: {"user_identity": "", "user_preference": "", "research_direction": "非小细胞肺癌姑息性胸部放疗方案比较", "filter_requirements": "随机对照试验，比较不同姑息性胸部放疗方案", "rejection_reasons": "", "other_info": "系统综述类型为干预性综述，更新至2014年1月，纳入14项随机对照试验（3576名患者），主要关注症状改善和生存期，但未发现明确证据表明某种方案更优，且存在偏倚风险和数据缺失问题。"}
[assistant] 抽取并记录信息: {"user_identity": "", "user_preference": "", "research_direction": "非小细胞肺癌的姑息性放疗", "filter_requirements": "随机对照临床试验（RCT），全文发表在期刊或可从研究者处获得完整细节的会议摘要/论文集；组织学或细胞学确认（或高临床可能性）的非小细胞肺癌，局部晚期或转移性，伴有胸部症状；外照射、兆伏级胸部放疗，姑息性目的，总肿瘤剂量<60 Gy（2 Gy/次）或其放射生物学等效剂量，剂量及处方点需明确；排除近距离放疗及放化疗联合治疗；研究需比较至少两种放疗剂量/分割方案；排除立即治疗与延迟治疗的比较研究；结局指标包括主要胸部症状改善（咳嗽、胸痛、咯血、呼吸困难）的程度和持续时间、生活质量、短期毒性（90天内）、长期毒性（90天后）、影像学缓解率、生存期（从随机化或首次治疗开始）", "rejection_reasons": "", "other_info": ""}
[assistant] 抽取并记录信息: {"user_identity": "", "user_preference": "", "research_direction": "", "filter_requirements": "", "rejection_reasons": "", "other_info": ""}
[assistant] 抽取并记录信息: {"user_identity": "", "user_preference": "", "research_direction": "肺癌放射治疗与姑息治疗", "filter_requirements": "2008年至2014年", "rejection_reasons": "", "other_info": "搜索策略涉及Cochrane、MEDLINE、EMBASE等多个数据库，包含系统综述更新记录。"}
[assistant] 为 executor 提供背景信息，任务: 筛选相关论文
[coordinator] Metadata初筛完成: 3333 → 3061 篇
[assistant] 为 executor 提供背景信息，任务: 仅根据论文标题判断是否与研究方向相关，做保守筛选
[coordinator] Title筛选完成: 排除 3039 篇, 保留 22 篇
[assistant] 为 executor 提供背景信息，任务: 对论文进行详细筛选，根据摘要判断是否纳入
[executor] 轮次1筛选完成: 1 include, 21 exclude, 0 not sure
[assistant] 抽取并记录信息: {"user_identity": "", "user_preference": "", "research_direction": "", "filter_requirements": "", "rejection_reasons": "", "other_info": "用户对论文 'A prospective, randomised study to compare two palliative radiotherapy schedules for non-small-cell lung cancer (NSCLC)' 感到满意，认为该论文符合研究需求。"}
[simulated_user] 轮次1用户反馈: 1 满意, 0 不满意, 累计满意: 1/5
[assistant] 为 executor 提供背景信息，任务: 对论文进行详细筛选，根据摘要判断是否纳入
[assistant] 抽取并记录信息: {"user_identity": "", "user_preference": "", "research_direction": "Palliative radiotherapy regimens for patients with thoracic symptoms from non‐small cell lung cancer", "filter_requirements": "", "rejection_reasons": "", "other_info": ""}
[assistant] 抽取并记录信息: {"user_identity": "", "user_preference": "", "research_direction": "评估胸腔放疗方案的效果", "filter_requirements": "使用Cochrane Central Register of Controlled Trials、MEDLINE、EMBASE等数据库进行搜索，筛选随机对照试验，截止时间为2014年1月", "rejection_reasons": "", "other_info": "研究类型为干预型，使用了handsearching、专家讨论等方式进行文献检索，筛选了随机对照临床试验作为候选研究。"}
[assistant] 抽取并记录信息: {"user_identity": "", "user_preference": "", "research_direction": "Randomised controlled clinical trials (RCTs) with specific treatment regimens", "filter_requirements": "两年内", "rejection_reasons": "", "other_info": "研究对象为接受胸腔放射治疗的非小细胞肺癌患者，排除了外部束射和化疗组合治疗的研究。"}
[assistant] 抽取并记录信息: {"user_identity": "", "user_preference": "", "research_direction": "Randomised controlled clinical trials (RCTs), fully published in journals and those identified from other sources (abstracts and proceedings of relevant scientific meetings, and contact with investigators) for which full details were available from the investigators. An RCT is a study in which people are allocated at random (by chance alone) to receive one of several clinical interventions.", "filter_requirements": "近两年", "rejection_reasons": "", "other_info": ""}
[assistant] 抽取并记录信息: {"user_identity": "Cochrane Library Search Strategy", "user_preference": "", "research_direction": "", "filter_requirements": "exp lung neoplasms/ 2. carcinoma, non‐small‐cell lung/ 3. (lung$ or pulmon$ or bronch$) adj3 (cancer$ or carcinoma$ or neoplas$ or tum?or$ or malignan$ or adenocarcinoam$)).tw. 5 respiratory tract tumor/ or exp bronchus cancer/ 6 exp bronchus tumor/ 7 exp respiratory tract cancer/ 8 exp pleura cancer/ 9 exp pleura tumor/ 10 (lung$ or bronch$ or pleur$ or pulomon$).tw. 11 exp Squamous Cell Carcinoma/ 12 exp adenocarcinoma/ 79038  13 exp Large Cell Carcinoma/ 14 or/11‐13 170794    15 10 and 14 24159  16 or/1‐9 318837  17 15 or 16 321481 18 exp Radiotherapy/ 382577  19 exp cancer radiotherapy/ 20 exp brachytherapy/ 21 radiotherap$.tw. 22 (radiat$ adj2 therap$).tw. 23 ((thorac$ or thorax) adj2 (radio$ or radiat$)).tw. 24 (endobronch$ adj2 brachytherap$).tw. 25 or/18‐24 26 exp Palliative Therapy/ 27 exp Terminal Care/ 28 exp \"Quality of Life\"/ 29 (symptom$ adj2 (control$ or relief$ or manag$)).tw. 30 ((palliat$ or symptom$) adj2 (palliat$ or radiat$ or intent$)).tw. 31 or/26‐30 32 Crossover Procedure/ 33 double‐blind procedure/ 34 randomized controlled trial/ 35 single‐blind procedure/ 36 (random$ or factorial$ or crossover$ or cross over$ or placebo$ or assign$ or allocat$ or volunteer$).mp.  37 ((doubl$ or singl$) adj blind$).mp. 38 or/32‐37 39 17 and 25 and 31 and 38 40 limit 39 to yr=\"2012 ‐Current\"", "reasons_for_rejection": ""}
[assistant] 为 executor 提供背景信息，任务: 筛选相关论文
[assistant] 为 executor 提供背景信息，任务: 对论文进行详细筛选，根据摘要判断是否纳入
[executor] 轮次1筛选完成: 1 include, 0 exclude, 0 not sure
[assistant] 抽取并记录信息: {"user_identity": "", "user_preference": "满意", "research_direction": "palliative radiotherapy for NSCLC", "filter_requirements": "", "rejection_reasons": "", "other_info": "用户对论文 'A prospective, randomised study to compare two palliative radiotherapy schedules for non-small-cell lung cancer (NSCLC)' 感到满意，认为该论文符合研究需求。"}
[simulated_user] 轮次1用户反馈: 1 满意, 0 不满意, 累计满意: 1/5
[assistant] 为 executor 提供背景信息，任务: 对论文进行详细筛选，根据摘要判断是否纳入
