[assistant] 抽取并记录信息: {"user_identity": "", "user_preference": "", "research_direction": "早期肝细胞癌的经皮乙醇注射或经皮乙酸注射治疗", "filter_requirements": "", "rejection_reasons": "", "other_info": ""}
[assistant] 抽取并记录信息: {"user_identity": "", "user_preference": "", "research_direction": "肝细胞癌的经皮乙醇注射与经皮乙酸注射治疗比较", "filter_requirements": "随机临床试验，排除射频消融或联合干预的研究", "rejection_reasons": "", "other_info": "研究类型为干预性系统综述，关注早期肝细胞癌（米兰标准）的治疗"}
[assistant] 抽取并记录信息: {"user_identity": "", "user_preference": "", "research_direction": "肝细胞癌（HCC）的经皮局部消融治疗", "filter_requirements": "随机临床试验，无论盲法、发表状态或语言；包括摘要或未发表数据（需足够信息）；非随机研究仅用于危害数据；早期HCC（米兰标准）；诊断需组织学/细胞学或放射学+甲胎蛋白；排除联合治疗（如TACE、RFTA、手术、冷冻）及肝移植；结局指标包括总生存期、无复发生存期、不良事件、住院时间、生活质量", "rejection_reasons": "", "other_info": "纳入比较：PEI或PAI vs 无干预/最佳支持治疗/假干预；PEI vs 其他消融（除RFTA）；PAI vs 其他消融（除RFTA）；PEI或PAI vs 手术"}
[assistant] 抽取并记录信息: {"user_identity": "", "user_preference": "", "research_direction": "肝细胞癌（HCC）的经皮局部消融治疗", "filter_requirements": "随机临床试验；早期HCC（米兰标准）；比较经皮局部消融治疗（PEI或PAI）与无干预、最佳支持治疗、假干预或手术；排除联合治疗（如TACE、RFTA、手术、冷冻治疗）及肝移植；结局指标包括总生存期、无复发生存期、不良事件、住院时间、生活质量", "rejection_reasons": "", "other_info": "纳入标准详细描述了研究类型、参与者、干预措施和结局指标，并提及了非随机研究仅用于获取危害数据。"}
[assistant] 抽取并记录信息: {"user_identity": "", "user_preference": "", "research_direction": "肝细胞癌的乙醇/乙酸注射消融治疗", "filter_requirements": "随机对照试验、盲法、安慰剂对照、meta分析", "rejection_reasons": "", "other_info": "搜索策略覆盖多个数据库（Cochrane、CENTRAL、MEDLINE、EMBASE、SCI），时间范围至2014年7月"}
[assistant] 为 executor 提供背景信息，任务: 筛选相关论文
[coordinator] Metadata初筛完成: 3333 → 3061 篇
[assistant] 为 executor 提供背景信息，任务: 仅根据论文标题判断是否与研究方向相关，做保守筛选
[coordinator] Title筛选完成: 排除 3040 篇, 保留 21 篇
[assistant] 为 executor 提供背景信息，任务: 对论文进行详细筛选，根据摘要判断是否纳入
[executor] 轮次1筛选完成: 0 include, 21 exclude, 0 not sure
[assistant] 为 executor 提供背景信息，任务: 对论文进行详细筛选，根据摘要判断是否纳入
[assistant] 抽取并记录信息: {"user_identity": "", "user_preference": "", "research_direction": "肿瘤治疗中的介入疗法", "filter_requirements": "", "rejection_reasons": "", "other_info": ""}
[assistant] 抽取并记录信息: {"user_identity": "", "user_preference": "", "research_direction": "Hepatocellular carcinoma (HCC) early intervention", "filter_requirements": "Randomized controlled trials comparing PEI/PAI with no intervention, sham, each other, other percutaneous interventions or surgery; time frame: July 2014; excludes RFA and combination interventions", "rejection_reasons": "", "other_info": "Background: HCC is the fifth most common cancer globally. Early interventions like PEI, PAI may be curative with less invasiveness than surgery."}
[assistant] 抽取并记录信息: {"user_identity": "", "user_preference": "English", "research_direction": "Randomised clinical trials on percutaneous local ablative therapies", "filter_requirements": "近两年, 英语", "rejection_reasons": "", "other_info": ""}
[assistant] 抽取并记录信息: {"user_identity": "", "user_preference": "", "research_direction": "Hepatocellular carcinoma (HCC) research", "filter_requirements": "Inclusion criteria include randomized clinical trials on percutaneous local ablative therapies irrespective of blinding, publication status, or language. Non-randomized studies are included for harm data only.", "rejection_reasons": "", "other_info": ""}
[assistant] 抽取并记录信息: {"user_identity": "", "user_preference": "", "research_direction": "Cochrane Hepato-Biliary Group Controlled Trials Register", "filter_requirements": "1946 to July 2014, (((ethanol or alcohol or acetic acid or vinegar) and (inject* or ablati*)) or PEI or PAI or PAAI) AND (((liver or hepatic or hepatocellular or hepato‐cellular) and (carcinom* or cancer* or neoplasm* or malign* or tumo*)) or HCC), #1 TS=(((ethanol or alcohol or acetic acid or vinegar) and (inject* or ablati*)) or PEI or PAI or PAAI), #2 TS=(((liver or hepatic or hepatocellular or hepato‐cellular) and (carcinom* or cancer* or neoplasm* or malign* or tumo*)) or HCC), #3 #2 AND #1, TS=(random* or blind* or placebo* or meta‐analys*)", "rejection_reasons": "", "other_info": "Multiple databases used: Cochrane Hepato-Biliary Group Controlled Trials Register, MEDLINE (Ovid SP), EMBASE (Ovid SP), Science Citation Index Expanded. Search strategy includes specific terms for ethanol, acetic acid, injections, liver neoplasms, and randomized controlled trials."}
[assistant] 为 executor 提供背景信息，任务: 筛选相关论文
[assistant] 为 executor 提供背景信息，任务: 对论文进行详细筛选，根据摘要判断是否纳入
[executor] 轮次1筛选完成: 1 include, 0 exclude, 0 not sure
[assistant] 抽取并记录信息: {"user_identity": "", "user_preference": "", "research_direction": "肿瘤治疗", "filter_requirements": "", "rejection_reasons": "", "other_info": ""}
[simulated_user] 轮次1用户反馈: 1 满意, 0 不满意, 累计满意: 1/5
[assistant] 为 executor 提供背景信息，任务: 对论文进行详细筛选，根据摘要判断是否纳入
