[assistant] 抽取并记录信息: {"user_identity": "", "user_preference": "", "research_direction": "", "filter_requirements": "", "rejection_reasons": "", "other_info": ""}
[assistant] 抽取并记录信息: {"user_identity": "", "user_preference": "", "research_direction": "Intervention", "filter_requirements": "", "rejection_reasons": "", "other_info": ""}
[assistant] 抽取并记录信息: {"user_identity": "", "user_preference": "", "research_direction": "脓毒症抗生素治疗", "filter_requirements": "纳入随机或准随机对照试验；纳入社区或医院获得性脓毒症住院患者；脓毒症定义为感染加全身反应证据；排除新生儿和早产儿；排除中性粒细胞减少患者超过15%的研究；比较静脉β-内酰胺单药治疗（青霉素、β-内酰胺/β-内酰胺酶抑制剂、头孢菌素、碳青霉烯类）与β-内酰胺联合氨基糖苷类（庆大霉素、妥布霉素、阿米卡星、奈替米星、链霉素、异帕米星、西索米星）的抗生素方案；结局指标包括全因死亡率、治疗失败、住院时间、重复感染、耐药菌定植、不良事件", "rejection_reasons": "", "other_info": "该文本为系统评价的纳入/排除标准，详细描述了研究设计、人群、干预措施和结局指标"}
[assistant] 抽取并记录信息: {"user_identity": "", "user_preference": "", "research_direction": "sepsis treatment with beta lactam antibiotics", "filter_requirements": "randomized or quasi-randomized controlled trials; hospitalized participants with sepsis; exclude neonates, preterm babies, and studies with >15% neutropenic patients; compare beta lactam monotherapy vs combination with aminoglycosides; outcomes include all-cause mortality, treatment failure, length of stay, superinfection, colonization, adverse effects", "rejection_reasons": "", "other_info": ""}
[assistant] 抽取并记录信息: {"user_identity": "", "user_preference": "", "research_direction": "", "filter_requirements": "", "rejection_reasons": "", "other_info": ""}
[assistant] 为 executor 提供背景信息，任务: 筛选相关论文
[coordinator] Metadata初筛完成: 3333 → 3061 篇
[assistant] 为 executor 提供背景信息，任务: 仅根据论文标题判断是否与研究方向相关，做保守筛选
[coordinator] Title筛选完成: 排除 3050 篇, 保留 11 篇
[assistant] 为 executor 提供背景信息，任务: 对论文进行详细筛选，根据摘要判断是否纳入
[executor] 轮次1筛选完成: 7 include, 3 exclude, 0 not sure
[assistant] 抽取并记录信息: {"user_identity": "", "user_preference": "", "research_direction": "", "filter_requirements": "", "rejection_reasons": "", "other_info": "用户对论文 'Cefoperazone Compared with Ampicillin plus Tobramycin for Severe Biliary Tract Infections' 感到满意，认为符合研究需求。"}
[assistant] 抽取并记录信息: {"user_identity": "", "user_preference": "", "research_direction": "", "filter_requirements": "", "rejection_reasons": "", "other_info": "用户对论文 'Prospective Randomized Comparison of Imipenem Monotherapy with Imipenem plus Netilmicin for Treatment of Severe Infections in Nonneutropenic Patientst' 感到满意，认为该论文符合研究需求。"}
[assistant] 抽取并记录信息: {"user_identity": "", "user_preference": "", "research_direction": "", "filter_requirements": "", "rejection_reasons": "", "other_info": "用户对论文 'Ceftazidime Versus Tobramycin-Ticarcillin in the Treatment of Pneumonia and Bacteremia' 感到满意，认为符合研究需求。"}
[assistant] 抽取并记录信息: {"user_identity": "", "user_preference": "", "research_direction": "", "filter_requirements": "", "rejection_reasons": "", "other_info": "用户对论文 'Combination therapy versus monotherapy: a randomised pilot study on the evolution of inflammatory parameters after ventilator associated pneumonia [ISRCTN31976779]' 表示满意，认为符合研究需求。"}
[assistant] 抽取并记录信息: {"user_identity": "", "user_preference": "", "research_direction": "", "filter_requirements": "", "rejection_reasons": "", "other_info": ""}
[assistant] 抽取并记录信息: {"user_identity": "", "user_preference": "", "research_direction": "", "filter_requirements": "", "rejection_reasons": "", "other_info": "用户对论文 'Efficacy, safety, and tolerance of piperacillin/tazobactam compared to co-amoxiclav plus an aminoglycoside in the treatment of severe pneumonia' 感到满意，认为符合研究需求。"}
[assistant] 抽取并记录信息: {"user_identity": "", "user_preference": "", "research_direction": "", "filter_requirements": "", "rejection_reasons": "Randomization to beta‐lactam monotherapy (moxalactam) versus another beta‐lactam (cefoxitime). An aminoglycoside could be added to the cefoxitime arm by the attending physician's decision, in consultation with an infectious diseases consultant.", "other_info": ""}
[simulated_user] 轮次1用户反馈: 6 满意, 1 不满意, 累计满意: 6/5
[assistant] 为 executor 提供背景信息，任务: 对论文进行详细筛选，根据摘要判断是否纳入
[assistant] 抽取并记录信息: {"user_identity": "", "user_preference": "", "research_direction": "Beta lactam antibiotic monotherapy versus beta lactam-aminoglycoside antibiotic combination therapy", "filter_requirements": "", "rejection_reasons": "", "other_info": "研究比较了单药β-乳胺抗生素治疗败血症与联合使用β-乳胺-脱水球蛋白素治疗的效果和安全性，探讨了两种治疗方法的优缺点。"}
[assistant] 抽取并记录信息: {"user_identity": "", "user_preference": "", "research_direction": "Comparison of beta lactam monotherapy versus beta lactam-aminoglycoside combination therapy in patients with sepsis", "filter_requirements": "", "rejection_reasons": "", "other_info": "The system summary provides a comprehensive review of the effectiveness and safety of different antibiotic therapies for sepsis, comparing single β-lactam antibiotics versus β-lactam-aminoglycoside combinations. The study includes meta-analyses of randomized controlled trials, focusing on outcomes such as all-cause mortality, treatment failure, superinfections, and adverse events. The review highlights trends in the benefits and risks of each therapy approach."}
[assistant] 抽取并记录信息: {"user_identity": "", "user_preference": "", "research_direction": "Randomized or quasi-randomized controlled trials; antibiotics and infections; superinfection; bacterial resistance", "filter_requirements": "We included randomized or quasi‐randomized controlled trials. We included hospitalized participants with sepsis acquired in the community or in the hospital. We defined sepsis as clinical evidence of infection plus evidence of a systemic response to infection (Bone 1992). We excluded neonates and preterm babies. We also excluded studies including more than 15% neutropenic patients. We considered studies comparing the antibiotic regimens described below.", "rejection_reasons": "", "other_info": ""}
[assistant] 抽取并记录信息: {"user_identity": "计算机专业硕士研究生", "user_preference": "机器学习和自然语言处理", "research_direction": "深度学习模型优化", "filter_requirements": "近两年, 关键词: 深度学习, 排除标准: 时间范围为过去5年", "rejection_reasons": "", "other_info": ""}
[assistant] 抽取并记录信息: {"user_identity": "", "user_preference": "", "research_direction": "Beta-lactams, Pneumonia, Sepsis, Shock, Bacteremia", "filter_requirements": "(beta‐Lactams/ or Penicillins/ or Cephalosporins/ or Carbapenems/ or Imipenem/ or Ceftazidime/ or Cefotaxime/ or Amoxicillin‐Potassium Clavulanate Combination/ or beta‐lactam*.ti,ab. or (co?amoxiclav* or cephalosporin* or ceftazidim* or cefotaxim* or carbapenem* or imipenem* or meropenem*).mp. or (beta‐lactam* adj5 (combin* or mono*)).mp.) and (Aminoglycosides/ or (aminoglycoside* or netilmicin* or gentamicin* or amikacin* or tobramycin* or streptomycin* or isepamicin* or sisomicin* or combinat*).ti,ab. or Drug‐Therapy‐Combination/ ) and (pneumonia/ or exp Sepsis/ or Shock, Septic/ or exp Bacteremia/ or Infection/ or exp Endocarditis, Bacterial/ or Endocarditis/ or exp Endocarditis, Subacute Bacterial/ or Staphylococcus/ or Streptococcus/ or (pneumonia* or infect* or sepsis* or septic* or bacter*).ti,ab.) and ((randomized controlled trial or controlled clinical trial).pt. or randomized.ab. or placebo.ab. or clinical trials as topic.sh. or randomly.ab. or trial.ti.) not (animals not (humans and animals)).sh.)", "rejection_reasons": "", "other_info": ""}
[assistant] 为 executor 提供背景信息，任务: 筛选相关论文
[assistant] 为 executor 提供背景信息，任务: 对论文进行详细筛选，根据摘要判断是否纳入
[executor] 轮次1筛选完成: 10 include, 0 exclude, 0 not sure
[assistant] 抽取并记录信息: {"user_identity": "", "user_preference": "对生物医学工程领域的研究感兴趣", "research_direction": "生物医学工程", "filter_requirements": "", "rejection_reasons": "", "other_info": ""}
[assistant] 抽取并记录信息: {"user_identity": "", "user_preference": "", "research_direction": "Antibiotic Therapy", "filter_requirements": "", "rejection_reasons": "", "other_info": ""}
[assistant] 抽取并记录信息: {"user_identity": "", "user_preference": "", "research_direction": "药理学/临床医学", "filter_requirements": "", "rejection_reasons": "", "other_info": ""}
[assistant] 抽取并记录信息: {"user_identity": "", "user_preference": "", "research_direction": "Combination therapy versus monotherapy in ventilator-associated pneumonia", "filter_requirements": "", "rejection_reasons": "", "other_info": ""}
[assistant] 抽取并记录信息: {"user_identity": "", "user_preference": "", "research_direction": "单药治疗与联合用药对比", "filter_requirements": "", "rejection_reasons": "", "other_info": "用户对论文 'Monotherapy with a Broad-Spectrum Beta-Lactam Is as Effective as Its Combination with an Aminoglycoside in Treatment of Severe Generalized Peritonitis: a Multicenter Randomized Controlled Trial' 感到满意，认为该论文符合研究需求。"}
[assistant] 抽取并记录信息: {"user_identity": "", "user_preference": "", "research_direction": "Single-Drug Versus Combination Empirical Therapy for Gram-Negative Bacillary Infections in Febrile Cancer Patients With and Without Granulocytopenia", "filter_requirements": "", "rejection_reasons": "", "other_info": "该论文讨论了单药与联合疗法在抗感染治疗中的应用，适用于有或无白细胞减少症的发热癌症患者。"}
[assistant] 抽取并记录信息: {"user_identity": "", "user_preference": "", "research_direction": "抗生素治疗心内膜炎", "filter_requirements": "", "rejection_reasons": "", "other_info": ""}
[assistant] 抽取并记录信息: {"user_identity": "", "user_preference": "", "research_direction": "抗生素治疗效果与安全性分析", "filter_requirements": "", "rejection_reasons": "", "other_info": ""}
[assistant] 抽取并记录信息: {"user_identity": "", "user_preference": "", "research_direction": "Cefotaxime in urinary tract infections-comparative clinical studies with gentamicin and with cefoxitin", "filter_requirements": "", "rejection_reasons": "Description of two separate randomized trials: 1) beta‐lactam versus aminoglycoside 2) beta‐lactam versus beta‐lactam. All administered as monotherapies.", "other_info": ""}
[assistant] 抽取并记录信息: {"user_identity": "", "user_preference": "", "research_direction": "Beta-lactam药物对比", "filter_requirements": "", "rejection_reasons": "Randomization to beta‐lactam monotherapy (moxalactam) versus another beta‐lactam (cefoxitin). An aminoglycoside could be added to the cefoxitin arm by the attending physician's decision, in consultation with an infectious diseases consultant.", "other_info": ""}
[simulated_user] 轮次1用户反馈: 8 满意, 2 不满意, 累计满意: 8/5
[assistant] 为 executor 提供背景信息，任务: 对论文进行详细筛选，根据摘要判断是否纳入
