[assistant] 抽取并记录信息: {"user_identity": "", "user_preference": "", "research_direction": "Management of faecal incontinence and constipation in adults with central neurological diseases", "filter_requirements": "", "rejection_reasons": "", "other_info": ""}
[assistant] 抽取并记录信息: {"user_identity": "", "user_preference": "", "research_direction": "中枢神经系统疾病或损伤患者的粪便失禁和便秘管理策略", "filter_requirements": "随机和半随机试验，评估保守或手术干预措施", "rejection_reasons": "", "other_info": "综述类型为干预性系统综述，更新自2001年、2003年和2006年的Cochrane综述，检索截止至2012年6月8日。"}
[assistant] 抽取并记录信息: {"user_identity": "", "user_preference": "", "research_direction": "中枢神经系统疾病患者的肠道功能障碍管理", "filter_requirements": "纳入标准：所有随机或准随机对照试验；年龄≥18岁；患有中枢神经系统疾病（如多发性硬化、脊髓损伤、脑血管疾病、帕金森病、阿尔茨海默病）且有大便失禁或便秘症状；大便失禁定义为至少一个月内反复出现不自主排便；便秘定义为符合罗马III标准（症状出现至少6个月，近3个月符合标准）。排除标准：急性疾病无慢性后遗症；仅影响周围神经系统的疾病。干预措施：保守治疗（饮食调整、口服药物、直肠排空治疗、肠道训练、辅助技术）、肛门灌洗、手术治疗（顺行结肠灌肠、经皮内镜结肠造口、造口形成、括约肌重建、骶神经刺激）。结局指标：包括失禁改善、排便次数、肠道护理时间、生活质量、生理测量、成本等。", "rejection_reasons": "", "other_info": ""}
[assistant] 抽取并记录信息: {"user_identity": "", "user_preference": "", "research_direction": "中枢神经系统疾病患者的肠道功能障碍管理", "filter_requirements": "研究类型：所有随机或准随机对照试验；参与者：18岁及以上中枢神经系统疾病患者，伴有大便失禁或便秘症状；干预措施：保守管理、肛门灌洗或手术管理；结局指标：包括症状、满意度、健康状态、生理测量、卫生经济学等", "rejection_reasons": "", "other_info": ""}
[assistant] 抽取并记录信息: {"user_identity": "", "user_preference": "", "research_direction": "", "filter_requirements": "", "rejection_reasons": "", "other_info": ""}
[assistant] 为 executor 提供背景信息，任务: 筛选相关论文
[coordinator] Metadata初筛完成: 3333 → 3061 篇
[assistant] 为 executor 提供背景信息，任务: 仅根据论文标题判断是否与研究方向相关，做保守筛选
[coordinator] Title筛选完成: 排除 3032 篇, 保留 29 篇
[assistant] 为 executor 提供背景信息，任务: 对论文进行详细筛选，根据摘要判断是否纳入
[executor] 轮次1筛选完成: 6 include, 14 exclude, 0 not sure
[assistant] 抽取并记录信息: {"user_identity": "", "user_preference": "", "research_direction": "", "filter_requirements": "", "rejection_reasons": "", "other_info": "用户对论文 'Cost-effectiveness of transanal irrigation versus conservative bowel management for spinal cord injury patients' 感到满意，认为该论文符合研究需求。"}
[assistant] 抽取并记录信息: {"user_identity": "", "user_preference": "", "research_direction": "", "filter_requirements": "", "rejection_reasons": "", "other_info": "用户对论文 'The need for manual evacuation and oral laxatives in the management of neurogenic bowel dysfunction after spinal cord injury: a randomized controlled trial of a stepwise protocol' 感到满意，认为符合研究需求。"}
[assistant] 抽取并记录信息: {"user_identity": "", "user_preference": "", "research_direction": "", "filter_requirements": "", "rejection_reasons": "", "other_info": "用户对论文 'Abdominal massage for the alleviation of constipation symptoms in people with multiple sclerosis: a randomized controlled feasibility study' 感到满意，认为该论文符合研究需求。"}
[assistant] 抽取并记录信息: {"user_identity": "", "user_preference": "", "research_direction": "", "filter_requirements": "", "rejection_reasons": "Non‐randomised trial Prospective comparison in 10 SCI subjects of a 4 weeks step‐by‐step protocol based on a high residue diet, a standardised water intake, and on the use of a sequential schedule of evacuating stimuli. When compared to basal period subjects showed a shortened total gastrointestinal transit time and a decreased need for laxatives", "other_info": ""}
[assistant] 抽取并记录信息: {"user_identity": "", "user_preference": "", "research_direction": "", "filter_requirements": "", "rejection_reasons": "Non‐neurogenic population", "other_info": ""}
[assistant] 抽取并记录信息: {"user_identity": "", "user_preference": "", "research_direction": "", "filter_requirements": "", "rejection_reasons": "Non‐randomised trial Open label crossover controlled trial comparison in 14 SCI inpatients of a hydrogenated vegetable oil‐based (HVB) and a polyethylene glycol‐based (PGB) bisacodyl suppository. PGB significantly shortened the total bowel care time", "other_info": ""}
[simulated_user] 轮次1用户反馈: 3 满意, 3 不满意, 累计满意: 3/5
[assistant] 为 executor 提供背景信息，任务: 对论文进行详细筛选，根据摘要判断是否纳入
[executor] 轮次2筛选完成: 0 include, 9 exclude, 0 not sure
[assistant] 为 executor 提供背景信息，任务: 对论文进行详细筛选，根据摘要判断是否纳入
[assistant] 抽取并记录信息: {"user_identity": "", "user_preference": "", "research_direction": "Management of faecal incontinence and constipation", "filter_requirements": "", "rejection_reasons": "", "other_info": ""}
[assistant] 抽取并记录信息: {"user_identity": "", "user_preference": "", "research_direction": "粪便是随机的，管理上存在两难性", "filter_requirements": "2001年及更新", "rejection_reasons": "", "other_info": "作者强调现有研究的质量较低，并建议未来的研究需要更大规模的设计试验以确认干预效果"}
[assistant] 抽取并记录信息: {"user_identity": "", "user_preference": "", "research_direction": "Intervention studies evaluating bowel management interventions for patients with central nervous system disorders and incontinence symptoms", "filter_requirements": "Randomised or quasi‐randomised controlled trials; participants must be 18 years or older with a central neurological disease; symptoms of faecal incontinence or constipation must meet specific criteria; inclusion/exclusion criteria as detailed in the text", "rejection_reasons": "", "other_info": ""}
[assistant] 抽取并记录信息: {"user_identity": "", "user_preference": "", "research_direction": "", "filter_requirements": "", "rejection_reasons": "", "other_info": ""}
[assistant] 抽取并记录信息: {"user_identity": "", "user_preference": "", "research_direction": "神经科学", "filter_requirements": "2005年，Cochrane Central Register of Controlled Trials (Issue 2, 2005)，MEDLINE（1966-05到2005-05），EMBASE（1998-01到2005-05）；关键词：central nervous system diseases，brain diseases，movement disorders，spinal cord diseases，demyelinating diseases，neurodegenerative diseases，neuromuscular diseases", "rejection_reasons": "", "other_info": "Appendix 1. Additional searches performed for the previous version of this review"}
[assistant] 为 executor 提供背景信息，任务: 筛选相关论文
[assistant] 为 executor 提供背景信息，任务: 对论文进行详细筛选，根据摘要判断是否纳入
[executor] 轮次1筛选完成: 5 include, 2 exclude, 0 not sure
[assistant] 抽取并记录信息: {"user_identity": "", "user_preference": "", "research_direction": "公共卫生", "filter_requirements": "近两年", "rejection_reasons": "", "other_info": ""}
[assistant] 抽取并记录信息: {"user_identity": "", "user_preference": "符合研究需求", "research_direction": "", "filter_requirements": "", "rejection_reasons": "", "other_info": ""}
[assistant] 抽取并记录信息: {"user_identity": "", "user_preference": "", "research_direction": "Sequential treatment of chronic constipation in paraplegic subjects", "filter_requirements": "Non‐randomised trial", "rejection_reasons": "Non‐randomised trial", "other_info": ""}
[assistant] 抽取并记录信息: {"user_identity": "", "user_preference": "", "research_direction": "Non‐neurogenic population", "filter_requirements": "", "rejection_reasons": "Non‐neurogenic population", "other_info": ""}
[assistant] 抽取并记录信息: {"user_identity": "", "user_preference": "", "research_direction": "bisacodyl suppositories in persons with spinal cord injury", "filter_requirements": "", "rejection_reasons": "Non‐randomised trial Open label crossover controlled trial comparison in 14 SCI inpatients of a hydrogenated vegetable oil‐based (HVB) and a polyethylene glycol‐based (PGB) bisacodyl suppository. PGB significantly shortened the total bowel care time", "other_info": ""}
[simulated_user] 轮次1用户反馈: 2 满意, 3 不满意, 累计满意: 2/5
[assistant] 为 executor 提供背景信息，任务: 对论文进行详细筛选，根据摘要判断是否纳入
[assistant] 为 executor 提供背景信息，任务: 对论文进行详细筛选，根据摘要判断是否纳入
