[assistant] 抽取并记录信息: {"user_identity": "", "user_preference": "", "research_direction": "Psychological and educational interventions for atopic eczema in children", "filter_requirements": "", "rejection_reasons": "", "other_info": ""}
[assistant] 抽取并记录信息: {"user_identity": "", "user_preference": "", "research_direction": "心理和教育干预对儿童特应性湿疹的辅助治疗效果", "filter_requirements": "随机对照试验（RCTs）", "rejection_reasons": "", "other_info": "研究类型为干预性系统综述，更新至2013年1月，纳入10个RCTs，主要关注疾病严重程度和生活质量改善，但缺乏可合并数据，未进行meta分析。"}
[assistant] 抽取并记录信息: {"user_identity": "", "user_preference": "", "research_direction": "心理或教育干预对特应性湿疹患儿及其照顾者的效果", "filter_requirements": "随机对照试验；研究对象为儿童、青少年或婴儿特应性湿疹患者及其照顾者；干预措施为心理或教育干预作为主要干预；结局指标包括参与者整体评估、疾病严重度、睡眠改善、生活质量、抓挠行为、治疗依从性、药物使用、照顾者管理能力等", "rejection_reasons": "", "other_info": "排除了将心理或教育成分作为次要干预的研究；考虑了常规治疗作为异质性来源；关注最小临床重要差异值；接受任何设计和实施的结局测量，但会评估其严谨性"}
[assistant] 抽取并记录信息: {"user_identity": "", "user_preference": "", "research_direction": "特应性湿疹的心理或教育干预", "filter_requirements": "研究类型：随机对照试验；参与者：患有特应性湿疹的儿童、青少年或婴儿及其照顾者（包括父母）；干预措施：常规治疗加心理或教育干预，且心理或教育干预是主要干预；结局指标：包括参与者整体评估、疾病严重程度改善、睡眠改善、生活质量改善、搔抓行为减少、治疗依从性改善、药物使用减少、照顾者管理能力提升等。", "rejection_reasons": "", "other_info": "该纳入/排除标准来自一篇系统综述，详细规定了研究类型、参与者、干预措施和结局指标，并引用了HOME倡议和MCID值。"}
[assistant] 抽取并记录信息: {"user_identity": "", "user_preference": "", "research_direction": "湿疹/皮炎/神经性皮炎的心理治疗与患者教育", "filter_requirements": "", "rejection_reasons": "", "other_info": "提供了多个数据库（Cochrane Skin Group Specialised Register、CENTRAL、MEDLINE、Embase、PsycINFO、CINAHL）的检索策略，涉及湿疹、皮炎、神经性皮炎与心理治疗、行为管理、患者教育等干预措施的随机对照试验。"}
[assistant] 为 executor 提供背景信息，任务: 筛选相关论文
[coordinator] Metadata初筛完成: 3333 → 3061 篇
[assistant] 为 executor 提供背景信息，任务: 仅根据论文标题判断是否与研究方向相关，做保守筛选
[coordinator] Title筛选完成: 排除 3056 篇, 保留 5 篇
[assistant] 为 executor 提供背景信息，任务: 对论文进行详细筛选，根据摘要判断是否纳入
[executor] 轮次1筛选完成: 1 include, 4 exclude, 0 not sure
[assistant] 抽取并记录信息: {"user_identity": "", "user_preference": "", "research_direction": "", "filter_requirements": "", "rejection_reasons": "", "other_info": "用户对论文 'Age related, structured educational programmes for the management of atopic dermatitis in children and adolescents: multicentre, randomised controlled trial' 感到满意，认为符合研究需求。"}
[simulated_user] 轮次1用户反馈: 1 满意, 0 不满意, 累计满意: 1/5
[assistant] 为 executor 提供背景信息，任务: 对论文进行详细筛选，根据摘要判断是否纳入
[assistant] 抽取并记录信息: {"user_identity": "", "user_preference": "教育干预", "research_direction": "Psychological and educational interventions for atopic eczema in children", "filter_requirements": "", "rejection_reasons": "", "other_info": ""}
[assistant] 抽取并记录信息: {"user_identity": "儿童湿疹研究者", "user_preference": "", "research_direction": "Psychological and educational interventions for atopic eczema in children", "filter_requirements": "时间范围：近两年；方法：更新数据库并检查参考文献", "rejection_reasons": "", "other_info": "系统综述摘要详细描述了背景、目标、搜索方法、筛选标准和主要结果。研究类型为干预型综述，探讨心理和教育干预对儿童湿疹治疗的效果评估。"}
[assistant] 抽取并记录信息: {"user_identity": "", "user_preference": "", "research_direction": "随机对照试验（RCTs）针对哮喘或其他呼吸系统疾病", "filter_requirements": "近两年", "rejection_reasons": "", "other_info": "纳入标准包括随机对照试验，主要针对儿童或青少年患有哮喘或其他呼吸系统疾病的研究。排除标准是不考虑纯心理或教育干预的试验，以及那些主要依赖于患者或 caregiver的发育阶段的干预方法。研究中提到的具体评估措施和结果指标包括临床症状改善、睡眠质量、生活质量改善、皮肤瘙痒程度减少等。"}
[assistant] 抽取并记录信息: {"user_identity": "儿童,青少年及成年哮喘患者及其护理人员", "user_preference": "", "research_direction": "结构化纳入/排除标准 (criteria)", "filter_requirements": "近两年, 关键词: RCT; 排除标准: 非随机对照试验和非干预型研究", "rejection_reasons": "", "other_info": ""}
[assistant] 抽取并记录信息: {"user_identity": "", "user_preference": "", "research_direction": "Eczema, Dermatitis, Neurodermatitis, Psychotherapy, Patient Education, Health Education, Psychology, Behavior Therapy, Cognitive Therapy, Autogenic Training, Suggestion, Hypnosis, Counseling, Relaxation, Relaxation Therapy, Imagery (Psychotherapy), Biofeedback, Family Therapy, Psychiatry", "filter_requirements": "eczema or dermatitis or neurodermatitis and (psychotherap* or behavio* management or autogenic training or counsel*)", "rejection_reasons": "", "other_info": ""}
[assistant] 为 executor 提供背景信息，任务: 筛选相关论文
[assistant] 为 executor 提供背景信息，任务: 对论文进行详细筛选，根据摘要判断是否纳入
[executor] 轮次1筛选完成: 1 include, 0 exclude, 0 not sure
[assistant] 抽取并记录信息: {"user_identity": "", "user_preference": "", "research_direction": "opic性皮炎的儿童及青少年治疗方法", "filter_requirements": "", "rejection_reasons": "", "other_info": "论文标题：Age related, structured educational programmes for the management of atopic dermatitis in children and adolescents: multicentre, randomised controlled trial；研究方向：opic性皮炎的儿童及青少年治疗方法"}
[simulated_user] 轮次1用户反馈: 1 满意, 0 不满意, 累计满意: 1/5
[assistant] 为 executor 提供背景信息，任务: 对论文进行详细筛选，根据摘要判断是否纳入
