[assistant] 抽取并记录信息: {"user_identity": "", "user_preference": "", "research_direction": "gestational diabetes diagnosis strategies to improve maternal and infant health", "filter_requirements": "", "rejection_reasons": "", "other_info": ""}
[assistant] 抽取并记录信息: {"user_identity": "", "user_preference": "", "research_direction": "妊娠期糖尿病诊断策略", "filter_requirements": "", "rejection_reasons": "", "other_info": ""}
[assistant] 抽取并记录信息: {"user_identity": "", "user_preference": "", "research_direction": "妊娠期糖尿病（GDM）诊断测试的评估", "filter_requirements": "纳入随机对照试验，排除非随机试验、准随机设计（如交替日期或出生日期分配）、整群或交叉设计试验；纳入有足够信息进行评价和提取数据的摘要；纳入有GDM风险的孕妇（低风险或高风险，如肥胖、一级亲属糖尿病、高风险种族、高空腹或随机血糖、既往GDM）；纳入单胎或多胎妊娠；排除妊娠前已诊断糖尿病的女性；纳入所有GDM诊断测试（如糖化血红蛋白、随机和空腹血糖、口服葡萄糖耐量试验）；比较任何测试与无测试，以及一种测试与另一种测试；如果可用，纳入不同孕龄的测试比较；纳入指定的主要和次要结局指标。", "rejection_reasons": "", "other_info": "纳入标准详细列出了研究设计、人群、干预措施和结局指标，排除标准明确排除了非随机和准随机设计。"}
[assistant] 抽取并记录信息: {"user_identity": "", "user_preference": "", "research_direction": "妊娠期糖尿病诊断测试的随机试验", "filter_requirements": "纳入随机试验，排除非随机试验、准随机设计、集群或交叉设计试验；纳入有足够信息进行评价和提取数据的摘要；纳入有GDM风险的孕妇（低风险或高风险，如肥胖、一级亲属糖尿病、高风险种族、高空腹或随机血糖、既往GDM）；纳入单胎或多胎妊娠；排除妊娠前已诊断糖尿病的女性；纳入所有GDM诊断测试（如糖化血红蛋白、随机和空腹血糖、口服葡萄糖耐量试验）；比较任何测试与无测试，或一种测试与另一种测试；如果可用，将纳入不同孕龄测试的比较；纳入指定的主要和次要结局指标。", "rejection_reasons": "", "other_info": ""}
[assistant] 抽取并记录信息: {"user_identity": "", "user_preference": "", "research_direction": "gestational diabetes diagnosis", "filter_requirements": "", "rejection_reasons": "", "other_info": "搜索策略涉及ICTRP和ClinicalTrials.gov，搜索词包括gestational AND diabetes AND diagnosis等"}
[assistant] 为 executor 提供背景信息，任务: 筛选相关论文
[coordinator] Metadata初筛完成: 3333 → 3061 篇
[assistant] 为 executor 提供背景信息，任务: 仅根据论文标题判断是否与研究方向相关，做保守筛选
[coordinator] Title筛选完成: 排除 3051 篇, 保留 10 篇
[assistant] 为 executor 提供背景信息，任务: 对论文进行详细筛选，根据摘要判断是否纳入
[executor] 轮次1筛选完成: 4 include, 6 exclude, 0 not sure
[assistant] 抽取并记录信息: {"user_identity": "", "user_preference": "", "research_direction": "", "filter_requirements": "", "rejection_reasons": "Trial comparing identification of gestational diabetes using OGTT in primary and secondary care settings.", "other_info": ""}
[assistant] 抽取并记录信息: {"user_identity": "", "user_preference": "", "research_direction": "", "filter_requirements": "", "rejection_reasons": "Trial comparing identification of gestational diabetes using OGTT in primary and secondary care settings.", "other_info": ""}
[assistant] 抽取并记录信息: {"user_identity": "", "user_preference": "", "research_direction": "", "filter_requirements": "", "rejection_reasons": "Trial comparing identification of gestational diabetes using OGTT in primary and secondary care settings.", "other_info": ""}
[assistant] 抽取并记录信息: {"user_identity": "", "user_preference": "", "research_direction": "", "filter_requirements": "", "rejection_reasons": "Participants were women with a diagnosis of gestational diabetes.", "other_info": ""}
[simulated_user] 轮次1用户反馈: 0 满意, 4 不满意, 累计满意: 0/5
[assistant] 为 executor 提供背景信息，任务: 对论文进行详细筛选，根据摘要判断是否纳入
[assistant] 为 executor 提供背景信息，任务: 对论文进行详细筛选，根据摘要判断是否纳入
[assistant] 抽取并记录信息: {"user_identity": "", "user_preference": "", "research_direction": "Gestational Diabetes Diagnosis Strategies", "filter_requirements": "", "rejection_reasons": "", "other_info": ""}
[assistant] 抽取并记录信息: {"user_identity": "", "user_preference": "", "research_direction": "Gestational diabetes mellitus (GDM) diagnosis strategies comparison", "filter_requirements": "Cochrane Pregnancy and Childbirth's Trials Register, ClinicalTrials.gov, WHO International Clinical Trials Registry Platform (ICTRP) (9 January 2017), randomised trials evaluated for GDM diagnosis, excluded quasi-random model, cluster-randomised or cross-over trials. Data collection and analysis included two review authors assessing trials, extracting data checked for accuracy using GRADE approach.", "rejection_reasons": "", "other_info": "Systematic review abstract detailing objectives, search methods, inclusion/exclusion criteria, data extraction, quality assessment using GRADE, main results including seven trials comparing different OGTT and food/drink methods, no clear evidence superiority of any strategy, authors' conclusions requiring large RCTs for better evidence."}
[assistant] 抽取并记录信息: {"user_identity": "", "user_preference": "", "research_direction": "Gestational diabetes mellitus (GDM) diagnostic tests", "filter_requirements": "纳入随机ised trials evaluating diagnostic tests carried out to diagnose gestational diabetes mellitus (GDM). Excluded studies that were not randomised trials or used quasi-random design. Cluster or cross-over designed trials excluded. Abstracts eligible if sufficient information available for assessment and data extraction. Studies recruited pregnant women at risk of GDM, including those with single or multiple gestations. Women included based on low or high risk factors such as obesity, first-degree relative with diabetes, high-risk ethnic groups, high fasting or random plasma glucose and previous gestational diabetes. Excluded women with diabetes diagnosed before the incident pregnancy.", "rejection_reasons": "", "other_info": "研究的主要目标是评估随机对照试验中诊断妊娠糖尿病的测试效果。筛选标准包括随机对照设计、排除非随机对照和准随机设计的试验，以及特定的研究对象和受试者群体。"}
[assistant] 抽取并记录信息: {"user_identity": "", "user_preference": "", "research_direction": "", "filter_requirements": "We included randomised trials that evaluated diagnostic tests carried out to diagnose gestational diabetes mellitus (GDM). We excluded studies that clearly were not randomised trials, as well as studies that used a quasi‐random design, such as alternate days or date of birth, for allocation to the intervention group. Cluster or cross‐over designed trials were not eligible for inclusion. Abstracts were eligible for inclusion if sufficient information was available for assessment and data extraction.", "rejection_reasons": "", "other_info": ""}
[assistant] 抽取并记录信息: {"user_identity": "", "user_preference": "gestational diabetes diagnosis", "research_direction": "Diabetes Management in Pregnancy", "filter_requirements": "diabetes diagnosis gestational and gestational diabetes diagnosis", "rejection_reasons": "", "other_info": ""}
[assistant] 为 executor 提供背景信息，任务: 筛选相关论文
[assistant] 为 executor 提供背景信息，任务: 对论文进行详细筛选，根据摘要判断是否纳入
[executor] 轮次1筛选完成: 2 include, 3 exclude, 0 not sure
[assistant] 抽取并记录信息: {"user_identity": "", "user_preference": "", "research_direction": "gestational diabetes identification using OGTT in primary and secondary care settings", "filter_requirements": "", "rejection_reasons": "Trial comparing identification of gestational diabetes using OGTT in primary and secondary care settings.", "other_info": ""}
[assistant] 抽取并记录信息: {"user_identity": "", "user_preference": "", "research_direction": "使用 Glycemic Plus Fetal Ultrasound Parameters 和 Glycemic Parameters 来确定 Insulin Therapy in Gestational Diabetes With Fasting Hyperglycemia", "filter_requirements": "", "rejection_reasons": "Participants were women with a diagnosis of gestational diabetes.", "other_info": ""}
[simulated_user] 轮次1用户反馈: 0 满意, 2 不满意, 累计满意: 0/5
[assistant] 为 executor 提供背景信息，任务: 对论文进行详细筛选，根据摘要判断是否纳入
[assistant] 为 executor 提供背景信息，任务: 对论文进行详细筛选，根据摘要判断是否纳入
