2026-05-19 23:29:52,995 [INFO] export_prompt: 测试参数: {'num_reviews': 1, 'offset': 0, 'skip_prescreen': False, 'workers': 3}
2026-05-19 23:29:52,996 [INFO] export_prompt: 已清空旧记录: d:\School\SAT404\pilot_study_code\new_auto_slr\data_csmed_prompt_export\executor_prompt_record.txt
2026-05-19 23:29:53,025 [INFO] export_prompt: Reviews metadata 加载完成: 213 个 reviews
2026-05-19 23:29:53,628 [INFO] export_prompt: 论文集加载完成: 3333 篇去重论文
2026-05-19 23:29:53,632 [INFO] export_prompt: Gold standard 加载完成: 213 个 reviews, 3333 条决策
2026-05-19 23:29:53,632 [INFO] export_prompt: 可测试的 review 数: 213
2026-05-19 23:29:53,632 [INFO] export_prompt: 本次测试 1 个 review, 并发线程数: 3
2026-05-19 23:29:53,637 [INFO] export_prompt: ============================================================
2026-05-19 23:29:53,637 [INFO] export_prompt: 开始处理 review: CD000009
2026-05-19 23:29:53,637 [INFO] export_prompt: Review title: Acupuncture and related interventions for smoking cessation
2026-05-19 23:29:53,637 [INFO] export_prompt: 总论文数: 3333, gold included: 4
2026-05-19 23:29:53,637 [INFO] export_prompt: [阶段1] 信息抽取：以 review title 作为初始 query，逐步补充信息
2026-05-19 23:29:53,637 [INFO] export_prompt: [阶段1a] 初始 query: Acupuncture and related interventions for smoking cessation
2026-05-19 23:29:53,637 [INFO] auto_slr: [Assistant] extract_and_record 输入: Acupuncture and related interventions for smoking cessation
2026-05-19 23:30:00,526 [INFO] httpx: HTTP Request: POST http://localhost:11434/v1/chat/completions "HTTP/1.1 200 OK"
2026-05-19 23:30:00,530 [INFO] auto_slr: [Assistant] extract_and_record 输出: {"user_identity": "", "user_preference": "", "research_direction": "Acupuncture and related interventions for smoking cessation", "filter_requirements": "", "rejection_reasons": "", "other_info": ""}
2026-05-19 23:30:01,621 [INFO] httpx: HTTP Request: POST http://localhost:11434/v1/chat/completions "HTTP/1.1 200 OK"
2026-05-19 23:30:01,622 [INFO] export_prompt: [阶段1b-1] 补充输入 (前200字): 研究类型 (review_type): Intervention

系统综述摘要:
Background Acupuncture and related techniques are promoted as a treatment for smoking cessation in the belief that they may reduce nicotine withdrawal symptom
2026-05-19 23:30:01,623 [INFO] auto_slr: [Assistant] extract_and_record 输入: 研究类型 (review_type): Intervention

系统综述摘要:
Background Acupuncture and related techniques are promoted as a treatment for smoking cessation in the belief that they may reduce nicotine withdrawal symptoms.    Objectives The objectives of this review are to determine the effectiveness of acupuncture and...
2026-05-19 23:30:05,311 [INFO] httpx: HTTP Request: POST http://localhost:11434/v1/chat/completions "HTTP/1.1 200 OK"
2026-05-19 23:30:05,312 [INFO] auto_slr: [Assistant] extract_and_record 输出: {"user_identity": "", "user_preference": "", "research_direction": "Intervention", "filter_requirements": "Cochrane Tobacco Addiction Group Specialized Register, MEDLINE, EMBASE, PsycINFO; Sino-Med, China National Knowledge Infrastructure, Wanfang Data, VIP", "rejection_reasons": "", "other_info": "Systematic review on the effectiveness of acupuncture and related interventions in smoking cessation. The review included 38 studies comparing various interventions with no intervention, sham treatment, or other interventions."}
2026-05-19 23:30:07,666 [INFO] httpx: HTTP Request: POST http://localhost:11434/v1/chat/completions "HTTP/1.1 200 OK"
2026-05-19 23:30:07,667 [INFO] export_prompt: [阶段1b-2] 补充输入 (前200字): 纳入/排除标准 (criteria_text):
All randomized controlled trials comparing acupuncture, acupressure, laser therapy or electrostimulation with either no intervention, or a sham form of the intervention, or an
2026-05-19 23:30:07,667 [INFO] auto_slr: [Assistant] extract_and_record 输入: 纳入/排除标准 (criteria_text):
All randomized controlled trials comparing acupuncture, acupressure, laser therapy or electrostimulation with either no intervention, or a sham form of the intervention, or another intervention, for smoking cessation. Tobacco smokers of any age who wished to stop smoking. No...
2026-05-19 23:30:11,530 [INFO] httpx: HTTP Request: POST http://localhost:11434/v1/chat/completions "HTTP/1.1 200 OK"
2026-05-19 23:30:11,531 [INFO] auto_slr: [Assistant] extract_and_record 输出: {"user_identity": "", "user_preference": "", "research_direction": "中医医疗干预对吸烟戒断", "filter_requirements": "关键词包括随机对照试验、中医疗法干预、吸烟戒断；排除标准为安慰剂或无干预、非用药类别的干预", "rejection_reasons": "", "other_info": "研究背景：针对不同年龄的吸烟者，不局限于确认结果是否生物化学上有效"}
2026-05-19 23:30:13,981 [INFO] httpx: HTTP Request: POST http://localhost:11434/v1/chat/completions "HTTP/1.1 200 OK"
2026-05-19 23:30:13,982 [INFO] export_prompt: [阶段1b-3] 补充输入 (前200字): 结构化纳入/排除标准 (criteria):
{
  "Types of studies": "All randomized controlled trials comparing acupuncture, acupressure, laser therapy or electrostimulation with either no intervention, or a sham form of 
2026-05-19 23:30:13,982 [INFO] auto_slr: [Assistant] extract_and_record 输入: 结构化纳入/排除标准 (criteria):
{
  "Types of studies": "All randomized controlled trials comparing acupuncture, acupressure, laser therapy or electrostimulation with either no intervention, or a sham form of the intervention, or another intervention, for smoking cessation.",
  "Types of participants": "Toba...
2026-05-19 23:30:17,849 [INFO] httpx: HTTP Request: POST http://localhost:11434/v1/chat/completions "HTTP/1.1 200 OK"
2026-05-19 23:30:17,850 [INFO] auto_slr: [Assistant] extract_and_record 输出: {"user_identity": "计算机专业硕士研究生", "user_preference": "自然语言处理技术在医疗领域的应用", "research_direction": "NLP在医疗中的应用", "filter_requirements": "Types of studies: All randomized controlled trials comparing acupuncture, acupressure, laser therapy or electrostimulation with either no intervention, or a sham form of the intervention, or another intervention, for smoking cessation.\nTypes of participants: Tobacco smokers of any age who wished to stop smoking.\nTypes of interventions: Non‐phar...om the study's author as acupuncture points, which includes points on the ear, face and body, or the related intervention of electrostimulation to the head region, through surface electrodes. Had we located any, studies using a Western acupuncture approach would have been considered separately from those using a traditional approach.\nTypes of outcome measures: Complete abstinence from smoking. The review has not been limited to studies where the outcome was confirmed biochemically.", "rejection_reasons": "", "other_info": ""}
2026-05-19 23:30:19,407 [INFO] httpx: HTTP Request: POST http://localhost:11434/v1/chat/completions "HTTP/1.1 200 OK"
2026-05-19 23:30:24,200 [INFO] httpx: HTTP Request: POST http://localhost:11434/v1/chat/completions "HTTP/1.1 200 OK"
2026-05-19 23:30:24,201 [INFO] auto_slr: [Assistant] provide_context 输入: task_description=筛选相关论文
2026-05-19 23:30:26,967 [INFO] httpx: HTTP Request: POST http://localhost:11434/v1/chat/completions "HTTP/1.1 200 OK"
2026-05-19 23:30:26,968 [INFO] auto_slr: [Assistant] provide_context 输出: 研究方向：使用自然语言处理技术分析针灸、acupressure、激光疗法或电刺激等中医疗法与无干预或安慰剂的比较，评估其效果。

filter_requirements：
- 关键词：随机对照试验、中医疗法干预（如针灸、acupressure、激光疗法或电刺激）、吸烟戒断
- 排除标准：安慰剂或无干预、非用药类别的干预

other_info：
- 研究背景：针对不同年龄的吸烟者，不局限于确认结果是否生物化学上有效
2026-05-19 23:30:26,969 [INFO] export_prompt: [阶段1.5] 跳过 metadata 初筛，全量 3333 篇进入筛选
2026-05-19 23:30:26,969 [INFO] export_prompt: [阶段1.8] 跳过 Title 筛选，全量 3333 篇进入阶段2
2026-05-19 23:30:26,969 [INFO] export_prompt: [阶段2 轮次1] 开始: satisfied=0/5
2026-05-19 23:30:26,969 [INFO] auto_slr: [Assistant] provide_context 输入: task_description=对论文进行详细筛选，根据摘要判断是否纳入
2026-05-19 23:30:29,805 [INFO] httpx: HTTP Request: POST http://localhost:11434/v1/chat/completions "HTTP/1.1 200 OK"
2026-05-19 23:30:29,805 [INFO] auto_slr: [Assistant] provide_context 输出: 本研究旨在通过系统性回顾分析针灸、acupressure、激光疗法或电刺激等中医疗法与无干预或安慰剂的比较，评估其对吸烟戒断的效果。研究将采用随机对照试验（RCT）作为主要方法，并包括其他有效干预方式进行比较。结果将基于完全戒烟的标准进行衡量。参与者为任何年龄段的烟草吸烟者，且不局限于确认生物化学上有效性。
2026-05-19 23:30:29,806 [INFO] export_prompt:   未筛选论文: 3333 篇
2026-05-19 23:30:39,902 [INFO] httpx: HTTP Request: POST http://localhost:11434/v1/chat/completions "HTTP/1.1 200 OK"
2026-05-19 23:30:39,903 [INFO] export_prompt:   已找到 4 篇 include，暂停本轮筛选
2026-05-19 23:30:39,903 [INFO] export_prompt:   本轮筛选: included=4, excluded=5, not_sure=1
2026-05-19 23:30:40,440 [INFO] auto_slr: [Assistant] extract_and_record 输入: 用户对论文 'The Efficacy of Auriculotherapy for Smoking Cessation: A Randomized, Placebo-Controlled Trial' 感到满意，认为该论文符合研究需求。
2026-05-19 23:30:43,787 [INFO] httpx: HTTP Request: POST http://localhost:11434/v1/chat/completions "HTTP/1.1 200 OK"
2026-05-19 23:30:43,788 [INFO] auto_slr: [Assistant] extract_and_record 输出: {"user_identity": "", "user_preference": "", "research_direction": "Auriculotherapy for Smoking Cessation", "filter_requirements": "", "rejection_reasons": "", "other_info": "Auriculotherapy is a traditional Chinese medical treatment that has been studied in the context of smoking cessation."}
2026-05-19 23:30:48,767 [INFO] httpx: HTTP Request: POST http://localhost:11434/v1/chat/completions "HTTP/1.1 200 OK"
2026-05-19 23:30:48,768 [INFO] auto_slr: [Assistant] extract_and_record 输入: 用户对论文 'Randomized Trial of Acupuncture for Nicotine Withdrawal Symptoms' 感到满意，认为该论文符合研究需求。
2026-05-19 23:30:51,515 [INFO] httpx: HTTP Request: POST http://localhost:11434/v1/chat/completions "HTTP/1.1 200 OK"
2026-05-19 23:30:51,516 [INFO] auto_slr: [Assistant] extract_and_record 输出: {"user_identity": "", "user_preference": "", "research_direction": "Randomized Trial of Acupuncture for Nicotine Withdrawal Symptoms", "filter_requirements": "", "rejection_reasons": "", "other_info": ""}
2026-05-19 23:30:56,893 [INFO] httpx: HTTP Request: POST http://localhost:11434/v1/chat/completions "HTTP/1.1 200 OK"
2026-05-19 23:30:56,894 [INFO] auto_slr: [Assistant] extract_and_record 输入: 用户对论文 'Acupressure for smoking cessation – a pilot study' 感到满意，认为该论文符合研究需求。
2026-05-19 23:31:00,123 [INFO] httpx: HTTP Request: POST http://localhost:11434/v1/chat/completions "HTTP/1.1 200 OK"
2026-05-19 23:31:00,124 [INFO] auto_slr: [Assistant] extract_and_record 输出: {"user_identity": "", "user_preference": "", "research_direction": "Acupressure for smoking cessation – a pilot study", "filter_requirements": "", "rejection_reasons": "", "other_info": "满意"}
2026-05-19 23:31:04,521 [INFO] httpx: HTTP Request: POST http://localhost:11434/v1/chat/completions "HTTP/1.1 200 OK"
2026-05-19 23:31:04,522 [INFO] auto_slr: [Assistant] extract_and_record 输入: 用户对论文 'The Effects of the Acupuncture Treatment for Smoking Cessation in High School Student Smokers' 不满意，排除原因:  School children in two schools allocated according to which school they attended, without mention of randomisation. One case of smoking cessation recorded, so exclusion unlikely to bias r...
2026-05-19 23:31:08,305 [INFO] httpx: HTTP Request: POST http://localhost:11434/v1/chat/completions "HTTP/1.1 200 OK"
2026-05-19 23:31:08,306 [INFO] auto_slr: [Assistant] extract_and_record 输出: {"user_identity": "", "user_preference": "", "research_direction": "The Effects of Acupuncture Treatment for Smoking Cessation in High School Student Smokers", "filter_requirements": "", "rejection_reasons": "School children in two schools allocated according to which school they attended, without mention of randomisation. One case of smoking cessation recorded, so exclusion unlikely to bias review", "other_info": ""}
2026-05-19 23:31:12,248 [INFO] httpx: HTTP Request: POST http://localhost:11434/v1/chat/completions "HTTP/1.1 200 OK"
2026-05-19 23:31:12,249 [INFO] auto_slr: [Assistant] extract_and_record 输入: 用户对论文 'Helping people to stop smoking: randomised comparison of groups being treated with acupuncture and nicotine gum with control group.' 感到满意，认为该论文符合研究需求。
2026-05-19 23:31:15,239 [INFO] httpx: HTTP Request: POST http://localhost:11434/v1/chat/completions "HTTP/1.1 200 OK"
2026-05-19 23:31:15,240 [INFO] auto_slr: [Assistant] extract_and_record 输出: {"user_identity": "", "user_preference": "", "research_direction": "帮助戒烟", "filter_requirements": "", "rejection_reasons": "", "other_info": ""}
2026-05-19 23:31:20,154 [INFO] httpx: HTTP Request: POST http://localhost:11434/v1/chat/completions "HTTP/1.1 200 OK"
2026-05-19 23:31:20,156 [INFO] export_prompt:   本轮反馈: satisfied=4, rejected=1, 累计satisfied=4/5
2026-05-19 23:31:20,156 [INFO] export_prompt: [阶段2 轮次2] 开始: satisfied=4/5
2026-05-19 23:31:20,156 [INFO] auto_slr: [Assistant] provide_context 输入: task_description=对论文进行详细筛选，根据摘要判断是否纳入
2026-05-19 23:31:23,506 [INFO] httpx: HTTP Request: POST http://localhost:11434/v1/chat/completions "HTTP/1.1 200 OK"
2026-05-19 23:31:23,506 [INFO] auto_slr: [Assistant] provide_context 输出: Nicotine gum has been studied for its potential to help stop smoking, with some research showing its effectiveness in reducing relapse rates. Acupuncture, on the other hand, has shown limited long-term therapeutic effects in helping smokers quit, despite being effective in the short term.

 Squash b...
2026-05-19 23:31:23,508 [INFO] export_prompt:   未筛选论文: 3323 篇
2026-05-19 23:31:31,230 [INFO] httpx: HTTP Request: POST http://localhost:11434/v1/chat/completions "HTTP/1.1 200 OK"
2026-05-19 23:31:31,230 [INFO] export_prompt:   已找到 10 篇 include，暂停本轮筛选
2026-05-19 23:31:31,230 [INFO] export_prompt:   本轮筛选: included=10, excluded=0, not_sure=0
2026-05-19 23:31:31,780 [INFO] export_prompt:   本轮反馈: satisfied=0, rejected=0, 累计satisfied=4/5
2026-05-19 23:31:31,780 [INFO] export_prompt: [阶段2 轮次3] 开始: satisfied=4/5
2026-05-19 23:31:31,780 [INFO] auto_slr: [Assistant] provide_context 输入: task_description=对论文进行详细筛选，根据摘要判断是否纳入
2026-05-19 23:31:36,976 [INFO] httpx: HTTP Request: POST http://localhost:11434/v1/chat/completions "HTTP/1.1 200 OK"
2026-05-19 23:31:36,977 [INFO] auto_slr: [Assistant] provide_context 输出: 1. 中西医结合治疗慢性阻塞性肺病的研究效果：采用中医理论指导西医方法，临床效果显著。对比不同中西医结合疗法的治疗效果。

2. 针灸对吸烟者康复的影响：研究比较了针灸与行为疗法的效果，长期随访结果显示针灸疗法更有效。

3. 用尼古丁糖丸辅助戒烟的研究：对比两种辅助戒烟方法（含尼古丁糖丸和不含），尼古丁糖丸组的戒烟率更高。长期随访显示尼古丁糖丸组的戒烟率显著高于不含组，但两组的长期戒烟率差异不显著。

4. 中西医结合治疗慢性乙型肝炎的效果：对比两种中西医结合疗法（针灸加中药、针灸加西药），两种疗法的临床效果均优于单用中药或单用西药。
2026-05-19 23:31:36,978 [INFO] export_prompt:   未筛选论文: 3313 篇
2026-05-19 23:31:46,183 [INFO] httpx: HTTP Request: POST http://localhost:11434/v1/chat/completions "HTTP/1.1 200 OK"
2026-05-19 23:31:53,537 [INFO] httpx: HTTP Request: POST http://localhost:11434/v1/chat/completions "HTTP/1.1 200 OK"
2026-05-19 23:32:01,735 [INFO] httpx: HTTP Request: POST http://localhost:11434/v1/chat/completions "HTTP/1.1 200 OK"
2026-05-19 23:32:09,622 [INFO] httpx: HTTP Request: POST http://localhost:11434/v1/chat/completions "HTTP/1.1 200 OK"
2026-05-19 23:32:17,623 [INFO] httpx: HTTP Request: POST http://localhost:11434/v1/chat/completions "HTTP/1.1 200 OK"
2026-05-19 23:32:25,093 [INFO] httpx: HTTP Request: POST http://localhost:11434/v1/chat/completions "HTTP/1.1 200 OK"
2026-05-19 23:32:31,463 [INFO] httpx: HTTP Request: POST http://localhost:11434/v1/chat/completions "HTTP/1.1 200 OK"
2026-05-19 23:32:31,464 [INFO] export_prompt:   已找到 3 篇 include，暂停本轮筛选
2026-05-19 23:32:31,464 [INFO] export_prompt:   本轮筛选: included=3, excluded=66, not_sure=1
2026-05-19 23:32:32,001 [INFO] export_prompt:   本轮反馈: satisfied=0, rejected=0, 累计satisfied=4/5
2026-05-19 23:32:32,001 [INFO] export_prompt: [阶段2 轮次4] 开始: satisfied=4/5
2026-05-19 23:32:32,001 [INFO] auto_slr: [Assistant] provide_context 输入: task_description=对论文进行详细筛选，根据摘要判断是否纳入
2026-05-19 23:32:37,219 [INFO] httpx: HTTP Request: POST http://localhost:11434/v1/chat/completions "HTTP/1.1 200 OK"
2026-05-19 23:32:37,220 [INFO] auto_slr: [Assistant] provide_context 输出: 该研究探讨了针灸和尼古丁含片在帮助吸烟者戒烟中的效果。研究分为两组：224人接受针灸治疗，205人使用尼古丁含片，222人作为对照组。结果显示，针灸和尼古丁含片在一个月内显著提高了戒烟率（对照组为78.9%，针灸组60%，尼古丁含片组60%）。然而，长期效果不佳，并且研究认为样本量不足以比较两种治疗方法的效果。此外，参与者并未主动寻求戒烟治疗，这可能影响了结果的有效性。
2026-05-19 23:32:37,221 [INFO] export_prompt:   未筛选论文: 3243 篇
2026-05-19 23:32:44,737 [INFO] httpx: HTTP Request: POST http://localhost:11434/v1/chat/completions "HTTP/1.1 200 OK"
2026-05-19 23:32:44,738 [INFO] export_prompt:   已找到 5 篇 include，暂停本轮筛选
2026-05-19 23:32:44,738 [INFO] export_prompt:   本轮筛选: included=5, excluded=4, not_sure=1
2026-05-19 23:32:45,273 [INFO] export_prompt:   本轮反馈: satisfied=0, rejected=0, 累计satisfied=4/5
2026-05-19 23:32:45,273 [INFO] export_prompt: [阶段2 轮次5] 开始: satisfied=4/5
2026-05-19 23:32:45,273 [INFO] auto_slr: [Assistant] provide_context 输入: task_description=对论文进行详细筛选，根据摘要判断是否纳入
2026-05-19 23:32:50,905 [INFO] httpx: HTTP Request: POST http://localhost:11434/v1/chat/completions "HTTP/1.1 200 OK"
2026-05-19 23:32:50,906 [INFO] auto_slr: [Assistant] provide_context 输出: 1. Acupuncture for smoking: lack of long-term therapeutic effect in a controlled study. Can Med Assoc J 1980;122:787-90.  
   - 摘要：针灸治疗吸烟的效果在长期研究中缺乏显著效果。  

2. Cottraux JA, Harf R, Boissel JP, Schbath J, Bouvard M, Gillet J. Smoking cessation with behaviour therapy or acupuncture-a controlled study....
2026-05-19 23:32:50,906 [INFO] export_prompt:   未筛选论文: 3233 篇
2026-05-19 23:32:58,505 [INFO] httpx: HTTP Request: POST http://localhost:11434/v1/chat/completions "HTTP/1.1 200 OK"
2026-05-19 23:32:58,506 [INFO] export_prompt:   已找到 4 篇 include，暂停本轮筛选
2026-05-19 23:32:58,506 [INFO] export_prompt:   本轮筛选: included=4, excluded=5, not_sure=1
2026-05-19 23:32:59,046 [INFO] export_prompt:   本轮反馈: satisfied=0, rejected=0, 累计satisfied=4/5
2026-05-19 23:32:59,046 [INFO] export_prompt: [阶段2 完成] 共 5 轮迭代, satisfied=4, included=26, excluded=80, not_sure=4
2026-05-19 23:32:59,046 [INFO] export_prompt: [阶段2.5] 构建 executor prompt: 剩余 3223 篇 unscreened 论文
2026-05-19 23:32:59,047 [INFO] auto_slr: [Assistant] provide_context 输入: task_description=对论文进行详细筛选，根据摘要判断是否纳入
2026-05-19 23:33:02,372 [INFO] httpx: HTTP Request: POST http://localhost:11434/v1/chat/completions "HTTP/1.1 200 OK"
2026-05-19 23:33:02,373 [INFO] auto_slr: [Assistant] provide_context 输出: 1. 针灸对吸烟者戒烟效果的研究：包括针灸与尼古丁 Gum 在戒烟中的应用及其长期效果。

2. 尼古丁 Gum 对吸烟者戒烟的辅助作用及研究背景。
2026-05-19 23:33:02,751 [INFO] export_prompt: [阶段2.5] 已记录 3223 条逐篇 prompt 到 d:\School\SAT404\pilot_study_code\new_auto_slr\data_csmed_prompt_export\executor_prompt_record.txt
2026-05-19 23:33:02,751 [INFO] export_prompt: [完成] review CD000009 (1/1)
2026-05-19 23:33:02,752 [INFO] export_prompt: 导出完成！共 1 个 review
2026-05-19 23:33:02,752 [INFO] export_prompt: 总逐篇 prompt 记录数: 3223
