2026-05-20 01:31:49,262 [INFO] export_prompt: 测试参数: {'num_reviews': 3, 'offset': 0, 'skip_prescreen': False, 'workers': 3}
2026-05-20 01:31:49,263 [INFO] export_prompt: 已清空旧记录: D:\School\SAT404\pilot_study_code\new_auto_slr\data_csmed_prompt_export\executor_prompt_record.txt
2026-05-20 01:31:49,292 [INFO] export_prompt: Reviews metadata 加载完成: 213 个 reviews
2026-05-20 01:31:49,995 [INFO] export_prompt: 论文集加载完成: 3333 篇去重论文
2026-05-20 01:31:49,999 [INFO] export_prompt: Gold standard 加载完成: 213 个 reviews, 3333 条决策
2026-05-20 01:31:49,999 [INFO] export_prompt: 可测试的 review 数: 213
2026-05-20 01:31:49,999 [INFO] export_prompt: 本次测试 3 个 review, 并发线程数: 3
2026-05-20 01:31:50,000 [INFO] export_prompt: ============================================================
2026-05-20 01:31:50,000 [INFO] export_prompt: ============================================================
2026-05-20 01:31:50,000 [INFO] export_prompt: 开始处理 review: CD000009
2026-05-20 01:31:50,000 [INFO] export_prompt: ============================================================
2026-05-20 01:31:50,001 [INFO] export_prompt: 开始处理 review: CD000014
2026-05-20 01:31:50,001 [INFO] export_prompt: Review title: Acupuncture and related interventions for smoking cessation
2026-05-20 01:31:50,001 [INFO] export_prompt: 开始处理 review: CD000031
2026-05-20 01:31:50,001 [INFO] export_prompt: Review title: Amnioinfusion for meconium‐stained liquor in labour
2026-05-20 01:31:50,001 [INFO] export_prompt: 总论文数: 5, gold included: 4
2026-05-20 01:31:50,001 [INFO] export_prompt: Review title: Antidepressants for smoking cessation
2026-05-20 01:31:50,001 [INFO] export_prompt: 总论文数: 1, gold included: 0
2026-05-20 01:31:50,001 [INFO] export_prompt: [阶段1] 信息抽取：以 review title 作为初始 query，逐步补充信息
2026-05-20 01:31:50,002 [INFO] export_prompt: 总论文数: 127, gold included: 108
2026-05-20 01:31:50,002 [INFO] export_prompt: [阶段1] 信息抽取：以 review title 作为初始 query，逐步补充信息
2026-05-20 01:31:50,002 [INFO] export_prompt: [阶段1a] 初始 query: Acupuncture and related interventions for smoking cessation
2026-05-20 01:31:50,002 [INFO] export_prompt: [阶段1] 信息抽取：以 review title 作为初始 query，逐步补充信息
2026-05-20 01:31:50,002 [INFO] export_prompt: [阶段1a] 初始 query: Amnioinfusion for meconium‐stained liquor in labour
2026-05-20 01:31:50,002 [INFO] auto_slr: [Assistant] extract_and_record 输入: Acupuncture and related interventions for smoking cessation
2026-05-20 01:31:50,002 [INFO] export_prompt: [阶段1a] 初始 query: Antidepressants for smoking cessation
2026-05-20 01:31:50,002 [INFO] auto_slr: [Assistant] extract_and_record 输入: Amnioinfusion for meconium‐stained liquor in labour
2026-05-20 01:31:50,002 [INFO] auto_slr: [Assistant] extract_and_record 输入: Antidepressants for smoking cessation
2026-05-20 01:31:54,598 [INFO] httpx: HTTP Request: POST http://localhost:11434/v1/chat/completions "HTTP/1.1 200 OK"
2026-05-20 01:31:54,602 [INFO] auto_slr: [Assistant] extract_and_record 输出: {"user_identity": "", "user_preference": "", "research_direction": "Antidepressants for smoking cessation", "filter_requirements": "", "rejection_reasons": "", "other_info": ""}
2026-05-20 01:31:56,662 [INFO] httpx: HTTP Request: POST http://localhost:11434/v1/chat/completions "HTTP/1.1 200 OK"
2026-05-20 01:31:56,663 [INFO] auto_slr: [Assistant] extract_and_record 输出: {"user_identity": "", "user_preference": "", "research_direction": "Acupuncture and related interventions for smoking cessation", "filter_requirements": "", "rejection_reasons": "", "other_info": ""}
2026-05-20 01:31:59,724 [INFO] httpx: HTTP Request: POST http://localhost:11434/v1/chat/completions "HTTP/1.1 200 OK"
2026-05-20 01:31:59,725 [INFO] auto_slr: [Assistant] extract_and_record 输出: {"user_identity": "", "user_preference": "", "research_direction": "Amnioinfusion, Neonatal Intensive Care, Neonatology", "filter_requirements": "", "rejection_reasons": "", "other_info": "主题：Amnioinfusion for meconium-stained liquor in labour；关键词：Amnioinfusion, meconium-stained liquor"}
2026-05-20 01:32:00,948 [INFO] httpx: HTTP Request: POST http://localhost:11434/v1/chat/completions "HTTP/1.1 200 OK"
2026-05-20 01:32:00,949 [INFO] export_prompt: [阶段1b-1] 补充输入 (前200字): 研究类型 (review_type): Intervention

系统综述摘要:
Background The pharmacological profiles and mechanisms of antidepressants are varied. However, there are common reasons why they might help people to stop smo
2026-05-20 01:32:00,949 [INFO] auto_slr: [Assistant] extract_and_record 输入: 研究类型 (review_type): Intervention

系统综述摘要:
Background The pharmacological profiles and mechanisms of antidepressants are varied. However, there are common reasons why they might help people to stop smoking tobacco: nicotine withdrawal can produce short‐term low mood that antidepressants may relieve; ...
2026-05-20 01:32:02,393 [INFO] httpx: HTTP Request: POST http://localhost:11434/v1/chat/completions "HTTP/1.1 200 OK"
2026-05-20 01:32:02,395 [INFO] export_prompt: [阶段1b-1] 补充输入 (前200字): 研究类型 (review_type): Intervention

系统综述摘要:
Background Acupuncture and related techniques are promoted as a treatment for smoking cessation in the belief that they may reduce nicotine withdrawal symptom
2026-05-20 01:32:02,395 [INFO] auto_slr: [Assistant] extract_and_record 输入: 研究类型 (review_type): Intervention

系统综述摘要:
Background Acupuncture and related techniques are promoted as a treatment for smoking cessation in the belief that they may reduce nicotine withdrawal symptoms.    Objectives The objectives of this review are to determine the effectiveness of acupuncture and...
2026-05-20 01:32:04,248 [INFO] httpx: HTTP Request: POST http://localhost:11434/v1/chat/completions "HTTP/1.1 200 OK"
2026-05-20 01:32:04,249 [INFO] export_prompt: [阶段1b-1] 补充输入 (前200字): 研究类型 (review_type): Intervention

系统综述摘要:
Background Amnioinfusion is thought to dilute meconium present in the amniotic fluid and so reduce the risk of meconium aspiration.    Objectives To assess th
2026-05-20 01:32:04,249 [INFO] auto_slr: [Assistant] extract_and_record 输入: 研究类型 (review_type): Intervention

系统综述摘要:
Background Amnioinfusion is thought to dilute meconium present in the amniotic fluid and so reduce the risk of meconium aspiration.    Objectives To assess the effects of amnioinfusion for meconium‐stained liquor on perinatal outcome.   Search methods We sea...
2026-05-20 01:32:09,077 [INFO] httpx: HTTP Request: POST http://localhost:11434/v1/chat/completions "HTTP/1.1 200 OK"
2026-05-20 01:32:09,078 [INFO] auto_slr: [Assistant] extract_and_record 输出: {"user_identity": "", "user_preference": "", "research_direction": "Evaluation of the efficacy, harms, and tolerability of antidepressant medications in assisting long-term tobacco smoking cessation", "filter_requirements": "Inclusion of RCTs with at least six months' follow-up for efficacy analysis; exclusion of trials with fewer than six months' follow-up for efficacy analysis; inclusion of all follow-up lengths for harm analysis", "rejection_reasons": "", "other_info": "The review found high-certainty evidence that bupropion can aid long-term smoking cessation, though it may increase serious adverse events. Trial dropouts due to adverse effects were more common with bupropion compared to placebo or no pharmacological treatment."}
2026-05-20 01:32:12,790 [INFO] httpx: HTTP Request: POST http://localhost:11434/v1/chat/completions "HTTP/1.1 200 OK"
2026-05-20 01:32:12,791 [INFO] auto_slr: [Assistant] extract_and_record 输出: {"user_identity": "", "user_preference": "", "research_direction": "Intervention", "filter_requirements": "Cochrane Tobacco Addiction Group Specialized Register, MEDLINE, EMBASE, PsycINFO; Sino-Med, China National Knowledge Infrastructure, Wanfang Data, VIP (September/October 2013)", "rejection_reasons": "", "other_info": "Systematic review exploring the effectiveness of acupuncture and related interventions in smoking cessation. Includes meta-analysis of 38 studies comparing various techniques such as acupressure, laser therapy, and electrostimulation with control or sham interventions."}
2026-05-20 01:32:16,570 [INFO] httpx: HTTP Request: POST http://localhost:11434/v1/chat/completions "HTTP/1.1 200 OK"
2026-05-20 01:32:16,571 [INFO] auto_slr: [Assistant] extract_and_record 输出: {"user_identity": "", "user_preference": "", "research_direction": "Assessment of the effects of amnioinfusion for meconium-stained liquor on perinatal outcome", "filter_requirements": "Cochrane Pregnancy and Childbirth Group's Trials Register (1 December 2013)", "rejection_reasons": "", "other_info": "Systematic review summary: Background Amnioinfusion is thought to dilute meconium present in the amniotic fluid and so reduce the risk of meconium aspiration."}
2026-05-20 01:32:20,267 [INFO] httpx: HTTP Request: POST http://localhost:11434/v1/chat/completions "HTTP/1.1 200 OK"
2026-05-20 01:32:20,268 [INFO] export_prompt: [阶段1b-2] 补充输入 (前200字): 纳入/排除标准 (criteria_text):
We included randomised controlled trials (RCTs) and cluster‐RCTs. We did not include cross‐over studies as this type of randomised study does not allow assessment of the mediu
2026-05-20 01:32:20,268 [INFO] auto_slr: [Assistant] extract_and_record 输入: 纳入/排除标准 (criteria_text):
We included randomised controlled trials (RCTs) and cluster‐RCTs. We did not include cross‐over studies as this type of randomised study does not allow assessment of the medium‐ to long‐term effects of smoking cessation medications on abstinence. We included people of any ag...
2026-05-20 01:32:23,581 [INFO] httpx: HTTP Request: POST http://localhost:11434/v1/chat/completions "HTTP/1.1 200 OK"
2026-05-20 01:32:23,582 [INFO] export_prompt: [阶段1b-2] 补充输入 (前200字): 纳入/排除标准 (criteria_text):
All randomized controlled trials comparing acupuncture, acupressure, laser therapy or electrostimulation with either no intervention, or a sham form of the intervention, or an
2026-05-20 01:32:23,582 [INFO] auto_slr: [Assistant] extract_and_record 输入: 纳入/排除标准 (criteria_text):
All randomized controlled trials comparing acupuncture, acupressure, laser therapy or electrostimulation with either no intervention, or a sham form of the intervention, or another intervention, for smoking cessation. Tobacco smokers of any age who wished to stop smoking. No...
2026-05-20 01:32:26,914 [INFO] httpx: HTTP Request: POST http://localhost:11434/v1/chat/completions "HTTP/1.1 200 OK"
2026-05-20 01:32:26,916 [INFO] export_prompt: [阶段1b-2] 补充输入 (前200字): 纳入/排除标准 (criteria_text):
Randomised controlled trials comparing the effect of amnioinfusion for meconium‐stained liquor on clinically meaningful outcomes, with a control group (no or sham amnioinfusio
2026-05-20 01:32:26,916 [INFO] auto_slr: [Assistant] extract_and_record 输入: 纳入/排除标准 (criteria_text):
Randomised controlled trials comparing the effect of amnioinfusion for meconium‐stained liquor on clinically meaningful outcomes, with a control group (no or sham amnioinfusion).  Quasi‐randomised (alternate allocation) were considered eligible, but cross‐over and cluster‐ra...
2026-05-20 01:32:31,117 [INFO] httpx: HTTP Request: POST http://localhost:11434/v1/chat/completions "HTTP/1.1 200 OK"
2026-05-20 01:32:31,118 [INFO] auto_slr: [Assistant] extract_and_record 输出: {"user_identity": "", "user_preference": "", "research_direction": "使用抗抑郁药辅助戒烟", "filter_requirements": "近两年; 随机化对照试验 (RCTs) 和集群对照试验 (cluster‐RCTs); 排除交叉对照试验; 研究对象为任何年龄吸烟者，有或无精神疾病历史; 不包括孕妇（另有专门的 Cochrane 复查）; 研究药物为抗抑郁药用于戒烟", "rejection_reasons": "", "other_info": ""}
2026-05-20 01:32:34,461 [INFO] httpx: HTTP Request: POST http://localhost:11434/v1/chat/completions "HTTP/1.1 200 OK"
2026-05-20 01:32:34,462 [INFO] auto_slr: [Assistant] extract_and_record 输出: {"user_identity": "", "user_preference": "", "research_direction": "中成药干预、针灸、激光疗法和电刺激等与戒烟治疗相关的干预措施", "filter_requirements": "随机对照试验，比较 acupuncture, acupressure, laser therapy 或 electrostimulation 与其他干预措施（如无干预或安慰剂）的效果，针对吸烟者，关注完全戒断。", "rejection_reasons": "", "other_info": ""}
2026-05-20 01:32:38,650 [INFO] httpx: HTTP Request: POST http://localhost:11434/v1/chat/completions "HTTP/1.1 200 OK"
2026-05-20 01:32:38,650 [INFO] auto_slr: [Assistant] extract_and_record 输出: {"user_identity": "孕妇", "user_preference": "", "research_direction": "Meconium-stained liquor amnioinfusion effect", "filter_requirements": "Randomised controlled trials comparing the effect of amnioinfusion for meconium-stained liquor on clinically meaningful outcomes, with a control group (no or sham amnioinfusion). Quasi-randomised (alternate allocation) were considered eligible, but cross-over and cluster-randomised trials were not considered.", "rejection_reasons": "", "other_info": "研究包括纳入标准如随机对照试验、控制组等，排除了交叉实验和集群式随机试验。筛选要求涉及时间范围（近两年）、关键词（多个胎儿和母体指标）及排除标准（交叉实验和集群式随机试验）。"}
2026-05-20 01:32:41,829 [INFO] httpx: HTTP Request: POST http://localhost:11434/v1/chat/completions "HTTP/1.1 200 OK"
2026-05-20 01:32:41,830 [INFO] export_prompt: [阶段1b-3] 补充输入 (前200字): 结构化纳入/排除标准 (criteria):
{
  "Types of studies": "We included randomised controlled trials (RCTs) and cluster‐RCTs. We did not include cross‐over studies as this type of randomised study does not allow 
2026-05-20 01:32:41,830 [INFO] auto_slr: [Assistant] extract_and_record 输入: 结构化纳入/排除标准 (criteria):
{
  "Types of studies": "We included randomised controlled trials (RCTs) and cluster‐RCTs. We did not include cross‐over studies as this type of randomised study does not allow assessment of the medium‐ to long‐term effects of smoking cessation medications on abstinence.",
  "...
2026-05-20 01:32:44,837 [INFO] httpx: HTTP Request: POST http://localhost:11434/v1/chat/completions "HTTP/1.1 200 OK"
2026-05-20 01:32:44,838 [INFO] export_prompt: [阶段1b-3] 补充输入 (前200字): 结构化纳入/排除标准 (criteria):
{
  "Types of studies": "All randomized controlled trials comparing acupuncture, acupressure, laser therapy or electrostimulation with either no intervention, or a sham form of 
2026-05-20 01:32:44,839 [INFO] auto_slr: [Assistant] extract_and_record 输入: 结构化纳入/排除标准 (criteria):
{
  "Types of studies": "All randomized controlled trials comparing acupuncture, acupressure, laser therapy or electrostimulation with either no intervention, or a sham form of the intervention, or another intervention, for smoking cessation.",
  "Types of participants": "Toba...
2026-05-20 01:32:46,179 [INFO] httpx: HTTP Request: POST http://localhost:11434/v1/chat/completions "HTTP/1.1 200 OK"
2026-05-20 01:32:49,684 [INFO] httpx: HTTP Request: POST http://localhost:11434/v1/chat/completions "HTTP/1.1 200 OK"
2026-05-20 01:32:49,684 [INFO] auto_slr: [Assistant] extract_and_record 输出: {"user_identity": "", "user_preference": "", "research_direction": "", "filter_requirements": "We included randomised controlled trials (RCTs) and cluster‐RCTs. We did not include cross‐over studies as this type of randomised study does not allow assessment of the medium‐ to long‐term effects of smoking cessation medications on abstinence.", "rejection_reasons": "", "other_info": "Types of studies, types of participants, types of interventions, comparators, types of outcome measures, primary outcomes and secondary outcomes were all specified in detail."}
2026-05-20 01:32:53,393 [INFO] httpx: HTTP Request: POST http://localhost:11434/v1/chat/completions "HTTP/1.1 200 OK"
2026-05-20 01:32:53,394 [INFO] auto_slr: [Assistant] extract_and_record 输出: {"user_identity": "", "user_preference": "", "research_direction": "Structural Equation Modelling", "filter_requirements": "近两年; Types of studies: All randomized controlled trials comparing acupuncture, acupressure, laser therapy or electrostimulation with either no intervention, or a sham form of the intervention, or another intervention, for smoking cessation. Types of participants: Tobacco smokers of any age who wished to stop smoking. Types of interventions: Non‐pharmacological stimulation interventions involving needle puncture, finger pressure or laser therapy in areas of the body described by the study's author as acupuncture points, which includes points on the ear, face and body, or the related intervention of electrostimulation to the head region, through surface electrodes. Had we located any, studies using a Western acupuncture approach would have been considered separately from those using a traditional approach. Types of outcome measures: Complete abstinence from smoking. The review has not been limited to studies where the outcome was confirmed biochemically.", "rejection_reasons": "", "other_info": ""}
2026-05-20 01:32:56,812 [INFO] httpx: HTTP Request: POST http://localhost:11434/v1/chat/completions "HTTP/1.1 200 OK"
2026-05-20 01:32:56,814 [INFO] export_prompt: [阶段1b-3] 补充输入 (前200字): 结构化纳入/排除标准 (criteria):
{
  "Types of studies": "Randomised controlled trials comparing the effect of amnioinfusion for meconium‐stained liquor on clinically meaningful outcomes, with a control group (
2026-05-20 01:32:56,814 [INFO] auto_slr: [Assistant] extract_and_record 输入: 结构化纳入/排除标准 (criteria):
{
  "Types of studies": "Randomised controlled trials comparing the effect of amnioinfusion for meconium‐stained liquor on clinically meaningful outcomes, with a control group (no or sham amnioinfusion).  Quasi‐randomised (alternate allocation) were considered eligible, but cr...
2026-05-20 01:32:59,807 [INFO] httpx: HTTP Request: POST http://localhost:11434/v1/chat/completions "HTTP/1.1 200 OK"
2026-05-20 01:32:59,809 [INFO] export_prompt: [阶段1b-4] 补充输入 (前200字): 搜索策略 (search_strategy):
{
  "Appendix 1. Cochrane Tobacco Addiction Group (TAG) Specialised Register search strategy": "Searched using CRS web on 29 April 2022 #1 (bupropion or zyban):TI,AB,MH,EMT,KY,
2026-05-20 01:32:59,810 [INFO] auto_slr: [Assistant] extract_and_record 输入: 搜索策略 (search_strategy):
{
  "Appendix 1. Cochrane Tobacco Addiction Group (TAG) Specialised Register search strategy": "Searched using CRS web on 29 April 2022 #1 (bupropion or zyban):TI,AB,MH,EMT,KY,XKY #2 nortriptyline:TI,AB,MH,EMT,KY,XKY #3 (monoamine oxidase inhib*):TI,AB,MH,EMT,KY,XKY #4 (moclo...
2026-05-20 01:33:05,551 [INFO] httpx: HTTP Request: POST http://localhost:11434/v1/chat/completions "HTTP/1.1 200 OK"
2026-05-20 01:33:05,552 [INFO] auto_slr: [Assistant] provide_context 输入: task_description=筛选相关论文
2026-05-20 01:33:09,195 [INFO] httpx: HTTP Request: POST http://localhost:11434/v1/chat/completions "HTTP/1.1 200 OK"
2026-05-20 01:33:09,196 [INFO] auto_slr: [Assistant] extract_and_record 输出: {"user_identity": "", "user_preference": "", "research_direction": "Randomised controlled trials comparing the effect of amnioinfusion for meconium-stained liquor on clinically meaningful outcomes, with a control group (no or sham amnioinfusion). Quasi-randomised (alternate allocation) were considered eligible, but cross-over and cluster-randomised trials were not considered.", "filter_requirements": "近两年", "rejection_reasons": "", "other_info": ""}
2026-05-20 01:33:12,331 [INFO] httpx: HTTP Request: POST http://localhost:11434/v1/chat/completions "HTTP/1.1 200 OK"
2026-05-20 01:33:12,332 [INFO] auto_slr: [Assistant] extract_and_record 输出: {"user_identity": "", "user_preference": "Bupropion, Zyban, Nortriptyline, Moclobemide, Selegiline, Lazabemide, SRII, John's Wort, Hypericum", "research_direction": "Tobacco Addiction, Bupropion, SSRIs, MH, EMT, KY, XKY", "filter_requirements": "29 April 2022, TI, AB, MH, EMT, KY, XKY", "rejection_reasons": "", "other_info": ""}
2026-05-20 01:33:14,782 [INFO] httpx: HTTP Request: POST http://localhost:11434/v1/chat/completions "HTTP/1.1 200 OK"
2026-05-20 01:33:14,783 [INFO] auto_slr: [Assistant] provide_context 输出: 本研究方向为干预类，筛选对象为近两年发表的随机对照试验（RCT），比较对象包括针灸、电击等非药物疗法与无干预或安慰剂，或与其他非药物疗法比较。参与者为任何年龄的吸烟者，目标是完全戒断吸烟。系统回顾采用结构方程模型（SEM）分析，关注完全戒断结果，不限于生物化学确认的研究。
2026-05-20 01:33:14,784 [INFO] export_prompt: [阶段1.5] 跳过 metadata 初筛，全量 5 篇进入筛选
2026-05-20 01:33:14,784 [INFO] export_prompt: [阶段1.8] 跳过 Title 筛选，全量 5 篇进入阶段2
2026-05-20 01:33:14,784 [INFO] export_prompt: [阶段2 轮次1] 开始: satisfied=0/5
2026-05-20 01:33:14,784 [INFO] auto_slr: [Assistant] provide_context 输入: task_description=对论文进行详细筛选，根据摘要判断是否纳入
2026-05-20 01:33:19,584 [INFO] httpx: HTTP Request: POST http://localhost:11434/v1/chat/completions "HTTP/1.1 200 OK"
2026-05-20 01:33:19,586 [INFO] auto_slr: [Assistant] provide_context 输入: task_description=筛选相关论文
2026-05-20 01:33:21,802 [INFO] httpx: HTTP Request: POST http://localhost:11434/v1/chat/completions "HTTP/1.1 200 OK"
2026-05-20 01:33:25,637 [INFO] httpx: HTTP Request: POST http://localhost:11434/v1/chat/completions "HTTP/1.1 200 OK"
2026-05-20 01:33:25,638 [INFO] auto_slr: [Assistant] provide_context 输出: research_direction: Intervention  
filter_requirements: 近两年; Types of studies: All randomized controlled trials comparing acupuncture, acupressure, laser therapy or electrostimulation with either no intervention, a sham form of the intervention, or another intervention, for smoking cessation. Types ...
2026-05-20 01:33:25,638 [INFO] export_prompt:   未筛选论文: 5 篇
2026-05-20 01:33:28,028 [INFO] httpx: HTTP Request: POST http://localhost:11434/v1/chat/completions "HTTP/1.1 200 OK"
2026-05-20 01:33:28,029 [INFO] auto_slr: [Assistant] provide_context 输出: 评估Amnioinfusion对meconium-stained liquor的影响对围产结果的作用；关键词：Amnioinfusion, meconium-stained liquor  
时间范围：近两年进行的随机对照试验（RCT）  
比较组：无或安慰剂处理作为控制组  
临床有意义指标：Amnioinfusion治疗meconium-stained liquor的效果  
排除标准：不包括交叉实验和集群式随机试验，准随机化分组（quasi-randomised）可被考虑为eligible。
2026-05-20 01:33:28,029 [INFO] export_prompt: [阶段1.5] 跳过 metadata 初筛，全量 1 篇进入筛选
2026-05-20 01:33:28,029 [INFO] export_prompt: [阶段1.8] 跳过 Title 筛选，全量 1 篇进入阶段2
2026-05-20 01:33:28,029 [INFO] export_prompt: [阶段2 轮次1] 开始: satisfied=0/5
2026-05-20 01:33:28,029 [INFO] auto_slr: [Assistant] provide_context 输入: task_description=对论文进行详细筛选，根据摘要判断是否纳入
2026-05-20 01:33:31,821 [INFO] httpx: HTTP Request: POST http://localhost:11434/v1/chat/completions "HTTP/1.1 200 OK"
2026-05-20 01:33:31,822 [INFO] auto_slr: [Assistant] provide_context 输入: task_description=筛选相关论文
2026-05-20 01:33:37,347 [INFO] httpx: HTTP Request: POST http://localhost:11434/v1/chat/completions "HTTP/1.1 200 OK"
2026-05-20 01:33:37,348 [INFO] export_prompt:   本轮筛选: included=4, excluded=1, not_sure=0
2026-05-20 01:33:37,349 [INFO] auto_slr: [Assistant] extract_and_record 输入: 用户对论文 'Helping people to stop smoking: randomised comparison of groups being treated with acupuncture and nicotine gum with control group.' 感到满意，认为该论文符合研究需求。
2026-05-20 01:33:39,692 [INFO] httpx: HTTP Request: POST http://localhost:11434/v1/chat/completions "HTTP/1.1 200 OK"
2026-05-20 01:33:39,692 [INFO] auto_slr: [Assistant] provide_context 输出: Meconium-stained liquor amnioinfusion是指在羊水检查后向胎儿提供含有胆汁酸的液体，以减少胆汁进入羊水的可能性。研究旨在评估这种治疗对meconium-stained liquor的影响，并探讨其对围产结果的作用。筛选标准为近一年内进行的随机对照试验（RCT），比较Amnioinfusion与无或安慰剂组在胎儿和母体指标上的效果，排除交叉实验和集群式随机试验。准随机化分组也被考虑为eligible。执行者需根据摘要判断论文是否符合这些标准。
2026-05-20 01:33:39,693 [INFO] export_prompt:   未筛选论文: 1 篇
2026-05-20 01:33:43,198 [INFO] httpx: HTTP Request: POST http://localhost:11434/v1/chat/completions "HTTP/1.1 200 OK"
2026-05-20 01:33:43,199 [INFO] auto_slr: [Assistant] provide_context 输出: 研究方向：烟草依赖、Bupropion、SSRIs、MH（精神障碍）、EMT、KY、XKY  
研究设计：近一年内的随机化对照试验 (RCTs) 和集群对照试验 (cluster-RCTs)，排除交叉对照试验，研究对象为任何年龄吸烟者，有或无精神疾病历史。  
过滤要求：29 April 2022, TI, AB, MH, EMT, KY, XKY
2026-05-20 01:33:43,199 [INFO] export_prompt: [阶段1.5] 跳过 metadata 初筛，全量 127 篇进入筛选
2026-05-20 01:33:43,199 [INFO] export_prompt: [阶段1.8] 跳过 Title 筛选，全量 127 篇进入阶段2
2026-05-20 01:33:43,199 [INFO] export_prompt: [阶段2 轮次1] 开始: satisfied=0/5
2026-05-20 01:33:43,199 [INFO] auto_slr: [Assistant] provide_context 输入: task_description=对论文进行详细筛选，根据摘要判断是否纳入
2026-05-20 01:33:46,182 [INFO] httpx: HTTP Request: POST http://localhost:11434/v1/chat/completions "HTTP/1.1 200 OK"
2026-05-20 01:33:46,182 [INFO] auto_slr: [Assistant] extract_and_record 输出: {"user_identity": "", "user_preference": "", "research_direction": "吸烟 cessation", "filter_requirements": "", "rejection_reasons": "", "other_info": ""}
2026-05-20 01:33:49,934 [INFO] httpx: HTTP Request: POST http://localhost:11434/v1/chat/completions "HTTP/1.1 200 OK"
2026-05-20 01:33:49,934 [INFO] export_prompt:   本轮筛选: included=1, excluded=0, not_sure=0
2026-05-20 01:33:49,935 [INFO] auto_slr: [Assistant] extract_and_record 输入: 用户对论文 'Prophylactic Cefazolin in Amnioinfusions Administered for Meconium-Stained Amniotic Fluid' 不满意，排除原因:  Excluded because comparison was between amnioinfusion with and without antibiotics. 
2026-05-20 01:33:53,871 [INFO] httpx: HTTP Request: POST http://localhost:11434/v1/chat/completions "HTTP/1.1 200 OK"
2026-05-20 01:33:53,871 [INFO] auto_slr: [Assistant] provide_context 输出: - 研究任务：烟草依赖、Bupropion、SSRIs、MH、EMT、KY、XKY  
- 研究设计：近一年内的随机化对照试验 (RCTs) 和集群对照试验 (cluster-RCTs)，排除交叉对照试验，研究对象为任何年龄吸烟者，有或无精神疾病历史。  
- filter_requirements: 29 April 2022, TI, AB, MH, EMT, KY, XKY
2026-05-20 01:33:53,872 [INFO] export_prompt:   未筛选论文: 127 篇
2026-05-20 01:33:58,780 [INFO] httpx: HTTP Request: POST http://localhost:11434/v1/chat/completions "HTTP/1.1 200 OK"
2026-05-20 01:33:58,781 [INFO] auto_slr: [Assistant] extract_and_record 输入: 用户对论文 'The Efficacy of Auriculotherapy for Smoking Cessation: A Randomized, Placebo-Controlled Trial' 感到满意，认为该论文符合研究需求。
2026-05-20 01:34:01,321 [INFO] httpx: HTTP Request: POST http://localhost:11434/v1/chat/completions "HTTP/1.1 200 OK"
2026-05-20 01:34:01,322 [INFO] auto_slr: [Assistant] extract_and_record 输出: {"user_identity": "", "user_preference": "", "research_direction": "", "filter_requirements": "", "rejection_reasons": "Excluded because comparison was between amnioinfusion with and without antibiotics", "other_info": ""}
2026-05-20 01:34:10,597 [INFO] httpx: HTTP Request: POST http://localhost:11434/v1/chat/completions "HTTP/1.1 200 OK"
2026-05-20 01:34:10,598 [INFO] export_prompt:   已找到 9 篇 include，暂停本轮筛选
2026-05-20 01:34:10,599 [INFO] export_prompt:   本轮筛选: included=9, excluded=1, not_sure=0
2026-05-20 01:34:10,623 [INFO] auto_slr: [Assistant] extract_and_record 输入: 用户对论文 'Sustained-Release Bupropion for Smoking Cessation in African Americans A Randomized Controlled Trial' 感到满意，认为该论文符合研究需求。
2026-05-20 01:34:13,725 [INFO] httpx: HTTP Request: POST http://localhost:11434/v1/chat/completions "HTTP/1.1 200 OK"
2026-05-20 01:34:13,727 [INFO] auto_slr: [Assistant] extract_and_record 输出: {"user_identity": "", "user_preference": "", "research_direction": "中医或alternative medicine", "filter_requirements": "", "rejection_reasons": "", "other_info": ""}
2026-05-20 01:34:17,350 [INFO] httpx: HTTP Request: POST http://localhost:11434/v1/chat/completions "HTTP/1.1 200 OK"
2026-05-20 01:34:17,351 [INFO] export_prompt:   本轮反馈: satisfied=0, rejected=1, 累计satisfied=0/5
2026-05-20 01:34:17,351 [INFO] export_prompt: [阶段2 轮次2] 开始: satisfied=0/5
2026-05-20 01:34:17,351 [INFO] auto_slr: [Assistant] provide_context 输入: task_description=对论文进行详细筛选，根据摘要判断是否纳入
2026-05-20 01:34:20,261 [INFO] httpx: HTTP Request: POST http://localhost:11434/v1/chat/completions "HTTP/1.1 200 OK"
2026-05-20 01:34:20,262 [INFO] auto_slr: [Assistant] extract_and_record 输出: {"user_identity": "", "user_preference": "", "research_direction": "Sustained-Release Bupropion for Smoking Cessation in African Americans", "filter_requirements": "", "rejection_reasons": "", "other_info": ""}
2026-05-20 01:34:25,534 [INFO] httpx: HTTP Request: POST http://localhost:11434/v1/chat/completions "HTTP/1.1 200 OK"
2026-05-20 01:34:25,535 [INFO] auto_slr: [Assistant] extract_and_record 输入: 用户对论文 'Randomized Trial of Acupuncture for Nicotine Withdrawal Symptoms' 感到满意，认为该论文符合研究需求。
2026-05-20 01:34:29,012 [INFO] httpx: HTTP Request: POST http://localhost:11434/v1/chat/completions "HTTP/1.1 200 OK"
2026-05-20 01:34:29,012 [INFO] auto_slr: [Assistant] provide_context 输出: Meconium-stained liquor是指在产前检查中发现胎盘中的胎便含有血液或血迹的情况。Amnioinfusion是一种通过静脉注射羊水来补充营养和治疗疾病的方法，可能用于缓解meconium-stained liquor相关的问题。研究需要评估Amnioinfusion对meconium-stained liquor临床有意义指标的影响，并比较其效果与安慰剂处理的对照组。筛选标准包括时间范围在近两年内进行的随机对照试验（RCT），比较Amnioinfusion治疗meconium-stained liquor的效果，控制组为无或安慰剂处理。准随机化分组也被考虑为eligible，...
2026-05-20 01:34:29,013 [INFO] export_prompt:   未筛选论文: 0 篇
2026-05-20 01:34:29,013 [INFO] export_prompt:   所有论文已筛选完毕，退出迭代
2026-05-20 01:34:29,013 [INFO] export_prompt: [阶段2 完成] 共 2 轮迭代, satisfied=0, included=1, excluded=0, not_sure=0
2026-05-20 01:34:29,013 [INFO] export_prompt: [阶段2.5] Stage 2 已覆盖所有论文，将全部 1 篇论文视为 unscreened 生成 prompt
2026-05-20 01:34:29,013 [INFO] auto_slr: [Assistant] provide_context 输入: task_description=对论文进行详细筛选，根据摘要判断是否纳入
2026-05-20 01:34:32,700 [INFO] httpx: HTTP Request: POST http://localhost:11434/v1/chat/completions "HTTP/1.1 200 OK"
2026-05-20 01:34:32,700 [INFO] auto_slr: [Assistant] extract_and_record 输入: 用户对论文 'Association of CHRNA5-A3-B4 SNP rs2036527 With Smoking Cessation Therapy Response in African-American Smokers' 感到满意，认为该论文符合研究需求。
2026-05-20 01:34:35,939 [INFO] httpx: HTTP Request: POST http://localhost:11434/v1/chat/completions "HTTP/1.1 200 OK"
2026-05-20 01:34:35,939 [INFO] auto_slr: [Assistant] extract_and_record 输出: {"user_identity": "", "user_preference": "", "research_direction": "针灸与药物依赖治疗", "filter_requirements": "", "rejection_reasons": "", "other_info": "论文标题：《Randomized Trial of Acupuncture for Nicotine Withdrawal Symptoms》，研究主题：针灸与药物依赖治疗"}
2026-05-20 01:34:38,652 [INFO] httpx: HTTP Request: POST http://localhost:11434/v1/chat/completions "HTTP/1.1 200 OK"
2026-05-20 01:34:38,652 [INFO] auto_slr: [Assistant] provide_context 输出: 研究目标：评估Amnioinfusion对meconium-stained liquor的影响对围产结果的作用  
筛选标准：近一年的随机对照试验（RCT），比较Amnioinfusion治疗meconium-stained liquor在临床有意义指标上的效果，控制组为无或安慰剂处理。时间范围、多个胎儿和母体指标，并排除交叉实验和集群式随机试验。准随机化分组（quasi-randomised）也可考虑。
2026-05-20 01:34:38,653 [INFO] export_prompt: [阶段2.5] 已记录 1 条逐篇 prompt 到 D:\School\SAT404\pilot_study_code\new_auto_slr\data_csmed_prompt_export\executor_prompt_record.txt
2026-05-20 01:34:38,653 [INFO] export_prompt: [完成] review CD000014 (2/3)
2026-05-20 01:34:41,513 [INFO] httpx: HTTP Request: POST http://localhost:11434/v1/chat/completions "HTTP/1.1 200 OK"
2026-05-20 01:34:41,514 [INFO] auto_slr: [Assistant] extract_and_record 输出: {"user_identity": "", "user_preference": "", "research_direction": "研究吸烟戒断治疗对CHRNA5-A3-B4基因型的影响", "filter_requirements": "", "rejection_reasons": "", "other_info": ""}
2026-05-20 01:34:46,538 [INFO] httpx: HTTP Request: POST http://localhost:11434/v1/chat/completions "HTTP/1.1 200 OK"
2026-05-20 01:34:46,539 [INFO] auto_slr: [Assistant] extract_and_record 输入: 用户对论文 'The Effects of the Acupuncture Treatment for Smoking Cessation in High School Student Smokers' 不满意，排除原因:  School children in two schools allocated according to which school they attended, without mention of randomisation. One case of smoking cessation recorded, so exclusion unlikely to bias r...
2026-05-20 01:34:50,380 [INFO] httpx: HTTP Request: POST http://localhost:11434/v1/chat/completions "HTTP/1.1 200 OK"
2026-05-20 01:34:50,381 [INFO] auto_slr: [Assistant] extract_and_record 输入: 用户对论文 'Neuropsychiatric safety and efficacy of varenicline, bupropion, and nicotine patch in smokers with and without psychiatric disorders (EAGLES): a double-blind, randomised, placebo-controlled clinical trial' 感到满意，认为该论文符合研究需求。
2026-05-20 01:34:53,043 [INFO] httpx: HTTP Request: POST http://localhost:11434/v1/chat/completions "HTTP/1.1 200 OK"
2026-05-20 01:34:53,044 [INFO] auto_slr: [Assistant] extract_and_record 输出: {"user_identity": "", "user_preference": "", "research_direction": "Public Health Education", "filter_requirements": "", "rejection_reasons": "School children in two schools allocated according to which school they attended, without mention of randomisation. One case of smoking cessation recorded, so exclusion unlikely to bias review", "other_info": ""}
2026-05-20 01:34:56,073 [INFO] httpx: HTTP Request: POST http://localhost:11434/v1/chat/completions "HTTP/1.1 200 OK"
2026-05-20 01:34:56,074 [INFO] auto_slr: [Assistant] extract_and_record 输出: {"user_identity": "", "user_preference": "", "research_direction": "Neuropsychiatric safety and efficacy of varenicline, bupropion, and nicotine patch", "filter_requirements": "", "rejection_reasons": "", "other_info": ""}
2026-05-20 01:35:00,416 [INFO] httpx: HTTP Request: POST http://localhost:11434/v1/chat/completions "HTTP/1.1 200 OK"
2026-05-20 01:35:00,418 [INFO] export_prompt:   本轮反馈: satisfied=3, rejected=1, 累计satisfied=3/5
2026-05-20 01:35:00,418 [INFO] export_prompt: [阶段2 轮次2] 开始: satisfied=3/5
2026-05-20 01:35:00,418 [INFO] auto_slr: [Assistant] provide_context 输入: task_description=对论文进行详细筛选，根据摘要判断是否纳入
2026-05-20 01:35:03,100 [INFO] httpx: HTTP Request: POST http://localhost:11434/v1/chat/completions "HTTP/1.1 200 OK"
2026-05-20 01:35:03,101 [INFO] auto_slr: [Assistant] extract_and_record 输入: 用户对论文 'Predictors of Neuropsychiatric Adverse Events with Smoking Cessation Medications in the Randomized Controlled EAGLES Trial' 感到满意，认为该论文符合研究需求。
2026-05-20 01:35:06,457 [INFO] httpx: HTTP Request: POST http://localhost:11434/v1/chat/completions "HTTP/1.1 200 OK"
2026-05-20 01:35:06,458 [INFO] auto_slr: [Assistant] provide_context 输出: 该研究是一项随机对照试验，比较电针灸与其他干预措施在吸烟者中的效果。参与者为至少3天完成日记的吸烟者（n=15和n=16），最终有14天的记录。结果显示，两组的戒烟率均较高，但电针灸与安慰剂的效果差异不显著。
2026-05-20 01:35:06,458 [INFO] export_prompt:   未筛选论文: 0 篇
2026-05-20 01:35:06,458 [INFO] export_prompt:   所有论文已筛选完毕，退出迭代
2026-05-20 01:35:06,458 [INFO] export_prompt: [阶段2 完成] 共 2 轮迭代, satisfied=3, included=4, excluded=1, not_sure=0
2026-05-20 01:35:06,458 [INFO] export_prompt: [阶段2.5] Stage 2 已覆盖所有论文，将全部 5 篇论文视为 unscreened 生成 prompt
2026-05-20 01:35:06,458 [INFO] auto_slr: [Assistant] provide_context 输入: task_description=对论文进行详细筛选，根据摘要判断是否纳入
2026-05-20 01:35:09,570 [INFO] httpx: HTTP Request: POST http://localhost:11434/v1/chat/completions "HTTP/1.1 200 OK"
2026-05-20 01:35:09,571 [INFO] auto_slr: [Assistant] extract_and_record 输出: {"user_identity": "", "user_preference": "", "research_direction": "", "filter_requirements": "", "rejection_reasons": "", "other_info": "用户对论文 'Predictors of Neuropsychiatric Adverse Events with Smoking Cessation Medications in the Randomized Controlled EAGLES Trial' 感到满意，认为该论文符合研究需求。"}
2026-05-20 01:35:14,550 [INFO] httpx: HTTP Request: POST http://localhost:11434/v1/chat/completions "HTTP/1.1 200 OK"
2026-05-20 01:35:14,551 [INFO] auto_slr: [Assistant] provide_context 输出: 该研究比较了电针灸（Electroacupuncture, EA）和安慰剂在戒烟效果中的作用。参与者为38名吸烟者，随机分为两组：电针灸组（n=19）和安慰剂组（n=19）。结果显示，两组的短效戒烟率均达到40%以上。研究强调了电针灸作为替代疗法在戒烟中的潜在价值，并关注完全戒烟结果。
2026-05-20 01:35:14,553 [INFO] export_prompt: [阶段2.5] 已记录 5 条逐篇 prompt 到 D:\School\SAT404\pilot_study_code\new_auto_slr\data_csmed_prompt_export\executor_prompt_record.txt
2026-05-20 01:35:14,553 [INFO] export_prompt: [完成] review CD000009 (1/3)
2026-05-20 01:35:18,869 [INFO] httpx: HTTP Request: POST http://localhost:11434/v1/chat/completions "HTTP/1.1 200 OK"
2026-05-20 01:35:18,870 [INFO] auto_slr: [Assistant] extract_and_record 输入: 用户对论文 'Psychiatric Comorbidity and Multimorbidity in the EAGLES Trial: Descriptive Correlates and Associations With Neuropsychiatric Adverse Events, Treatment Adherence, and Smoking Cessation' 感到满意，认为该论文符合研究需求。
2026-05-20 01:35:22,376 [INFO] httpx: HTTP Request: POST http://localhost:11434/v1/chat/completions "HTTP/1.1 200 OK"
2026-05-20 01:35:22,377 [INFO] auto_slr: [Assistant] extract_and_record 输出: {"user_identity": "", "user_preference": "", "research_direction": "Psychiatric Comorbidity and Multimorbidity", "filter_requirements": "", "rejection_reasons": "", "other_info": ""}
2026-05-20 01:35:26,082 [INFO] httpx: HTTP Request: POST http://localhost:11434/v1/chat/completions "HTTP/1.1 200 OK"
2026-05-20 01:35:26,084 [INFO] auto_slr: [Assistant] extract_and_record 输入: 用户对论文 'Efficacy and Safety of Pharmacotherapeutic Smoking Cessation Aids in Schizophrenia Spectrum Disorders: Subgroup Analysis of EAGLES' 感到满意，认为该论文符合研究需求。
2026-05-20 01:35:30,276 [INFO] httpx: HTTP Request: POST http://localhost:11434/v1/chat/completions "HTTP/1.1 200 OK"
2026-05-20 01:35:30,276 [INFO] auto_slr: [Assistant] extract_and_record 输出: {"user_identity": "", "user_preference": "", "research_direction": "Efficacy and Safety of Pharmacotherapeutic Smoking Cessation Aids in Schizophrenia Spectrum Disorders: Subgroup Analysis of EAGLES", "filter_requirements": "", "rejection_reasons": "", "other_info": ""}
2026-05-20 01:35:35,304 [INFO] httpx: HTTP Request: POST http://localhost:11434/v1/chat/completions "HTTP/1.1 200 OK"
2026-05-20 01:35:35,305 [INFO] auto_slr: [Assistant] extract_and_record 输入: 用户对论文 'Safety and efficacy of first-line smoking cessation pharmacotherapies in bipolar disorders: Subgroup analysis of a randomized clinical trial' 感到满意，认为该论文符合研究需求。
2026-05-20 01:35:38,203 [INFO] httpx: HTTP Request: POST http://localhost:11434/v1/chat/completions "HTTP/1.1 200 OK"
2026-05-20 01:35:38,204 [INFO] auto_slr: [Assistant] extract_and_record 输出: {"user_identity": "", "user_preference": "", "research_direction": "医学领域中的临床药理学或精神病治疗", "filter_requirements": "", "rejection_reasons": "", "other_info": "用户认为论文 'Safety and efficacy of first-line smoking cessation pharmacotherapies in bipolar disorders: Subgroup analysis of a randomized clinical trial' 符合研究需求"}
2026-05-20 01:35:42,065 [INFO] httpx: HTTP Request: POST http://localhost:11434/v1/chat/completions "HTTP/1.1 200 OK"
2026-05-20 01:35:42,066 [INFO] auto_slr: [Assistant] extract_and_record 输入: 用户对论文 'Assessment of Racial Differences in Pharmacotherapy Efficacy for Smoking Cessation' 感到满意，认为该论文符合研究需求。
2026-05-20 01:35:45,654 [INFO] httpx: HTTP Request: POST http://localhost:11434/v1/chat/completions "HTTP/1.1 200 OK"
2026-05-20 01:35:45,654 [INFO] auto_slr: [Assistant] extract_and_record 输出: {"user_identity": "", "user_preference": "", "research_direction": "Assessment of Racial Differences in Pharmacotherapy Efficacy for Smoking Cessation", "filter_requirements": "", "rejection_reasons": "", "other_info": ""}
2026-05-20 01:35:49,557 [INFO] httpx: HTTP Request: POST http://localhost:11434/v1/chat/completions "HTTP/1.1 200 OK"
2026-05-20 01:35:49,558 [INFO] auto_slr: [Assistant] extract_and_record 输入: 用户对论文 'Nortriptyline plus nicotine replacement versus placebo plus nicotine replacement for smoking cessation: pragmatic randomised controlled trial' 感到满意，认为该论文符合研究需求。
2026-05-20 01:35:52,392 [INFO] httpx: HTTP Request: POST http://localhost:11434/v1/chat/completions "HTTP/1.1 200 OK"
2026-05-20 01:35:52,392 [INFO] auto_slr: [Assistant] extract_and_record 输出: {"user_identity": "", "user_preference": "", "research_direction": "Nortriptyline plus nicotine replacement versus placebo plus nicotine replacement for smoking cessation", "filter_requirements": "", "rejection_reasons": "", "other_info": ""}
2026-05-20 01:35:55,716 [INFO] httpx: HTTP Request: POST http://localhost:11434/v1/chat/completions "HTTP/1.1 200 OK"
2026-05-20 01:35:55,720 [INFO] export_prompt:   本轮反馈: satisfied=9, rejected=0, 累计satisfied=9/5
2026-05-20 01:35:55,720 [INFO] export_prompt:   本轮所有 include 论文用户都满意，退出迭代，进入全量筛选
2026-05-20 01:35:55,720 [INFO] export_prompt: [阶段2 完成] 共 1 轮迭代, satisfied=9, included=9, excluded=1, not_sure=0
2026-05-20 01:35:55,720 [INFO] export_prompt: [阶段2.5] 构建 executor prompt: 剩余 117 篇 unscreened 论文
2026-05-20 01:35:55,720 [INFO] auto_slr: [Assistant] provide_context 输入: task_description=对论文进行详细筛选，根据摘要判断是否纳入
2026-05-20 01:35:59,619 [INFO] httpx: HTTP Request: POST http://localhost:11434/v1/chat/completions "HTTP/1.1 200 OK"
2026-05-20 01:35:59,620 [INFO] auto_slr: [Assistant] provide_context 输出: 该研究是一项比较两种尼古丁替代疗法效果的随机对照试验，研究对象是试图戒烟的人群。干预措施为尼古丁替代疗法，干预时间为至少4周、6周或12周。主要结果包括吸烟完全戒除（无症状）、部分戒除（症状缓解）和持续不发 symptomatic abstinence。研究设计为单一终点分析和按计划分析。
2026-05-20 01:35:59,635 [INFO] export_prompt: [阶段2.5] 已记录 117 条逐篇 prompt 到 D:\School\SAT404\pilot_study_code\new_auto_slr\data_csmed_prompt_export\executor_prompt_record.txt
2026-05-20 01:35:59,636 [INFO] export_prompt: [完成] review CD000031 (3/3)
2026-05-20 01:35:59,636 [INFO] export_prompt: 导出完成！共 3 个 review
2026-05-20 01:35:59,636 [INFO] export_prompt: 总逐篇 prompt 记录数: 123
