2026-05-19 22:51:37,767 [INFO] export_prompt: 测试参数: {'num_reviews': 1, 'offset': 0, 'skip_prescreen': False, 'workers': 3}
2026-05-19 22:51:37,795 [INFO] export_prompt: Reviews metadata 加载完成: 213 个 reviews
2026-05-19 22:51:38,407 [INFO] export_prompt: 论文集加载完成: 3333 篇去重论文
2026-05-19 22:51:38,412 [INFO] export_prompt: Gold standard 加载完成: 213 个 reviews, 3333 条决策
2026-05-19 22:51:38,413 [INFO] export_prompt: 可测试的 review 数: 213
2026-05-19 22:51:38,413 [INFO] export_prompt: 本次测试 1 个 review, 并发线程数: 3
2026-05-19 22:51:38,419 [INFO] export_prompt: ============================================================
2026-05-19 22:51:38,419 [INFO] export_prompt: 开始处理 review: CD000009
2026-05-19 22:51:38,419 [INFO] export_prompt: Review title: Acupuncture and related interventions for smoking cessation
2026-05-19 22:51:38,419 [INFO] export_prompt: 总论文数: 3333, gold included: 4
2026-05-19 22:51:38,419 [INFO] export_prompt: [阶段1] 信息抽取：以 review title 作为初始 query，逐步补充信息
2026-05-19 22:51:38,419 [INFO] export_prompt: [阶段1a] 初始 query: Acupuncture and related interventions for smoking cessation
2026-05-19 22:51:38,420 [INFO] auto_slr: [Assistant] extract_and_record 输入: Acupuncture and related interventions for smoking cessation
2026-05-19 22:51:43,290 [INFO] httpx: HTTP Request: POST http://localhost:11434/v1/chat/completions "HTTP/1.1 200 OK"
2026-05-19 22:51:43,294 [INFO] auto_slr: [Assistant] extract_and_record 输出: {"user_identity": "", "user_preference": "", "research_direction": "Acupuncture and related interventions for smoking cessation", "filter_requirements": "", "rejection_reasons": "", "other_info": ""}
2026-05-19 22:51:44,521 [INFO] httpx: HTTP Request: POST http://localhost:11434/v1/chat/completions "HTTP/1.1 200 OK"
2026-05-19 22:51:44,522 [INFO] export_prompt: [阶段1b-1] 补充输入 (前200字): 研究类型 (review_type): Intervention

系统综述摘要:
Background Acupuncture and related techniques are promoted as a treatment for smoking cessation in the belief that they may reduce nicotine withdrawal symptom
2026-05-19 22:51:44,522 [INFO] auto_slr: [Assistant] extract_and_record 输入: 研究类型 (review_type): Intervention

系统综述摘要:
Background Acupuncture and related techniques are promoted as a treatment for smoking cessation in the belief that they may reduce nicotine withdrawal symptoms.    Objectives The objectives of this review are to determine the effectiveness of acupuncture and...
2026-05-19 22:51:47,929 [INFO] httpx: HTTP Request: POST http://localhost:11434/v1/chat/completions "HTTP/1.1 200 OK"
2026-05-19 22:51:47,930 [INFO] auto_slr: [Assistant] extract_and_record 输出: {"user_identity": "", "user_preference": "", "research_direction": "中医疗法在吸烟戒断中的应用效果", "filter_requirements": "搜索的数据库包括Cochrane Register、MEDLINE、EMBASE、PsycINFO，以及四个中文数据库。筛选标准是随机对照试验（RCT），比较中医疗法与无干预、安慰剂或其它干预。", "rejection_reasons": "", "other_info": ""}
2026-05-19 22:51:49,974 [INFO] httpx: HTTP Request: POST http://localhost:11434/v1/chat/completions "HTTP/1.1 200 OK"
2026-05-19 22:51:49,975 [INFO] export_prompt: [阶段1b-2] 补充输入 (前200字): 纳入/排除标准 (criteria_text):
All randomized controlled trials comparing acupuncture, acupressure, laser therapy or electrostimulation with either no intervention, or a sham form of the intervention, or an
2026-05-19 22:51:49,975 [INFO] auto_slr: [Assistant] extract_and_record 输入: 纳入/排除标准 (criteria_text):
All randomized controlled trials comparing acupuncture, acupressure, laser therapy or electrostimulation with either no intervention, or a sham form of the intervention, or another intervention, for smoking cessation. Tobacco smokers of any age who wished to stop smoking. No...
2026-05-19 22:51:54,385 [INFO] httpx: HTTP Request: POST http://localhost:11434/v1/chat/completions "HTTP/1.1 200 OK"
2026-05-19 22:51:54,385 [INFO] auto_slr: [Assistant] extract_and_record 输出: {"user_identity": "", "user_preference": "", "research_direction": "针灸和艾灸疗法在戒烟治疗中的效果", "filter_requirements": "随机对照试验，比较不同干预方式，关注完全戒断吸烟，并未限定于化学药物结果；排除了西方针灸与传统针灸分开的情况", "rejection_reasons": "", "other_info": "纳入标准为随机对照试验，比较不同干预方式，关注完全戒断吸烟，并未限定于化学药物结果；排除了西方针灸与传统针灸分开的情况"}
2026-05-19 22:51:56,601 [INFO] httpx: HTTP Request: POST http://localhost:11434/v1/chat/completions "HTTP/1.1 200 OK"
2026-05-19 22:51:56,602 [INFO] export_prompt: [阶段1b-3] 补充输入 (前200字): 结构化纳入/排除标准 (criteria):
{
  "Types of studies": "All randomized controlled trials comparing acupuncture, acupressure, laser therapy or electrostimulation with either no intervention, or a sham form of 
2026-05-19 22:51:56,602 [INFO] auto_slr: [Assistant] extract_and_record 输入: 结构化纳入/排除标准 (criteria):
{
  "Types of studies": "All randomized controlled trials comparing acupuncture, acupressure, laser therapy or electrostimulation with either no intervention, or a sham form of the intervention, or another intervention, for smoking cessation.",
  "Types of participants": "Toba...
2026-05-19 22:51:59,493 [INFO] httpx: HTTP Request: POST http://localhost:11434/v1/chat/completions "HTTP/1.1 200 OK"
2026-05-19 22:51:59,494 [INFO] auto_slr: [Assistant] extract_and_record 输出: {"user_identity": "", "user_preference": "", "research_direction": "中医干预", "filter_requirements": "", "rejection_reasons": "", "other_info": ""}
2026-05-19 22:52:01,732 [INFO] httpx: HTTP Request: POST http://localhost:11434/v1/chat/completions "HTTP/1.1 200 OK"
2026-05-19 22:52:01,733 [INFO] auto_slr: [Assistant] provide_context 输入: task_description=筛选相关论文
2026-05-19 22:52:03,807 [INFO] httpx: HTTP Request: POST http://localhost:11434/v1/chat/completions "HTTP/1.1 200 OK"
2026-05-19 22:52:03,808 [INFO] auto_slr: [Assistant] provide_context 输出: 研究方向为针灸和艾灸疗法在戒烟治疗中的效果，属于中医干预治疗领域。
2026-05-19 22:52:03,808 [INFO] export_prompt: [阶段1.5] 跳过 metadata 初筛，全量 3333 篇进入筛选
2026-05-19 22:52:03,808 [INFO] export_prompt: [阶段1.8] 跳过 Title 筛选，全量 3333 篇进入阶段2
2026-05-19 22:52:03,809 [INFO] export_prompt: [阶段2 轮次1] 开始: satisfied=0/5
2026-05-19 22:52:03,809 [INFO] auto_slr: [Assistant] provide_context 输入: task_description=对论文进行详细筛选，根据摘要判断是否纳入
2026-05-19 22:52:05,279 [INFO] httpx: HTTP Request: POST http://localhost:11434/v1/chat/completions "HTTP/1.1 200 OK"
2026-05-19 22:52:05,280 [INFO] auto_slr: [Assistant] provide_context 输出: 研究方向为针灸和艾灸疗法在戒烟治疗中的效果，属于中医干预的范畴。
2026-05-19 22:52:05,281 [INFO] export_prompt:   未筛选论文: 3333 篇
2026-05-19 22:52:13,320 [INFO] httpx: HTTP Request: POST http://localhost:11434/v1/chat/completions "HTTP/1.1 200 OK"
2026-05-19 22:52:13,321 [INFO] export_prompt:   已找到 3 篇 include，暂停本轮筛选
2026-05-19 22:52:13,321 [INFO] export_prompt:   本轮筛选: included=3, excluded=7, not_sure=0
2026-05-19 22:52:13,856 [INFO] auto_slr: [Assistant] extract_and_record 输入: 用户对论文 'Helping people to stop smoking: randomised comparison of groups being treated with acupuncture and nicotine gum with control group.' 感到满意，认为该论文符合研究需求。
2026-05-19 22:52:16,166 [INFO] httpx: HTTP Request: POST http://localhost:11434/v1/chat/completions "HTTP/1.1 200 OK"
2026-05-19 22:52:16,167 [INFO] auto_slr: [Assistant] extract_and_record 输出: {"user_identity": "", "user_preference": "", "research_direction": "帮助戒烟", "filter_requirements": "", "rejection_reasons": "", "other_info": "用户认为该论文符合研究需求"}
2026-05-19 22:52:18,634 [INFO] httpx: HTTP Request: POST http://localhost:11434/v1/chat/completions "HTTP/1.1 200 OK"
2026-05-19 22:52:18,635 [INFO] auto_slr: [Assistant] extract_and_record 输入: 用户对论文 'Randomized Trial of Acupuncture for Nicotine Withdrawal Symptoms' 感到满意，认为该论文符合研究需求。
2026-05-19 22:52:22,055 [INFO] httpx: HTTP Request: POST http://localhost:11434/v1/chat/completions "HTTP/1.1 200 OK"
2026-05-19 22:52:22,055 [INFO] auto_slr: [Assistant] extract_and_record 输出: {"user_identity": "", "user_preference": "随机对照试验、针灸、尼古丁戒断", "research_direction": "针灸疗法在尼古丁戒断中的应用", "filter_requirements": "", "rejection_reasons": "", "other_info": ""}
2026-05-19 22:52:23,605 [INFO] httpx: HTTP Request: POST http://localhost:11434/v1/chat/completions "HTTP/1.1 200 OK"
2026-05-19 22:52:25,757 [INFO] httpx: HTTP Request: POST http://localhost:11434/v1/chat/completions "HTTP/1.1 200 OK"
2026-05-19 22:52:25,758 [INFO] auto_slr: [Assistant] extract_and_record 输入: 用户对论文 'The Effects of the Acupuncture Treatment for Smoking Cessation in High School Student Smokers' 不满意，排除原因:  School children in two schools allocated according to which school they attended, without mention of randomisation. One case of smoking cessation recorded, so exclusion unlikely to bias r...
2026-05-19 22:52:29,364 [INFO] httpx: HTTP Request: POST http://localhost:11434/v1/chat/completions "HTTP/1.1 200 OK"
2026-05-19 22:52:29,365 [INFO] auto_slr: [Assistant] extract_and_record 输出: {"user_identity": "", "user_preference": "", "research_direction": "The Effects of Acupuncture Treatment for Smoking Cessation in High School Student Smokers", "filter_requirements": "", "rejection_reasons": "School children in two schools allocated according to which school they attended, without mention of randomisation. One case of smoking cessation recorded, so exclusion unlikely to bias review", "other_info": ""}
2026-05-19 22:52:31,985 [INFO] httpx: HTTP Request: POST http://localhost:11434/v1/chat/completions "HTTP/1.1 200 OK"
2026-05-19 22:52:31,987 [INFO] export_prompt:   本轮反馈: satisfied=2, rejected=1, 累计satisfied=2/5
2026-05-19 22:52:31,987 [INFO] export_prompt: [阶段2 轮次2] 开始: satisfied=2/5
2026-05-19 22:52:31,987 [INFO] auto_slr: [Assistant] provide_context 输入: task_description=对论文进行详细筛选，根据摘要判断是否纳入
2026-05-19 22:52:35,369 [INFO] httpx: HTTP Request: POST http://localhost:11434/v1/chat/completions "HTTP/1.1 200 OK"
2026-05-19 22:52:35,369 [INFO] auto_slr: [Assistant] provide_context 输出: 该研究旨在比较电针刺激（Electroacupuncture）与安慰剂在减少尼古丁戒断症状方面的效果。研究采用随机、平行对照试验设计，分为实验组和对照组各38人。实验组接受电针刺激，对照组接受安慰剂。研究使用视觉 Analog 指标（VAS）评估尼古丁依赖症状的减少情况，并进行了统计分析。结果显示，两组在基线特征上无显著差异，且实验组与对照组在14天内完成日记的人数分别为15和16人。
2026-05-19 22:52:35,370 [INFO] export_prompt:   未筛选论文: 3323 篇
2026-05-19 22:52:45,422 [INFO] httpx: HTTP Request: POST http://localhost:11434/v1/chat/completions "HTTP/1.1 200 OK"
2026-05-19 22:52:55,531 [INFO] httpx: HTTP Request: POST http://localhost:11434/v1/chat/completions "HTTP/1.1 200 OK"
2026-05-19 22:53:03,964 [INFO] httpx: HTTP Request: POST http://localhost:11434/v1/chat/completions "HTTP/1.1 200 OK"
2026-05-19 22:53:12,993 [INFO] httpx: HTTP Request: POST http://localhost:11434/v1/chat/completions "HTTP/1.1 200 OK"
2026-05-19 22:53:22,183 [INFO] httpx: HTTP Request: POST http://localhost:11434/v1/chat/completions "HTTP/1.1 200 OK"
2026-05-19 22:53:29,604 [INFO] httpx: HTTP Request: POST http://localhost:11434/v1/chat/completions "HTTP/1.1 200 OK"
2026-05-19 22:53:29,604 [INFO] export_prompt:   已找到 8 篇 include，暂停本轮筛选
2026-05-19 22:53:29,604 [INFO] export_prompt:   本轮筛选: included=8, excluded=52, not_sure=0
2026-05-19 22:53:30,140 [INFO] export_prompt:   本轮反馈: satisfied=0, rejected=0, 累计satisfied=2/5
2026-05-19 22:53:30,140 [INFO] export_prompt: [阶段2 轮次3] 开始: satisfied=2/5
2026-05-19 22:53:30,140 [INFO] auto_slr: [Assistant] provide_context 输入: task_description=对论文进行详细筛选，根据摘要判断是否纳入
2026-05-19 22:53:33,877 [INFO] httpx: HTTP Request: POST http://localhost:11434/v1/chat/completions "HTTP/1.1 200 OK"
2026-05-19 22:53:33,878 [INFO] auto_slr: [Assistant] provide_context 输出: 该研究比较了电针灸（Electroacupuncture）和安慰剂对照组在减少尼古丁戒断症状方面的效果。研究对象为38名参与者，其中19名接受电针灸干预，19名接受安慰剂干预。结果显示，两组的短期戒断率均较高，且电针灸与安慰剂的效果差异不显著。此外，参与者对不同干预方式的信任度也进行了评估。
2026-05-19 22:53:33,879 [INFO] export_prompt:   未筛选论文: 3263 篇
2026-05-19 22:53:41,050 [INFO] httpx: HTTP Request: POST http://localhost:11434/v1/chat/completions "HTTP/1.1 200 OK"
2026-05-19 22:53:51,896 [INFO] httpx: HTTP Request: POST http://localhost:11434/v1/chat/completions "HTTP/1.1 200 OK"
2026-05-19 22:53:51,897 [INFO] export_prompt:   已找到 3 篇 include，暂停本轮筛选
2026-05-19 22:53:51,897 [INFO] export_prompt:   本轮筛选: included=3, excluded=16, not_sure=1
2026-05-19 22:53:52,436 [INFO] export_prompt:   本轮反馈: satisfied=0, rejected=0, 累计satisfied=2/5
2026-05-19 22:53:52,437 [INFO] export_prompt: [阶段2 轮次4] 开始: satisfied=2/5
2026-05-19 22:53:52,437 [INFO] auto_slr: [Assistant] provide_context 输入: task_description=对论文进行详细筛选，根据摘要判断是否纳入
2026-05-19 22:53:55,646 [INFO] httpx: HTTP Request: POST http://localhost:11434/v1/chat/completions "HTTP/1.1 200 OK"
2026-05-19 22:53:55,646 [INFO] auto_slr: [Assistant] provide_context 输出: 研究背景：研究使用电针刺激（Electroacupuncture）作为辅助手段来促进尼古丁戒断，并与安慰治疗进行比较。实验分为两组，一组接受电针刺激（Group A），另一组接受安慰治疗（Sham Control Group）。结果显示，两组在14天内戒断率分别为39%和42%，与尼古丁atches相比也有相似效果。
2026-05-19 22:53:55,647 [INFO] export_prompt:   未筛选论文: 3243 篇
2026-05-19 22:54:05,703 [INFO] httpx: HTTP Request: POST http://localhost:11434/v1/chat/completions "HTTP/1.1 200 OK"
2026-05-19 22:54:14,225 [INFO] httpx: HTTP Request: POST http://localhost:11434/v1/chat/completions "HTTP/1.1 200 OK"
2026-05-19 22:54:20,448 [INFO] httpx: HTTP Request: POST http://localhost:11434/v1/chat/completions "HTTP/1.1 200 OK"
2026-05-19 22:54:20,449 [INFO] export_prompt:   已找到 3 篇 include，暂停本轮筛选
2026-05-19 22:54:20,450 [INFO] export_prompt:   本轮筛选: included=3, excluded=21, not_sure=6
2026-05-19 22:54:20,999 [INFO] export_prompt:   本轮反馈: satisfied=0, rejected=0, 累计satisfied=2/5
2026-05-19 22:54:21,000 [INFO] export_prompt: [阶段2 轮次5] 开始: satisfied=2/5
2026-05-19 22:54:21,000 [INFO] auto_slr: [Assistant] provide_context 输入: task_description=对论文进行详细筛选，根据摘要判断是否纳入
2026-05-19 22:54:25,552 [INFO] httpx: HTTP Request: POST http://localhost:11434/v1/chat/completions "HTTP/1.1 200 OK"
2026-05-19 22:54:25,553 [INFO] auto_slr: [Assistant] provide_context 输出: 该论文探讨了电针刺激（Electroacupuncture）在尼古丁依赖症患者中的应用效果。研究采用随机对照设计，将参与者分为电针刺激组和安慰剂组，分别接受14天的治疗。结果显示，在第14天，电针组的尼古丁症状显著减少，但完成至少3天日记的参与者中，两组差异不明显。此外，研究讨论了电针刺激作为辅助治疗的可能性，并指出其在长期支持中的潜在价值。

背景信息：  
研究采用随机对照设计，比较电针刺激和安慰剂对尼古丁依赖症患者的治疗效果。结果显示，电针刺激在第14天显著减少尼古丁症状，但完成至少3天日记的参与者中两组差异不明显。研究讨论了电针刺激作为辅助治疗的可能性，并指出其在长期支持中的潜在价值。
2026-05-19 22:54:25,553 [INFO] export_prompt:   未筛选论文: 3213 篇
2026-05-19 22:54:33,205 [INFO] httpx: HTTP Request: POST http://localhost:11434/v1/chat/completions "HTTP/1.1 200 OK"
2026-05-19 22:54:40,398 [INFO] httpx: HTTP Request: POST http://localhost:11434/v1/chat/completions "HTTP/1.1 200 OK"
2026-05-19 22:54:48,242 [INFO] httpx: HTTP Request: POST http://localhost:11434/v1/chat/completions "HTTP/1.1 200 OK"
2026-05-19 22:54:54,945 [INFO] httpx: HTTP Request: POST http://localhost:11434/v1/chat/completions "HTTP/1.1 200 OK"
2026-05-19 22:55:01,700 [INFO] httpx: HTTP Request: POST http://localhost:11434/v1/chat/completions "HTTP/1.1 200 OK"
2026-05-19 22:55:06,076 [INFO] httpx: HTTP Request: POST http://localhost:11434/v1/chat/completions "HTTP/1.1 200 OK"
2026-05-19 22:55:12,649 [INFO] httpx: HTTP Request: POST http://localhost:11434/v1/chat/completions "HTTP/1.1 200 OK"
2026-05-19 22:55:16,669 [INFO] httpx: HTTP Request: POST http://localhost:11434/v1/chat/completions "HTTP/1.1 200 OK"
2026-05-19 22:55:22,342 [INFO] httpx: HTTP Request: POST http://localhost:11434/v1/chat/completions "HTTP/1.1 200 OK"
2026-05-19 22:55:29,784 [INFO] httpx: HTTP Request: POST http://localhost:11434/v1/chat/completions "HTTP/1.1 200 OK"
2026-05-19 22:55:34,525 [INFO] httpx: HTTP Request: POST http://localhost:11434/v1/chat/completions "HTTP/1.1 200 OK"
2026-05-19 22:55:39,908 [INFO] httpx: HTTP Request: POST http://localhost:11434/v1/chat/completions "HTTP/1.1 200 OK"
2026-05-19 22:55:46,281 [INFO] httpx: HTTP Request: POST http://localhost:11434/v1/chat/completions "HTTP/1.1 200 OK"
2026-05-19 22:55:52,500 [INFO] httpx: HTTP Request: POST http://localhost:11434/v1/chat/completions "HTTP/1.1 200 OK"
2026-05-19 22:55:58,135 [INFO] httpx: HTTP Request: POST http://localhost:11434/v1/chat/completions "HTTP/1.1 200 OK"
2026-05-19 22:56:04,127 [INFO] httpx: HTTP Request: POST http://localhost:11434/v1/chat/completions "HTTP/1.1 200 OK"
2026-05-19 22:56:11,700 [INFO] httpx: HTTP Request: POST http://localhost:11434/v1/chat/completions "HTTP/1.1 200 OK"
2026-05-19 22:56:17,729 [INFO] httpx: HTTP Request: POST http://localhost:11434/v1/chat/completions "HTTP/1.1 200 OK"
2026-05-19 22:56:23,932 [INFO] httpx: HTTP Request: POST http://localhost:11434/v1/chat/completions "HTTP/1.1 200 OK"
2026-05-19 22:56:30,957 [INFO] httpx: HTTP Request: POST http://localhost:11434/v1/chat/completions "HTTP/1.1 200 OK"
2026-05-19 22:56:36,390 [INFO] httpx: HTTP Request: POST http://localhost:11434/v1/chat/completions "HTTP/1.1 200 OK"
2026-05-19 22:56:42,715 [INFO] httpx: HTTP Request: POST http://localhost:11434/v1/chat/completions "HTTP/1.1 200 OK"
2026-05-19 22:56:47,890 [INFO] httpx: HTTP Request: POST http://localhost:11434/v1/chat/completions "HTTP/1.1 200 OK"
2026-05-19 22:56:55,758 [INFO] httpx: HTTP Request: POST http://localhost:11434/v1/chat/completions "HTTP/1.1 200 OK"
2026-05-19 22:57:01,747 [INFO] httpx: HTTP Request: POST http://localhost:11434/v1/chat/completions "HTTP/1.1 200 OK"
2026-05-19 22:57:09,665 [INFO] httpx: HTTP Request: POST http://localhost:11434/v1/chat/completions "HTTP/1.1 200 OK"
2026-05-19 22:57:15,405 [INFO] httpx: HTTP Request: POST http://localhost:11434/v1/chat/completions "HTTP/1.1 200 OK"
2026-05-19 22:57:22,355 [INFO] httpx: HTTP Request: POST http://localhost:11434/v1/chat/completions "HTTP/1.1 200 OK"
2026-05-19 22:57:27,965 [INFO] httpx: HTTP Request: POST http://localhost:11434/v1/chat/completions "HTTP/1.1 200 OK"
2026-05-19 22:57:35,743 [INFO] httpx: HTTP Request: POST http://localhost:11434/v1/chat/completions "HTTP/1.1 200 OK"
2026-05-19 22:57:42,611 [INFO] httpx: HTTP Request: POST http://localhost:11434/v1/chat/completions "HTTP/1.1 200 OK"
2026-05-19 22:57:49,599 [INFO] httpx: HTTP Request: POST http://localhost:11434/v1/chat/completions "HTTP/1.1 200 OK"
2026-05-19 22:57:57,122 [INFO] httpx: HTTP Request: POST http://localhost:11434/v1/chat/completions "HTTP/1.1 200 OK"
2026-05-19 22:58:04,483 [INFO] httpx: HTTP Request: POST http://localhost:11434/v1/chat/completions "HTTP/1.1 200 OK"
2026-05-19 22:58:11,683 [INFO] httpx: HTTP Request: POST http://localhost:11434/v1/chat/completions "HTTP/1.1 200 OK"
2026-05-19 22:58:17,861 [INFO] httpx: HTTP Request: POST http://localhost:11434/v1/chat/completions "HTTP/1.1 200 OK"
2026-05-19 22:58:24,413 [INFO] httpx: HTTP Request: POST http://localhost:11434/v1/chat/completions "HTTP/1.1 200 OK"
2026-05-19 22:58:24,414 [INFO] export_prompt:   已找到 4 篇 include，暂停本轮筛选
2026-05-19 22:58:24,414 [INFO] export_prompt:   本轮筛选: included=4, excluded=354, not_sure=12
2026-05-19 22:58:24,957 [INFO] export_prompt:   本轮反馈: satisfied=0, rejected=0, 累计satisfied=2/5
2026-05-19 22:58:24,958 [INFO] export_prompt: [阶段2 完成] 共 5 轮迭代, satisfied=2, included=21, excluded=450, not_sure=19
2026-05-19 22:58:24,958 [INFO] export_prompt: [阶段2.5] 构建 executor prompt: 剩余 2843 篇 unscreened 论文
2026-05-19 22:58:24,958 [INFO] auto_slr: [Assistant] provide_context 输入: task_description=对论文进行详细筛选，根据摘要判断是否纳入
2026-05-19 22:58:28,098 [INFO] httpx: HTTP Request: POST http://localhost:11434/v1/chat/completions "HTTP/1.1 200 OK"
2026-05-19 22:58:28,099 [INFO] auto_slr: [Assistant] provide_context 输出: 该研究是一项随机对照试验，比较了电针灸和安慰剂在尼古丁戒断方面的效果。参与者分为两组，分别接受电针灸治疗或 sham 电击。结果显示，两组的短效戒断率都较高（分别为 39% 和 42%），但电针灸组的平均天数略少。研究设计简洁，方法明确，并且结果表明电针灸可能与安慰剂在尼古丁戒断中发挥类似作用。
2026-05-19 22:58:28,367 [INFO] export_prompt: [阶段2.5] 已记录 2843 条逐篇 prompt 到 d:\School\SAT404\pilot_study_code\new_auto_slr\data_csmed_prompt_export\executor_prompt_record.txt
2026-05-19 22:58:28,368 [INFO] export_prompt: [完成] review CD000009 (1/1)
2026-05-19 22:58:28,368 [INFO] export_prompt: 导出完成！共 1 个 review
2026-05-19 22:58:28,368 [INFO] export_prompt: 总逐篇 prompt 记录数: 2843
