2026-05-19 22:49:07,723 [INFO] export_prompt: 测试参数: {'num_reviews': 1, 'offset': 0, 'skip_prescreen': False, 'workers': 3}
2026-05-19 22:49:07,752 [INFO] export_prompt: Reviews metadata 加载完成: 213 个 reviews
2026-05-19 22:49:08,377 [INFO] export_prompt: 论文集加载完成: 3333 篇去重论文
2026-05-19 22:49:08,381 [INFO] export_prompt: Gold standard 加载完成: 213 个 reviews, 3333 条决策
2026-05-19 22:49:08,381 [INFO] export_prompt: 可测试的 review 数: 213
2026-05-19 22:49:08,382 [INFO] export_prompt: 本次测试 1 个 review, 并发线程数: 3
2026-05-19 22:49:08,386 [INFO] export_prompt: ============================================================
2026-05-19 22:49:08,386 [INFO] export_prompt: 开始处理 review: CD000009
2026-05-19 22:49:08,387 [INFO] export_prompt: Review title: Acupuncture and related interventions for smoking cessation
2026-05-19 22:49:08,387 [INFO] export_prompt: 总论文数: 3333, gold included: 4
2026-05-19 22:49:08,387 [INFO] export_prompt: [阶段1] 信息抽取：以 review title 作为初始 query，逐步补充信息
2026-05-19 22:49:08,387 [INFO] export_prompt: [阶段1a] 初始 query: Acupuncture and related interventions for smoking cessation
2026-05-19 22:49:08,387 [INFO] auto_slr: [Assistant] extract_and_record 输入: Acupuncture and related interventions for smoking cessation
2026-05-19 22:49:13,323 [INFO] httpx: HTTP Request: POST http://localhost:11434/v1/chat/completions "HTTP/1.1 200 OK"
2026-05-19 22:49:13,327 [INFO] auto_slr: [Assistant] extract_and_record 输出: {"user_identity": "", "user_preference": "", "research_direction": "Acupuncture and related interventions for smoking cessation", "filter_requirements": "", "rejection_reasons": "", "other_info": ""}
2026-05-19 22:49:14,942 [INFO] httpx: HTTP Request: POST http://localhost:11434/v1/chat/completions "HTTP/1.1 200 OK"
2026-05-19 22:49:14,943 [INFO] export_prompt: [阶段1b-1] 补充输入 (前200字): 研究类型 (review_type): Intervention

系统综述摘要:
Background Acupuncture and related techniques are promoted as a treatment for smoking cessation in the belief that they may reduce nicotine withdrawal symptom
2026-05-19 22:49:14,943 [INFO] auto_slr: [Assistant] extract_and_record 输入: 研究类型 (review_type): Intervention

系统综述摘要:
Background Acupuncture and related techniques are promoted as a treatment for smoking cessation in the belief that they may reduce nicotine withdrawal symptoms.    Objectives The objectives of this review are to determine the effectiveness of acupuncture and...
2026-05-19 22:49:18,033 [INFO] httpx: HTTP Request: POST http://localhost:11434/v1/chat/completions "HTTP/1.1 200 OK"
2026-05-19 22:49:18,034 [INFO] auto_slr: [Assistant] extract_and_record 输出: {"user_identity": "", "user_preference": "", "research_direction": "针灸、acupressure、激光疗法和电刺激在吸烟戒断中的效果评估", "filter_requirements": "搜索了多个数据库，并筛选了随机对照试验，比较不同干预措施与安慰剂或其他干预的对比，时间跨度为2013年", "rejection_reasons": "", "other_info": ""}
2026-05-19 22:49:21,233 [INFO] httpx: HTTP Request: POST http://localhost:11434/v1/chat/completions "HTTP/1.1 200 OK"
2026-05-19 22:49:21,234 [INFO] export_prompt: [阶段1b-2] 补充输入 (前200字): 纳入/排除标准 (criteria_text):
All randomized controlled trials comparing acupuncture, acupressure, laser therapy or electrostimulation with either no intervention, or a sham form of the intervention, or an
2026-05-19 22:49:21,234 [INFO] auto_slr: [Assistant] extract_and_record 输入: 纳入/排除标准 (criteria_text):
All randomized controlled trials comparing acupuncture, acupressure, laser therapy or electrostimulation with either no intervention, or a sham form of the intervention, or another intervention, for smoking cessation. Tobacco smokers of any age who wished to stop smoking. No...
2026-05-19 22:49:24,880 [INFO] httpx: HTTP Request: POST http://localhost:11434/v1/chat/completions "HTTP/1.1 200 OK"
2026-05-19 22:49:24,880 [INFO] auto_slr: [Assistant] extract_and_record 输出: {"user_identity": "", "user_preference": "", "research_direction": "针灸与戒烟治疗", "filter_requirements": "随机对照试验；比较中成药、针灸、激光疗法或电刺激与其他干预；吸烟者；完全戒断", "rejection_reasons": "", "other_info": ""}
2026-05-19 22:49:28,463 [INFO] httpx: HTTP Request: POST http://localhost:11434/v1/chat/completions "HTTP/1.1 200 OK"
2026-05-19 22:49:28,464 [INFO] export_prompt: [阶段1b-3] 补充输入 (前200字): 结构化纳入/排除标准 (criteria):
{
  "Types of studies": "All randomized controlled trials comparing acupuncture, acupressure, laser therapy or electrostimulation with either no intervention, or a sham form of 
2026-05-19 22:49:28,464 [INFO] auto_slr: [Assistant] extract_and_record 输入: 结构化纳入/排除标准 (criteria):
{
  "Types of studies": "All randomized controlled trials comparing acupuncture, acupressure, laser therapy or electrostimulation with either no intervention, or a sham form of the intervention, or another intervention, for smoking cessation.",
  "Types of participants": "Toba...
2026-05-19 22:49:31,465 [INFO] httpx: HTTP Request: POST http://localhost:11434/v1/chat/completions "HTTP/1.1 200 OK"
2026-05-19 22:49:31,465 [INFO] auto_slr: [Assistant] extract_and_record 输出: {"user_identity": "", "user_preference": "针灸疗法及其效果", "research_direction": "随机对照试验，比较不同针灸疗法的效果", "filter_requirements": "Types of studies: All randomized controlled trials comparing acupuncture, acupressure, laser therapy or electrostimulation with either no intervention, or a sham form of the intervention, or another intervention, for smoking cessation.\nTypes of participants: Tobacco smokers of any age who wished to stop smoking.\nTypes of interventions: Non‐phar...", "rejection_reasons": "", "other_info": ""}
2026-05-19 22:49:32,883 [INFO] httpx: HTTP Request: POST http://localhost:11434/v1/chat/completions "HTTP/1.1 200 OK"
2026-05-19 22:49:35,685 [INFO] httpx: HTTP Request: POST http://localhost:11434/v1/chat/completions "HTTP/1.1 200 OK"
2026-05-19 22:49:35,686 [INFO] auto_slr: [Assistant] provide_context 输入: task_description=筛选相关论文
2026-05-19 22:49:38,848 [INFO] httpx: HTTP Request: POST http://localhost:11434/v1/chat/completions "HTTP/1.1 200 OK"
2026-05-19 22:49:38,848 [INFO] auto_slr: [Assistant] provide_context 输出: 针灸疗法在医学中具有重要地位，尤其在慢性疾病管理和康复方面表现出显著效果。其“天人合一”的理念为患者提供了调节身体平衡、促进健康恢复的治疗方式。在吸烟戒断领域，针灸疗法已被用于改善患者的症状和生活质量。针对针灸与其他干预措施（如中成药、激光疗法、电刺激）的效果比较及随机对照试验的研究，目前尚未有完全符合条件的达标论文。
2026-05-19 22:49:38,849 [INFO] export_prompt: [阶段1.5] 跳过 metadata 初筛，全量 3333 篇进入筛选
2026-05-19 22:49:38,849 [INFO] export_prompt: [阶段1.8] 跳过 Title 筛选，全量 3333 篇进入阶段2
2026-05-19 22:49:38,849 [INFO] export_prompt: [阶段2 轮次1] 开始: satisfied=0/5
2026-05-19 22:49:38,849 [INFO] auto_slr: [Assistant] provide_context 输入: task_description=对论文进行详细筛选，根据摘要判断是否纳入
2026-05-19 22:49:41,002 [INFO] httpx: HTTP Request: POST http://localhost:11434/v1/chat/completions "HTTP/1.1 200 OK"
2026-05-19 22:49:41,003 [INFO] auto_slr: [Assistant] provide_context 输出: 随机对照试验；针灸、中成药、激光疗法或电刺激；吸烟者；完全戒断
2026-05-19 22:49:41,004 [INFO] export_prompt:   未筛选论文: 3333 篇
2026-05-19 22:49:49,080 [INFO] httpx: HTTP Request: POST http://localhost:11434/v1/chat/completions "HTTP/1.1 200 OK"
2026-05-19 22:49:49,081 [ERROR] export_prompt: 处理 review CD000009 时出错: TypeError: unsupported operand type(s) for -: 'str' and 'int'
