2026-05-19 22:44:01,634 [INFO] export_prompt: 测试参数: {'num_reviews': 1, 'offset': 0, 'skip_prescreen': False, 'workers': 3}
2026-05-19 22:44:01,663 [INFO] export_prompt: Reviews metadata 加载完成: 213 个 reviews
2026-05-19 22:44:02,290 [INFO] export_prompt: 论文集加载完成: 3333 篇去重论文
2026-05-19 22:44:02,294 [INFO] export_prompt: Gold standard 加载完成: 213 个 reviews, 3333 条决策
2026-05-19 22:44:02,295 [INFO] export_prompt: 可测试的 review 数: 213
2026-05-19 22:44:02,295 [INFO] export_prompt: 本次测试 1 个 review, 并发线程数: 3
2026-05-19 22:44:02,299 [INFO] export_prompt: ============================================================
2026-05-19 22:44:02,300 [INFO] export_prompt: 开始处理 review: CD000009
2026-05-19 22:44:02,300 [INFO] export_prompt: Review title: Acupuncture and related interventions for smoking cessation
2026-05-19 22:44:02,300 [INFO] export_prompt: 总论文数: 3333, gold included: 4
2026-05-19 22:44:02,300 [INFO] export_prompt: [阶段1] 信息抽取：以 review title 作为初始 query，逐步补充信息
2026-05-19 22:44:02,300 [INFO] export_prompt: [阶段1a] 初始 query: Acupuncture and related interventions for smoking cessation
2026-05-19 22:44:02,300 [INFO] auto_slr: [Assistant] extract_and_record 输入: Acupuncture and related interventions for smoking cessation
2026-05-19 22:44:09,178 [INFO] httpx: HTTP Request: POST http://localhost:11434/v1/chat/completions "HTTP/1.1 200 OK"
2026-05-19 22:44:09,182 [INFO] auto_slr: [Assistant] extract_and_record 输出: {"user_identity": "", "user_preference": "", "research_direction": "Acupuncture and related interventions for smoking cessation", "filter_requirements": "", "rejection_reasons": "", "other_info": ""}
2026-05-19 22:44:11,404 [INFO] httpx: HTTP Request: POST http://localhost:11434/v1/chat/completions "HTTP/1.1 200 OK"
2026-05-19 22:44:11,405 [INFO] export_prompt: [阶段1b-1] 补充输入 (前200字): 研究类型 (review_type): Intervention

系统综述摘要:
Background Acupuncture and related techniques are promoted as a treatment for smoking cessation in the belief that they may reduce nicotine withdrawal symptom
2026-05-19 22:44:11,405 [INFO] auto_slr: [Assistant] extract_and_record 输入: 研究类型 (review_type): Intervention

系统综述摘要:
Background Acupuncture and related techniques are promoted as a treatment for smoking cessation in the belief that they may reduce nicotine withdrawal symptoms.    Objectives The objectives of this review are to determine the effectiveness of acupuncture and...
2026-05-19 22:44:15,506 [INFO] httpx: HTTP Request: POST http://localhost:11434/v1/chat/completions "HTTP/1.1 200 OK"
2026-05-19 22:44:15,507 [INFO] auto_slr: [Assistant] extract_and_record 输出: {"user_identity": "", "user_preference": "", "research_direction": "Comparative effectiveness of acupuncture, acupressure, laser therapy and electrostimulation in smoking cessation", "filter_requirements": "Timeframe: October 2013; Databases searched: Cochrane, MEDLINE, EMBASE, PsycINFO, Sino-Med, China National Knowledge Infrastructure, Wanfang Data, VIP", "rejection_reasons": "", "other_info": "The pooled estimates suggest possible short-term effects but no consistent, bias-free evidence for sustained benefits on smoking cessation beyond six months. Electrostimulation is not effective for smoking cessation."}
2026-05-19 22:44:18,527 [INFO] httpx: HTTP Request: POST http://localhost:11434/v1/chat/completions "HTTP/1.1 200 OK"
2026-05-19 22:44:18,528 [INFO] export_prompt: [阶段1b-2] 补充输入 (前200字): 纳入/排除标准 (criteria_text):
All randomized controlled trials comparing acupuncture, acupressure, laser therapy or electrostimulation with either no intervention, or a sham form of the intervention, or an
2026-05-19 22:44:18,528 [INFO] auto_slr: [Assistant] extract_and_record 输入: 纳入/排除标准 (criteria_text):
All randomized controlled trials comparing acupuncture, acupressure, laser therapy or electrostimulation with either no intervention, or a sham form of the intervention, or another intervention, for smoking cessation. Tobacco smokers of any age who wished to stop smoking. No...
2026-05-19 22:44:22,487 [INFO] httpx: HTTP Request: POST http://localhost:11434/v1/chat/completions "HTTP/1.1 200 OK"
2026-05-19 22:44:22,488 [INFO] auto_slr: [Assistant] extract_and_record 输出: {"user_identity": "", "user_preference": "", "research_direction": "针灸与艾灸治疗戒烟", "filter_requirements": "纳入标准：随机对照试验 comparing acupuncture, acupressure, laser therapy or electrostimulation with either no intervention, or a sham form of the intervention, or another intervention; 出排除标准：未被药物干预的 studies 和那些没有完全排除其他干预的情况", "rejection_reasons": "", "other_info": "研究回顾主题为针灸与艾灸治疗戒烟，筛选要求包括随机对照试验、比较不同干预方式和针对吸烟者戒烟。"}
2026-05-19 22:44:27,628 [INFO] httpx: HTTP Request: POST http://localhost:11434/v1/chat/completions "HTTP/1.1 200 OK"
2026-05-19 22:44:27,629 [INFO] export_prompt: [阶段1b-3] 补充输入 (前200字): 结构化纳入/排除标准 (criteria):
{
  "Types of studies": "All randomized controlled trials comparing acupuncture, acupressure, laser therapy or electrostimulation with either no intervention, or a sham form of 
2026-05-19 22:44:27,629 [INFO] auto_slr: [Assistant] extract_and_record 输入: 结构化纳入/排除标准 (criteria):
{
  "Types of studies": "All randomized controlled trials comparing acupuncture, acupressure, laser therapy or electrostimulation with either no intervention, or a sham form of the intervention, or another intervention, for smoking cessation.",
  "Types of participants": "Toba...
2026-05-19 22:44:30,206 [INFO] httpx: HTTP Request: POST http://localhost:11434/v1/chat/completions "HTTP/1.1 200 OK"
2026-05-19 22:44:30,207 [INFO] auto_slr: [Assistant] extract_and_record 输出: {"user_identity": "", "user_preference": "Non-pharmacological stimulation interventions", "research_direction": "All randomized controlled trials comparing acupuncture, acupressure, laser therapy or electrostimulation with either no intervention, or a sham form of the intervention, or another intervention, for smoking cessation.", "filter_requirements": "Tobacco smokers who wished to stop smoking.", "rejection_reasons": "", "other_info": ""}
2026-05-19 22:44:31,616 [INFO] httpx: HTTP Request: POST http://localhost:11434/v1/chat/completions "HTTP/1.1 200 OK"
2026-05-19 22:44:36,642 [INFO] httpx: HTTP Request: POST http://localhost:11434/v1/chat/completions "HTTP/1.1 200 OK"
2026-05-19 22:44:36,642 [INFO] auto_slr: [Assistant] provide_context 输入: task_description=筛选相关论文
2026-05-19 22:44:39,104 [INFO] httpx: HTTP Request: POST http://localhost:11434/v1/chat/completions "HTTP/1.1 200 OK"
2026-05-19 22:44:39,105 [INFO] auto_slr: [Assistant] provide_context 输出: 背景信息：  
当前研究方向是筛选所有随机对照试验，比较针灸、艾灸、激光疗法或电刺激与其他干预方式（如无干预或安慰剂）在戒烟方面的效果。时间范围为2013年10月，并且只搜索Cochrane、MEDLINE、EMBASE、PsycINFO、Sino-Med、中国国家知识基础设施、Wanfang Data和VIP数据库。纳入标准是随机对照试验，比较上述四种干预与其他单一干预；排除标准是没有完全排除其他干预的情况。研究回顾显示，针灸可能有效，但电刺激效果不佳，短期可能有作用，长期效果缺乏一致证据。
2026-05-19 22:44:39,105 [INFO] export_prompt: [阶段1.5] 跳过 metadata 初筛，全量 3333 篇进入筛选
2026-05-19 22:44:39,105 [INFO] export_prompt: [阶段1.8] 跳过 Title 筛选，全量 3333 篇进入阶段2
2026-05-19 22:44:39,106 [INFO] export_prompt: [阶段2 轮次1] 开始: satisfied=0/5
2026-05-19 22:44:39,106 [INFO] auto_slr: [Assistant] provide_context 输入: task_description=对论文进行详细筛选，根据摘要判断是否纳入
2026-05-19 22:44:42,413 [INFO] httpx: HTTP Request: POST http://localhost:11434/v1/chat/completions "HTTP/1.1 200 OK"
2026-05-19 22:44:42,414 [INFO] auto_slr: [Assistant] provide_context 输出: 研究方向：所有随机对照试验比较针灸、艾灸、激光疗法或电刺激与其他干预方式（如无干预或安慰剂）在戒烟方面的效果。  
时间范围：2013年10月。  
数据库搜索：Cochrane、MEDLINE、EMBASE、PsycINFO、Sino-Med、中国知网、万方数据、维普、VIP。  
筛选标准：纳入随机对照试验，比较上述干预与其他方式；排除未被药物干预或有其他干预的情况。  
研究回顾主题：针灸可能有效，电刺激无效。
2026-05-19 22:44:42,415 [INFO] export_prompt:   未筛选论文: 3333 篇
2026-05-19 22:44:50,252 [INFO] httpx: HTTP Request: POST http://localhost:11434/v1/chat/completions "HTTP/1.1 200 OK"
2026-05-19 22:44:50,253 [INFO] export_prompt:   已找到 5 篇 include，暂停本轮筛选
2026-05-19 22:44:50,253 [INFO] export_prompt:   本轮筛选: included=5, excluded=4, not_sure=1
2026-05-19 22:44:50,803 [INFO] auto_slr: [Assistant] extract_and_record 输入: 用户对论文 'Helping people to stop smoking: randomised comparison of groups being treated with acupuncture and nicotine gum with control group.' 感到满意，认为该论文符合研究需求。
2026-05-19 22:44:53,499 [INFO] httpx: HTTP Request: POST http://localhost:11434/v1/chat/completions "HTTP/1.1 200 OK"
2026-05-19 22:44:53,500 [INFO] auto_slr: [Assistant] extract_and_record 输出: {"user_identity": "", "user_preference": "", "research_direction": "医学/公共卫生", "filter_requirements": "", "rejection_reasons": "", "other_info": ""}
2026-05-19 22:44:55,888 [INFO] httpx: HTTP Request: POST http://localhost:11434/v1/chat/completions "HTTP/1.1 200 OK"
2026-05-19 22:44:55,888 [INFO] auto_slr: [Assistant] extract_and_record 输入: 用户对论文 'Randomized Trial of Acupuncture for Nicotine Withdrawal Symptoms' 感到满意，认为该论文符合研究需求。
2026-05-19 22:44:58,167 [INFO] httpx: HTTP Request: POST http://localhost:11434/v1/chat/completions "HTTP/1.1 200 OK"
2026-05-19 22:44:58,168 [INFO] auto_slr: [Assistant] extract_and_record 输出: {"user_identity": "", "user_preference": "", "research_direction": "针灸在尼古丁戒断症状中的随机试验", "filter_requirements": "", "rejection_reasons": "", "other_info": ""}
2026-05-19 22:45:01,521 [INFO] httpx: HTTP Request: POST http://localhost:11434/v1/chat/completions "HTTP/1.1 200 OK"
2026-05-19 22:45:01,522 [INFO] auto_slr: [Assistant] extract_and_record 输入: 用户对论文 'The Effects of the Acupuncture Treatment for Smoking Cessation in High School Student Smokers' 不满意，排除原因:  School children in two schools allocated according to which school they attended, without mention of randomisation. One case of smoking cessation recorded, so exclusion unlikely to bias r...
2026-05-19 22:45:04,919 [INFO] httpx: HTTP Request: POST http://localhost:11434/v1/chat/completions "HTTP/1.1 200 OK"
2026-05-19 22:45:04,919 [INFO] auto_slr: [Assistant] extract_and_record 输出: {"user_identity": "", "user_preference": "", "research_direction": "The Effects of the Acupuncture Treatment for Smoking Cessation in High School Student Smokers", "filter_requirements": "", "rejection_reasons": "School children in two schools allocated according to which school they attended, without mention of randomisation. One case of smoking cessation recorded, so exclusion unlikely to bias review", "other_info": ""}
2026-05-19 22:45:09,789 [INFO] httpx: HTTP Request: POST http://localhost:11434/v1/chat/completions "HTTP/1.1 200 OK"
2026-05-19 22:45:09,790 [INFO] export_prompt:   本轮反馈: satisfied=2, rejected=1, 累计satisfied=2/5
2026-05-19 22:45:09,791 [INFO] export_prompt: [阶段2 轮次2] 开始: satisfied=2/5
2026-05-19 22:45:09,791 [INFO] auto_slr: [Assistant] provide_context 输入: task_description=对论文进行详细筛选，根据摘要判断是否纳入
2026-05-19 22:45:13,198 [INFO] httpx: HTTP Request: POST http://localhost:11434/v1/chat/completions "HTTP/1.1 200 OK"
2026-05-19 22:45:13,199 [INFO] auto_slr: [Assistant] provide_context 输出: 这篇论文是一项关于电针刺激与其他戒烟干预方法的随机对照试验，旨在评估电针刺激在戒烟 cessation 中的作用。研究结果显示，电针刺激与安慰剂在短效戒断率上相似，并且两组在戒断后14天的 VAS 分数上没有显著差异。研究还考虑了 Fagerström 依赖量表得分、生活状况等因素作为基线数据，并进行了统计分析以评估干预效果。
2026-05-19 22:45:13,200 [INFO] export_prompt:   未筛选论文: 3323 篇
2026-05-19 22:45:19,929 [INFO] httpx: HTTP Request: POST http://localhost:11434/v1/chat/completions "HTTP/1.1 200 OK"
2026-05-19 22:45:27,245 [INFO] httpx: HTTP Request: POST http://localhost:11434/v1/chat/completions "HTTP/1.1 200 OK"
2026-05-19 22:45:27,245 [INFO] export_prompt:   已找到 6 篇 include，暂停本轮筛选
2026-05-19 22:45:27,246 [INFO] export_prompt:   本轮筛选: included=6, excluded=14, not_sure=0
2026-05-19 22:45:27,811 [INFO] export_prompt:   本轮反馈: satisfied=0, rejected=0, 累计satisfied=2/5
2026-05-19 22:45:27,811 [INFO] export_prompt: [阶段2 轮次3] 开始: satisfied=2/5
2026-05-19 22:45:27,811 [INFO] auto_slr: [Assistant] provide_context 输入: task_description=对论文进行详细筛选，根据摘要判断是否纳入
2026-05-19 22:45:31,545 [INFO] httpx: HTTP Request: POST http://localhost:11434/v1/chat/completions "HTTP/1.1 200 OK"
2026-05-19 22:45:31,546 [INFO] auto_slr: [Assistant] provide_context 输出: 摘要：本研究旨在比较电刺激针灸（EA）与安慰剂对烟民戒断吸烟的效果。纳入了38名参与者，分为两组：电刺激针灸组（n=19）和安慰剂组（n=19）。主要终点是14天内完全戒烟率及第14天后的随访情况。研究基线特征包括年龄、性别、吸烟年限、Fagerström依赖指数、对戒烟的自信度等。预期结果显示，EA组和安慰剂组在14天内完全戒烟率分别为39%和42%，与尼古丁atches相比效果相似。
2026-05-19 22:45:31,547 [INFO] export_prompt:   未筛选论文: 3303 篇
2026-05-19 22:45:38,439 [INFO] httpx: HTTP Request: POST http://localhost:11434/v1/chat/completions "HTTP/1.1 200 OK"
2026-05-19 22:45:49,044 [INFO] httpx: HTTP Request: POST http://localhost:11434/v1/chat/completions "HTTP/1.1 200 OK"
2026-05-19 22:45:49,044 [INFO] export_prompt:   已找到 4 篇 include，暂停本轮筛选
2026-05-19 22:45:49,044 [INFO] export_prompt:   本轮筛选: included=4, excluded=14, not_sure=2
2026-05-19 22:45:49,610 [INFO] export_prompt:   本轮反馈: satisfied=0, rejected=0, 累计satisfied=2/5
2026-05-19 22:45:49,610 [INFO] export_prompt: [阶段2 轮次4] 开始: satisfied=2/5
2026-05-19 22:45:49,610 [INFO] auto_slr: [Assistant] provide_context 输入: task_description=对论文进行详细筛选，根据摘要判断是否纳入
2026-05-19 22:45:53,015 [INFO] httpx: HTTP Request: POST http://localhost:11434/v1/chat/completions "HTTP/1.1 200 OK"
2026-05-19 22:45:53,016 [INFO] auto_slr: [Assistant] provide_context 输出: 该研究是一项随机对照试验，比较了电针灸和安慰剂在戒烟方面的效果。研究分为两组： electroacupuncture（n=38） 和 Sham Control（n=38）。主要结果显示，两组的14天内吸烟 cessation率较高（分别为39%和42%），但两组之间无显著差异。参与者对治疗的满意度和信心均较高。
2026-05-19 22:45:53,017 [INFO] export_prompt:   未筛选论文: 3283 篇
2026-05-19 22:46:02,632 [INFO] httpx: HTTP Request: POST http://localhost:11434/v1/chat/completions "HTTP/1.1 200 OK"
2026-05-19 22:46:11,800 [INFO] httpx: HTTP Request: POST http://localhost:11434/v1/chat/completions "HTTP/1.1 200 OK"
2026-05-19 22:46:11,800 [INFO] export_prompt:   已找到 6 篇 include，暂停本轮筛选
2026-05-19 22:46:11,801 [INFO] export_prompt:   本轮筛选: included=6, excluded=10, not_sure=4
2026-05-19 22:46:12,358 [INFO] export_prompt:   本轮反馈: satisfied=0, rejected=0, 累计satisfied=2/5
2026-05-19 22:46:12,358 [INFO] export_prompt: [阶段2 轮次5] 开始: satisfied=2/5
2026-05-19 22:46:12,358 [INFO] auto_slr: [Assistant] provide_context 输入: task_description=对论文进行详细筛选，根据摘要判断是否纳入
2026-05-19 22:46:16,041 [INFO] httpx: HTTP Request: POST http://localhost:11434/v1/chat/completions "HTTP/1.1 200 OK"
2026-05-19 22:46:16,042 [INFO] auto_slr: [Assistant] provide_context 输出: 这篇研究是关于随机对照试验，比较电针刺激和假动作刺激在烟瘾戒断中的效果。结果显示，两组的14天内戒烟率较高，但没有发现电针刺激比假动作刺激更有效。此外，参与者对干预方式的信任度和其他因素如年龄、生活习惯等在两组之间没有显著差异。研究结论指出，针灸可能作为安慰剂使用，需要与其他方法结合使用。
2026-05-19 22:46:16,043 [INFO] export_prompt:   未筛选论文: 3263 篇
2026-05-19 22:46:25,759 [INFO] httpx: HTTP Request: POST http://localhost:11434/v1/chat/completions "HTTP/1.1 200 OK"
2026-05-19 22:46:34,198 [INFO] httpx: HTTP Request: POST http://localhost:11434/v1/chat/completions "HTTP/1.1 200 OK"
2026-05-19 22:46:34,198 [INFO] export_prompt:   已找到 3 篇 include，暂停本轮筛选
2026-05-19 22:46:34,199 [INFO] export_prompt:   本轮筛选: included=3, excluded=17, not_sure=0
2026-05-19 22:46:34,744 [INFO] export_prompt:   本轮反馈: satisfied=0, rejected=0, 累计satisfied=2/5
2026-05-19 22:46:34,745 [INFO] export_prompt: [阶段2 完成] 共 5 轮迭代, satisfied=2, included=24, excluded=59, not_sure=7
2026-05-19 22:46:34,745 [INFO] export_prompt: [阶段2.5] 构建 executor prompt: 剩余 3243 篇 unscreened 论文
2026-05-19 22:46:34,745 [INFO] auto_slr: [Assistant] provide_context 输入: task_description=对论文进行详细筛选，根据摘要判断是否纳入
2026-05-19 22:46:38,854 [INFO] httpx: HTTP Request: POST http://localhost:11434/v1/chat/completions "HTTP/1.1 200 OK"
2026-05-19 22:46:38,855 [INFO] auto_slr: [Assistant] provide_context 输出: 该研究是一项随机对照试验，比较了电针灸（EA）和其他干预方式在减少尼古丁戒断症状方面的效果。研究分为两组： electroacupuncture (n=19) 和 Sham Acupuncture (n=19)，每组19人。研究持续时间为14天，结果显示两组的尼古丁症状减少差异不显著（P值均>0.05），表明EA可能作为安慰剂使用。尽管短时戒断率较高（39%和42%），但EA的具体效果尚不清楚，建议与其他方法结合使用。
2026-05-19 22:46:38,855 [ERROR] export_prompt: 处理 review CD000009 时出错: NameError: name 'Path' is not defined
2026-05-19 22:46:38,857 [INFO] export_prompt: [完成] review CD000009 (1/1)
2026-05-19 22:46:38,857 [INFO] export_prompt: 导出完成！共 1 个 review
2026-05-19 22:46:38,857 [INFO] export_prompt: 总逐篇 prompt 记录数: 0
