2026-05-19 22:50:15,751 [INFO] export_prompt: 测试参数: {'num_reviews': 1, 'offset': 0, 'skip_prescreen': False, 'workers': 3}
2026-05-19 22:50:15,780 [INFO] export_prompt: Reviews metadata 加载完成: 213 个 reviews
2026-05-19 22:50:16,401 [INFO] export_prompt: 论文集加载完成: 3333 篇去重论文
2026-05-19 22:50:16,405 [INFO] export_prompt: Gold standard 加载完成: 213 个 reviews, 3333 条决策
2026-05-19 22:50:16,406 [INFO] export_prompt: 可测试的 review 数: 213
2026-05-19 22:50:16,406 [INFO] export_prompt: 本次测试 1 个 review, 并发线程数: 3
2026-05-19 22:50:16,410 [INFO] export_prompt: ============================================================
2026-05-19 22:50:16,410 [INFO] export_prompt: 开始处理 review: CD000009
2026-05-19 22:50:16,411 [INFO] export_prompt: Review title: Acupuncture and related interventions for smoking cessation
2026-05-19 22:50:16,411 [INFO] export_prompt: 总论文数: 3333, gold included: 4
2026-05-19 22:50:16,411 [INFO] export_prompt: [阶段1] 信息抽取：以 review title 作为初始 query，逐步补充信息
2026-05-19 22:50:16,411 [INFO] export_prompt: [阶段1a] 初始 query: Acupuncture and related interventions for smoking cessation
2026-05-19 22:50:16,411 [INFO] auto_slr: [Assistant] extract_and_record 输入: Acupuncture and related interventions for smoking cessation
2026-05-19 22:50:21,074 [INFO] httpx: HTTP Request: POST http://localhost:11434/v1/chat/completions "HTTP/1.1 200 OK"
2026-05-19 22:50:21,078 [INFO] auto_slr: [Assistant] extract_and_record 输出: {"user_identity": "", "user_preference": "", "research_direction": "Acupuncture and related interventions for smoking cessation", "filter_requirements": "", "rejection_reasons": "", "other_info": ""}
2026-05-19 22:50:22,699 [INFO] httpx: HTTP Request: POST http://localhost:11434/v1/chat/completions "HTTP/1.1 200 OK"
2026-05-19 22:50:22,700 [INFO] export_prompt: [阶段1b-1] 补充输入 (前200字): 研究类型 (review_type): Intervention

系统综述摘要:
Background Acupuncture and related techniques are promoted as a treatment for smoking cessation in the belief that they may reduce nicotine withdrawal symptom
2026-05-19 22:50:22,700 [INFO] auto_slr: [Assistant] extract_and_record 输入: 研究类型 (review_type): Intervention

系统综述摘要:
Background Acupuncture and related techniques are promoted as a treatment for smoking cessation in the belief that they may reduce nicotine withdrawal symptoms.    Objectives The objectives of this review are to determine the effectiveness of acupuncture and...
2026-05-19 22:50:26,335 [INFO] httpx: HTTP Request: POST http://localhost:11434/v1/chat/completions "HTTP/1.1 200 OK"
2026-05-19 22:50:26,336 [INFO] auto_slr: [Assistant] extract_and_record 输出: {"user_identity": "", "user_preference": "", "research_direction": "Systematic Review: Effectiveness of Acupuncture and Related Interventions in Smoking cessation", "filter_requirements": "Cochrane Tobacco Addiction Group Specialized Register, MEDLINE, EMBASE, PsycINFO; Sino-Med, China National Knowledge Infrastructure, Wanfang Data, VIP", "rejection_reasons": "", "other_info": "The authors conducted a systematic review of studies comparing acupuncture and related interventions (acupressure, laser therapy, electrostimulation) with no intervention, sham treatment, or other interventions for smoking cessation. The review included 38 studies, focusing on short-term and long-term abstinence rates from smoking."}
2026-05-19 22:50:28,672 [INFO] httpx: HTTP Request: POST http://localhost:11434/v1/chat/completions "HTTP/1.1 200 OK"
2026-05-19 22:50:28,673 [INFO] export_prompt: [阶段1b-2] 补充输入 (前200字): 纳入/排除标准 (criteria_text):
All randomized controlled trials comparing acupuncture, acupressure, laser therapy or electrostimulation with either no intervention, or a sham form of the intervention, or an
2026-05-19 22:50:28,673 [INFO] auto_slr: [Assistant] extract_and_record 输入: 纳入/排除标准 (criteria_text):
All randomized controlled trials comparing acupuncture, acupressure, laser therapy or electrostimulation with either no intervention, or a sham form of the intervention, or another intervention, for smoking cessation. Tobacco smokers of any age who wished to stop smoking. No...
2026-05-19 22:50:32,313 [INFO] httpx: HTTP Request: POST http://localhost:11434/v1/chat/completions "HTTP/1.1 200 OK"
2026-05-19 22:50:32,314 [INFO] auto_slr: [Assistant] extract_and_record 输出: {"user_identity": "", "user_preference": "", "research_direction": "中风患者康复", "filter_requirements": "随机对照试验（RCT），比较 acupuncture, acupressure, laser therapy 或 electrostimulation 与其他干预措施，针对吸烟戒断的烟民，非药物干预的方法", "rejection_reasons": "", "other_info": "纳入标准包括随机对照试验（RCT）比较针灸、艾灸、激光疗法或电刺激与其他干预措施的效果，针对吸烟戒断的烟民。排除了非药物干预的方法。"}
2026-05-19 22:50:35,222 [INFO] httpx: HTTP Request: POST http://localhost:11434/v1/chat/completions "HTTP/1.1 200 OK"
2026-05-19 22:50:35,223 [INFO] export_prompt: [阶段1b-3] 补充输入 (前200字): 结构化纳入/排除标准 (criteria):
{
  "Types of studies": "All randomized controlled trials comparing acupuncture, acupressure, laser therapy or electrostimulation with either no intervention, or a sham form of 
2026-05-19 22:50:35,223 [INFO] auto_slr: [Assistant] extract_and_record 输入: 结构化纳入/排除标准 (criteria):
{
  "Types of studies": "All randomized controlled trials comparing acupuncture, acupressure, laser therapy or electrostimulation with either no intervention, or a sham form of the intervention, or another intervention, for smoking cessation.",
  "Types of participants": "Toba...
2026-05-19 22:50:39,771 [INFO] httpx: HTTP Request: POST http://localhost:11434/v1/chat/completions "HTTP/1.1 200 OK"
2026-05-19 22:50:39,772 [INFO] auto_slr: [Assistant] extract_and_record 输出: {"user_identity": "", "user_preference": "", "research_direction": "针灸、针压和激光疗法等非药理干预措施用于戒烟", "filter_requirements": "近两年, 关键词: 随机对照试验, 参与者类型: 吸烟者, 干预类型: 针灸、针压或激光疗法, 结果衡量: 完全戒烟. 排除传统针灸的研究", "rejection_reasons": "", "other_info": "结构化纳入/排除标准详细描述了研究的纳入和排除条件，包括参与者类型、干预类型和结果衡量的具体内容。"}
2026-05-19 22:50:43,970 [INFO] httpx: HTTP Request: POST http://localhost:11434/v1/chat/completions "HTTP/1.1 200 OK"
2026-05-19 22:50:43,971 [INFO] auto_slr: [Assistant] provide_context 输入: task_description=筛选相关论文
2026-05-19 22:50:45,910 [INFO] httpx: HTTP Request: POST http://localhost:11434/v1/chat/completions "HTTP/1.1 200 OK"
2026-05-19 22:50:45,911 [INFO] auto_slr: [Assistant] provide_context 输出: 研究方向：针灸及其相关干预措施在吸烟戒断中的应用  
干预类型：针灸、针压和激光疗法  
研究方法：随机对照试验（RCT）  
结果衡量标准：完全戒烟  
筛选条件：近一年内发表的高质量研究，参与者为吸烟者，干预类型为针灸、针压或激光疗法，结果衡量为完全戒烟。
2026-05-19 22:50:45,911 [INFO] export_prompt: [阶段1.5] 跳过 metadata 初筛，全量 3333 篇进入筛选
2026-05-19 22:50:45,911 [INFO] export_prompt: [阶段1.8] 跳过 Title 筛选，全量 3333 篇进入阶段2
2026-05-19 22:50:45,912 [INFO] export_prompt: [阶段2 轮次1] 开始: satisfied=0/5
2026-05-19 22:50:45,912 [INFO] auto_slr: [Assistant] provide_context 输入: task_description=对论文进行详细筛选，根据摘要判断是否纳入
2026-05-19 22:50:48,113 [INFO] httpx: HTTP Request: POST http://localhost:11434/v1/chat/completions "HTTP/1.1 200 OK"
2026-05-19 22:50:48,113 [INFO] auto_slr: [Assistant] provide_context 输出: 研究领域集中在针灸及其相关疗法在吸烟戒断中的应用；研究方法采用随机对照试验（RCT），结果衡量为完全戒烟，并排除传统针灸的研究；筛选标准包括近一年内发表的高质量研究，参与者类型为吸烟者，干预类型为针灸、针压或激光疗法。
2026-05-19 22:50:48,114 [INFO] export_prompt:   未筛选论文: 3333 篇
2026-05-19 22:50:54,257 [INFO] httpx: HTTP Request: POST http://localhost:11434/v1/chat/completions "HTTP/1.1 200 OK"
2026-05-19 22:51:00,767 [INFO] httpx: HTTP Request: POST http://localhost:11434/v1/chat/completions "HTTP/1.1 200 OK"
2026-05-19 22:51:08,355 [INFO] httpx: HTTP Request: POST http://localhost:11434/v1/chat/completions "HTTP/1.1 200 OK"
2026-05-19 22:51:08,356 [ERROR] export_prompt: 处理 review CD000009 时出错: TypeError: unsupported operand type(s) for -: 'str' and 'int'
2026-05-19 22:51:08,357 [INFO] export_prompt: [完成] review CD000009 (1/1)
2026-05-19 22:51:08,357 [INFO] export_prompt: 导出完成！共 1 个 review
2026-05-19 22:51:08,357 [INFO] export_prompt: 总逐篇 prompt 记录数: 0
