[assistant] 抽取并记录信息: {"user_identity": "", "user_preference": "", "research_direction": "Controlled cord traction for the third stage of labour", "filter_requirements": "", "rejection_reasons": "", "other_info": ""}
[assistant] 抽取并记录信息: {"user_identity": "", "user_preference": "", "research_direction": "controlled cord traction (CCT) during the third stage of labour", "filter_requirements": "", "rejection_reasons": "", "other_info": ""}
[assistant] 抽取并记录信息: {"user_identity": "", "user_preference": "", "research_direction": "controlled cord traction", "filter_requirements": "随机对照试验，排除准随机分配试验和交叉设计试验；纳入阴道分娩且孕周≥24周的产妇；干预组为控制性脐带牵引（联合或不联合宫缩剂、子宫按摩），对照组为无控制性脐带牵引；主要结局为严重产后出血（失血量≥1000 mL）等", "rejection_reasons": "", "other_info": ""}
[assistant] 抽取并记录信息: {"user_identity": "", "user_preference": "", "research_direction": "controlled cord traction for postpartum hemorrhage", "filter_requirements": "randomised controlled trials, cluster-randomised trials, exclude quasi-random allocation trials, exclude cross-over design trials; women who have given birth vaginally at 24 weeks' gestation or more; controlled cord traction versus no controlled cord traction (both with or without uterotonics); outcomes include severe postpartum hemorrhage, manual removal of placenta, blood loss, etc.", "rejection_reasons": "", "other_info": ""}
[assistant] 抽取并记录信息: {"user_identity": "", "user_preference": "", "research_direction": "产后第三阶段脐带牵引的搜索策略", "filter_requirements": "", "rejection_reasons": "", "other_info": "提供了PubMed搜索策略，包含MeSH术语和关键词组合。"}
[assistant] 为 executor 提供背景信息，任务: 筛选相关论文
[coordinator] Metadata初筛完成: 3333 → 3061 篇
[assistant] 为 executor 提供背景信息，任务: 仅根据论文标题判断是否与研究方向相关，做保守筛选
[coordinator] Title筛选完成: 排除 3055 篇, 保留 6 篇
[assistant] 为 executor 提供背景信息，任务: 对论文进行详细筛选，根据摘要判断是否纳入
[executor] 轮次1筛选完成: 4 include, 2 exclude, 0 not sure
[assistant] 抽取并记录信息: {"user_identity": "", "user_preference": "", "research_direction": "", "filter_requirements": "", "rejection_reasons": "", "other_info": "用户对论文 'A pilot randomized controlled trial of controlled cord traction to reduce postpartum blood loss' 感到满意，认为该论文符合研究需求。"}
[assistant] 抽取并记录信息: {"user_identity": "", "user_preference": "", "research_direction": "", "filter_requirements": "", "rejection_reasons": "", "other_info": "用户对论文 'Effect of routine controlled cord traction as part of the active management of the third stage of labour on postpartum haemorrhage: multicentre randomised controlled trial (TRACOR)' 感到满意，认为该论文符合研究需求。"}
[assistant] 抽取并记录信息: {"user_identity": "", "user_preference": "", "research_direction": "", "filter_requirements": "", "rejection_reasons": "", "other_info": "用户对论文 'Effect of routine controlled cord traction as part of the active management of the third stage of labour on postpartum haemorrhage: multicentre randomised controlled trial (TRACOR)' 感到满意，认为该论文符合研究需求。"}
[assistant] 抽取并记录信息: {"user_identity": "", "user_preference": "", "research_direction": "", "filter_requirements": "", "rejection_reasons": "", "other_info": "用户对论文 'Active management of the third stage of labour without controlled cord traction: a randomized non-inferiority controlled trial' 感到满意，认为该论文符合研究需求。"}
[simulated_user] 轮次1用户反馈: 4 满意, 0 不满意, 累计满意: 4/5
[assistant] 为 executor 提供背景信息，任务: 对论文进行详细筛选，根据摘要判断是否纳入
[assistant] 抽取并记录信息: {"user_identity": "", "user_preference": "", "research_direction": "Controlled cord traction for the third stage of labour", "filter_requirements": "", "rejection_reasons": "", "other_info": ""}
[assistant] 抽取并记录信息: {"user_identity": "", "user_preference": "", "research_direction": "CCT 的效果评估", "filter_requirements": "随机对照试验（RCT），对比了计划中的CCT与没有计划的CCT", "rejection_reasons": "", "other_info": "研究时间范围截至2014年，使用Cochrane Pregnancy and Childbirth Group's Trials Register、PubMed和参考文献检索。两名审稿人评估质量和数据提取。主要结果包括血流量≥1000 mL的风险比（RR）为0.91，手动移除 placenta 的风险比降低到0.69等。研究局限性包括CCT在无催产素情况下使用效果和 uterine massage 的作用未明确。"}
[assistant] 抽取并记录信息: {"user_identity": "", "user_preference": "", "research_direction": "Randomised controlled trials evaluating the effects of controlled cord traction", "filter_requirements": "Inclusion criteria: Randomised controlled trials evaluating the effects of controlled cord traction. Cluster-randomised trials would also be included but we would exclude quasi-random allocation trials. Trials using a cross-over design would not be appropriate as each participant has only one opportunity for the intervention. Exclusion criteria: Women who have given birth vaginally at 24 weeks' gestation or more.", "rejection_reasons": "", "other_info": ""}
[assistant] 抽取并记录信息: {"user_identity": "", "user_preference": "", "research_direction": "Studies evaluating the effects of controlled cord traction on postpartum haemorrhage", "filter_requirements": "Randomised controlled trials; Women who have given birth vaginally at 24 weeks' gestation or more; Controlled cord traction versus no controlled cord traction (both with uterotonics); Blood loss of 1000 mL or more after birth; Retained placenta for more than 60 minutes", "rejection_reasons": "", "other_info": ""}
[assistant] 抽取并记录信息: {"user_identity": "", "user_preference": "", "research_direction": "Obstetrics and Gynecology", "filter_requirements": "近两年", "rejection_reasons": "", "other_info": ""}
[assistant] 为 executor 提供背景信息，任务: 筛选相关论文
[assistant] 为 executor 提供背景信息，任务: 对论文进行详细筛选，根据摘要判断是否纳入
[executor] 轮次1筛选完成: 3 include, 2 exclude, 0 not sure
[assistant] 抽取并记录信息: {"user_identity": "", "user_preference": "", "research_direction": "产后血丢失的随机对照试验", "filter_requirements": "", "rejection_reasons": "", "other_info": "论文标题：A pilot randomized controlled trial of controlled cord traction to reduce postpartum blood loss，主题：产后血丢失的随机对照试验"}
[assistant] 抽取并记录信息: {"user_identity": "", "user_preference": "", "research_direction": "医学", "filter_requirements": "", "rejection_reasons": "", "other_info": ""}
[assistant] 抽取并记录信息: {"user_identity": "", "user_preference": "", "research_direction": "第三阶段劳动对产后出血的影响", "filter_requirements": "", "rejection_reasons": "", "other_info": ""}
[simulated_user] 轮次1用户反馈: 3 满意, 0 不满意, 累计满意: 3/5
[assistant] 为 executor 提供背景信息，任务: 对论文进行详细筛选，根据摘要判断是否纳入
