[assistant] 抽取并记录信息: {"user_identity": "", "user_preference": "", "research_direction": "Prosthetic rehabilitation for older dysvascular people following a unilateral transfemoral amputation", "filter_requirements": "", "rejection_reasons": "", "other_info": ""}
[assistant] 抽取并记录信息: {"user_identity": "", "user_preference": "", "research_direction": "Intervention", "filter_requirements": "", "rejection_reasons": "", "other_info": ""}
[assistant] 抽取并记录信息: {"user_identity": "", "user_preference": "", "research_direction": "prosthetic rehabilitation following unilateral transfemoral or transgenicular amputation in older dysvascular people", "filter_requirements": "Randomised controlled trials (RCTs) and quasi‐randomised trials; participants: older adults, elderly, veteran, geriatric, aged, seniors, or all over the age of 60 years; living in community or institutional care; dysvascular; unilateral transfemoral amputation including transgenicular; provided with transfemoral prosthesis for walking and functional rehabilitation; interventions: prosthetic rehabilitation including education, therapeutic interventions, balance and mobility training, training in functional activities of daily living, general advice; outcomes: success (comfort, cosmetic appearance, frequency of prosthetic use, satisfaction, function, independence), adverse effects, quality of life, morbidity, mortality, compliance, psychological distress, discharge setting, mobility indicators, falls, dysvascularity problems, sensory impairment, risk of falls, social circumstances", "rejection_reasons": "", "other_info": ""}
[assistant] 抽取并记录信息: {"user_identity": "", "user_preference": "", "research_direction": "prosthetic rehabilitation following unilateral transfemoral or transgenicular amputation in older dysvascular people", "filter_requirements": "Types of studies: Randomised controlled trials (RCTs) and quasi‐randomised trials; Types of participants: older adults, elderly, veteran, geriatric, aged, seniors, or all over the age of 60 years, living in the community or in institutional care, dysvascular, having a unilateral transfemoral amputation including transgenicular; Types of interventions: prosthetic rehabilitation including provision of prescribed prosthesis, education, therapeutic interventions, balance and mobility training, functional activities training, general advice; Types of outcome measures: success (comfort, cosmetic appearance, frequency of prosthetic use, satisfaction, function, independence), adverse effects, quality of life, morbidity, mortality, compliance, psychological distress, discharge setting, mobility indicators, falls, dysvascularity problems, sensory impairment, risk of falls, social circumstances", "rejection_reasons": "", "other_info": ""}
[assistant] 抽取并记录信息: {"user_identity": "", "user_preference": "", "research_direction": "", "filter_requirements": "", "rejection_reasons": "", "other_info": ""}
[assistant] 为 executor 提供背景信息，任务: 筛选相关论文
[coordinator] Metadata初筛完成: 3333 → 3061 篇
[assistant] 为 executor 提供背景信息，任务: 仅根据论文标题判断是否与研究方向相关，做保守筛选
[coordinator] Title筛选完成: 排除 3057 篇, 保留 4 篇
[assistant] 为 executor 提供背景信息，任务: 对论文进行详细筛选，根据摘要判断是否纳入
[executor] 轮次1筛选完成: 2 include, 2 exclude, 0 not sure
[assistant] 抽取并记录信息: {"user_identity": "", "user_preference": "", "research_direction": "", "filter_requirements": "", "rejection_reasons": "Wrong intervention: study authors did not look at prosthetic rehabilitation", "other_info": ""}
[assistant] 抽取并记录信息: {"user_identity": "", "user_preference": "", "research_direction": "", "filter_requirements": "", "rejection_reasons": "Wrong study design", "other_info": ""}
[simulated_user] 轮次1用户反馈: 0 满意, 2 不满意, 累计满意: 0/5
[assistant] 为 executor 提供背景信息，任务: 对论文进行详细筛选，根据摘要判断是否纳入
[assistant] 为 executor 提供背景信息，任务: 对论文进行详细筛选，根据摘要判断是否纳入
[assistant] 抽取并记录信息: {"user_identity": "", "user_preference": "", "research_direction": "Prosthetic rehabilitation for older dysvascular individuals following unilateral transfemoral amputation", "filter_requirements": "", "rejection_reasons": "", "other_info": ""}
[assistant] 抽取并记录信息: {"user_identity": "", "user_preference": "", "research_direction": "Prosthetic rehabilitation interventions for prosthetic ambulation following unilateral transfemoral or transgenicular amputation in older dysvascular people", "filter_requirements": "Cochrane Vascular Information Specialist searched the Cochrane Vascular Specialised Register and CENTRAL, MEDLINE, Embase, and CINAHL databases; the World Health Organization International Clinical Trials Registry Platform; and the ClinicalTrials.gov trials registry to 14 June 2018. We performed additional searches by handsearching citations of studies identified by the electronic search. We applied no restrictions on language or publication status.", "rejection_reasons": "", "other_info": ""}
[assistant] 抽取并记录信息: {"user_identity": "", "user_preference": "", "research_direction": "Prosthetic Rehabilitation", "filter_requirements": "Randomised controlled trials (RCTs) and quasi‐randomised trials (e.g. randomised by date of birth or hospital record number) that evaluated the success of prosthetic rehabilitation following a unilateral transfemoral or transgenicular amputation in older dysvascular people.", "rejection_reasons": "", "other_info": "Success: based on comfort, cosmetic appearance, frequency of prosthetic use, satisfaction for purpose, levels of function, and independence. Measures or scales included Prosthetic Socket Fit Comfort Score, Harold‐Wood Stanmore Mobility Grades, Locomotor Capabilities Index, Rivermead Mobility Index, Prosthesis Evaluation Questionnaire, Satisfaction With Prosthesis Questionnaire, Functional Measure for Amputees, and Russek's Scale"}
[assistant] 抽取并记录信息: {"user_identity": "老年男性或女性", "user_preference": "", "research_direction": "Prosthetic Rehabilitation", "filter_requirements": "近两年的随机对照试验", "rejection_reasons": "", "other_info": "Prosthetic rehabilitation, Quality of life measures, Functional recovery"}
[assistant] 抽取并记录信息: {"other_info": "The provided text is a structured dataset that organizes medical conditions into alphanumeric codes along with their frequencies. This dataset appears to be part of an organized medical coding system used for categorizing health conditions and procedures. Here's a breakdown:\n\n1. **Categorization by Condition**: The data starts with \"Arteriosclerosis\" and other conditions, each assigned multiple codes (e.g., 1, 2, 3). These codes likely represent different aspects or associations of the condition.\n\n2. **Medical History (MH) Terms**: Under each condition, there are MH terms listed with their respective counts. For example, \"Arteriosclerosis+\" has a count of 4,829, indicating its frequency in the dataset.\n\n3. **Yearly Data**: The dataset includes sections for specific years (\"2017\" or \"2018\"), which might represent temporal data on how these conditions correlate over time.\n\nThis dataset is likely used for medical coding, research, or clinical trials to analyze trends and frequencies of health conditions and associated procedures. It serves as a comprehensive resource for understanding healthcare data categorization and usage patterns."}
[assistant] 为 executor 提供背景信息，任务: 筛选相关论文
[assistant] 为 executor 提供背景信息，任务: 对论文进行详细筛选，根据摘要判断是否纳入
[executor] 轮次1筛选完成: 0 include, 3 exclude, 0 not sure
[assistant] 为 executor 提供背景信息，任务: 对论文进行详细筛选，根据摘要判断是否纳入
