2026-04-27 01:34:34 [INFO] auto_slr - 日志系统初始化完成，级别: INFO，日志文件: D:\School\SAT404\pilot_study_code\new_auto_slr\logs\run_20260427_013434.log
2026-04-27 01:35:58 [INFO] auto_slr - 初步筛选: 共 20 篇, 未筛选 20 篇
2026-04-27 01:35:58 [INFO] auto_slr - 筛选第 1 批, 共 10 篇
2026-04-27 01:36:59 [INFO] auto_slr - 第 1 批筛选完成: included=1, excluded=8, not_sure=1
2026-04-27 01:36:59 [INFO] auto_slr - 筛选第 2 批, 共 10 篇
2026-04-27 01:37:42 [INFO] auto_slr - 第 2 批筛选完成: included=7, excluded=12, not_sure=1
2026-04-27 01:45:25 [INFO] auto_slr - 初步筛选: 共 17 篇, 未筛选 0 篇
2026-04-27 01:46:14 [INFO] auto_slr - 打分标准已生成并锁定: [{'name': '实验实证与重大项目依托', 'description': '评估论文是否基于实际实验验证，以及与国际重大聚变项目（如NIF、ITER）的关联度，排除纯理论与纯模拟研究。', 'scale': '1-5', 'criteria': {'1': '纯理论探讨或纯数值模拟，无任何实际实验验证，与重大项目无关。', '2': '以理论或模拟为主，仅有少量间接实验数据支撑，非重大项目核心实验。', '3': '包含一般性实验验证，但非基于NIF/ITER等国际重大项目，或实验规模较小。', '4': '基于国际重大项目（如NIF）的实际实验数据开展研究，具有明确的实验验证背景。', '5': '直接报道NIF等国际重大项目最新核心实验成果（如NIF点火实验、磁化ICF实验），具有极强的实际实验验证特征。'}}, {'name': '核心聚变参数突破', 'description': '评估论文是否直接给出或显著提升核心聚变性能参数（如等离子体约束时间、能量增益因子Q值、温度、产额等），排除仅关注基础物理参数或诊断参数的研究。', 'scale': '1-5', 'criteria': {'1': '完全不涉及核心聚变性能参数，或仅聚焦于诊断技术参数及基础物理偏差修正。', '2': '仅间接涉及核心参数，或参数提升微乎其微，主要聚焦于RT不稳定性等基础物理过程。', '3': '提及核心聚变参数（温度、产额等），但未实现显著突破或未给出Q值/约束时间等关键指标。', '4': '直接给出等离子体约束时间、能量增益因子Q值等核心聚变性能参数，具有明确的参数表征。', '5': '直接给出核心参数并实现显著突破（如温度提升40%、产额提升3倍），或明确报道高能量增益Q值。'}}, {'name': '工程可行性与磁化ICF进展', 'description': '评估论文在ICF工程可行性进展（特别是磁化ICF及燃烧传播）方面的贡献，排除纯基础物理机制或纯诊断方法开发。', 'scale': '1-5', 'criteria': {'1': '纯诊断方法开发（如放射化学混合诊断）或纯基础物理研究，与工程可行性无关。', '2': '聚焦致密燃料流体动力学、驱动差异诊断等基础/诊断层面，对工程可行性进展贡献极小。', '3': '涉及一般性工程问题探讨，但未触及磁化ICF或燃烧传播等核心前沿工程进展。', '4': '探讨燃烧等离子体物理或燃烧传播机制，对ICF工程可行性有积极推动作用。', '5': '重点报道磁化ICF实验的工程可行性验证，或深入揭示磁化对燃烧传播及高增益的工程影响。'}}, {'name': '商业化潜力与成本控制', 'description': '评估论文是否涉及可控核聚变的商业化应用研究及成本控制分析，偏向工程与经济可行性。', 'scale': '1-5', 'criteria': {'1': '纯学术/基础研究，完全脱离商业化与成本考量。', '2': '仅关注技术实现，未涉及任何商业化应用或成本控制讨论。', '3': '间接提及工程应用前景，但未深入探讨商业化或成本问题。', '4': '涉及商业化应用路径分析或工程成本初步评估，具有应用导向。', '5': '深入研究聚变能源商业化应用方案及成本控制策略，对经济可行性具有实质性指导意义。'}}, {'name': '研究时效性与前沿性', 'description': '评估论文的发表时间及研究内容是否属于近5年内的最新前沿进展，特别是NIF最新点火相关的成果。', 'scale': '1-5', 'criteria': {'1': '发表时间超过5年，且内容陈旧，非当前前沿热点。', '2': '发表时间超过5年，或近5年内发表但研究内容属于滞后/边缘领域。', '3': '近5年内发表，属于常规进展，前沿性一般。', '4': '近3-5年内发表，属于领域内关注的前沿进展（如燃烧等离子体实验）。', '5': '近1-2年内发表，报道NIF最新实现点火或最新磁化ICF实验等最前沿突破性成果。'}}]
2026-04-27 01:46:14 [INFO] auto_slr - 开始打分，共 17 篇论文，每批 5 篇
2026-04-27 01:46:14 [INFO] auto_slr - 打分第 1 批, 共 5 篇
2026-04-27 01:47:27 [WARNING] auto_slr - JSON 提取失败，原始文本: ```json
[
  {
    "index": 1,
    "scores": {
      "实验实证与重大项目依托": 4,
      "核心聚变参数突破": 1,
      "工程可行性与磁化ICF进展": 1,
      "商业化潜力与成本控制": 1,
      "研究时效性与前沿性": 1
    },
    "total_score": 8,
    "brief...
2026-04-27 01:47:27 [WARNING] auto_slr - 批量打分 JSON 解析失败，原始返回:
```json
[
  {
    "index": 1,
    "scores": {
      "实验实证与重大项目依托": 4,
      "核心聚变参数突破": 1,
      "工程可行性与磁化ICF进展": 1,
      "商业化潜力与成本控制": 1,
      "研究时效性与前沿性": 1
    },
    "total_score": 8,
    "brief_comment": "针对NIF实验开发的贝叶斯分析方法，依托了NIF实际实验数据，但本质为纯诊断与推断工具，年代久远，无核心参数突破与商业化考量。"
  },
  {
    "index": 2,
    "scores": {
      "实验实证与重大项目依托": 4,
      "核心聚变参数突破": 2,
      "工程可行性与磁化ICF进展": 3,
      "商业化潜力与成本控制": 2,
      "研究时效性与前沿性": 4
    },
    "total_score": 15,
    "brief_comment": "基于NIF/Omega实验数据的迁移学习设计优化，属于近年前沿交叉研究，对工程设计有一定推动，但未直接报道核心参数突破或商业化进展。"
  },
  {
    "index": 3,
    "scores": {
      "实验实证与重大项目依托": 3,
      "核心聚变参数突破": 2,
      "工程可行性与磁化ICF进展": 3,
      "商业化潜力与成本控制": 2,
      "研究时效性与前沿性": 2
    },
    "total_score": 12,
    "brief_comment": "针对NIF内爆的自动化算法设计，偏向一般性工程设计探索，发表时间超过5年，未涉及核心参数突破、磁化ICF及商业化讨论。"
  },
  {
    "index": 4,
    "scores": {
      "实验实证与重大项目依托": 4,
      "核心聚变参数突破": 2,
      "工程可行性与磁化ICF进展": 2,
      "商业化潜力与成本控制": 2,
      "研究时效性与前沿性": 5
    },
    "total_score": 15,
    "brief_comment": "结合扩散模型与多模态数据的ICF推断方法，时效性极强且依托点火期实验数据，但本质仍为诊断推断算法，对工程可行性与
2026-04-27 01:47:27 [INFO] auto_slr - 打分第 2 批, 共 5 篇
2026-04-27 01:48:38 [INFO] auto_slr - 第 2 批打分完成
2026-04-27 01:48:38 [INFO] auto_slr - 打分第 3 批, 共 5 篇
2026-04-27 01:49:54 [INFO] auto_slr - 第 3 批打分完成
2026-04-27 01:49:54 [INFO] auto_slr - 打分第 4 批, 共 2 篇
2026-04-27 01:50:39 [INFO] auto_slr - 第 4 批打分完成
