[assistant] 抽取并记录信息: {"user_identity": "", "user_preference": "", "research_direction": "Beta‐blockers for congestive heart failure in children", "filter_requirements": "", "rejection_reasons": "", "other_info": ""}
[assistant] 抽取并记录信息: {"user_identity": "", "user_preference": "", "research_direction": "儿童充血性心力衰竭的β受体阻滞剂治疗", "filter_requirements": "截至2015年11月，随机对照临床试验，无语言限制", "rejection_reasons": "", "other_info": "系统综述类型为干预性研究"}
[assistant] 抽取并记录信息: {"user_identity": "", "user_preference": "", "research_direction": "beta‐blocker therapy for paediatric congestive heart failure", "filter_requirements": "All randomised, controlled, clinical trials; participants: children aged 28 days to 18 years with congestive heart failure; exclude neonates/preterm infants (<28 days); any beta-blocker as monotherapy or combination; control: placebo or standard heart failure therapy; no restrictions on dose or route; outcomes: mortality, heart transplantation, heart failure improvement (NYHA, Ross Score, etc.), adverse events, echocardiographic parameters, biomarkers, cardiovascular parameters", "rejection_reasons": "", "other_info": ""}
[assistant] 抽取并记录信息: {"user_identity": "", "user_preference": "", "research_direction": "beta‐blocker therapy for paediatric congestive heart failure", "filter_requirements": "Types of studies: randomised, controlled, clinical trials; Types of participants: children aged 28 days to 18 years with congestive heart failure, excluding neonates (<28 days) and preterm infants; Types of interventions: any beta‐blocker as monotherapy or combination, control groups receiving placebo or standard therapy; Types of outcome measures: mortality/referral for transplantation, improvement of heart failure (NYHA, Ross Score, etc.), adverse events, LVEF/LVFS, BNP, cardiovascular parameters; Primary outcomes: mortality/referral, improvement, adverse events; Secondary outcomes: LVEF/LVFS, BNP, cardiovascular parameters", "rejection_reasons": "", "other_info": ""}
[assistant] 抽取并记录信息: {"user_identity": "", "user_preference": "", "research_direction": "儿童心力衰竭/心室功能障碍/先天性心脏病使用β受体阻滞剂的随机对照试验", "filter_requirements": "时间范围：2008-2014年；研究对象：儿童（0-18岁）；研究类型：随机对照试验、临床对照试验等；排除动物研究", "rejection_reasons": "", "other_info": "搜索策略来自Cochrane系统评价，包含多个数据库（CENTRAL、MEDLINE、EMBASE、LILACS）的详细检索式，涉及2008年和2015年两个版本的策略。"}
[assistant] 为 executor 提供背景信息，任务: 筛选相关论文
[coordinator] Metadata初筛完成: 3333 → 3061 篇
[assistant] 为 executor 提供背景信息，任务: 仅根据论文标题判断是否与研究方向相关，做保守筛选
[coordinator] Title筛选完成: 排除 3056 篇, 保留 5 篇
[assistant] 为 executor 提供背景信息，任务: 对论文进行详细筛选，根据摘要判断是否纳入
[executor] 轮次1筛选完成: 1 include, 3 exclude, 1 not sure
[assistant] 抽取并记录信息: {"user_identity": "", "user_preference": "", "research_direction": "", "filter_requirements": "", "rejection_reasons": "", "other_info": "用户对论文 'Carvedilol for Children and Adolescents With Heart Failure A Randomized Controlled Trial' 感到满意，认为符合研究需求。"}
[assistant] 抽取并记录信息: {"user_identity": "", "user_preference": "", "research_direction": "", "filter_requirements": "", "rejection_reasons": "Age of the study population ranges from 7 to 27 years without any sub‐grouping for different ages, therefore, no conclusions can be drawn with regard to a paediatric population.", "other_info": ""}
[simulated_user] 轮次1用户反馈: 1 满意, 1 不满意, 累计满意: 1/5
[assistant] 为 executor 提供背景信息，任务: 对论文进行详细筛选，根据摘要判断是否纳入
[assistant] 为 executor 提供背景信息，任务: 对论文进行详细筛选，根据摘要判断是否纳入
[assistant] 抽取并记录信息: {"user_identity": "", "user_preference": "", "research_direction": "Beta-blockers for congestive heart failure in children", "filter_requirements": "", "rejection_reasons": "", "other_info": ""}
[assistant] 抽取并记录信息: {"user_identity": "未知", "user_preference": "", "research_direction": "Beta‐blockers in paediatric congestive heart failure", "filter_requirements": "Cochrane Central Register of Controlled Trials (CENTRAL), MEDLINE, EMBASE, LILACS; Randomised controlled trials", "rejection_reasons": "", "other_info": "研究发现β‐blockers在某些情况下对儿童心力衰竭有益，但由于研究间的异质性和不一致方法，难以合并数据进行Meta分析"}
[assistant] 抽取并记录信息: {"user_identity": "Medical professional (likely researcher or doctor)", "user_preference": "", "research_direction": "Beta-blocker therapy effects on paediatric heart failure", "filter_requirements": "Randomised, controlled trials; Paediatric participants (28 days to 23 months); Exclusion of infants younger than 28 days; Up to 18 years of age", "rejection_reasons": "", "other_info": "Evaluation endpoints: New York Heart Association classification, Ross Score, participant assessment. Endpoints include improvement in congestive heart failure (NYHA, Ross scores), adverse events, LVEF, LVFS, BNP levels, cardiovascular parameters."}
[assistant] 抽取并记录信息: {"user_identity": "", "user_preference": "", "research_direction": "Beta‐blocker therapy effects on paediatric participants with congestive heart failure", "filter_requirements": "2014-2023", "rejection_reasons": "", "other_info": ""}
[assistant] 抽取并记录信息: {"other_info": "To extract and organize the required information from the provided structured data entries, follow these steps:\n\n1. **Understand Data Structure**: Each entry (MEDLINE, EMBASE, LILACS, CENTRAL) has a JSON structure with sections like keywords, headings, and specific terms.\n\n2. **Identify Keywords for Drug Names**:\n   - Look for explicit mentions of drug names such as \"acebutolol,\" \"atenolol,\" etc.\n   - Use these to extract the full name and type (e.g., beta-blocker).\n\n3. **Determine Indications**:\n   - Check headings like \"Heart Failure\" or \"Ventricular Dysfunction\" for indication purposes.\n\n4. **Extract Dosage Forms and Routes**:\n   - Look for sections mentioning \"tw.\" which often indicate dosage forms.\n   - Note any specific routes mentioned, such as IV or oral.\n\n5. **Identify Patient Populations**:\n   - Check for age groups (e.g., 0-18 years) under headings related to demographics.\n\n6. **Determine Trial Types**:\n   - Look for descriptors like \"randomized controlled trial\" in sections labeled with terms such as \"pt.\" or \"fs.\"\n\n7. **Map to Example Output Format**: Use the provided example structure to format each entry, ensuring consistency across all sources.\n\n8. **Handle Variations Between Sources**: Adjust extraction methods based on differences in headings and descriptors between sources like MEDLINE and EMBASE.\n\n9. **Ensure Data Accuracy**: Verify that extracted information accurately reflects the data without missing fields or inaccuracies.\n\n10. **Scripting for Automation**: Develop scripts to parse JSON structures, identify relevant keywords, and compile outputs consistently.\n\nBy following these steps, you can systematically extract and organize the required information into a coherent format, ensuring clarity and accuracy across all entries."}
[assistant] 为 executor 提供背景信息，任务: 筛选相关论文
[assistant] 为 executor 提供背景信息，任务: 对论文进行详细筛选，根据摘要判断是否纳入
[executor] 轮次1筛选完成: 2 include, 2 exclude, 0 not sure
[assistant] 抽取并记录信息: {"user_identity": "", "user_preference": "", "research_direction": "Carvedilol for Children and Adolescents With Heart Failure A Randomized Controlled Trial", "filter_requirements": "", "rejection_reasons": "", "other_info": ""}
[assistant] 抽取并记录信息: {"user_identity": "", "user_preference": "", "research_direction": "thalassaemia cardiomyopathy", "filter_requirements": "", "rejection_reasons": "Particants inclusion criteria not met. Heart failure secondary to thalassaemia.", "other_info": ""}
[simulated_user] 轮次1用户反馈: 1 满意, 1 不满意, 累计满意: 1/5
[assistant] 为 executor 提供背景信息，任务: 对论文进行详细筛选，根据摘要判断是否纳入
[assistant] 为 executor 提供背景信息，任务: 对论文进行详细筛选，根据摘要判断是否纳入
