[assistant] 抽取并记录信息: {"user_identity": "", "user_preference": "", "research_direction": "HIV感染治疗中司他夫定低剂量与高剂量的比较", "filter_requirements": "", "rejection_reasons": "", "other_info": ""}
[assistant] 抽取并记录信息: {"user_identity": "", "user_preference": "", "research_direction": "低剂量与高剂量司他夫定治疗HIV-1感染的安全性和病毒学疗效比较", "filter_requirements": "随机对照试验，比较低剂量与高剂量司他夫定作为成人ART联合治疗的一部分", "rejection_reasons": "", "other_info": "研究类型为干预性系统综述，纳入3项试验，均来自发达国家，参与者为ART经验丰富且基线病毒学抑制的患者，样本量小，存在偏倚风险，未进行meta分析。"}
[assistant] 抽取并记录信息: {"user_identity": "", "user_preference": "", "research_direction": "HIV感染成人患者低剂量司他夫定与高剂量司他夫定的疗效与安全性比较", "filter_requirements": "随机对照临床试验（盲法与非盲法）；HIV感染成人；接受联合抗逆转录病毒治疗；比较低剂量司他夫定与高剂量司他夫定；主要结局：病毒载量<200 copies/ml、导致停药的主要副作用（如乳酸酸中毒、胰腺炎、严重周围神经病变）；次要结局：较轻的副作用（如轻度周围神经病变、脂肪营养不良、皮疹等）", "rejection_reasons": "", "other_info": ""}
[assistant] 抽取并记录信息: {"user_identity": "", "user_preference": "", "research_direction": "HIV感染成人联合抗逆转录病毒治疗中低剂量司他夫定与高剂量司他夫定的比较", "filter_requirements": "随机对照临床试验（包括盲法和非盲法）；HIV感染成人；低剂量司他夫定（体重≥60kg者≤30mg BD，体重<60kg者<30mg BD）与高剂量司他夫定（体重≥60kg者≥40mg BD，体重<60kg者30mg BD）比较；主要结局：病毒载量<200 copies/ml、导致停药的主要副作用（如乳酸酸中毒、胰腺炎、严重周围神经病变）；次要结局：较轻副作用（如轻度周围神经病变、脂肪营养不良、皮疹等）", "rejection_reasons": "", "other_info": ""}
[assistant] 抽取并记录信息: {"user_identity": "", "user_preference": "", "research_direction": "HIV/AIDS, antiretroviral therapy, stavudine (d4T), clinical trials", "filter_requirements": "Publication date from 1996 to 2012; randomized controlled trials, controlled clinical trials, and other clinical study designs; databases: PubMed, AIDSearch, EMBASE, Gateway, CLIB, WHO ICTRP", "rejection_reasons": "", "other_info": "The search strategies include multiple databases and time periods, with specific search terms for HIV, antiretroviral therapy, and stavudine. The strategies also include filters for human studies and clinical trials."}
[assistant] 为 executor 提供背景信息，任务: 筛选相关论文
[coordinator] Metadata初筛完成: 3333 → 3061 篇
[assistant] 为 executor 提供背景信息，任务: 仅根据论文标题判断是否与研究方向相关，做保守筛选
[coordinator] Title筛选完成: 排除 3046 篇, 保留 15 篇
[assistant] 为 executor 提供背景信息，任务: 对论文进行详细筛选，根据摘要判断是否纳入
[executor] 轮次1筛选完成: 2 include, 13 exclude, 0 not sure
[assistant] 抽取并记录信息: {"user_identity": "", "user_preference": "", "research_direction": "", "filter_requirements": "", "rejection_reasons": "", "other_info": "用户对论文 'Effect of Reducing the Dose of Stavudine on Body Composition, Bone Density, and Markers of Mitochondrial Toxicity in HIV‐Infected Subjects: A Randomized, Controlled Study' 感到满意，认为符合研究需求。"}
[assistant] 抽取并记录信息: {"user_identity": "", "user_preference": "", "research_direction": "", "filter_requirements": "", "rejection_reasons": "Observational", "other_info": ""}
[simulated_user] 轮次1用户反馈: 1 满意, 1 不满意, 累计满意: 1/5
[assistant] 为 executor 提供背景信息，任务: 对论文进行详细筛选，根据摘要判断是否纳入
[assistant] 为 executor 提供背景信息，任务: 对论文进行详细筛选，根据摘要判断是否纳入
[assistant] 抽取并记录信息: {"user_identity": "", "user_preference": "", "research_direction": "Low Dose Versus High Dose Stavudine for HIV Treatment", "filter_requirements": "", "rejection_reasons": "", "other_info": ""}
[assistant] 抽取并记录信息: {"user_identity": "", "user_preference": "", "research_direction": "Low Dose vs High Dose Stavudine for HIV Treatment", "filter_requirements": "Time range: 1996-2014; Method: Cochrane HIV/AIDS Review Group's comprehensive search strategy; Comparison of low dose and high dose stavudine as part of ART combination therapy", "rejection_reasons": "", "other_info": "Systematic Review Title: Systematic Review: Intervention\nAuthors: Author team"}
[assistant] 抽取并记录信息: {"user_identity": "", "user_preference": "", "research_direction": "HIV/AIDS临床试验", "filter_requirements": {"时间范围": "近两年", "关键词": "", "筛选标准": "Viral load < 200 copies/ml, Major side effects, Secondary outcomes"}, "rejection_reasons": "", "other_info": "研究主要药物为Stavudine，分为低剂量和高剂量两种类型"}
[assistant] 抽取并记录信息: {"user_identity": "", "user_preference": "", "research_direction": "Randomised, controlled blinded and non‐blinded clinical trials; HIV infected adults treated with combination ART; Low dose stavudine versus high dose stavudine", "filter_requirements": "Types of interventions: Low dose stavudine versus high dose stavudine; Types of outcome measures: Primary Outcomes: Viral load < 200 copies/ml and Major side‐effects leading to drug discontinuation such as lactic acidosis, pancreatitis or severe peripheral neuropathy; Secondary Outcomes: Less severe side‐effects e.g. mild peripheral neuropathy, lipodystrophy, rash, etc.", "rejection_reasons": "", "other_info": ""}
[assistant] 抽取并记录信息: {"other_info": "The provided data consists of multiple National Clinical Trials (NCT) entries related to HIV treatment studies. These trials focus on various aspects of antiretroviral therapy, including drug efficacy, adherence strategies, patient populations, and treatment regimens. Key observations include:\n\n1. **Recruitment Status**: Most trials are marked as \"Not recruiting,\" indicating they have completed or ceased accepting new participants. A few are \"Authorised,\" meaning they can still enroll patients but may not be actively recruiting.\n\n2. **Drug Focus**: The studies primarily involve HIV drugs such as nevirapine, efavirenz, zidovudine, and stavudine, with some exploring newer treatments like Emtricitabine or Indinavir.\n\n3. **Population Targeting**: Trials target diverse groups, including children, HIV-positive adults on ART, and those with specific health challenges like lipodystrophy or aging.\n\n4. **Treatment Strategies**: Research includes interventions aimed at improving adherence to treatment regimens, optimizing schedules (e.g., once-daily vs. twice-daily), and evaluating multi-drug combinations for enhanced efficacy.\n\n5. **Efficacy and Safety**: Many studies assess the safety and efficacy of different antiretroviral regimens, comparing newer drugs with older ones to identify effective treatments with minimal side effects.\n\n6. **Viral Load Monitoring**: Trials often monitor changes in viral load and CD4 cell counts as key indicators of treatment success.\n\n7. **Complex Regimens and Interventions**: Some studies explore lipid profile monitoring and other interventions to assess the impact of antiretroviral therapy beyond traditional metrics.\n\n8. **Historical Context**: Trials span from 1973 to early 2000, reflecting a long-standing commitment to HIV research with ongoing developments in treatment strategies.\n\nIn summary, these trials represent a comprehensive exploration of HIV treatment options, emphasizing the importance of diverse regimens, adherence strategies, and patient population considerations. The data highlights both completed studies and ongoing research, underscoring the dynamic nature of HIV treatment research over the years.\n```"}
[assistant] 为 executor 提供背景信息，任务: 筛选相关论文
[assistant] 为 executor 提供背景信息，任务: 对论文进行详细筛选，根据摘要判断是否纳入
[executor] 轮次1筛选完成: 2 include, 0 exclude, 0 not sure
[assistant] 抽取并记录信息: {"user_identity": "", "user_preference": "", "research_direction": "Infection and Disease", "filter_requirements": "", "rejection_reasons": "", "other_info": "Paper Title: Effect of Reducing the Dose of Stavudine on Body Composition, Bone Density, and Markers of Mitochondrial Toxicity in HIV‐Infected Subjects: A Randomized, Controlled Study<br />Research Theme: HIV infection treatment effect study<br />Journal Name: AIDS Care"}
[assistant] 抽取并记录信息: {"user_identity": "", "user_preference": "", "research_direction": "Toxicity Associated with Stavudine Dose Reduction from 40 to 30 mg in First-Line Antiretroviral Therapy", "filter_requirements": "", "rejection_reasons": "Observational", "other_info": ""}
[simulated_user] 轮次1用户反馈: 1 满意, 1 不满意, 累计满意: 1/5
[assistant] 为 executor 提供背景信息，任务: 对论文进行详细筛选，根据摘要判断是否纳入
[assistant] 为 executor 提供背景信息，任务: 对论文进行详细筛选，根据摘要判断是否纳入
