[assistant] 抽取并记录信息: {"user_identity": "", "user_preference": "", "research_direction": "维生素A补充剂预防麻疹感染儿童失明", "filter_requirements": "", "rejection_reasons": "", "other_info": ""}
[assistant] 抽取并记录信息: {"user_identity": "", "user_preference": "", "research_direction": "维生素A对麻疹儿童失明预防的疗效", "filter_requirements": "随机对照试验，纳入营养良好且无维生素A缺乏临床特征的麻疹儿童", "rejection_reasons": "", "other_info": "系统综述类型为干预性综述，检索数据库包括CENTRAL、MEDLINE、Embase和LILACS，时间截至2015年12月。"}
[assistant] 抽取并记录信息: {"user_identity": "", "user_preference": "", "research_direction": "维生素A预防麻疹儿童失明的疗效", "filter_requirements": "随机对照试验；研究对象为18岁及以下、诊断为麻疹、无维生素A缺乏临床特征且非营养不良的儿童；干预措施为维生素A与安慰剂或无维生素A对照；结局指标包括WHO定义的失明、维生素A缺乏的其他临床表现（夜盲、结膜干燥症、比托氏斑、角膜干燥症、角膜软化症、角膜溃疡、角膜瘢痕、血清视黄醇水平、营养状况、不良事件、维生素A毒性等）；排除标准：参与者有临床可证实的维生素A缺乏、包括有与维生素A缺乏无关的眼部异常的儿童", "rejection_reasons": "", "other_info": ""}
[assistant] 抽取并记录信息: {"user_identity": "", "user_preference": "", "research_direction": "维生素A预防麻疹儿童失明的疗效", "filter_requirements": "随机对照试验（RCTs），参与者为18岁及以下确诊麻疹且无维生素A缺乏临床特征、非营养不良的儿童，干预措施为维生素A与安慰剂或无维生素A对照，结局指标包括WHO定义的失明及其他维生素A缺乏临床表现", "rejection_reasons": "", "other_info": ""}
[assistant] 抽取并记录信息: {"user_identity": "", "user_preference": "", "research_direction": "measles and vitamin A deficiency related eye conditions", "filter_requirements": "", "rejection_reasons": "", "other_info": "The search strategies are from Embase and LILACS databases, focusing on measles, vitamin A, and eye-related terms such as blindness, xerophthalmia, night blindness, and keratomalacia."}
[assistant] 为 executor 提供背景信息，任务: 筛选相关论文
[coordinator] Metadata初筛完成: 3333 → 3061 篇
[assistant] 为 executor 提供背景信息，任务: 仅根据论文标题判断是否与研究方向相关，做保守筛选
[coordinator] Title筛选完成: 排除 3058 篇, 保留 3 篇
[assistant] 为 executor 提供背景信息，任务: 对论文进行详细筛选，根据摘要判断是否纳入
[executor] 轮次1筛选完成: 2 include, 1 exclude, 0 not sure
[assistant] 抽取并记录信息: {"user_identity": "", "user_preference": "", "research_direction": "", "filter_requirements": "", "rejection_reasons": "", "other_info": "用户对论文 'Efficacy of a Single Oral Dose of 200,000 IU of Oil-soluble Vitamin A in Measles-associated Morbidity' 感到满意，认为该论文符合研究需求。"}
[assistant] 抽取并记录信息: {"user_identity": "", "user_preference": "", "research_direction": "", "filter_requirements": "", "rejection_reasons": "Intervention not targeted at measles participants. No outcome of interest to the review question was measured", "other_info": ""}
[simulated_user] 轮次1用户反馈: 1 满意, 1 不满意, 累计满意: 1/5
[assistant] 为 executor 提供背景信息，任务: 对论文进行详细筛选，根据摘要判断是否纳入
[assistant] 为 executor 提供背景信息，任务: 对论文进行详细筛选，根据摘要判断是否纳入
[assistant] 抽取并记录信息: {"user_identity": "", "user_preference": "", "research_direction": "vitamin A supplementation and prevention of blindness due to measles infection", "filter_requirements": "", "rejection_reasons": "", "other_info": ""}
[assistant] 抽取并记录信息: {"user_identity": "", "user_preference": "", "research_direction": "Vitamin A Supplementation in Measels Infected Children", "filter_requirements": "Search methods: CENTRAL 2015, Issue 11, MEDLINE (1950 to December week 3, 2015), Embase (1974 to December 2015) and LILACS (1985 to December 2015). Selection criteria: Randomised controlled trials (RCTs) assessing the efficacy of vitamin A in preventing blindness in well-nourished children diagnosed with measles but with no prior clinical features of vitamin A deficiency.", "rejection_reasons": "", "other_info": ""}
[assistant] 抽取并记录信息: {"user_identity": "", "user_preference": "", "research_direction": "vitamin A in prevention of blindness in children with measles", "filter_requirements": "Randomised controlled trials (RCTs) assessing vitamin A's efficacy in preventing measles-induced blindness in children without prior vitamin A deficiency or malnutrition. Excluded studies with participants having clinical vitamin A deficiency, ocular abnormalities unrelated to vitamin A, and those involving night blindness, conjunctival xerosis, Bitot's spot, corneal xerosis, xerophthalmia, corneal ulceration, corneal scars, serum retinol level, nutritional status, adverse events, vitamin A toxicity, or other clinical vitamin A deficiencies.", "rejection_reasons": "", "other_info": ""}
[assistant] 抽取并记录信息: {"user_identity": "", "user_preference": "", "research_direction": "Randomised controlled trials (RCTs) that assess the efficacy of vitamin A in preventing blindness in children diagnosed with measles but with no prior clinical features of vitamin A deficiency and who are not malnourished. We excluded studies with participants that had clinically demonstrable vitamin A deficiency.", "filter_requirements": "Children 18 years or younger diagnosed with measles, with no prior clinical features of vitamin A deficiency. We excluded studies that included children with ocular abnormalities unrelated to vitamin A deficiency.", "rejection_reasons": "", "other_info": ""}
[assistant] 抽取并记录信息: {"user_identity": "", "user_preference": "", "research_direction": "measles, retinol, vitamin A, blind*, xerosis*", "filter_requirements": "measles | measles OR sarampión OR sarampo OR rubeola OR ... blind* OR xerophthalmia*", "rejection_reasons": "", "other_info": "关键词和搜索策略：measles, retinol, vitamin A, blind*, xerosis*, 筛选条件：疾病组合，排除标准等"}
[assistant] 为 executor 提供背景信息，任务: 筛选相关论文
[assistant] 为 executor 提供背景信息，任务: 对论文进行详细筛选，根据摘要判断是否纳入
[executor] 轮次1筛选完成: 0 include, 3 exclude, 0 not sure
[assistant] 为 executor 提供背景信息，任务: 对论文进行详细筛选，根据摘要判断是否纳入
