[assistant] 抽取并记录信息: {"user_identity": "", "user_preference": "", "research_direction": "Vestibular rehabilitation for unilateral peripheral vestibular dysfunction", "filter_requirements": "", "rejection_reasons": "", "other_info": ""}
[assistant] 抽取并记录信息: {"user_identity": "", "user_preference": "", "research_direction": "vestibular rehabilitation for unilateral peripheral vestibular dysfunction", "filter_requirements": "", "rejection_reasons": "", "other_info": "review_type: Intervention"}
[assistant] 抽取并记录信息: {"user_identity": "", "user_preference": "", "research_direction": "vestibular rehabilitation for unilateral peripheral vestibular dysfunction", "filter_requirements": "Randomised controlled trials; community-dwelling adults with unilateral peripheral vestibular dysfunction; interventions described as 'vestibular rehabilitation' that are predominantly exercise and movement-based; comparison interventions including control, other treatment, or different types of vestibular rehabilitation; measures of change in symptomatology, function, quality of life, physiological status, and adverse effects", "rejection_reasons": "", "other_info": "Excludes specific (passive) repositioning manoeuvres; excludes medical, electrophysiological or pharmacological management; includes studies with central or bilateral disorders only if less than 10% of sample size"}
[assistant] 抽取并记录信息: {"user_identity": "", "user_preference": "", "research_direction": "vestibular rehabilitation for unilateral peripheral vestibular dysfunction", "filter_requirements": "Randomised controlled trials; community-dwelling adults with unilateral peripheral vestibular dysfunction; interventions described as vestibular rehabilitation (exercise/movement-based); outcomes including symptomatic change, function, quality of life, physiological status; primary outcomes: change in symptomatology; secondary outcomes: function, quality of life, physiological status, adverse effects", "rejection_reasons": "", "other_info": ""}
[assistant] 抽取并记录信息: {"user_identity": "", "user_preference": "", "research_direction": "vestibular rehabilitation, vertigo, dizziness", "filter_requirements": "", "rejection_reasons": "", "other_info": "The search strategy covers multiple databases (CENTRAL, PubMed, EMBASE, CINAHL, Web of Science, BIOSIS Previews, CAB Abstracts, ISRCTN) and includes terms for vestibular diseases, vertigo, dizziness, and rehabilitation interventions."}
[assistant] 为 executor 提供背景信息，任务: 筛选相关论文
[coordinator] Metadata初筛完成: 3333 → 3061 篇
[assistant] 为 executor 提供背景信息，任务: 仅根据论文标题判断是否与研究方向相关，做保守筛选
[coordinator] Title筛选完成: 排除 3037 篇, 保留 24 篇
[assistant] 为 executor 提供背景信息，任务: 对论文进行详细筛选，根据摘要判断是否纳入
[executor] 轮次1筛选完成: 6 include, 10 exclude, 4 not sure
[assistant] 抽取并记录信息: {"user_identity": "", "user_preference": "", "research_direction": "", "filter_requirements": "", "rejection_reasons": "", "other_info": "用户对论文 'Recovery of Dynamic Visual Acuity in Unilateral Vestibular Hypofunction' 感到满意，认为该论文符合研究需求。"}
[assistant] 抽取并记录信息: {"user_identity": "", "user_preference": "", "research_direction": "", "filter_requirements": "", "rejection_reasons": "PARTICIPANTS Mixed unilateral and bilateral vestibular dysfunction ‐ no separate analysis", "other_info": ""}
[simulated_user] 轮次1用户反馈: 1 满意, 1 不满意, 累计满意: 1/5
[assistant] 为 executor 提供背景信息，任务: 对论文进行详细筛选，根据摘要判断是否纳入
[executor] 轮次2筛选完成: 0 include, 4 exclude, 0 not sure
[assistant] 为 executor 提供背景信息，任务: 对论文进行详细筛选，根据摘要判断是否纳入
[assistant] 抽取并记录信息: {"user_identity": "", "user_preference": "", "research_direction": "Vestibular rehabilitation for unilateral peripheral vestibular dysfunction", "filter_requirements": "", "rejection_reasons": "", "other_info": ""}
[assistant] 抽取并记录信息: {"user_identity": "", "user_preference": "", "research_direction": "Assessment of the effectiveness of vestibular rehabilitation in adults with unilateral peripheral vestibular dysfunction", "filter_requirements": "18 January 2014", "rejection_reasons": "", "other_info": ""}
[assistant] 抽取并记录信息: {"user_identity": "", "user_preference": "", "research_direction": "随机对照试验. 单侧前庭功能障碍干预", "filter_requirements": "近两年, 症状包括: dizziness, vertigo, balance deficits (dysequilibrium), visual or gaze disturbances; 入侵性措施为: 前庭康复, 主要为锻炼和运动基于的, 排除特定被动重新定位操作. 不包括医学, 电生理或药物管理.", "rejection_reasons": "", "other_info": "研究的主要目标是评估前庭康复干预对单侧前庭功能障碍患者的症状缓解效果, 包括随机对照试验和不同类型的干预比较"}
[assistant] 抽取并记录信息: {"user_identity": "", "user_preference": "", "research_direction": "The criteria provided include detailed specifications on the types of studies, participants, interventions, and outcome measures related to vestibular rehabilitation. The research focuses on evaluating the effectiveness of exercise-based vestibular rehabilitation compared to control or other treatments, with specific attention to symptom improvement metrics.", "filter_requirements": "", "rejection_reasons": "", "other_info": ""}
[assistant] 抽取并记录信息: {"other_info": "The provided text outlines a structured system for categorizing rehabilitation information related to labyrinth-related conditions such as vertigo and hydrophonia. Here's a breakdown of the key components:\n\n1. **TS and TI Definitions**: \n   - TS (Terms Source) likely refers to categories or terms used in data extraction, while TI (Text Instance) refers to specific text instances matching these terms.\n   \n2. **Classification Rules**:\n   - The numbers 1 through 9 define various conditions using combinations of keywords like \"vestibular,\" \"vertigo,\" \"dizziness,\" and rehabilitation techniques. These are structured with ORs and ANDs to create inclusive or exclusive categories.\n\n3. **Database References**:\n   - The text references databases such as Web of Science, BIOSIS Previews, CAB Abstracts, and ISRCTN, suggesting these are used for research purposes where specific queries (based on the extracted information) are conducted in these databases.\n\n4. **Acronyms and Codes**:\n   - Acronyms like ACN, ADAPT, etc., likely represent shorthand codes for specific terms or categories within the field of rehabilitation and ear-related conditions.\n\n5. **Hierarchical Structure**:\n   - The conditions are nested with dependencies (e.g., number 9 depends on numbers 8 and 5), creating a hierarchical structure that builds upon more general conditions to define specific ones.\n\n6. **Application Context**:\n   - This system could be used in a research study for data retrieval, analysis, or classification, helping researchers categorize cases based on symptoms and treatment approaches related to labyrinth issues.\n\nIn summary, the text represents a systematic approach to categorizing rehabilitation information using structured conditions defined with logical operators, likely for use in academic or research contexts involving ear-related health conditions."}
[assistant] 为 executor 提供背景信息，任务: 筛选相关论文
[assistant] 为 executor 提供背景信息，任务: 对论文进行详细筛选，根据摘要判断是否纳入
[executor] 轮次1筛选完成: 6 include, 0 exclude, 0 not sure
[assistant] 抽取并记录信息: {"user_identity": "", "user_preference": "", "research_direction": "Recovery of Dynamic Visual Acuity in Unilateral Vestibular Hypofunction", "filter_requirements": "", "rejection_reasons": "", "other_info": ""}
[assistant] 抽取并记录信息: {"user_identity": "", "user_preference": "", "research_direction": "耳科学/物理治疗", "filter_requirements": "", "rejection_reasons": "", "other_info": "Evaluation of vestibular exercises in the management of benign paroxysmal positional vertigo"}
[assistant] 抽取并记录信息: {"user_identity": "", "user_preference": "", "research_direction": "", "filter_requirements": "", "rejection_reasons": "", "other_info": ""}
[assistant] 抽取并记录信息: {"user_identity": "", "user_preference": "", "research_direction": "Public Health/ Medicine - Motion-related injuries", "filter_requirements": "", "rejection_reasons": "PARTICIPANTS Dizziness due to whiplash‐associated disorders", "other_info": "Paper title: 'DIZZINESS AMONG PATIENTS WITH WHIPLASH-ASSOCIATED DISORDER: A RANDOMIZED CONTROLLED TRIAL'"}
[assistant] 抽取并记录信息: {"user_identity": "", "user_preference": "", "research_direction": "VESTIBULAR REHABILITATION AND VESTIBULAR DYSFUNCTION", "filter_requirements": "", "rejection_reasons": "PARTICIPANTS Mixed aetiology ‐ over half reported motion sickness only and were not assessed for unilateral peripheral vestibular dysfunction", "other_info": ""}
[assistant] 抽取并记录信息: {"user_identity": "", "user_preference": "", "research_direction": "Tai Chi and vestibular rehabilitation improve vestibulopathic gait via different neuromuscular mechanisms", "filter_requirements": "", "rejection_reasons": "PARTICIPANTS Mixed unilateral and bilateral vestibular dysfunction ‐ no separate analysis", "other_info": ""}
[simulated_user] 轮次1用户反馈: 3 满意, 3 不满意, 累计满意: 3/5
[assistant] 为 executor 提供背景信息，任务: 对论文进行详细筛选，根据摘要判断是否纳入
[assistant] 为 executor 提供背景信息，任务: 对论文进行详细筛选，根据摘要判断是否纳入
