[assistant] 抽取并记录信息: {"user_identity": "", "user_preference": "", "research_direction": "Treadmill training and body weight support for walking after stroke", "filter_requirements": "", "rejection_reasons": "", "other_info": ""}
[assistant] 抽取并记录信息: {"user_identity": "", "user_preference": "", "research_direction": "跑步机训练对脑卒中后步行康复的效果", "filter_requirements": "", "rejection_reasons": "", "other_info": "研究类型为干预性系统综述，更新至2017年。"}
[assistant] 抽取并记录信息: {"user_identity": "", "user_preference": "", "research_direction": "treadmill training and body weight support for stroke rehabilitation", "filter_requirements": "truly randomised and quasi‐randomised controlled trials (including cross‐over trials); adults who had suffered a stroke and exhibited an abnormal gait pattern; trials evaluating any intensity and duration of treadmill training and body weight support that exceeded a single treatment session; comparisons: treadmill training with body weight support vs other physiotherapy/placebo/no intervention, treadmill training without body weight support vs other physiotherapy/placebo/no intervention, treadmill training with body weight support vs treadmill training without body weight support, body weight support (without treadmill training) vs other physiotherapy/placebo/no intervention", "rejection_reasons": "", "other_info": "Excluded: trials with mixed types of participants (e.g., traumatic brain injury, multiple sclerosis) unless data for stroke subgroup can be obtained; trials where co-interventions are not comparable between groups are described separately."}
[assistant] 抽取并记录信息: {"user_identity": "", "user_preference": "", "research_direction": "脑卒中后步态异常的康复干预，特别是跑步机训练和体重支持", "filter_requirements": "纳入随机对照试验和准随机对照试验（包括交叉试验），仅纳入交叉试验的第一阶段数据；研究对象为成年脑卒中患者且步态异常；干预措施包括跑步机训练和/或体重支持，且超过单次治疗；比较类型包括跑步机训练联合体重支持 vs 其他物理治疗、安慰剂或无干预等四种对比；结局指标包括步行能力（依赖/独立）、步行速度、步行耐力、生活质量、日常生活活动能力、死亡或依赖、死亡或机构照护、不良事件等。", "rejection_reasons": "", "other_info": ""}
[assistant] 抽取并记录信息: {"user_identity": "", "user_preference": "", "research_direction": "脑卒中康复，步行训练，跑步机训练", "filter_requirements": "随机对照试验", "rejection_reasons": "", "other_info": ""}
[assistant] 为 executor 提供背景信息，任务: 筛选相关论文
[coordinator] Metadata初筛完成: 3333 → 3061 篇
[assistant] 为 executor 提供背景信息，任务: 仅根据论文标题判断是否与研究方向相关，做保守筛选
[coordinator] Title筛选完成: 排除 3038 篇, 保留 23 篇
[assistant] 为 executor 提供背景信息，任务: 对论文进行详细筛选，根据摘要判断是否纳入
[executor] 轮次1筛选完成: 7 include, 3 exclude, 0 not sure
[assistant] 抽取并记录信息: {"user_identity": "", "user_preference": "", "research_direction": "", "filter_requirements": "", "rejection_reasons": "", "other_info": "用户对论文 'Supported treadmill training to establish walking in non-ambulatory patients early after stroke' 感到满意，认为符合研究需求。"}
[assistant] 抽取并记录信息: {"user_identity": "", "user_preference": "", "research_direction": "", "filter_requirements": "", "rejection_reasons": "", "other_info": "用户对论文 'Body-Weight–Supported Treadmill Rehabilitation after Stroke' 感到满意，认为符合研究需求。"}
[assistant] 抽取并记录信息: {"user_identity": "", "user_preference": "", "research_direction": "", "filter_requirements": "", "rejection_reasons": "", "other_info": "用户对论文 'Protocol for the Locomotor Experience Applied Post-stroke (LEAPS) trial: a randomized controlled trial' 感到满意，认为该论文符合研究需求。"}
[assistant] 抽取并记录信息: {"user_identity": "", "user_preference": "", "research_direction": "", "filter_requirements": "", "rejection_reasons": "", "other_info": "用户对论文 'Effects of Gait Training With Body Weight Support on a Treadmill Versus Overground in Individuals With Stroke' 感到满意，认为符合研究需求。"}
[assistant] 抽取并记录信息: {"user_identity": "", "user_preference": "", "research_direction": "", "filter_requirements": "", "rejection_reasons": "", "other_info": "用户对论文 'The Effects of Lower Extremitiy Muscle Strengthening Exercise and Treadmill Walking Exercise on the Gait and Balance of Stroke Patients' 感到满意，认为符合研究需求。"}
[assistant] 抽取并记录信息: {"user_identity": "", "user_preference": "", "research_direction": "", "filter_requirements": "", "rejection_reasons": "", "other_info": "用户对论文 'Exercise on a treadmill or walking outdoors? A randomized controlled trial comparing effectiveness of two walking exercise programmes late after stroke' 感到满意，认为符合研究需求。"}
[assistant] 抽取并记录信息: {"user_identity": "", "user_preference": "", "research_direction": "", "filter_requirements": "", "rejection_reasons": "", "other_info": "用户对论文 'Body Weight–Supported Treadmill Training Is No Better Than Overground Training for Individuals with Chronic Stroke: A Randomized Controlled Trial' 感到满意，认为该论文符合研究需求。"}
[simulated_user] 轮次1用户反馈: 7 满意, 0 不满意, 累计满意: 7/5
[assistant] 为 executor 提供背景信息，任务: 对论文进行详细筛选，根据摘要判断是否纳入
[assistant] 抽取并记录信息: {"user_identity": "", "user_preference": "", "research_direction": "Rehabilitation Training for Walking After Stroke", "filter_requirements": "", "rejection_reasons": "", "other_info": ""}
[assistant] 抽取并记录信息: {"user_identity": "", "user_preference": "Review_type: Intervention", "research_direction": "Treadmill training, with or without body weight support using a harness, is used in rehabilitation and might help to improve walking after stroke.", "filter_requirements": "", "rejection_reasons": "", "other_info": ""}
[assistant] 抽取并记录信息: {"user_identity": "", "user_preference": "", "research_direction": "运动疗法在急性缺血性中风患者中的应用", "filter_requirements": "纳入标准包括随机化或准随机化的对照试验（包括交叉性试验），其中coin tossing和dice rolling等随机分配方法也被视为随机。Quasi‐random‐allocated trials中的分配方式包括记录号、出生日期或生日，或交替方式。仅从交叉性试验中取其第一组数据。我们不使用这些数据作为纳入或排除标准。Treadmill training和body weight support在实验条件中必须实施，并且可以单独或组合使用。我们需要评估的比较包括：treadmill training有无body weight support与其他物理疗法、安慰剂或无干预进行比较；treadmill training无body weight support与其他物理疗法、安慰剂或无干预进行比较；treadmill training有无body weight支持与其他试验条件进行比较；体重支持（无treadmill training）与其他物理疗法、安慰剂或无干预进行比较。", "rejection_reasons": "", "other_info": "研究主要评估了急性缺血性中风患者接受运动疗法后步行速度和耐力的改善效果。使用了多个工具，如Independent Walking Speed测试和Six‐Minute Walk Test，来衡量这些指标。研究还考虑了参与者无法完成试验的情况，并排除了重复参与的案例。"}
[assistant] 抽取并记录信息: {"user_identity": "", "user_preference": "", "research_direction": "We included trials of adults who had suffered a stroke and exhibited an abnormal gait pattern. We used the World Health Organization's (WHO) definition of stroke: \"rapidly developing clinical signs of focal (at times global) disturbance of cerebral function, lasting more than 24 hours or leading to death, with no apparent cause other than that of vascular origin.\" (Hatano 1976). We defined an abnormal gait pattern as walking with a slow speed, exhibiting kinematic deviations during gait (Moore 1993; Moseley 1993), or an inability to walk. We envisaged that some trials may have included participants with other types of upper motor neurone lesions (e.g. traumatic brain injury, multiple sclerosis). However, we did not identify any mixed trials. If we identify trials using mixed types of participants in future updates of this review, we will attempt to obtain data for the stroke subgroup only via correspondence with the trialists.", "filter_requirements": "We included trials that evaluated any intensity and duration of treadmill training and body weight support that exceeded a single treatment session. Where necessary, we obtained details of the treatment and control interventions via correspondence with the trialists.", "rejection_reasons": "", "other_info": ""}
[assistant] 抽取并记录信息: {"other_info": "To effectively extract information about clinical trials related to walking or exercise for stroke patients, follow this structured approach:\n\n1. **Primary Search Strategy:**\n   - Use \"stroke\" AND \"walk*\" AND \"treadmill\" in your search query on ClinicalTrials.gov and similar platforms.\n   - Include Boolean operators like OR to add synonyms such as \"ambulate*\" or \"gait*\".\n\n2. **Refinement Techniques:**\n   - Apply filters for adult or senior demographics to narrow results.\n   - Use date ranges to focus on recent studies.\n\n3. **Additional Considerations:**\n   - Combine searches from multiple appendices using parentheses and Boolean operators, e.g., \"(stroke OR CVA) AND walk*\".\n   - Check the full text of trials to ensure relevance beyond keyword usage.\n\n4. **Platform Utilization:**\n   - Leverage ClinicalTrials.gov with specific terms for a targeted dataset.\n   - Use WHO's registry for global scope but be mindful of its limited hit count.\n\nBy integrating these strategies, you can efficiently locate relevant clinical trials focused on walking or exercise interventions for stroke patients."}
[assistant] 为 executor 提供背景信息，任务: 筛选相关论文
[assistant] 为 executor 提供背景信息，任务: 对论文进行详细筛选，根据摘要判断是否纳入
[executor] 轮次1筛选完成: 9 include, 1 exclude, 0 not sure
[assistant] 抽取并记录信息: {"user_identity": "", "user_preference": "", "research_direction": "", "filter_requirements": "", "rejection_reasons": "", "other_info": "Supported treadmill training to establish walking in non-ambulatory patients early after stroke"}
[assistant] 抽取并记录信息: {"user_identity": "", "user_preference": "", "research_direction": "", "filter_requirements": "", "rejection_reasons": "", "other_info": ""}
[assistant] 抽取并记录信息: {"user_identity": "", "user_preference": "", "research_direction": "stroke后运动恢复", "filter_requirements": "", "rejection_reasons": "", "other_info": "用户对论文 'Protocol for the Locomotor Experience Applied Post-stroke (LEAPS) trial: a randomized controlled trial' 表达满意，认为该论文符合研究需求。"}
[assistant] 抽取并记录信息: {"user_identity": "", "user_preference": "", "research_direction": "Gait Training with Body Weight Support", "filter_requirements": "", "rejection_reasons": "", "other_info": ""}
[assistant] 抽取并记录信息: {"user_identity": "", "user_preference": "", "research_direction": "Predictors of Response to Treadmill Exercise in Stroke Survivors", "filter_requirements": "", "rejection_reasons": "", "other_info": "用户对论文 'Predictors of Response to Treadmill Exercise in Stroke Survivors' 感到满意，认为该论文符合研究需求。"}
[assistant] 抽取并记录信息: {"user_identity": "", "user_preference": "", "research_direction": "老年学/神经科学", "filter_requirements": "", "rejection_reasons": "", "other_info": "论文主题：截瘫患者肌肉强化锻炼和步行锻炼对步态和平衡的影响"}
[assistant] 抽取并记录信息: {"user_identity": "", "user_preference": "", "research_direction": "", "filter_requirements": "", "rejection_reasons": "", "other_info": "用户对论文 'Exercise on a treadmill or walking outdoors? A randomized controlled trial comparing effectiveness of two walking exercise programmes late after stroke' 感到满意，认为该论文符合研究需求。"}
[assistant] 抽取并记录信息: {"user_identity": "", "user_preference": "", "research_direction": "神经康复与认知障碍治疗", "filter_requirements": "", "rejection_reasons": "", "other_info": "论文标题：Conventional physiotherapy and treadmill re-training for higher-level gait disorders in cerebrovascular disease；研究方向：神经康复与认知障碍治疗"}
[assistant] 抽取并记录信息: {"user_identity": "", "user_preference": "", "research_direction": "", "filter_requirements": "", "rejection_reasons": "", "other_info": "Predictors of Response to Treadmill Exercise in Stroke Survivors"}
[simulated_user] 轮次1用户反馈: 9 满意, 0 不满意, 累计满意: 9/5
[assistant] 为 executor 提供背景信息，任务: 对论文进行详细筛选，根据摘要判断是否纳入
