[assistant] 抽取并记录信息: {"user_identity": "", "user_preference": "", "research_direction": "Surgical hand antisepsis to reduce surgical site infection", "filter_requirements": "", "rejection_reasons": "", "other_info": ""}
[assistant] 抽取并记录信息: {"user_identity": "", "user_preference": "", "research_direction": "外科手部消毒对手术部位感染的影响", "filter_requirements": "", "rejection_reasons": "", "other_info": ""}
[assistant] 抽取并记录信息: {"user_identity": "", "user_preference": "", "research_direction": "外科手消毒技术", "filter_requirements": "纳入所有已发表和未发表的随机对照试验；在缺乏随机对照试验时考虑对照临床试验；随机化单位可以是手术团队或个人；研究对象为手术团队成员或手术室工作人员；结局指标包括术后手术部位感染和手部细菌菌落形成单位计数；比较类型包括外科手消毒、水溶液擦洗、酒精搓手、含额外活性成分的酒精搓手、不同持续时间的外科手消毒、使用不同设备的外科手消毒，以及与安慰剂或无消毒的比较", "rejection_reasons": "", "other_info": ""}
[assistant] 抽取并记录信息: {"user_identity": "", "user_preference": "", "research_direction": "外科手消毒技术", "filter_requirements": "纳入标准：所有已发表和未发表的随机对照试验（RCTs）；若无RCTs则考虑对照临床试验；随机化单位可以是手术团队或个人。参与者：手术团队成员或手术室/日间手术室工作人员。干预措施：外科手消毒、水溶液擦洗液、酒精擦手液、含附加活性成分的酒精擦手液、不同持续时间的外科手消毒、使用不同设备的外科手消毒。结局指标：术后手术部位感染（SSI）发生率、手部细菌CFU计数。", "rejection_reasons": "", "other_info": ""}
[assistant] 抽取并记录信息: {"user_identity": "", "user_preference": "", "research_direction": "外科手术部位感染预防（术前皮肤消毒、手部消毒等）", "filter_requirements": "", "rejection_reasons": "", "other_info": "该搜索策略来自一篇Cochrane系统评价，涉及外科手术部位感染的预防，包括术前皮肤消毒、手部消毒等干预措施。搜索数据库包括Cochrane Wounds Group Specialised Register、CENTRAL、MEDLINE、EMBASE、CINAHL等，时间范围从1993年至2007年。"}
[assistant] 为 executor 提供背景信息，任务: 筛选相关论文
[coordinator] Metadata初筛完成: 3333 → 3061 篇
[assistant] 为 executor 提供背景信息，任务: 仅根据论文标题判断是否与研究方向相关，做保守筛选
[coordinator] Title筛选完成: 排除 3047 篇, 保留 14 篇
[assistant] 为 executor 提供背景信息，任务: 对论文进行详细筛选，根据摘要判断是否纳入
[executor] 轮次1筛选完成: 3 include, 6 exclude, 1 not sure
[assistant] 抽取并记录信息: {"user_identity": "", "user_preference": "", "research_direction": "", "filter_requirements": "", "rejection_reasons": "", "other_info": ""}
[assistant] 抽取并记录信息: {"user_identity": "", "user_preference": "", "research_direction": "", "filter_requirements": "", "rejection_reasons": "Participants were randomised to 2 groups. Group 1 participants were tested after 1 hour and group 2 participants were tested after 2 hours. Participants in both groups used product A 1 day and product B the next day", "other_info": ""}
[assistant] 抽取并记录信息: {"user_identity": "", "user_preference": "", "research_direction": "", "filter_requirements": "", "rejection_reasons": "A laboratory‐based study", "other_info": ""}
[assistant] 抽取并记录信息: {"user_identity": "", "user_preference": "", "research_direction": "", "filter_requirements": "", "rejection_reasons": "Not a randomised controlled trial", "other_info": ""}
[simulated_user] 轮次1用户反馈: 1 满意, 3 不满意, 累计满意: 1/5
[assistant] 为 executor 提供背景信息，任务: 对论文进行详细筛选，根据摘要判断是否纳入
[executor] 轮次2筛选完成: 0 include, 4 exclude, 0 not sure
[assistant] 为 executor 提供背景信息，任务: 对论文进行详细筛选，根据摘要判断是否纳入
[assistant] 抽取并记录信息: {"user_identity": "", "user_preference": "", "research_direction": "Surgical hand antisepsis to reduce surgical site infection", "filter_requirements": "", "rejection_reasons": "", "other_info": ""}
[assistant] 抽取并记录信息: {"user_identity": "医学专业人士", "user_preference": "", "research_direction": "Surgical hand antisepsis", "filter_requirements": "随机对照试验; 多个数据库搜索; 无限制条件", "rejection_reasons": "", "other_info": ""}
[assistant] 抽取并记录信息: {"user_identity": "", "user_preference": "surgical hand antiseptic techniques", "research_direction": "surgical hand antiseptic techniques", "filter_requirements": "RCTs and CTCs, scrub team or individual members of the scrub team, theatre staff and day case setting personnel", "rejection_reasons": "", "other_info": "Inclusion criteria: RCTs and CTCs; Exclusion criteria: non-RCT studies. Randomisation units: scrub team or individual scrub team members; theatre staff and day case setting personnel."}
[assistant] 抽取并记录信息: {"user_identity": "", "user_preference": "", "research_direction": "手术手抗菌技术系统回顾", "filter_requirements": "纳入标准：所有随机对照试验（RCTs）和RCTs中的随机化对照临床试验。研究对象： scrub团队成员或 theatre内人员。干预类型：各种手抗菌方法、水基消毒溶液、酒精擦等。结局测量：术后感染发生率及手部细菌数量。", "rejection_reasons": "", "other_info": "是否有其他需要的信息？"}
[assistant] 抽取并记录信息: {"other_info": ""}
[assistant] 为 executor 提供背景信息，任务: 筛选相关论文
[assistant] 为 executor 提供背景信息，任务: 对论文进行详细筛选，根据摘要判断是否纳入
[executor] 轮次1筛选完成: 7 include, 3 exclude, 0 not sure
[assistant] 抽取并记录信息: {"user_identity": "", "user_preference": "", "research_direction": "Are Sterile Water and Brushes Necessary for Hand Washing before Surgery in Japan?", "filter_requirements": "", "rejection_reasons": "", "other_info": ""}
[assistant] 抽取并记录信息: {"user_identity": "", "user_preference": "", "research_direction": "手部清洁方法与术后感染率研究", "filter_requirements": "", "rejection_reasons": "", "other_info": ""}
[assistant] 抽取并记录信息: {"user_identity": "", "user_preference": "", "research_direction": "", "filter_requirements": "", "rejection_reasons": "Not a randomised controlled trial", "other_info": ""}
[assistant] 抽取并记录信息: {"user_identity": "", "user_preference": "", "research_direction": "皮肤科学/医学", "filter_requirements": "排除标准: Participants were randomised to 2 groups. Group 1 participants were tested after 1 hour and group 2 participants were tested after 2 hours.", "rejection_reasons": "Participants were randomised to 2 groups. Group 1 participants were tested after 1 hour and group 2 participants were tested after 2 hours.", "other_info": ""}
[assistant] 抽取并记录信息: {"user_identity": "", "user_preference": "", "research_direction": "Practice of skin protection and skin care among German surgeons and influence on the efficacy of surgical hand disinfection and surgical glove perforation", "filter_requirements": "", "rejection_reasons": "Study carried out on volunteers, not scrub staff in an operating theatre", "other_info": ""}
[assistant] 抽取并记录信息: {"user_identity": "", "user_preference": "", "research_direction": "", "filter_requirements": "", "rejection_reasons": "排除原因: A laboratory‐based study", "other_info": ""}
[assistant] 抽取并记录信息: {"user_identity": "", "user_preference": "", "research_direction": "Study of handwashing in intensive care", "filter_requirements": "", "rejection_reasons": "Study of handwashing in intensive care", "other_info": ""}
[simulated_user] 轮次1用户反馈: 2 满意, 5 不满意, 累计满意: 2/5
[assistant] 为 executor 提供背景信息，任务: 对论文进行详细筛选，根据摘要判断是否纳入
[executor] 轮次2筛选完成: 1 include, 7 exclude, 0 not sure
[assistant] 抽取并记录信息: {"user_identity": "", "user_preference": "", "research_direction": "", "filter_requirements": "", "rejection_reasons": "Not a randomised controlled trial; summary of previously published studies", "other_info": ""}
[simulated_user] 轮次2用户反馈: 0 满意, 1 不满意, 累计满意: 2/5
[assistant] 为 executor 提供背景信息，任务: 对论文进行详细筛选，根据摘要判断是否纳入
[assistant] 为 executor 提供背景信息，任务: 对论文进行详细筛选，根据摘要判断是否纳入
