[assistant] 抽取并记录信息: {"user_identity": "", "user_preference": "", "research_direction": "Parenteral anticoagulation in ambulatory patients with cancer", "filter_requirements": "", "rejection_reasons": "", "other_info": ""}
[assistant] 抽取并记录信息: {"user_identity": "", "user_preference": "", "research_direction": "抗凝治疗在癌症患者中的疗效与安全性", "filter_requirements": "随机对照试验；门诊癌症患者；接受化疗、激素治疗、免疫治疗或放疗但无标准抗凝指征；截至2017年8月14日的文献", "rejection_reasons": "", "other_info": "系统综述类型为干预性综述；主要关注肝素（普通肝素或低分子肝素）对死亡率、静脉血栓栓塞、出血等结局的影响"}
[assistant] 抽取并记录信息: {"user_identity": "", "user_preference": "", "research_direction": "癌症患者预防性抗凝治疗的随机对照试验", "filter_requirements": "随机对照试验；癌症患者，无预防性或治疗性抗凝标准指征；任何年龄组；干预组：肠外抗凝药（如普通肝素或低分子肝素）；对照组：安慰剂或无干预；其他共同干预措施（如化疗）应相似；结局指标包括全因死亡率（12个月、24个月及试验期间）、症状性深静脉血栓、肺栓塞、大出血、小出血、健康相关生活质量、血小板减少症", "rejection_reasons": "", "other_info": ""}
[assistant] 抽取并记录信息: {"user_identity": "", "user_preference": "", "research_direction": "癌症患者预防性抗凝治疗的随机对照试验", "filter_requirements": "研究类型：随机对照试验；参与者：癌症患者，无标准预防性或治疗性抗凝指征；干预：肠外抗凝剂 vs 安慰剂或无干预；结局指标：全因死亡率、症状性DVT、PE、大出血、小出血、健康相关生活质量、血小板减少", "rejection_reasons": "", "other_info": ""}
[assistant] 抽取并记录信息: {"user_identity": "", "user_preference": "", "research_direction": "", "filter_requirements": "", "rejection_reasons": "", "other_info": ""}
[assistant] 为 executor 提供背景信息，任务: 筛选相关论文
[coordinator] Metadata初筛完成: 3333 → 3061 篇
[assistant] 为 executor 提供背景信息，任务: 仅根据论文标题判断是否与研究方向相关，做保守筛选
[coordinator] Title筛选完成: 排除 3038 篇, 保留 23 篇
[assistant] 为 executor 提供背景信息，任务: 对论文进行详细筛选，根据摘要判断是否纳入
[executor] 轮次1筛选完成: 4 include, 6 exclude, 0 not sure
[simulated_user] 轮次1用户反馈: 0 满意, 0 不满意, 累计满意: 0/5
[assistant] 为 executor 提供背景信息，任务: 对论文进行详细筛选，根据摘要判断是否纳入
[executor] 轮次2筛选完成: 4 include, 6 exclude, 0 not sure
[assistant] 抽取并记录信息: {"user_identity": "", "user_preference": "", "research_direction": "", "filter_requirements": "", "rejection_reasons": "", "other_info": "用户对论文 'Intensified chemotherapy and simultaneous treatment with heparin in outpatients with pancreatic cancer – the CONKO 004 pilot trial' 感到满意，认为该论文符合研究需求。"}
[assistant] 抽取并记录信息: {"user_identity": "", "user_preference": "", "research_direction": "", "filter_requirements": "", "rejection_reasons": "", "other_info": "用户对论文 'Prediction and prevention of thromboembolic events with enoxaparin in cancer patients with elevated tissue factor-bearing microparticles: a randomized-controlled phase II trial (the Microtec study)' 感到满意，认为该论文符合研究需求。"}
[simulated_user] 轮次2用户反馈: 2 满意, 0 不满意, 累计满意: 2/5
[assistant] 为 executor 提供背景信息，任务: 对论文进行详细筛选，根据摘要判断是否纳入
[assistant] 抽取并记录信息: {"user_identity": "", "user_preference": "", "research_direction": "Parenteral Anticoagulation in Ambulatory Patients with Cancer", "filter_requirements": "", "rejection_reasons": "", "other_info": "研究主题是关于抗凝在癌症患者中的应用"}
[assistant] 抽取并记录信息: {"user_identity": "", "user_preference": "", "research_direction": "Intervention", "filter_requirements": "Cochrane Central Register of Controlled Trials (CENTRAL), MEDLINE, Embase, handsearching of conference proceedings, checking of references, 'related citation' feature in PubMed, and trial registries searches. Continually updated with new evidence.", "rejection_reasons": "", "other_info": ""}
[assistant] 抽取并记录信息: {"user_identity": "", "user_preference": "", "research_direction": "随机对照试验针对特定癌症患者的静脉抗凝治疗效果评估", "filter_requirements": "所有结果随访到试验结束，并在12个月和24个月时有预设终点", "rejection_reasons": "", "other_info": ""}
[assistant] 抽取并记录信息: {"user_identity": "", "user_preference": "", "research_direction": "", "filter_requirements": "", "rejection_reasons": "", "other_info": ""}
[assistant] 抽取并记录信息: {"other_info": "Here is a structured analysis of the study inclusion criteria and subgroup analyses based on the provided data:\n\n### Study Inclusion Criteria:\n1. **Mortality at 12 Months**\n   - **Lung vs non-Lung CA**:\n     - Included studies: Agnelli 2009, Haas 2012 (TOPIC 1), Haas 2012 (TOPIC 2), Kakkar 2004, Klerk 2005, Lecumberri 2013, Macbeth 2016, Maraveyas 2012, Perry 2010.\n   - **Advanced vs non-Advanced CA**:\n     - Included studies: Agnelli 2009, Haas 2012 (TOPIC 1), Haas 2012 (TOPIC 2), Kakkar 2004, Klerk 2005, Lecumberri 2013, Macbeth 2016, Maraveyas 2012, Perry 2010.\n   - **Symptomatic VTE**:\n     - Included studies: Agnelli 2009, Haas 2012 (TOPIC 1), Haas 2012 (TOPIC 2), Lecumberri 2013, Macbeth 2016, Maraveyas 2012.\n\n2. **Mortality at 24 Months**\n   - **Lung vs non-Lung CA**:\n     - Included studies: Agnelli 2009, Haas 2012 (TOPIC 1), Haas 2012 (TOPIC 2), Kakkar 2004, Klerk 2005, Lecumberri 2013, Macbeth 2016, Maraveyas 2012.\n   - **Advanced vs non-Advanced CA**:\n     - Included studies: Agnelli 2009, Haas 2012 (TOPIC 1), Haas 2012 (TOPIC 2), Kakkar 2004, Klerk 2005, Lecumberri 2013, Macbeth 2016, Maraveyas 2012.\n   - **Major Bleeding**:\n     - Included studies: Agnelli 2009, Haas 2012 (TOPIC 1), Haas 2012 (TOPIC 2), Kakkar 2004, Klerk 2005, Lecumberri 2013, Macbeth 2016, Maraveyas 2012.\n\n### Subgroup Analysis:\n- **Mortality at 12 Months - Advanced vs non-Advanced CA**:\n  - Included studies: Agnelli 2009 (x), Haas 2012 (TOPIC 1) (x), Haas 2012 (TOPIC 2) (x), Kakkar 2004 (x), Klerk 2005 (x), Lecumberri 2013 (x), Macbeth 2016 (x), Maraveyas 2012 (x), Perry 2010 (x).\n\n- **Mortality at 24 Months - Advanced vs non-Advanced CA**:\n  - Included studies: Agnelli 2009 (x), Haas 2012 (TOPIC 1) (x), Haas 2012 (TOPIC 2) (x), Kakkar 2004 (x), Klerk 2005 (x), Lecumberri 2013 (x), Macbeth 2016 (x), Maraveyas 2012 (x).\n\n- **Symptomatic VTE - Lung vs non-Lung CA**:\n  - Included studies: Agnelli 2009 (x), Haas 2012 (TOPIC 1) (x), Haas 2012 (TOPIC 2) (x), Lecumberri 2013 (x), Macbeth 2016 (x), Maraveyas 2012 (x).\n\n- **Major Bleeding - Lung vs non-Lung CA**:\n  - Included studies: Agnelli 2009 (x), Haas 2012 (TOPIC 1) (x), Haas 2012 (TOPIC 2) (x), Lecumberri 2013 (x), Macbeth 2016 (x), Maraveyas 2012 (x).\n\nThis analysis provides a clear overview of which studies meet the inclusion criteria for each subgroup within the specified mortality and symptom categories."}
[assistant] 为 executor 提供背景信息，任务: 筛选相关论文
[assistant] 为 executor 提供背景信息，任务: 对论文进行详细筛选，根据摘要判断是否纳入
[executor] 轮次1筛选完成: 2 include, 10 exclude, 1 not sure
[assistant] 抽取并记录信息: {"user_identity": "", "user_preference": "", "research_direction": "Use of heparins in patients with cancer", "filter_requirements": "", "rejection_reasons": "", "other_info": ""}
[assistant] 抽取并记录信息: {"user_identity": "", "user_preference": "", "research_direction": "Veinous Thromboembolism药物应用", "filter_requirements": "", "rejection_reasons": "Not the population of interest (patients with cancer with VTE)", "other_info": ""}
[assistant] 抽取并记录信息: {"user_identity": "", "user_preference": "", "research_direction": "colorectal cancer, laparoscopic surgery", "filter_requirements": "exclude reports on patients with cancer who had a surgical procedure; includes 5 reports", "rejection_reasons": "Not the population of interest (patients with cancer who had a surgical procedure)", "other_info": ""}
[simulated_user] 轮次1用户反馈: 1 满意, 2 不满意, 累计满意: 1/5
[assistant] 为 executor 提供背景信息，任务: 对论文进行详细筛选，根据摘要判断是否纳入
[assistant] 为 executor 提供背景信息，任务: 对论文进行详细筛选，根据摘要判断是否纳入
