[assistant] 抽取并记录信息: {"user_identity": "", "user_preference": "", "research_direction": "Macrolides for diffuse panbronchiolitis", "filter_requirements": "", "rejection_reasons": "", "other_info": ""}
[assistant] 抽取并记录信息: {"user_identity": "", "user_preference": "", "research_direction": "弥漫性泛细支气管炎（DPB）的大环内酯类药物治疗", "filter_requirements": "随机对照试验（RCT）或准RCT，时间范围至2014年7月", "rejection_reasons": "", "other_info": "系统综述类型为干预性综述，主要评估大环内酯类药物的疗效和安全性，但仅纳入一项有显著方法学局限性的RCT，证据不足。"}
[assistant] 抽取并记录信息: {"user_identity": "", "user_preference": "", "research_direction": "弥漫性泛细支气管炎（DPB）的临床研究", "filter_requirements": "随机对照试验或准随机对照试验；参与者为任何性别的DPB患者；大环内酯类抗生素治疗超过两个月；对照干预包括安慰剂和其他抗生素；结局指标包括五年生存率、肺功能、临床反应、不良反应、动脉血气、痰细菌学、影像学改善、支气管肺泡灌洗液细胞因子、生活质量", "rejection_reasons": "", "other_info": ""}
[assistant] 抽取并记录信息: {"user_identity": "", "user_preference": "", "research_direction": "弥漫性泛细支气管炎（DPB）的抗生素治疗", "filter_requirements": "研究类型：随机对照试验或准随机对照试验；参与者：DPB患者；干预措施：大环内酯类抗生素，给药超过两个月；结局指标：五年生存率、肺功能、临床反应、不良反应等", "rejection_reasons": "", "other_info": ""}
[assistant] 抽取并记录信息: {"user_identity": "", "user_preference": "", "research_direction": "弥漫性泛细支气管炎（diffuse panbronchiolitis）与大环内酯类药物治疗", "filter_requirements": "随机对照试验（RCT）；时间范围：1966年至2012年7月（各数据库覆盖时间不同）", "rejection_reasons": "", "other_info": "搜索策略涉及多个数据库：CENTRAL、MEDLINE、EMBASE、CBM、CNKI、KoreaMed、Japana Centra Revuo Medicina；使用中英文及日文检索词；结合Cochrane高灵敏度检索策略识别RCT。"}
[assistant] 为 executor 提供背景信息，任务: 筛选相关论文
[coordinator] Metadata初筛完成: 3333 → 3061 篇
[assistant] 为 executor 提供背景信息，任务: 仅根据论文标题判断是否与研究方向相关，做保守筛选
[coordinator] Title筛选完成: 排除 3059 篇, 保留 2 篇
[assistant] 为 executor 提供背景信息，任务: 对论文进行详细筛选，根据摘要判断是否纳入
[executor] 轮次1筛选完成: 0 include, 1 exclude, 1 not sure
[assistant] 为 executor 提供背景信息，任务: 对论文进行详细筛选，根据摘要判断是否纳入
[assistant] 抽取并记录信息: {"user_identity": "学术研究者", "user_preference": "", "research_direction": "diffuse panbronchiolitis", "filter_requirements": "排除对照组和安慰剂对照研究", "rejection_reasons": "", "other_info": ""}
[assistant] 抽取并记录信息: {"user_identity": "", "user_preference": "", "research_direction": "评估青霉素类药物对 diffuse panbronchiolitis (DPB) 的疗效和安全性", "filter_requirements": "搜索方法包括CENTRAL、MEDLINE、EMBASE、CBM、CNKI、KoreaMed和Database of Japanese Central Revuo Medicina（分别从不同的年份范围进行搜索）。筛选标准是随机对照试验（RCTs）或准随机对照试验。", "rejection_reasons": "", "other_info": "综述结论显示，青霉素类药物在治疗DPB方面的效果有限。建议根据现有指南，在诊断后短期使用低剂量青霉素，并至少持续6个月的治疗。"}
[assistant] 抽取并记录信息: {"user_identity": "", "user_preference": "", "research_direction": "评估抗生素治疗对慢性阻塞性肺病（COPD）患者肺功能和临床反应的影响", "filter_requirements": "RCTs (随机对照试验) 或准-RCTs (quasi-RCTs)，参与者为具有特定诊断标准的个体，干预措施包括麦角青霉素与其他抗生素的对比研究，关注五年的生存率、肺功能指标（如FEV1、FVC、TGV、RV/TLC和Gaw）、临床反应（如改善程度）以及不良反应（如腹泻、皮肤疹和真菌感染）。", "rejection_reasons": "", "other_info": "研究涉及评估抗生素治疗的效果，包括多个指标如肺功能、临床反应和生活质量，并关注长期生存率。"}
[assistant] 抽取并记录信息: {"user_identity": "", "user_preference": "Sample size at least 50 cases and excluding non-randomized controlled trials", "research_direction": "Antibiotic treatment effectiveness studies for COPD patients", "filter_requirements": {"inclusion": ["Randomised controlled trials (RCTs) or quasi‐RCTs.", "Participants with defined criteria."], "exclusion": ["Non-randomized controlled trials"], "sample_size": "At least 50 cases"}, "rejection_reasons": "", "other_info": ""}
[assistant] 抽取并记录信息: {"user_identity": "", "user_preference": "", "research_direction": "diffuse panbronchiolitis, DPB, macrolide, clarithromycin, troleandomycin, erythromycin, josamycin, azithromycin, roxithromycin", "filter_requirements": "MEDLINE (Ovid) #1 (panbronchiolitis or pan‐bronchiolitis).tw,ot. #2 diffuse panbronchiolitis.rs. #3 dpb.tw. #4 or/1‐3 #5 exp Macrolides/ #6 macrolide*.tw,nm. #7 (macrolide* or clarithromycin* or troleandomycin* or erythromycin* or josamycin* or azithromycin* or roxithromycin*).tw,nm. #8 Anti‐Bacterial Agents/ #9 or/5‐8 #10 4 and 9", "rejection_reasons": "", "other_info": "多语言支持，广泛的文献资源"}
[assistant] 为 executor 提供背景信息，任务: 筛选相关论文
[assistant] 为 executor 提供背景信息，任务: 对论文进行详细筛选，根据摘要判断是否纳入
[executor] 轮次1筛选完成: 1 include, 0 exclude, 0 not sure
[assistant] 抽取并记录信息: {"user_identity": "", "user_preference": "", "research_direction": "Long-Term Macrolide Antibiotic Therapy in the Treatment of Chronic Small Airway Disease Clinically Mimicking Diffuse Panbronchiolitis", "filter_requirements": "", "rejection_reasons": "Patients with chronic small airway disease and DPB were enrolled into the study. Not a RCT or quasi‐RCT", "other_info": ""}
[simulated_user] 轮次1用户反馈: 0 满意, 1 不满意, 累计满意: 0/5
[assistant] 为 executor 提供背景信息，任务: 对论文进行详细筛选，根据摘要判断是否纳入
[assistant] 为 executor 提供背景信息，任务: 对论文进行详细筛选，根据摘要判断是否纳入
