[assistant] 抽取并记录信息: {"user_identity": "", "user_preference": "", "research_direction": "Chondroitin for osteoarthritis", "filter_requirements": "", "rejection_reasons": "", "other_info": ""}
[assistant] 抽取并记录信息: {"user_identity": "", "user_preference": "", "research_direction": "骨关节炎中口服软骨素的疗效与安全性", "filter_requirements": "截至2013年11月，随机或准随机临床试验，持续时间超过两周，研究对象为任何关节的骨关节炎成人患者，比较软骨素与安慰剂、活性对照（如NSAIDs）或其他草药补充剂（如葡萄糖胺）", "rejection_reasons": "", "other_info": "研究类型为干预性系统综述"}
[assistant] 抽取并记录信息: {"user_identity": "", "user_preference": "", "research_direction": "骨关节炎（osteoarthritis）", "filter_requirements": "随机对照试验（RCTs），持续时间≥2周，成人（年龄>18岁），口服软骨素（单独或联合），比较组为安慰剂或活性药物，报告临床结局数据，全文发表", "rejection_reasons": "", "other_info": "排除标准：持续时间<2周的RCTs；主要结局包括疼痛（WOMAC、NRS、VAS等）、身体功能（WOMAC MCII、Lequesne指数）、放射学结局、不良事件、退出、严重不良事件、临床疗效、应答者、生活质量、关节手术需求、伴随用药、死亡、特定不良事件；药物经济学分析；预设七个结局用于SoF表"}
[assistant] 抽取并记录信息: {"user_identity": "", "user_preference": "", "research_direction": "骨关节炎的软骨素治疗", "filter_requirements": "研究类型：随机对照试验（RCT），持续时间≥2周，全文发表；参与者：年龄>18岁的骨关节炎成人；干预措施：口服软骨素（单用或联用）；对照：安慰剂或活性药物（如NSAIDs、对乙酰氨基酚、阿片类、葡萄糖胺等）；结局指标：疼痛、身体功能、放射学结果、不良事件等。", "rejection_reasons": "", "other_info": "该内容为系统综述的纳入/排除标准，详细定义了研究类型、参与者、干预措施和结局指标。"}
[assistant] 抽取并记录信息: {"user_identity": "", "user_preference": "", "research_direction": "骨关节炎与软骨素", "filter_requirements": "随机对照试验、临床对照试验、随机分配、双盲法、单盲法、临床试验、安慰剂、比较研究、评估研究、随访研究、前瞻性研究等；排除动物研究", "rejection_reasons": "", "other_info": "搜索策略涵盖多个数据库（MEDLINE, EMBASE, Cochrane Library, CINAHL, AMED, ISI Web of Science, WHO ICTRP），使用MeSH术语和自由词组合，限定研究类型和排除动物研究"}
[assistant] 为 executor 提供背景信息，任务: 筛选相关论文
[coordinator] Metadata初筛完成: 3333 → 3061 篇
[assistant] 为 executor 提供背景信息，任务: 仅根据论文标题判断是否与研究方向相关，做保守筛选
[coordinator] Title筛选完成: 排除 3042 篇, 保留 19 篇
[assistant] 为 executor 提供背景信息，任务: 对论文进行详细筛选，根据摘要判断是否纳入
[executor] 轮次1筛选完成: 5 include, 5 exclude, 0 not sure
[assistant] 抽取并记录信息: {"user_identity": "", "user_preference": "", "research_direction": "", "filter_requirements": "", "rejection_reasons": "", "other_info": "用户对论文 'Effect of a glucosamine-based combination supplement containing chondroitin sulfate and antioxidant micronutrients in subjects with symptomatic knee osteoarthritis: A pilot study' 感到满意，认为该论文符合研究需求。"}
[assistant] 抽取并记录信息: {"user_identity": "", "user_preference": "", "research_direction": "", "filter_requirements": "", "rejection_reasons": "", "other_info": "用户对论文 'Total Knee Replacement as a Knee Osteoarthritis Outcome' 感到满意，认为该论文符合研究需求。"}
[assistant] 抽取并记录信息: {"user_identity": "", "user_preference": "", "research_direction": "", "filter_requirements": "", "rejection_reasons": "", "other_info": "用户对论文 'Clinical efficacy and safety of glucosamine, chondroitin sulphate, their combination, celecoxib or placebo taken to treat osteoarthritis of the knee: 2-year results from GAIT' 感到满意，认为该论文符合研究需求。"}
[assistant] 抽取并记录信息: {"user_identity": "", "user_preference": "", "research_direction": "", "filter_requirements": "", "rejection_reasons": "", "other_info": "用户对论文 'Chondroitin sulphate reduces both cartilage volume loss and bone marrow lesions in knee osteoarthritis patients starting as early as 6 months after initiation of therapy: a randomised, double-blind, placebo-controlled pilot study using MRI' 感到满意，认为该论文符合研究需求。"}
[assistant] 抽取并记录信息: {"user_identity": "", "user_preference": "", "research_direction": "", "filter_requirements": "", "rejection_reasons": "Meta analysis", "other_info": ""}
[simulated_user] 轮次1用户反馈: 4 满意, 1 不满意, 累计满意: 4/5
[assistant] 为 executor 提供背景信息，任务: 对论文进行详细筛选，根据摘要判断是否纳入
[executor] 轮次2筛选完成: 0 include, 9 exclude, 0 not sure
[assistant] 为 executor 提供背景信息，任务: 对论文进行详细筛选，根据摘要判断是否纳入
[assistant] 抽取并记录信息: {"user_identity": "", "user_preference": "", "research_direction": "Chondroitin for osteoarthritis", "filter_requirements": "", "rejection_reasons": "", "other_info": ""}
[assistant] 抽取并记录信息: {"user_identity": "", "user_preference": "", "research_direction": "Osteoarthritis Treatment", "filter_requirements": "Searches up to November 2013 in multiple databases, excludes registered trials", "rejection_reasons": "", "other_info": "Systematic review assessing the efficacy of chondroitin for osteoarthritis treatment; background highlights common joint disorders and their impact on disability."}
[assistant] 抽取并记录信息: {"user_identity": "成人", "user_preference": "", "research_direction": "类风湿性关节炎", "filter_requirements": "两年以上时间范围的随机化对照试验 (RCT)；排除较短时间的随机化对照试验。", "rejection_reasons": "", "other_info": ""}
[assistant] 抽取并记录信息: {"user_identity": "成人（年龄>18岁）", "user_preference": "", "research_direction": "骨关节炎患者的疼痛管理研究", "filter_requirements": "两年内发表的研究", "rejection_reasons": "", "other_info": ""}
[assistant] 抽取并记录信息: {"user_identity": "", "user_preference": "", "research_direction": "", "filter_requirements": "近两年", "rejection_reasons": "", "other_info": "搜索策略主要针对骨关节炎和类风湿关节炎的研究，使用了MEDLINE、EMBASE、CINAHL、AMED、ISI Web of Science和World Health Organization International Clinical Trials Registry Platform等数据库进行检索。筛选要求包括关键词匹配（如Osteoarthritis、Chondroitin）、时间范围（近两年）以及排除非临床试验等标准。"}
[assistant] 为 executor 提供背景信息，任务: 筛选相关论文
[assistant] 为 executor 提供背景信息，任务: 对论文进行详细筛选，根据摘要判断是否纳入
[executor] 轮次1筛选完成: 6 include, 4 exclude, 0 not sure
[assistant] 抽取并记录信息: {"user_identity": "", "user_preference": "", "research_direction": "Glucosamine, Chondroitin Sulfate, and the Two in Combination for Painful Knee Osteoarthritis", "filter_requirements": "", "rejection_reasons": "", "other_info": ""}
[assistant] 抽取并记录信息: {"user_identity": "", "user_preference": "", "research_direction": "骨质增生、抗炎药物", "filter_requirements": "", "rejection_reasons": "", "other_info": ""}
[assistant] 抽取并记录信息: {"user_identity": "", "user_preference": "", "research_direction": "Total Knee Replacement as a Knee Osteoarthritis Outcome", "filter_requirements": "", "rejection_reasons": "", "other_info": ""}
[assistant] 抽取并记录信息: {"user_identity": "", "user_preference": "", "research_direction": "骨关节炎治疗药物效果与安全性", "filter_requirements": "近两年", "rejection_reasons": "", "other_info": ""}
[assistant] 抽取并记录信息: {"user_identity": "", "user_preference": "", "research_direction": "knee osteoarthritis patients", "filter_requirements": "", "rejection_reasons": "", "other_info": ""}
[assistant] 抽取并记录信息: {"user_identity": "", "user_preference": "", "research_direction": "骨- Collaborative Collaboration and Cartilage Efficacy in Knee Osteoarthritis", "filter_requirements": "Meta analysis", "rejection_reasons": "Meta analysis", "other_info": ""}
[simulated_user] 轮次1用户反馈: 5 满意, 1 不满意, 累计满意: 5/5
[assistant] 为 executor 提供背景信息，任务: 对论文进行详细筛选，根据摘要判断是否纳入
