[assistant] 抽取并记录信息: {"user_identity": "", "user_preference": "", "research_direction": "Antidepressants for smoking cessation", "filter_requirements": "", "rejection_reasons": "", "other_info": ""}
[assistant] 抽取并记录信息: {"user_identity": "", "user_preference": "", "research_direction": "抗抑郁药物辅助戒烟", "filter_requirements": "随机对照试验，随访至少6个月", "rejection_reasons": "", "other_info": "系统综述类型为干预性综述"}
[assistant] 抽取并记录信息: {"user_identity": "", "user_preference": "", "research_direction": "Antidepressants for smoking cessation", "filter_requirements": "", "rejection_reasons": "", "other_info": ""}
[assistant] 抽取并记录信息: {"user_identity": "", "user_preference": "", "research_direction": "抗抑郁药物在戒烟中的疗效、危害和耐受性", "filter_requirements": "随机对照试验，随访至少6个月", "rejection_reasons": "", "other_info": "研究类型为干预性系统综述，主要关注安非他酮和去甲替林等抗抑郁药物"}
[assistant] 抽取并记录信息: {"user_identity": "", "user_preference": "", "research_direction": "抗抑郁药物用于戒烟的效果、危害和耐受性", "filter_requirements": "纳入随机对照试验和整群随机对照试验；排除交叉研究；纳入任何年龄的吸烟者，有或无精神病史；排除孕妇；纳入研究抗抑郁药物用于戒烟的试验；纳入不同剂量、疗程和方案的试验；排除在试验组中额外使用非抗抑郁干预且未对照的试验；排除用于减害或预防复吸的试验；比较组包括安慰剂、无药物治疗、替代治疗对照或不同剂量/方案；有效性结局要求至少6个月随访；危害和耐受性结局不限随访长度；报告最严格的戒烟定义；优先使用生化验证的戒烟数据；记录特定严重不良事件（癫痫、过量、自杀企图、自杀死亡、全因死亡率）", "rejection_reasons": "", "other_info": ""}
[assistant] 抽取并记录信息: {"user_identity": "", "user_preference": "", "research_direction": "抗抑郁药物用于戒烟", "filter_requirements": "研究类型：随机对照试验（RCT）和群组随机对照试验（cluster-RCT），排除交叉研究；参与者：任何年龄的吸烟者，排除孕妇；干预措施：具有抗抑郁特性的药物，排除额外非抗抑郁干预成分仅用于一个试验组的研究，排除用于减害或预防复发的研究；比较组：安慰剂、无药物治疗、替代治疗对照、不同剂量/方案；结局指标：疗效（至少6个月随访，最长随访数据，最严格戒断定义，生化验证优先）、危害（任何严重程度不良事件、精神不良事件、严重不良事件，包括癫痫、过量、自杀企图、自杀死亡、全因死亡率）、耐受性（因不良事件退出），危害和耐受性结局不限随访长度。", "rejection_reasons": "", "other_info": "该纳入/排除标准来自一篇Cochrane系统评价，针对抗抑郁药物用于戒烟的研究。"}
[assistant] 抽取并记录信息: {"user_identity": "", "user_preference": "", "research_direction": "戒烟药物搜索策略", "filter_requirements": "", "rejection_reasons": "", "other_info": "搜索策略来自Cochrane烟草成瘾组，涉及安非他酮、去甲替林、单胺氧化酶抑制剂、SSRI等药物，搜索日期为2022年4月29日"}
[assistant] 为 executor 提供背景信息，任务: 筛选相关论文
[coordinator] Metadata初筛完成: 3333 → 3061 篇
[assistant] 为 executor 提供背景信息，任务: 仅根据论文标题判断是否与研究方向相关，做保守筛选
[coordinator] Title筛选完成: 排除 2955 篇, 保留 106 篇
[assistant] 为 executor 提供背景信息，任务: 对论文进行详细筛选，根据摘要判断是否纳入
[executor] 轮次1筛选完成: 5 include, 5 exclude, 0 not sure
[assistant] 抽取并记录信息: {"user_identity": "", "user_preference": "", "research_direction": "", "filter_requirements": "", "rejection_reasons": "", "other_info": "用户对论文 'Sustained-Release Bupropion for Smoking Cessation in African Americans A Randomized Controlled Trial' 感到满意，认为符合研究需求。"}
[assistant] 抽取并记录信息: {"user_identity": "", "user_preference": "", "research_direction": "", "filter_requirements": "", "rejection_reasons": "", "other_info": "用户对论文 'Neuropsychiatric safety and efficacy of varenicline, bupropion, and nicotine patch in smokers with and without psychiatric disorders (EAGLES): a double-blind, randomised, placebo-controlled clinical trial' 感到满意，认为该论文符合研究需求。"}
[assistant] 抽取并记录信息: {"user_identity": "", "user_preference": "", "research_direction": "", "filter_requirements": "", "rejection_reasons": "", "other_info": "用户对论文 'Efficacy and Safety of Pharmacotherapeutic Smoking Cessation Aids in Schizophrenia Spectrum Disorders: Subgroup Analysis of EAGLES' 感到满意，认为符合研究需求。"}
[assistant] 抽取并记录信息: {"user_identity": "", "user_preference": "", "research_direction": "", "filter_requirements": "", "rejection_reasons": "", "other_info": "用户对论文 'Safety and efficacy of first-line smoking cessation pharmacotherapies in bipolar disorders: Subgroup analysis of a randomized clinical trial' 感到满意，认为该论文符合研究需求。"}
[assistant] 抽取并记录信息: {"user_identity": "", "user_preference": "", "research_direction": "", "filter_requirements": "", "rejection_reasons": "", "other_info": "用户对论文 'Nortriptyline plus nicotine replacement versus placebo plus nicotine replacement for smoking cessation: pragmatic randomised controlled trial' 感到满意，认为该论文符合研究需求。"}
[simulated_user] 轮次1用户反馈: 5 满意, 0 不满意, 累计满意: 5/5
[assistant] 为 executor 提供背景信息，任务: 对论文进行详细筛选，根据摘要判断是否纳入
[assistant] 抽取并记录信息: {"user_identity": "", "user_preference": "", "research_direction": "", "filter_requirements": "", "rejection_reasons": "", "other_info": ""}
[assistant] 抽取并记录信息: {"user_identity": "", "user_preference": "", "research_direction": "评估抗抑郁药物对长期戒烟 cessation的影响", "filter_requirements": "搜索时间为2022年4月，筛选了10个新研究，排除低效或不相关研究，主要关注六个月内以上的随访数据", "rejection_reasons": "", "other_info": ""}
[assistant] 抽取并记录信息: {"user_identity": "", "user_preference": "", "research_direction": "smoking cessation medications", "filter_requirements": "We included randomised controlled trials (RCTs) and cluster‐RCTs. We did not include cross‐over studies as this type of randomised study does not allow assessment of the medium‐ to long‐term effects of smoking cessation medications on abstinence. We included people of any age who smoked tobacco, with or without a history of mental illness. We did not include pregnant women, as this specific subpopulation is covered in a separate Cochrane Review (Claire 2020). We included trials studying pharmacotherapies with antidepressant properties for smoking cessation. We included trials assessing different doses, durations, and schedules of antidepressants. We excluded trials where an additional, uncontrolled, non‐antidepressant intervention component was used in only one of the trial arms.", "rejection_reasons": "", "other_info": "The following comparators were eligible for assessing harms, efficacy, and tolerability: placebo, no pharmacological treatment, alternative therapeutic control, or different dosages/treatment regimes of the same antidepressant. Efficacy, measured as smoking cessation For this outcome, we only included studies that set out to report smoking cessation rates at least six months after baseline, in line with the standard methods of Cochrane Tobacco Addiction. Where cessation was assessed at multiple intervals, we reported only the longest follow‐up data. Additionally, where studies assessed multiple definitions of abstinence, we reported the strictest of these definitions (e.g. continuous/prolonged abstinence over point prevalence abstinence). We also reported biochemical validation of abstinence over self‐reported abstinence (but it was not necessary for abstinence to have been biochemically validated for a study to be included). Harms, measured as: number of people experiencing adverse events (AEs) of any severity (e.g. abnormal test findings, clinically significant symptoms and signs, changes in physical examination findings, hypersensitivity, and progression or worsening of underlying disease); number of people experiencing psychiatric AEs (e.g. adverse events relating to mental health); number of people experiencing serious adverse events (SAEs); that is, events that result in death, are life‐threatening (immediate risk of death), require inpatient hospitalisation or prolongation of existing hospitalisation, result in persistent or significant disability or incapacity (e.g. seizures, overdoses, suicide attempts, death by suicide, all‐cause mortality). We also recorded the following SAEs specifically, as these have previously been associated with the use of antidepressants for smoking cessation. Number of people experiencing seizures Number of people experiencing overdoses Number of people experiencing suicide attempts Number of people experiencing death by suicide Number of people experiencing all‐cause mortality Tolerability, measured as the number of participants who dropped out of the trial due to adverse events For all harm and tolerability outcomes, we considered studies with follow‐up of any length."}
[assistant] 抽取并记录信息: {"user_identity": "", "user_preference": "Types of studies: randomised controlled trials (RCTs) and cluster‐RCTs. Types of participants: people of any age who smoked tobacco, with or without a history of mental illness. Types of interventions: pharmacotherapies with antidepressant properties for smoking cessation. Comparators: placebo, no pharmacological treatment, alternative therapeutic control, or different dosages/treatment regimes of the same antidepressant.", "research_direction": "smoking cessation medications and antidepressants", "filter_requirements": "randomised controlled trials (RCTs) and cluster‐RCTs; participants with or without mental illness who smoke; interventions with antidepressants for smoking cessation; comparators including placebo, no treatment, alternative control, or different dosages.", "rejection_reasons": "", "other_info": ""}
[assistant] 抽取并记录信息: {"user_identity": "", "user_preference": "", "research_direction": "Bupropion/Nortriptyline/Monoamine Oxidase Inhibitors/Moclobemide/SSRIs/TMSRs", "filter_requirements": "2013-2022 # TI, AB, MH, EMT, KY and XKY as keyword fields # OR #1 OR #2 OR #3 OR #4 OR #5 OR #6 OR #7 OR #8", "rejection_reasons": "", "other_info": ""}
[assistant] 为 executor 提供背景信息，任务: 筛选相关论文
[assistant] 为 executor 提供背景信息，任务: 对论文进行详细筛选，根据摘要判断是否纳入
[executor] 轮次1筛选完成: 10 include, 0 exclude, 0 not sure
[assistant] 抽取并记录信息: {"user_identity": "", "user_preference": "", "research_direction": "Sustained-Release Bupropion for Smoking Cessation in African Americans", "filter_requirements": "", "rejection_reasons": "", "other_info": ""}
[assistant] 抽取并记录信息: {"user_identity": "", "user_preference": "", "research_direction": "吸烟戒断治疗中的感知处理分配影响", "filter_requirements": "", "rejection_reasons": "", "other_info": ""}
[assistant] 抽取并记录信息: {"user_identity": "", "user_preference": "", "research_direction": "烟戒治疗效果与遗传因素", "filter_requirements": "", "rejection_reasons": "", "other_info": ""}
[assistant] 抽取并记录信息: {"user_identity": "", "user_preference": "", "research_direction": "药物在吸烟者中的安全性和有效性", "filter_requirements": "双盲、随机、安慰剂对照的临床试验", "rejection_reasons": "", "other_info": ""}
[assistant] 抽取并记录信息: {"user_identity": "", "user_preference": "", "research_direction": "心理健康与戒烟药物影响", "filter_requirements": "", "rejection_reasons": "", "other_info": "论文标题为 'Predictors of Neuropsychiatric Adverse Events with Smoking Cessation Medications in the Randomized Controlled EAGLES Trial'，研究方向涉及心理健康和戒烟药物的影响。"}
[assistant] 抽取并记录信息: {"user_identity": "", "user_preference": "", "research_direction": "精神病iatric research", "filter_requirements": "", "rejection_reasons": "", "other_info": ""}
[assistant] 抽取并记录信息: {"user_identity": "", "user_preference": "", "research_direction": "", "filter_requirements": "", "rejection_reasons": "", "other_info": ""}
[assistant] 抽取并记录信息: {"user_identity": "", "user_preference": "", "research_direction": "Safety and efficacy of first-line smoking cessation pharmacotherapies in bipolar disorders: Subgroup analysis of a randomized clinical trial", "filter_requirements": "", "rejection_reasons": "", "other_info": "用户对论文 'Safety and efficacy of first-line smoking cessation pharmacotherapies in bipolar disorders: Subgroup analysis of a randomized clinical trial' 感到满意，认为该论文符合研究需求。"}
[assistant] 抽取并记录信息: {"user_identity": "", "user_preference": "", "research_direction": "", "filter_requirements": "", "rejection_reasons": "", "other_info": ""}
[assistant] 抽取并记录信息: {"user_identity": "", "user_preference": "满意", "research_direction": "", "filter_requirements": "", "rejection_reasons": "", "other_info": ""}
[simulated_user] 轮次1用户反馈: 10 满意, 0 不满意, 累计满意: 10/5
[assistant] 为 executor 提供背景信息，任务: 对论文进行详细筛选，根据摘要判断是否纳入
[assistant] 抽取并记录信息: {"user_identity": "", "user_preference": "", "research_direction": "Antidepressants for smoking cessation", "filter_requirements": "", "rejection_reasons": "", "other_info": ""}
[assistant] 抽取并记录信息: {"user_identity": "", "user_preference": "", "research_direction": "Evaluation of the efficacy, harms, and tolerability of antidepressant medications in assisting long-term tobacco smoking cessation", "filter_requirements": "Inclusion of RCTs with at least six months' follow-up for efficacy analysis; exclusion of trials with fewer than six months' follow-up for efficacy analysis; inclusion of all follow-up lengths for harm analysis", "rejection_reasons": "", "other_info": "The review found high-certainty evidence that bupropion can aid long-term smoking cessation, though it may increase serious adverse events. Trial dropouts due to adverse effects were more common with bupropion compared to placebo or no pharmacological treatment."}
[assistant] 抽取并记录信息: {"user_identity": "", "user_preference": "", "research_direction": "使用抗抑郁药辅助戒烟", "filter_requirements": "近两年; 随机化对照试验 (RCTs) 和集群对照试验 (cluster‐RCTs); 排除交叉对照试验; 研究对象为任何年龄吸烟者，有或无精神疾病历史; 不包括孕妇（另有专门的 Cochrane 复查）; 研究药物为抗抑郁药用于戒烟", "rejection_reasons": "", "other_info": ""}
[assistant] 抽取并记录信息: {"user_identity": "", "user_preference": "", "research_direction": "", "filter_requirements": "We included randomised controlled trials (RCTs) and cluster‐RCTs. We did not include cross‐over studies as this type of randomised study does not allow assessment of the medium‐ to long‐term effects of smoking cessation medications on abstinence.", "rejection_reasons": "", "other_info": "Types of studies, types of participants, types of interventions, comparators, types of outcome measures, primary outcomes and secondary outcomes were all specified in detail."}
[assistant] 抽取并记录信息: {"user_identity": "", "user_preference": "Bupropion, Zyban, Nortriptyline, Moclobemide, Selegiline, Lazabemide, SRII, John's Wort, Hypericum", "research_direction": "Tobacco Addiction, Bupropion, SSRIs, MH, EMT, KY, XKY", "filter_requirements": "29 April 2022, TI, AB, MH, EMT, KY, XKY", "rejection_reasons": "", "other_info": ""}
[assistant] 为 executor 提供背景信息，任务: 筛选相关论文
[assistant] 为 executor 提供背景信息，任务: 对论文进行详细筛选，根据摘要判断是否纳入
[executor] 轮次1筛选完成: 9 include, 1 exclude, 0 not sure
[assistant] 抽取并记录信息: {"user_identity": "", "user_preference": "", "research_direction": "Sustained-Release Bupropion for Smoking Cessation in African Americans", "filter_requirements": "", "rejection_reasons": "", "other_info": ""}
[assistant] 抽取并记录信息: {"user_identity": "", "user_preference": "", "research_direction": "研究吸烟戒断治疗对CHRNA5-A3-B4基因型的影响", "filter_requirements": "", "rejection_reasons": "", "other_info": ""}
[assistant] 抽取并记录信息: {"user_identity": "", "user_preference": "", "research_direction": "Neuropsychiatric safety and efficacy of varenicline, bupropion, and nicotine patch", "filter_requirements": "", "rejection_reasons": "", "other_info": ""}
[assistant] 抽取并记录信息: {"user_identity": "", "user_preference": "", "research_direction": "", "filter_requirements": "", "rejection_reasons": "", "other_info": "用户对论文 'Predictors of Neuropsychiatric Adverse Events with Smoking Cessation Medications in the Randomized Controlled EAGLES Trial' 感到满意，认为该论文符合研究需求。"}
[assistant] 抽取并记录信息: {"user_identity": "", "user_preference": "", "research_direction": "Psychiatric Comorbidity and Multimorbidity", "filter_requirements": "", "rejection_reasons": "", "other_info": ""}
[assistant] 抽取并记录信息: {"user_identity": "", "user_preference": "", "research_direction": "Efficacy and Safety of Pharmacotherapeutic Smoking Cessation Aids in Schizophrenia Spectrum Disorders: Subgroup Analysis of EAGLES", "filter_requirements": "", "rejection_reasons": "", "other_info": ""}
[assistant] 抽取并记录信息: {"user_identity": "", "user_preference": "", "research_direction": "医学领域中的临床药理学或精神病治疗", "filter_requirements": "", "rejection_reasons": "", "other_info": "用户认为论文 'Safety and efficacy of first-line smoking cessation pharmacotherapies in bipolar disorders: Subgroup analysis of a randomized clinical trial' 符合研究需求"}
[assistant] 抽取并记录信息: {"user_identity": "", "user_preference": "", "research_direction": "Assessment of Racial Differences in Pharmacotherapy Efficacy for Smoking Cessation", "filter_requirements": "", "rejection_reasons": "", "other_info": ""}
[assistant] 抽取并记录信息: {"user_identity": "", "user_preference": "", "research_direction": "Nortriptyline plus nicotine replacement versus placebo plus nicotine replacement for smoking cessation", "filter_requirements": "", "rejection_reasons": "", "other_info": ""}
[simulated_user] 轮次1用户反馈: 9 满意, 0 不满意, 累计满意: 9/5
[assistant] 为 executor 提供背景信息，任务: 对论文进行详细筛选，根据摘要判断是否纳入
[assistant] 抽取并记录信息: {"user_identity": "", "user_preference": "", "research_direction": "Antidepressants for smoking cessation", "filter_requirements": "", "rejection_reasons": "", "other_info": ""}
[assistant] 抽取并记录信息: {"user_identity": "", "user_preference": "", "research_direction": "Intervention", "filter_requirements": "Systematic review with RCTs, search date: 2022-04-29, follow-up at least six months for efficacy, any follow-up for harms and tolerance.", "rejection_reasons": "", "other_info": ""}
[assistant] 抽取并记录信息: {"user_identity": "", "user_preference": "", "research_direction": "smoking cessation medications", "filter_requirements": "We included randomised controlled trials (RCTs) and cluster‐RCTs. We did not include cross‐over studies as this type of randomised study does not allow assessment of the medium‐ to long‐term effects of smoking cessation medications on abstinence. We included people of any age who smoked tobacco, with or without a history of mental illness. We did not include pregnant women, as this specific subpopulation is covered in a separate Cochrane Review (Claire 2020). We included trials studying pharmacotherapies with antidepressant properties for smoking cessation. We included trials assessing different doses, durations, and schedules of antidepressants. We excluded trials where an additional, uncontrolled, non‐antidepressant intervention component was used in only one of the trial arms. This is because the confounding effects of this intervention would have made it difficult to determine whether any change in outcome was related to the antidepressant or the confounding intervention component. Additionally, we excluded trials investigating antidepressant use for smoking harm reduction or relapse prevention, as they are covered elsewhere (Lindson‐Hawley 2016 and Livingstone‐Banks 2019, respectively). The following comparators were eligible for assessing harms, efficacy, and tolerability: placebo, no pharmacological treatment, alternative therapeutic control, or different dosages/treatment regimes of the same antidepressant. The following comparators were eligible for assessing harms, efficacy, and tolerability: placebo, no pharmacological treatment, alternative therapeutic control, or different dosages/treatment regimes of the same antidepressant.", "rejection_reasons": "", "other_info": ""}
[assistant] 抽取并记录信息: {"user_identity": "", "user_preference": "", "research_direction": "Antidepressants for smoking cessation", "filter_requirements": "Time frame: two years or less; Comparator types: placebo, no pharmacological treatment, alternative therapeutic control, different dosages/treatment regimes of the same antidepressant; Exclusion criteria: cross-over studies, pregnant women (Claire 2020)", "rejection_reasons": "", "other_info": ""}
[assistant] 抽取并记录信息: {"user_identity": "计算机专业硕士研究生", "user_preference": "", "research_direction": "烟草依赖治疗药物研究", "filter_requirements": "近两年; 关键词: TI, AB, MH, EMT, KY, XKY; 排除标准: #1 OR #2 OR #3 OR #4 OR #5 OR #6 OR #7 OR #8", "rejection_reasons": "", "other_info": "搜索策略涉及多个药物治疗关键词，如TI、AB、MH等，用于筛选相关文献"}
[assistant] 为 executor 提供背景信息，任务: 筛选相关论文
[assistant] 为 executor 提供背景信息，任务: 对论文进行详细筛选，根据摘要判断是否纳入
[executor] 轮次1筛选完成: 5 include, 4 exclude, 1 not sure
[assistant] 抽取并记录信息: {"user_identity": "", "user_preference": "", "research_direction": "吸烟戒断", "filter_requirements": "", "rejection_reasons": "", "other_info": "论文标题：Sustained-Release Bupropion for Smoking Cessation in African Americans A Randomized Controlled Trial，主题为吸烟戒断药物治疗的研究"}
[assistant] 抽取并记录信息: {"user_identity": "", "user_preference": "", "research_direction": "精神病学药物临床试验", "filter_requirements": "", "rejection_reasons": "", "other_info": ""}
[assistant] 抽取并记录信息: {"user_identity": "", "user_preference": "", "research_direction": "公共卫生/药理学", "filter_requirements": "", "rejection_reasons": "", "other_info": ""}
[assistant] 抽取并记录信息: {"user_identity": "", "user_preference": "", "research_direction": "Safety and efficacy of first-line smoking cessation pharmacotherapies in bipolar disorders: Subgroup analysis of a randomized clinical trial", "filter_requirements": "", "rejection_reasons": "", "other_info": ""}
[assistant] 抽取并记录信息: {"user_identity": "", "user_preference": "", "research_direction": "吸烟戒断治疗", "filter_requirements": "", "rejection_reasons": "", "other_info": ""}
[assistant] 抽取并记录信息: {"user_identity": "", "user_preference": "", "research_direction": "CHRNA5基因型与吸烟戒断治疗反应的关系", "filter_requirements": "", "rejection_reasons": "", "other_info": "论文标题：'Association of CHRNA5-A3-B4 SNP rs2036527 With Smoking Cessation Therapy Response in African-American Smokers'; 研究主题：CHRNA5基因型与吸烟戒断治疗反应的关系，特别是针对非洲裔美国人"}
[simulated_user] 轮次1用户反馈: 6 满意, 0 不满意, 累计满意: 6/5
[assistant] 为 executor 提供背景信息，任务: 对论文进行详细筛选，根据摘要判断是否纳入
[assistant] 抽取并记录信息: {"user_identity": "", "user_preference": "", "research_direction": "Antidepressants for smoking cessation", "filter_requirements": "", "rejection_reasons": "", "other_info": ""}
