[assistant] 抽取并记录信息: {"user_identity": "", "user_preference": "", "research_direction": "Pit and fissure sealants versus fluoride varnishes for preventing dental decay in the permanent teeth of children and adolescents", "filter_requirements": "", "rejection_reasons": "", "other_info": ""}
[assistant] 抽取并记录信息: {"user_identity": "", "user_preference": "", "research_direction": "窝沟封闭剂与氟化物清漆预防儿童青少年恒牙窝沟龋的相对有效性", "filter_requirements": "随机对照试验，随访至少12个月，参与者年龄小于20岁，比较窝沟封闭剂或窝沟封闭剂加氟化物清漆与氟化物清漆预防恒后牙（前磨牙或磨牙）窝沟龋的效果", "rejection_reasons": "", "other_info": "研究类型为干预性系统综述，更新自2006、2010和2016年版本，检索截止至2020年3月19日，纳入11项试验共3374名参与者"}
[assistant] 抽取并记录信息: {"user_identity": "", "user_preference": "", "research_direction": "预防儿童和青少年恒牙咬合面龋齿的窝沟封闭剂与氟化物清漆的比较", "filter_requirements": "随机对照试验（RCT），随访至少12个月；研究对象为20岁以下儿童和青少年；干预措施包括窝沟封闭剂（除第一代树脂基封闭剂外）或窝沟封闭剂加氟化物清漆，对照为氟化物清漆；研究设计包括平行组和裂口设计；结局指标包括新发牙本质龋损、DMF指数变化、龋损进展、操作时间、就诊次数及安全性。", "rejection_reasons": "", "other_info": ""}
[assistant] 抽取并记录信息: {"user_identity": "", "user_preference": "", "research_direction": "窝沟封闭剂与氟保护漆预防儿童青少年恒磨牙窝沟龋的随机对照试验", "filter_requirements": "研究类型：随机对照试验，随访至少12个月；参与者：20岁以下儿童青少年；干预措施：窝沟封闭剂（除第一代树脂基封闭剂）vs 氟保护漆，或窝沟封闭剂+氟保护漆 vs 氟保护漆；结局指标：新发牙本质龋损、DMF指数变化、龋损进展、操作时间、就诊次数、安全性", "rejection_reasons": "", "other_info": ""}
[assistant] 抽取并记录信息: {"user_identity": "", "user_preference": "", "research_direction": "", "filter_requirements": "", "rejection_reasons": "", "other_info": ""}
[assistant] 为 executor 提供背景信息，任务: 筛选相关论文
[coordinator] Metadata初筛完成: 3333 → 3061 篇
[assistant] 为 executor 提供背景信息，任务: 仅根据论文标题判断是否与研究方向相关，做保守筛选
[coordinator] Title筛选完成: 排除 3057 篇, 保留 4 篇
[assistant] 为 executor 提供背景信息，任务: 对论文进行详细筛选，根据摘要判断是否纳入
[executor] 轮次1筛选完成: 2 include, 2 exclude, 0 not sure
[assistant] 抽取并记录信息: {"user_identity": "", "user_preference": "", "research_direction": "", "filter_requirements": "", "rejection_reasons": "", "other_info": "用户对论文 'Seal or Varnish? A randomised controlled trial to determine the relative cost and effectiveness of pit and fissure sealant and fluoride varnish in preventing dental decay' 感到满意，认为符合研究需求。"}
[assistant] 抽取并记录信息: {"user_identity": "", "user_preference": "", "research_direction": "", "filter_requirements": "", "rejection_reasons": "", "other_info": "用户对论文 'Randomized trial on fluorides and sealant for fissure caries prevention' 感到满意，认为该论文符合研究需求。"}
[simulated_user] 轮次1用户反馈: 2 满意, 0 不满意, 累计满意: 2/5
[assistant] 为 executor 提供背景信息，任务: 对论文进行详细筛选，根据摘要判断是否纳入
[assistant] 抽取并记录信息: {"user_identity": "", "user_preference": "", "research_direction": "Pit and fissure sealants versus fluoride varnishes for preventing dental decay in the permanent teeth of children and adolescents", "filter_requirements": "", "rejection_reasons": "", "other_info": ""}
[assistant] 抽取并记录信息: {"user_identity": "Cochrane Oral Health's Information Specialist", "user_preference": "", "research_direction": "儿童和青少年的口腔健康问题研究", "filter_requirements": "包括Cochrane Oral Health的Trials Register、MEDLINE Ovid、Embase Ovid、美国国家医学图书馆 TRIALRegistry和世界卫生组织CTRP平台，时间范围不限，但至少12个月的随访期。", "rejection_reasons": "", "other_info": "研究方法包括Cochrane Oral Health的信息 specialist对多个数据库进行搜索，如Cochrane Trials Register、CENTRAL、MEDLINE Ovid、Embase Ovid、美国国家医学图书馆 TRIALRegistry和世界卫生组织CTRP平台。筛选标准是随机对照试验，并且至少有12个月的随访期。研究主要比较了牙胶密封剂和氟化物沉淀物在儿童和青少年中的应用效果，包括不同类型的牙胶密封剂（如树脂基或玻璃离子基）和不同的随访时间点。"}
[assistant] 抽取并记录信息: {"user_identity": "", "user_preference": "", "research_direction": "儿童恒牙龋的预防", "filter_requirements": "随机对照试验 (RCTs)；12个月随访；平行组研究；裂 mouth研究设计；干预组为牙胶或牙胶加氟化剂；控制组为氟化剂仅用组", "rejection_reasons": "", "other_info": "研究包括除第一代树脂基质牙胶外的所有牙胶材料；干预组可以是直接应用或经过打磨处理的牙胶；评估指标包括临床检查、DMF变化和牙洞进展；操作时间及 dentist 访ite 次数等"}
[assistant] 抽取并记录信息: {"user_identity": "", "user_preference": "", "research_direction": "儿童和青少年恒牙预防龋齿", "filter_requirements": "", "rejection_reasons": "", "other_info": ""}
[assistant] 抽取并记录信息: {"other_info": "To extract the necessary information from the provided JSON structure related to \"fissure sealants\" and specifically focusing on the \"ionomer\" group, we can follow these steps:\n\n### Step 1: Identify Relevant Sections\nThe JSON contains search strategies for various databases (MEDLINE Ovid, Embase Ovid, OpenSIGLE, etc.). We need to focus on sections that mention \"fissure sealants\" and terms related to \"ionomer.\"\n\n### Step 2: Extract Keywords and Phrases\nFor each database, extract keywords and phrases related to \"fissure sealants\" and the \"ionomer\" group. Pay attention to specific search terms used in the strategies.\n\n### Step 3: Compile the Information\nOrganize the extracted information into a structured format that highlights the relevant search terms and their application across different databases.\n\n---\n\n### Extracted Information\n\n#### **MEDLINE Ovid Search Strategy**\n- **Keywords for Fissure Sealants**:\n  - \"Pit and fissure sealants\"\n  - \"fissure sealant\" (adj6)\n  - \"compomer\" (adj4)\n  - \"composite\" (adj4)\n\n- **Keywords for Ionomer**:\n  - \"Glass ionomer cements\"\n  - \"glass ionomer\" (adj6)\n  - \"cermet cement\"\n\n#### **Embase Ovid Search Strategy**\n- **Keywords for Fissure Sealants**:\n  - \"Fissure sealant\" (adj6)\n  - \"compomer\" (adj4)\n  - \"composite\" (adj4)\n\n- **Keywords for Ionomer**:\n  - \"Glass ionomer\"\n  - \"Resin cements\"\n\n#### **OpenSIGLE Search Strategy**\n- **Keywords for Fissure Sealants**:\n  - \"Fissure sealant\" (varnish, lacquer*, etc.)\n  - \"compomer\" (adj4)\n  - \"composite\" (adj4)\n\n- **Keywords for Ionomer**:\n  - \"ionomer\"\n  - \"dental\" or \"tooth\"\n\n---\n\n### Summary of Extracted Information\n\n#### **Search Strategies by Database**\n1. **MEDLINE Ovid**:\n   - Fissure Sealants: \"Pit and fissure sealants,\" \"fissure sealant (adj6),\" \"compomer (adj4),\" \"composite (adj4)\"\n   - Ionomer: \"Glass ionomer cements,\" \"glass ionomer (adj6),\" \"cermet cement\"\n\n2. **Embase Ovid**:\n   - Fissure Sealants: \"Fissure sealant (adj6),\" \"compomer (adj4),\" \"composite (adj4)\"\n   - Ionomer: \"Glass ionomer,\" \"Resin cements\"\n\n3. **OpenSIGLE**:\n   - Fissure Sealants: \"Fissure sealant (varnish, lacquer*, etc.),\" \"compomer (adj4),\" \"composite (adj4)\"\n   - Ionomer: \"ionomer,\" \"dental,\" \"tooth\"\n\n---\n\n### Final Output\n\nThe extracted information related to \"fissure sealants\" and the \"ionomer\" group is as follows:\n\n- **MEDLINE Ovid**:\n  - **Fissure Sealants**: \"Pit and fissure sealants\", \"fissure sealant (adj6)\", \"compomer (adj4)\", \"composite (adj4)\"\n  - **Ionomer**: \"Glass ionomer cements\", \"glass ionomer (adj6)\", \"cermet cement\"\n\n- **Embase Ovid**:\n  - **Fissure Sealants**: \"Fissure sealant (adj6)\", \"compomer (adj4)\", \"composite (adj4)\"\n  - **Ionomer**: \"Glass ionomer\", \"Resin cements\"\n\n- **OpenSIGLE**:\n  - **Fissure Sealants**: \"Fissure sealant (varnish, lacquer*, etc.)\", \"compomer (adj4)\", \"composite (adj4)\"\n  - **Ionomer**: \"ionomer\", \"dental\", \"tooth\"\n\nThis structured extraction provides a clear overview of how \"fissure sealants\" and the \"ionomer\" group were targeted across different databases."}
[assistant] 为 executor 提供背景信息，任务: 筛选相关论文
[assistant] 为 executor 提供背景信息，任务: 对论文进行详细筛选，根据摘要判断是否纳入
[executor] 轮次1筛选完成: 1 include, 2 exclude, 1 not sure
[assistant] 抽取并记录信息: {"user_identity": "", "user_preference": "", "research_direction": "Randomized trial on fluorides and sealant for fissure caries prevention", "filter_requirements": "", "rejection_reasons": "", "other_info": "论文标题：'Randomized trial on fluorides and sealant for fissure caries prevention'\n研究主题：随机试验氟化物和牙胶剂在防止裂纹龋中的应用"}
[assistant] 抽取并记录信息: {"user_identity": "", "user_preference": "", "research_direction": "Oral Health - Caries Prevention and Preventive Dentistry", "filter_requirements": "Not an RCT", "rejection_reasons": "Not an RCT", "other_info": ""}
[simulated_user] 轮次1用户反馈: 1 满意, 1 不满意, 累计满意: 1/5
[assistant] 为 executor 提供背景信息，任务: 对论文进行详细筛选，根据摘要判断是否纳入
[assistant] 为 executor 提供背景信息，任务: 对论文进行详细筛选，根据摘要判断是否纳入
