[assistant] 抽取并记录信息: {"user_identity": "", "user_preference": "", "research_direction": "Folic acid and folinic acid for reducing side effects in patients receiving methotrexate for rheumatoid arthritis", "filter_requirements": "", "rejection_reasons": "", "other_info": ""}
[assistant] 抽取并记录信息: {"user_identity": "", "user_preference": "", "research_direction": "甲氨蝶呤治疗类风湿关节炎时补充叶酸或亚叶酸的疗效与安全性", "filter_requirements": "双盲、随机、安慰剂对照临床试验；成人RA患者；MTX剂量≤25mg/周；低剂量叶酸/亚叶酸（起始剂量≤7mg/周）", "rejection_reasons": "", "other_info": "系统综述更新至2012年3月2日，纳入6项试验共624名患者"}
[assistant] 抽取并记录信息: {"user_identity": "", "user_preference": "", "research_direction": "Folic acid and folinic acid for reducing side effects in patients receiving methotrexate for rheumatoid arthritis", "filter_requirements": "", "rejection_reasons": "", "other_info": ""}
[assistant] 抽取并记录信息: {"user_identity": "", "user_preference": "", "research_direction": "甲氨蝶呤治疗类风湿关节炎时补充叶酸或亚叶酸的效果", "filter_requirements": "", "rejection_reasons": "", "other_info": ""}
[assistant] 抽取并记录信息: {"user_identity": "", "user_preference": "", "research_direction": "类风湿关节炎的甲氨蝶呤治疗", "filter_requirements": "双盲、随机、安慰剂对照临床试验；年龄>18岁；符合美国风湿病学会1988年类风湿关节炎标准；低剂量MTX（≤25mg/周）联合低剂量叶酸补充；起始剂量≤7mg/周；报告胃肠道症状、口腔溃疡、肝毒性、血液学副作用或停药；测量疗效指标（关节肿胀数、压痛数、疼痛、残疾评分、握力、患者/医生整体评估）", "rejection_reasons": "", "other_info": ""}
[assistant] 抽取并记录信息: {"user_identity": "", "user_preference": "", "research_direction": "类风湿关节炎的甲氨蝶呤治疗与叶酸补充", "filter_requirements": "双盲、随机、安慰剂对照临床试验；患者年龄>18岁且符合美国风湿病协会类风湿关节炎标准；低剂量MTX（≤25mg/周）联合低剂量叶酸补充（起始剂量≤7mg/周）；结局指标包括胃肠道症状、口腔溃疡、肝毒性、血液学副作用或MTX停药，以及疗效改变（肿胀关节计数、压痛关节计数、疼痛、残疾评分、握力、患者/医生整体评估）", "rejection_reasons": "", "other_info": ""}
[assistant] 抽取并记录信息: {"user_identity": "", "user_preference": "", "research_direction": "类风湿关节炎与叶酸相关治疗的随机对照试验", "filter_requirements": "时间范围: 1999年至2012年; 文献类型: 随机对照试验", "rejection_reasons": "", "other_info": "提供了三个数据库（MEDLINE、Embase、Cochrane Library）的检索策略，检索词包括类风湿关节炎、叶酸、亚叶酸、随机对照试验等。"}
[assistant] 为 executor 提供背景信息，任务: 筛选相关论文
[coordinator] Metadata初筛完成: 3333 → 3061 篇
[assistant] 为 executor 提供背景信息，任务: 仅根据论文标题判断是否与研究方向相关，做保守筛选
[coordinator] Title筛选完成: 排除 3050 篇, 保留 11 篇
[assistant] 为 executor 提供背景信息，任务: 对论文进行详细筛选，根据摘要判断是否纳入
[executor] 轮次1筛选完成: 2 include, 9 exclude, 0 not sure
[assistant] 抽取并记录信息: {"user_identity": "", "user_preference": "", "research_direction": "", "filter_requirements": "", "rejection_reasons": "Starting dose of folic acid >7mg weekly", "other_info": ""}
[assistant] 抽取并记录信息: {"user_identity": "", "user_preference": "", "research_direction": "", "filter_requirements": "", "rejection_reasons": "Starting dose of folinic acid >7mg weekly", "other_info": ""}
[simulated_user] 轮次1用户反馈: 0 满意, 2 不满意, 累计满意: 0/5
[assistant] 为 executor 提供背景信息，任务: 对论文进行详细筛选，根据摘要判断是否纳入
[assistant] 为 executor 提供背景信息，任务: 对论文进行详细筛选，根据摘要判断是否纳入
[assistant] 抽取并记录信息: {"user_identity": "", "user_preference": "", "research_direction": "Folic acid and folinic acid for reducing side effects in patients receiving methotrexate for rheumatoid arthritis", "filter_requirements": "", "rejection_reasons": "", "other_info": ""}
[assistant] 抽取并记录信息: {"user_identity": "成人类风湿性关节炎患者", "user_preference": "", "research_direction": "甲氨蝶呤治疗类风湿性关节炎患者中叶酸补充的效果", "filter_requirements": "随机双盲对照试验（RCTs），成人患者，MTX剂量≤25 mg每周，补充叶酸或泛酸（≤7 mg每周）", "rejection_reasons": "", "other_info": "研究显示叶酸和泛酸补充在减少胃肠道副作用、肝功异常和停断率方面有显著效果，但对口腔溃疡无明显影响。"}
[assistant] 抽取并记录信息: {"other_info": "```json\n{\n  \"user_identity\": \"\",\n  \"user_preference\": \"\",\n  \"research_direction\": \"评估低剂量甲氨蝶呤联合叶酸补充对类风湿性关节炎患者长期随访的影响\",\n  \"filter_requirements\": \"纳入标准：All double‐blind, randomised, placebo‐controlled clinical trials. Patients older than 18 years who fulfilled the American Rheumatism Association's criteria for rheumatoid arthritis (Arnett 1988). Treatment with low doses of MTX (equal or less than 25 mg/week) concurrently with low dose folate supplementation (either folic or folinic acid), with a starting dose equal to or less than 7 mg/week.  \n排除标准：Results relating to at least one of the following: gastrointestinal symptoms (such as nausea, vomiting or abdominal pain), mouth ulcers (stomatitis), liver toxicity (as measured by raised serum transaminases), haematologic side effects (anaemia or cytopenia), or withdrawal or discontinuation of MTX therapy. Alteration of the beneficial effect of MTX (loss of efficacy) as measured by any of the following: Swollen joint count. Tender joint count. Pain. Disability score. Grip strength. Patient's global assessment. Physician's global assessment.\",\n  \"rejection_reasons\": \"\",\n  \"other_info\": \"\"\n}\n```"}
[assistant] 抽取并记录信息: {"user_identity": "", "user_preference": "", "research_direction": "All double-blind, randomised, placebo-controlled clinical trials. Patients older than 18 years who fulfilled the American Rheumatism Association's criteria for rheumatoid arthritis (Arnett 1988).", "filter_requirements": "Types of studies: All double-blind, randomised, placebo-controlled clinical trials.\nTypes of participants: Patients older than 18 years who fulfilled the American Rheumatism Association's criteria for rheumatoid arthritis (Arnett 1988).\nTypes of interventions: Treatment with low doses of MTX (equal or less than 25 mg/week) concurrently with low dose folate supplementation (either folic or folinic acid), with a starting dose equal to or less than 7 mg/week.\nTypes of outcome measures: Results relating to at least one of the following: gastrointestinal symptoms (such as nausea, vomiting or abdominal pain), mouth ulcers (stomatitis), liver toxicity (as measured by raised serum transaminases), haematologic side effects (anaemia or cytopenia), or withdrawal or discontinuation of MTX therapy. Alteration of the beneficial effect of MTX (loss of efficacy) as measured by any of the following: swollen joint count, tender joint count, pain, disability score, grip strength, patient's global assessment, physician's global assessment.\nMajor outcomes: Results relating to at least one of the following: gastrointestinal symptoms (such as nausea, vomiting or abdominal pain), mouth ulcers (stomatitis), liver toxicity (as measured by raised serum transaminases), haematologic side effects (anaemia or cytopenia), or withdrawal or discontinuation of MTX therapy.\nMinor outcomes: Alteration of the beneficial effect of MTX (loss of efficacy) as measured by any of the following: swollen joint count, tender joint count, pain, disability score, grip strength, patient's global assessment, physician's global assessment.", "rejection_reasons": "", "other_info": ""}
[assistant] 抽取并记录信息: {"user_identity": "", "user_preference": "medline embase cochrane library search strategy with keywords like folic acid leucovorin folate folinic acid and rheumatoid arthritis", "research_direction": "rheumatoid arthritis rheumatoid nodule folic acid leucovorin folate and folinic acid", "filter_requirements": "time range from 1999 to current years and specific keywords like #6 AND #11 in cochrane library search strategy", "rejection_reasons": "", "other_info": "detailed database usage and keyword combinations for searching relevant studies"}
[assistant] 为 executor 提供背景信息，任务: 筛选相关论文
[assistant] 为 executor 提供背景信息，任务: 对论文进行详细筛选，根据摘要判断是否纳入
[executor] 轮次1筛选完成: 1 include, 1 exclude, 0 not sure
[assistant] 抽取并记录信息: {"user_identity": "", "user_preference": "", "research_direction": "类风湿性关节炎患者的治疗", "filter_requirements": "", "rejection_reasons": "Starting dose of folinic acid >7mg weekly", "other_info": ""}
[simulated_user] 轮次1用户反馈: 0 满意, 1 不满意, 累计满意: 0/5
[assistant] 为 executor 提供背景信息，任务: 对论文进行详细筛选，根据摘要判断是否纳入
[assistant] 为 executor 提供背景信息，任务: 对论文进行详细筛选，根据摘要判断是否纳入
[assistant] 抽取并记录信息: {"user_identity": "", "user_preference": "", "research_direction": "Folic acid and folinic acid for reducing side effects in patients receiving methotrexate for rheumatoid arthritis", "filter_requirements": "", "rejection_reasons": "", "other_info": ""}
[assistant] 抽取并记录信息: {"user_identity": "成人类风湿性关节炎患者", "user_preference": "", "research_direction": "甲氨蝶呤辅助治疗类风湿性关节炎患者中的叶酸补充效果", "filter_requirements": "敏感的搜索策略、随机双盲对照试验（RCTs）、低剂量叶酸或泛酸酸", "rejection_reasons": "", "other_info": "主要研究结果包括GI副作用的显著减少、肝功异常的降低以及MTX停药率的降低"}
[assistant] 抽取并记录信息: {"user_identity": "", "user_preference": "", "research_direction": "类风湿性关节炎", "filter_requirements": "双盲,随机ised,安慰剂对照试验;患者年龄>18岁;满足Rheumatoid Arthritis标准;使用低剂量MTX(≤25 mg/周)联合低剂量叶酸补充剂(≤7 mg/周)", "rejection_reasons": "", "other_info": "药物：甲氨蝶呤（MTX）,作用：降低巨噬细胞数量;评估指标包括关节肿胀、疼痛、肝功能异常等"}
[assistant] 抽取并记录信息: {"user_identity": "", "user_preference": "", "research_direction": "MTX治疗相关的副作用", "filter_requirements": "近两年, 所有双盲、随机、安慰剂对照的临床试验, 参与者为18岁以上且符合风湿病协会对于类风湿性关节炎的标准, 干预措施包括低剂量甲基胸苷（每周剂量不超过25mg）联合低剂量叶酸补充剂（每周剂量不超过7mg），结果测量包括胃肠道症状、口腔溃疡、肝功异常、血液副作用、停药或治疗终止以及MTX疗效的丧失", "rejection_reasons": "", "other_info": ""}
[assistant] 抽取并记录信息: {"user_identity": "Medical researcher focusing on rheumatology", "user_preference": "Papers related to folic acid, leucovorin, folate, and rheumatoid arthritis", "research_direction": "Research on the effects of folic acid, leucovorin, and folate on rheumatoid arthritis and its complications", "filter_requirements": "MeSH descriptors: Folic Acid, Leucovorin, Folate; Database: Ovid MEDLINE(R), Embase, The Cochrane Library; Time frame: 1999-2012", "rejection_reasons": "", "other_info": "Database resources and MeSH keywords for precise literature retrieval"}
[assistant] 为 executor 提供背景信息，任务: 筛选相关论文
[assistant] 为 executor 提供背景信息，任务: 对论文进行详细筛选，根据摘要判断是否纳入
[executor] 轮次1筛选完成: 2 include, 0 exclude, 0 not sure
[assistant] 抽取并记录信息: {"user_identity": "", "user_preference": "", "research_direction": "类风湿性关节炎患者药物治疗效果研究", "filter_requirements": "长期剂量超过每周7mg", "rejection_reasons": "起始剂量过高", "other_info": ""}
[assistant] 抽取并记录信息: {"user_identity": "", "user_preference": "", "research_direction": "", "filter_requirements": "", "rejection_reasons": "Starting dose of folinic acid >7mg weekly", "other_info": ""}
[simulated_user] 轮次1用户反馈: 0 满意, 2 不满意, 累计满意: 0/5
[assistant] 为 executor 提供背景信息，任务: 对论文进行详细筛选，根据摘要判断是否纳入
[assistant] 为 executor 提供背景信息，任务: 对论文进行详细筛选，根据摘要判断是否纳入
