[assistant] 抽取并记录信息: {"user_identity": "大学生", "user_preference": "", "research_direction": "酒精滥用的社会规范信息", "filter_requirements": "", "rejection_reasons": "", "other_info": ""}
[assistant] 抽取并记录信息: {"user_identity": "", "user_preference": "", "research_direction": "社会规范干预对大学生饮酒行为的影响", "filter_requirements": "截至2015年7月，随机对照试验或整群随机对照试验，比较社会规范干预与无干预、酒精教育传单或其他非规范性反馈酒精干预，报告大学生饮酒或酒精相关问题", "rejection_reasons": "", "other_info": "研究类型为干预性系统综述，共纳入70项研究，44858名参与者。主要结论为社会规范干预对预防大学生酒精滥用没有实质性意义的效果，效应量太小，且不一致，存在异质性和偏倚风险。"}
[assistant] 抽取并记录信息: {"user_identity": "", "user_preference": "", "research_direction": "酒精干预措施（个性化规范反馈、社会规范营销、针对性干预）对大学生饮酒行为的影响", "filter_requirements": "纳入随机对照试验（个体或整群设计）；研究对象为大学生；干预类型包括普遍个性化规范反馈、针对性干预、社会规范营销；对照为无社会规范成分的干预；结局指标包括酒精相关问题（如RAPI量表）、饮酒量、饮酒频率、峰值血酒精浓度、典型血酒精浓度、饮酒规范感知等", "rejection_reasons": "", "other_info": "排除标准未明确提及，但干预需有社会规范成分；结局指标中优先选择每周饮酒量进行荟萃分析；饮酒规范感知仅纳入数量测量"}
[assistant] 抽取并记录信息: {"user_identity": "", "user_preference": "", "research_direction": "大学生酒精干预的社会规范方法", "filter_requirements": "随机对照试验（个体或整群设计）；参与者为大学或学院学生；干预类型包括普遍个性化规范反馈、针对性干预、社会规范营销运动；对照为无社会规范成分的干预；结局指标包括酒精相关问题、饮酒行为、饮酒规范等。", "rejection_reasons": "", "other_info": ""}
[assistant] 抽取并记录信息: {"user_identity": "", "user_preference": "", "research_direction": "酒精、社会规范与学生相关的干预措施", "filter_requirements": "随机对照试验；临床对照试验；随机分配；双盲法；单盲法；排除动物研究", "rejection_reasons": "", "other_info": "搜索策略包括Ovid MEDLINE、EMBASE、CINAHL、PsycINFO和Cochrane Trials Register；还包含随机对照试验偏倚风险评估标准"}
[assistant] 为 executor 提供背景信息，任务: 筛选相关论文
[coordinator] Metadata初筛完成: 3333 → 3061 篇
[assistant] 为 executor 提供背景信息，任务: 仅根据论文标题判断是否与研究方向相关，做保守筛选
[coordinator] Title筛选完成: 排除 2989 篇, 保留 72 篇
[assistant] 为 executor 提供背景信息，任务: 对论文进行详细筛选，根据摘要判断是否纳入
[executor] 轮次1筛选完成: 6 include, 4 exclude, 0 not sure
[assistant] 抽取并记录信息: {"user_identity": "", "user_preference": "", "research_direction": "", "filter_requirements": "", "rejection_reasons": "", "other_info": "用户对论文 'Effectiveness of a Proactive Mail-Based Alcohol Internet Intervention for University Students: Dismantling the Assessment and Feedback Components in a Randomized Controlled Trial' 感到满意，认为该论文符合研究需求。"}
[assistant] 抽取并记录信息: {"user_identity": "", "user_preference": "", "research_direction": "", "filter_requirements": "", "rejection_reasons": "", "other_info": "用户对论文 'The feasibility and effectiveness of a web-based personalised feedback and social norms alcohol intervention in UK university students: A randomised control trial' 感到满意，认为符合研究需求。"}
[assistant] 抽取并记录信息: {"user_identity": "", "user_preference": "", "research_direction": "", "filter_requirements": "", "rejection_reasons": "", "other_info": "用户对论文 'The Effectiveness of a Web-Based Personalized Feedback and Social Norms Alcohol Intervention on United Kingdom University Students: Randomized Controlled Trial' 感到满意，认为符合研究需求。"}
[assistant] 抽取并记录信息: {"user_identity": "", "user_preference": "", "research_direction": "", "filter_requirements": "", "rejection_reasons": "", "other_info": "用户对论文 'Randomized Controlled Trial of Web-Based Decisional Balance Feedback and Personalized Normative Feedback for College Drinkers' 感到满意，认为该论文符合研究需求。"}
[assistant] 抽取并记录信息: {"user_identity": "", "user_preference": "", "research_direction": "", "filter_requirements": "", "rejection_reasons": "", "other_info": "用户对论文 'Reducing Heavy Drinking in Intercollegiate Athletes: Evaluation of a Web-Based Personalized Feedback Program' 感到满意，认为该论文符合研究需求。"}
[assistant] 抽取并记录信息: {"user_identity": "", "user_preference": "", "research_direction": "", "filter_requirements": "", "rejection_reasons": "", "other_info": "用户对论文 'Evaluation of two Web-based alcohol interventions for mandated college students' 感到满意，认为该论文符合研究需求。"}
[simulated_user] 轮次1用户反馈: 6 满意, 0 不满意, 累计满意: 6/5
[assistant] 为 executor 提供背景信息，任务: 对论文进行详细筛选，根据摘要判断是否纳入
[assistant] 抽取并记录信息: {"user_identity": "", "user_preference": "", "research_direction": "alcohol misuse", "filter_requirements": "", "rejection_reasons": "", "other_info": ""}
[assistant] 抽取并记录信息: {"user_identity": "", "user_preference": "", "research_direction": "干预型研究", "filter_requirements": "Cochrane Central Register of Controlled Trials (CENTRAL), MEDLINE, EMBASE, PsycINFO, CINAHL", "rejection_reasons": "", "other_info": ""}
[assistant] 抽取并记录信息: {"user_identity": "大学或学院的学生", "user_preference": "", "research_direction": "酒精问题干预措施及影响因素", "filter_requirements": "纳入所有随机化、对照试验，针对大学或学院的学生群体，研究设计包括个体或集群设计。排除标准为没有社会规范成分的控制干预和不涉及酒精使用的干预措施。", "rejection_reasons": "", "other_info": "研究主要关注酒精相关问题、饮酒规范及其对法律事件、行为风险和健康影响的评估，使用了RAPI、DDQ等工具进行测量。"}
[assistant] 抽取并记录信息: {"user_identity": "", "user_preference": "", "research_direction": "机器学习在教育领域的应用", "filter_requirements": "近两年", "rejection_reasons": "", "other_info": ""}
[assistant] 抽取并记录信息: {"user_identity": "", "user_preference": "", "research_direction": "", "filter_requirements": "", "rejection_reasons": "", "other_info": ""}
[assistant] 为 executor 提供背景信息，任务: 筛选相关论文
[assistant] 为 executor 提供背景信息，任务: 对论文进行详细筛选，根据摘要判断是否纳入
[executor] 轮次1筛选完成: 3 include, 7 exclude, 0 not sure
[assistant] 抽取并记录信息: {"user_identity": "", "user_preference": "", "research_direction": "", "filter_requirements": "", "rejection_reasons": "", "other_info": "用户对论文 'The feasibility and effectiveness of a web-based personalised feedback and social norms alcohol intervention in UK university students: A randomised control trial' 感到满意，认为该论文符合研究需求。"}
[assistant] 抽取并记录信息: {"user_identity": "", "user_preference": "", "research_direction": "Web-Based Personalized Feedback and Social Norms Alcohol Intervention", "filter_requirements": "", "rejection_reasons": "", "other_info": "论文标题：The Effectiveness of a Web-Based Personalized Feedback and Social Norms Alcohol Intervention on United Kingdom University Students: Randomized Controlled Trial；研究主题：Web-Based Personalized Feedback和Social Norms对酒精干预的有效性"}
[assistant] 抽取并记录信息: {"user_identity": "", "user_preference": "", "research_direction": "行为干预", "filter_requirements": "", "rejection_reasons": "", "other_info": ""}
[simulated_user] 轮次1用户反馈: 3 满意, 0 不满意, 累计满意: 3/5
[assistant] 为 executor 提供背景信息，任务: 对论文进行详细筛选，根据摘要判断是否纳入
