[assistant] 抽取并记录信息: {"user_identity": "", "user_preference": "", "research_direction": "Combination contraceptives: effects on weight", "filter_requirements": "", "rejection_reasons": "", "other_info": ""}
[assistant] 抽取并记录信息: {"user_identity": "", "user_preference": "", "research_direction": "", "filter_requirements": "", "rejection_reasons": "", "other_info": ""}
[assistant] 抽取并记录信息: {"user_identity": "", "user_preference": "论文语言偏好: English", "research_direction": "combination contraceptives 与体重变化的关系", "filter_requirements": "研究类型: randomized controlled trials; 比较对象: combination contraceptive vs placebo, no intervention, or another combination contraceptive; 干预周期: at least three consecutive cycles; 数据要求: collected data on change in body weight; 排除标准: women with medical contraindications to combination contraceptives", "rejection_reasons": "", "other_info": "文献引用: Juni 2002; Moher 2000"}
[assistant] 抽取并记录信息: {"user_identity": "", "user_preference": "", "research_direction": "", "filter_requirements": "Types of studies: All randomized controlled trials reported in English; Types of participants: Women of reproductive age without medical contraindications to combination contraceptives; Types of interventions: Any combination contraceptive compared to a placebo, no intervention, or another combination contraceptive, with at least three consecutive cycles; Types of outcome measures: Trials must have collected data on change in body weight.", "rejection_reasons": "", "other_info": ""}
[assistant] 抽取并记录信息: {"user_identity": "", "user_preference": "", "research_direction": "避孕药具与体重/体重指数的关系", "filter_requirements": "时间范围：2011年至2014年；文献类型：临床试验、随机对照试验；排除癌症、多囊卵巢、运动、体力活动、绝经后相关主题；人类研究；妇产科或公共卫生领域", "rejection_reasons": "", "other_info": "搜索策略涉及多个数据库（PubMed、CENTRAL、POPLINE、EMBASE、LILACS、ClinicalTrials.gov、ICTRP），并包含2011年的先前搜索策略。"}
[assistant] 为 executor 提供背景信息，任务: 筛选相关论文
[coordinator] Metadata初筛完成: 3333 → 3061 篇
[assistant] 为 executor 提供背景信息，任务: 仅根据论文标题判断是否与研究方向相关，做保守筛选
[coordinator] Title筛选完成: 排除 3049 篇, 保留 12 篇
[assistant] 为 executor 提供背景信息，任务: 对论文进行详细筛选，根据摘要判断是否纳入
[executor] 轮次1筛选完成: 2 include, 10 exclude, 0 not sure
[assistant] 抽取并记录信息: {"user_identity": "", "user_preference": "", "research_direction": "", "filter_requirements": "", "rejection_reasons": "", "other_info": "用户对论文 'Effects on cycle control and bodyweight of the combined contraceptive ring, NuvaRing, versus an oral contraceptive containing 30 g ethinyl estradiol and 3 mg drospirenone' 感到满意，认为该论文符合研究需求。"}
[assistant] 抽取并记录信息: {"user_identity": "", "user_preference": "", "research_direction": "", "filter_requirements": "", "rejection_reasons": "Participants chose DMPA or OC, then DMPA group was randomly assigned to estrogen supplement or placebo supplement.", "other_info": ""}
[simulated_user] 轮次1用户反馈: 1 满意, 1 不满意, 累计满意: 1/5
[assistant] 为 executor 提供背景信息，任务: 对论文进行详细筛选，根据摘要判断是否纳入
[assistant] 为 executor 提供背景信息，任务: 对论文进行详细筛选，根据摘要判断是否纳入
[assistant] 抽取并记录信息: {"user_identity": "", "user_preference": "Combination contraceptives: effects on weight", "research_direction": "Combination contraceptives: effects on weight", "filter_requirements": "", "rejection_reasons": "", "other_info": ""}
[assistant] 抽取并记录信息: {"user_identity": "", "user_preference": "", "research_direction": "Systematic Review on Relationship Between Contraceptives and Weight Change", "filter_requirements": "English-language, randomized controlled trials with at least three treatment cycles comparing a combination contraceptive to a placebo or another combination contraceptive differing in drug, dosage, regimen, or study length", "rejection_reasons": "", "other_info": "The review found no substantial difference in weight change between different combination contraceptives and identified that discontinuation due to weight change did not differ between groups. The evidence was insufficient to determine a causal association but suggested no large effect."}
[assistant] 抽取并记录信息: {"user_identity": "", "user_preference": "", "research_direction": "", "filter_requirements": "All randomized controlled trials reported in English (Juni 2002; Moher 2000) that compared a combination contraceptive to a placebo, no intervention, or a combination contraceptive that differed in drug, dosage, regimen, or study length. Women of reproductive age without medical contraindications to combination contraceptives. Any combination contraceptive compared to a placebo, no intervention, or another combination contraceptive. Trial drug interventions must have included at least three consecutive cycles to be eligible. Trials must have collected data on change in body weight to be eligible for inclusion. Weight change could have been measured as either the change in the study group's mean weight or as the proportion of the study group who lost or gained more than a specified amount.", "rejection_reasons": "对某篇论文不满意的原因", "other_info": ""}
[assistant] 抽取并记录信息: {"user_identity": "", "user_preference": "", "research_direction": "", "filter_requirements": "时间范围、关键词、排除标准等", "rejection_reasons": "", "other_info": ""}
[assistant] 抽取并记录信息: {"user_identity": "", "user_preference": "", "research_direction": "避孕药物效果", "filter_requirements": "2011-2014", "rejection_reasons": "", "other_info": ""}
[assistant] 为 executor 提供背景信息，任务: 筛选相关论文
[assistant] 为 executor 提供背景信息，任务: 对论文进行详细筛选，根据摘要判断是否纳入
[executor] 轮次1筛选完成: 2 include, 3 exclude, 0 not sure
[assistant] 抽取并记录信息: {"user_identity": "", "user_preference": "", "research_direction": "Effects on cycle control and bodyweight of the combined contraceptive ring, NuvaRing, versus an oral contraceptive containing 30 g ethinyl estradiol and 3 mg drospirenone", "filter_requirements": "", "rejection_reasons": "", "other_info": ""}
[assistant] 抽取并记录信息: {"user_identity": "", "user_preference": "", "research_direction": "避孕药具对糖代谢的影响", "filter_requirements": "No information on sampling variation for mean weight changes", "rejection_reasons": "No information on sampling variation for mean weight changes", "other_info": ""}
[simulated_user] 轮次1用户反馈: 1 满意, 1 不满意, 累计满意: 1/5
[assistant] 为 executor 提供背景信息，任务: 对论文进行详细筛选，根据摘要判断是否纳入
[assistant] 为 executor 提供背景信息，任务: 对论文进行详细筛选，根据摘要判断是否纳入
