[assistant] 抽取并记录信息: {"user_identity": "", "user_preference": "", "research_direction": "Antifungal agents for preventing fungal infections in non‐neutropenic critically ill patients", "filter_requirements": "", "rejection_reasons": "", "other_info": ""}
[assistant] 抽取并记录信息: {"user_identity": "", "user_preference": "", "research_direction": "Intervention", "filter_requirements": "", "rejection_reasons": "", "other_info": ""}
[assistant] 抽取并记录信息: {"user_identity": "", "user_preference": "", "research_direction": "非中性粒细胞减少危重患者中非靶向抗真菌治疗的随机对照试验", "filter_requirements": "纳入标准：随机对照试验，评估任何抗真菌药物作为非靶向治疗对非中性粒细胞减少的危重成人和儿童的效果；参与者为危重患者（如入住ICU或近期接受腹部或其他大手术的成人和儿童）；排除标准：中性粒细胞减少、新生儿、HIV感染者、主要患有恶性肿瘤或实体器官移植受者的试验；纳入标准中允许混合人群但非中性粒细胞减少患者比例<25%或数据可单独获取；干预措施：任何抗真菌药物（全身或非吸收性）与安慰剂、无抗真菌药或其他抗真菌药的随机比较；治疗起始于微生物学确诊感染之前（非靶向方法，包括预防性、抢先性和经验性治疗）；研究组仅抗真菌方案不同，其他共同干预和护理相同；排除未报告所用抗真菌药物分子且联系作者后仍无法获取的研究。", "rejection_reasons": "", "other_info": "主要结局：全因死亡率；次要结局包括：确诊侵袭性真菌感染（IFI）、确诊或疑似IFI、疑似IFI、浅表真菌感染、真菌定植、由唑类耐药念珠菌或丝状真菌引起的确诊IFI、唑类耐药念珠菌定植、需要停用研究药物的不良事件；结局评估时间点为ICU出院时或非靶向治疗结束时（取较长者）。"}
[assistant] 抽取并记录信息: {"user_identity": "", "user_preference": "", "research_direction": "非中性粒细胞减少危重患者中未靶向抗真菌治疗的随机对照试验", "filter_requirements": "研究类型：随机对照试验；参与者：非中性粒细胞减少的危重成人及儿童（排除新生儿、HIV感染者、恶性肿瘤或实体器官移植受者）；干预措施：任何抗真菌药物（全身或非吸收性）与安慰剂、无抗真菌药或其他抗真菌药的随机比较，且为未靶向治疗（预防性、抢先性、经验性）；结局指标：总死亡率、确诊侵袭性真菌感染等；排除未报告抗真菌药物分子信息的研究。", "rejection_reasons": "", "other_info": ""}
[assistant] 抽取并记录信息: {"user_identity": "", "user_preference": "", "research_direction": "抗真菌药物在重症监护中的应用", "filter_requirements": "随机对照试验或对照临床试验", "rejection_reasons": "", "other_info": "搜索策略涉及Cochrane、MEDLINE、EMBASE数据库，数据提取表包含研究设计、参与者、干预措施、结果等详细字段"}
[assistant] 为 executor 提供背景信息，任务: 筛选相关论文
[coordinator] Metadata初筛完成: 3333 → 3061 篇
[assistant] 为 executor 提供背景信息，任务: 仅根据论文标题判断是否与研究方向相关，做保守筛选
[coordinator] Title筛选完成: 排除 3056 篇, 保留 5 篇
[assistant] 为 executor 提供背景信息，任务: 对论文进行详细筛选，根据摘要判断是否纳入
[executor] 轮次1筛选完成: 4 include, 1 exclude, 0 not sure
[assistant] 抽取并记录信息: {"user_identity": "", "user_preference": "", "research_direction": "", "filter_requirements": "", "rejection_reasons": "", "other_info": "用户对论文 'Fluconazole and selective digestive decontamination for prevention of Candida infection in high risk critically ill patients' 感到满意，认为符合研究需求。"}
[assistant] 抽取并记录信息: {"user_identity": "", "user_preference": "", "research_direction": "", "filter_requirements": "", "rejection_reasons": "", "other_info": "用户对论文 'Prevention of severe Candida infections in nonneutropenic, high-risk, critically ill patients: a randomized, double-blind, placebo-controlled trial in patients treated by selective digestive decontamination' 感到满意，认为该论文符合研究需求。"}
[assistant] 抽取并记录信息: {"user_identity": "", "user_preference": "", "research_direction": "", "filter_requirements": "", "rejection_reasons": "", "other_info": "用户对论文 'MSG-01: A Randomized, Double-Blind, Placebo-Controlled Trial of Caspofungin Prophylaxis Followed by Preemptive Therapy for Invasive Candidiasis in High-Risk Adults in the Critical Care Setting' 感到满意，认为该论文符合研究需求。"}
[assistant] 抽取并记录信息: {"user_identity": "", "user_preference": "", "research_direction": "", "filter_requirements": "", "rejection_reasons": "", "other_info": "用户对论文 'Double-Blind Placebo-Controlled Trial of Fluconazole to Prevent Candidal Infections in Critically Ill Surgical Patients' 感到满意，认为该论文符合研究需求。"}
[simulated_user] 轮次1用户反馈: 4 满意, 0 不满意, 累计满意: 4/5
[assistant] 为 executor 提供背景信息，任务: 对论文进行详细筛选，根据摘要判断是否纳入
[assistant] 抽取并记录信息: {"user_identity": "", "user_preference": "", "research_direction": "Antifungal agents for preventing fungal infections in non‐neutropenic critically ill patients", "filter_requirements": "", "rejection_reasons": "", "other_info": ""}
[assistant] 抽取并记录信息: {"user_identity": "", "user_preference": "", "research_direction": "untargeted antifungal treatments", "filter_requirements": "Time: up to February 2015; Databases: Cochrane Central Register of Controlled Trials (CENTRAL), MEDLINE (OVID), EMBASE (OVID); Exclusions: Randomized controlled trials (RCTs) (irrespective of language or publication status)", "rejection_reasons": "", "other_info": "The review assessed the effects of untargeted antifungal treatment on critically ill, non-neutropenic adults and children. It found moderate evidence that such treatment does not significantly reduce total mortality but shows low-grade evidence for reduced invasive fungal infections. Future trials are needed to improve evidence quality."}
[assistant] 抽取并记录信息: {"user_identity": "", "user_preference": "", "research_direction": "Antifungal drug application in critically ill adults and children", "filter_requirements": "Trials involving adult participants (aged 18 years or over) and children (aged less than 18 years), classified as critically ill, with no neutropenia, neonatal, HIV infection, or solid organ transplant recipients. Trials must include non-neutropenic critically ill participants if their proportion is less than 25% or data on such patients are provided.", "rejection_reasons": "", "other_info": ""}
[assistant] 抽取并记录信息: {"user_identity": "", "user_preference": "We considered all randomized controlled trials (RCTs) that evaluated the effect of any antifungal agent given as untargeted treatment in non‐neutropenic critically ill adults and children.", "research_direction": "We considered trials if they involved the randomized comparison of any antifungal drug (either systemic or nonabsorbable) with placebo, no antifungal or any other antifungal drug (either systemic or nonabsorbable). We included studies in which antifungal drugs were initiated before microbiological definitive evidence of infection (untargeted approach, encompassing the prophylactic, pre‐emptive and empiric treatment).", "filter_requirements": "We considered trials if they involved the randomized comparison of any antifungal drug (either systemic or nonabsorbable) with placebo, no antifungal or any other antifungal drug (either systemic or nonabsorbable). We included studies in which antifungal drugs were initiated before microbiological definitive evidence of infection (untargeted approach, encompassing the prophylactic, pre‐emptive and empiric treatment).", "rejection_reasons": "", "other_info": ""}
[assistant] 抽取并记录信息: {"user_identity": "计算机专业硕士研究生", "user_preference": "高质量的计算机科学会议论文", "research_direction": "机器学习算法优化", "filter_requirements": "近两年", "rejection_reasons": "", "other_info": "对研究方向有深入兴趣，教育水平为学术硕士学位，发表偏好为高质量的计算机科学会议论文"}
[assistant] 为 executor 提供背景信息，任务: 筛选相关论文
[assistant] 为 executor 提供背景信息，任务: 对论文进行详细筛选，根据摘要判断是否纳入
[executor] 轮次1筛选完成: 2 include, 2 exclude, 0 not sure
[assistant] 抽取并记录信息: {"user_identity": "", "user_preference": "", "research_direction": "", "filter_requirements": "", "rejection_reasons": "", "other_info": "论文标题：'Fluconazole and selective digestive decontamination for prevention of Candida infection in high risk critically ill patients'\n摘要：用户对这篇论文感到满意，认为它符合他们的研究需求。"}
[assistant] 抽取并记录信息: {"user_identity": "", "user_preference": "", "research_direction": "随机、双盲、安慰剂对照试验；抗ungal药物；预防与治疗；侵袭性念珠菌感染；高风险成人；临界护理环境", "filter_requirements": "", "rejection_reasons": "", "other_info": "论文标题：MSG-01: A Randomized, Double-Blind, Placebo-Controlled Trial of Caspofungin Prophylaxis Followed by Preemptive Therapy for Invasive Candidiasis in High-Risk Adults in the Critical Care Setting；研究方向涉及随机、双盲、安慰剂对照试验，针对抗ungal药物在预防和治疗侵袭性念珠菌感染中的应用，在高风险成人类临界护理环境中进行的研究。"}
[simulated_user] 轮次1用户反馈: 2 满意, 0 不满意, 累计满意: 2/5
[assistant] 为 executor 提供背景信息，任务: 对论文进行详细筛选，根据摘要判断是否纳入
