[assistant] 抽取并记录信息: {"user_identity": "", "user_preference": "", "research_direction": "Educational, supportive and behavioural interventions to improve usage of continuous positive airway pressure machines in adults with obstructive sleep apnoea", "filter_requirements": "", "rejection_reasons": "", "other_info": ""}
[assistant] 抽取并记录信息: {"user_identity": "", "user_preference": "", "research_direction": "Intervention review on CPAP adherence in OSA", "filter_requirements": "", "rejection_reasons": "", "other_info": ""}
[assistant] 抽取并记录信息: {"user_identity": "", "user_preference": "", "research_direction": "阻塞性睡眠呼吸暂停（OSA）患者持续气道正压通气（CPAP）依从性干预", "filter_requirements": "随机平行对照试验；成人（男女不限）；OSA诊断标准：ODI≥5/小时或AHI≥5/小时；排除中枢性睡眠呼吸暂停；干预措施为促进CPAP依从性的短期或长期干预（教育、支持、团体、正念、认知、行为、动机或组合）；对照组接受同等背景指导；干预组和对照组使用相同品牌和模式的CPAP设备或随机分配设备；结局指标包括CPAP使用时长（小时/晚）及次要结局（依从性≥4小时/晚、ESS、FOSQ/SAQLI、抑郁焦虑量表、退出率、ODI/AHI、成本效益）", "rejection_reasons": "", "other_info": "该文本为系统评价的纳入/排除标准，详细描述了研究设计、参与者、干预措施、对照条件和结局指标"}
[assistant] 抽取并记录信息: {"user_identity": "", "user_preference": "", "research_direction": "阻塞性睡眠呼吸暂停（OSA）的CPAP依从性干预", "filter_requirements": "随机平行对照试验；成人OSA患者（ODI≥5/小时或AHI≥5/小时）；排除中枢性睡眠呼吸暂停；干预措施包括教育、支持、团体、正念、认知、行为、动机或组合策略；对照组接受同等背景指导；CPAP设备品牌和压力模式需相同或随机分配；主要结局为CPAP使用时长（小时/晚）；次要结局包括依从率（≥4小时/晚）、嗜睡评分、生活质量评分、抑郁焦虑评分、退出率、ODI/AHI、成本效益", "rejection_reasons": "", "other_info": ""}
[assistant] 抽取并记录信息: {"user_identity": "", "user_preference": "", "research_direction": "CPAP adherence and health outcomes", "filter_requirements": "", "rejection_reasons": "", "other_info": "The user provided search strategies and appendices related to a Cochrane review on CPAP adherence interventions for sleep apnea, including detailed search methods and results."}
[assistant] 为 executor 提供背景信息，任务: 筛选相关论文
[coordinator] Metadata初筛完成: 3333 → 3061 篇
[assistant] 为 executor 提供背景信息，任务: 仅根据论文标题判断是否与研究方向相关，做保守筛选
[coordinator] Title筛选完成: 排除 3032 篇, 保留 29 篇
[assistant] 为 executor 提供背景信息，任务: 对论文进行详细筛选，根据摘要判断是否纳入
[executor] 轮次1筛选完成: 6 include, 4 exclude, 0 not sure
[assistant] 抽取并记录信息: {"user_identity": "", "user_preference": "", "research_direction": "", "filter_requirements": "", "rejection_reasons": "", "other_info": "用户对论文 'Motivational Enhancement to Improve Adherence to Positive Airway Pressure in Patients with Obstructive Sleep Apnea: A Randomized Controlled Trial' 感到满意，认为符合研究需求。"}
[assistant] 抽取并记录信息: {"user_identity": "", "user_preference": "", "research_direction": "", "filter_requirements": "", "rejection_reasons": "", "other_info": "用户对论文 'Motivational Enhancement for Increasing Adherence to CPAP' 感到满意，认为符合研究需求。"}
[assistant] 抽取并记录信息: {"user_identity": "", "user_preference": "", "research_direction": "", "filter_requirements": "", "rejection_reasons": "", "other_info": "用户对论文 'Increasing Adherence to Obstructive Sleep Apnea Treatment with a Group Social Cognitive Therapy Treatment Intervention: A Randomized Trial' 感到满意，认为符合研究需求。"}
[assistant] 抽取并记录信息: {"user_identity": "", "user_preference": "", "research_direction": "", "filter_requirements": "", "rejection_reasons": "", "other_info": "用户对论文 'Intensive versus standard follow-up to improve continuous positive airway pressure compliance' 感到满意，认为符合研究需求。"}
[assistant] 抽取并记录信息: {"user_identity": "", "user_preference": "", "research_direction": "", "filter_requirements": "", "rejection_reasons": "", "other_info": "用户对论文 'Compliance With Nasal CPAP Can Be Improved by Simple Interventions' 感到满意，认为符合研究需求。"}
[assistant] 抽取并记录信息: {"user_identity": "", "user_preference": "", "research_direction": "", "filter_requirements": "", "rejection_reasons": "", "other_info": "用户对论文 'Polysomnograph Chart View by Patients: A New Educational Strategy to Improve CPAP Adherence in Sleep Apnea Therapy' 感到满意，认为符合研究需求。"}
[simulated_user] 轮次1用户反馈: 6 满意, 0 不满意, 累计满意: 6/5
[assistant] 为 executor 提供背景信息，任务: 对论文进行详细筛选，根据摘要判断是否纳入
[assistant] 抽取并记录信息: {"user_identity": "", "user_preference": "", "research_direction": "Educational, supportive and behavioural interventions to improve usage of continuous positive airway pressure machines in adults with obstructive sleep apnoea", "filter_requirements": "", "rejection_reasons": "", "other_info": ""}
[assistant] 抽取并记录信息: {"user_identity": "CPAP-naïve adults with obstructive sleep apnoea (OSA)", "user_preference": "", "research_direction": "Interventions to encourage CPAP use", "filter_requirements": "Time range: current to April 29, 2019; Database: Cochrane Airways Group Specialised Register of trials; Study types: Randomised controlled trials (RCTs)", "rejection_reasons": "", "other_info": "The review assesses the effectiveness of educational, supportive, and behavioural interventions in encouraging CPAP use among OSA patients."}
[assistant] 抽取并记录信息: {"user_identity": "", "user_preference": "", "research_direction": "OSA患者及CPAP干预研究", "filter_requirements": "随机对照试验（RCT），参与者为成年人，性别不限，诊断为OSA，需排除中央型睡眠障碍患者。干预措施包括教育、支持、群体、冥想、行为、动机等策略。", "rejection_reasons": "", "other_info": "研究的主要目标是评估CPAP设备的使用情况及其对OSA患者的干预效果，包括CPAP使用的持续时间和效果评估指标如睡眠质量、氧分指数（ODI）、呼吸指数（AHI）等。"}
[assistant] 抽取并记录信息: {"user_identity": "医学研究者或OSA患者", "user_preference": "", "research_direction": "OSA干预效果评估", "filter_requirements": "近两年, Randomised, parallel‐controlled trials of any duration. Participants were adults with OSA using recognised diagnostic tools (ODI/AHI ≥5). Trials must have either same CPAP device or randomised PAP devices.", "rejection_reasons": "", "other_info": "研究的主要目标是评估干预措施对OSA患者CPAP使用率和睡眠质量的改善效果。主要评估指标包括CPAP使用时间、睡眠iness评分、生活质量评分等。"}
[assistant] 抽取并记录信息: {"user_identity": "", "user_preference": "", "research_direction": "Effects of CPAP on Sleep Apnoea", "filter_requirements": {"Medline": "Weekly search frequency", "Cochrane Airways Trials Register": "Monthly search frequency"}, "rejection_reasons": "", "other_info": {"Appendix 1": "Impact of CPAP adherence on health outcomes, including CV risk and cerebrovascular events. Discusses the role of adherence levels in treatment effectiveness.", "Appendix 2": "Search methods for identifying Cochrane Airways Trials Register trials using multiple databases and handsearches.", "Appendix 3": "Detailed search strategies across various databases (Cochrane, ClinicalTrials.gov, WHO, Epistemonikos) to identify relevant RCTs."}}
[assistant] 为 executor 提供背景信息，任务: 筛选相关论文
[assistant] 为 executor 提供背景信息，任务: 对论文进行详细筛选，根据摘要判断是否纳入
[executor] 轮次1筛选完成: 8 include, 2 exclude, 0 not sure
[assistant] 抽取并记录信息: {"user_identity": "", "user_preference": "", "research_direction": "Positive Airway Pressure Therapy in Obstructive Sleep Apnea", "filter_requirements": "", "rejection_reasons": "", "other_info": ""}
[assistant] 抽取并记录信息: {"user_identity": "", "user_preference": "", "research_direction": "Motivational Enhancement for Increasing Adherence to CPAP", "filter_requirements": "", "rejection_reasons": "", "other_info": ""}
[assistant] 抽取并记录信息: {"user_identity": "", "user_preference": "满意该论文", "research_direction": "Increasing Adherence to Obstructive Sleep Apnea Treatment with a Group Social Cognitive Therapy Treatment Intervention: A Randomized Trial", "filter_requirements": "", "rejection_reasons": "", "other_info": ""}
[assistant] 抽取并记录信息: {"user_identity": "", "user_preference": "", "research_direction": "Intensive versus standard follow-up to improve continuous positive airway pressure compliance", "filter_requirements": "", "rejection_reasons": "", "other_info": ""}
[assistant] 抽取并记录信息: {"user_identity": "", "user_preference": "", "research_direction": "", "filter_requirements": "", "rejection_reasons": "", "other_info": "用户对论文 'Compliance With Nasal CPAP Can Be Improved by Simple Interventions' 感到满意，认为该论文符合研究需求。"}
[assistant] 抽取并记录信息: {"user_identity": "", "user_preference": "", "research_direction": "睡眠医学或呼吸治疗", "filter_requirements": "", "rejection_reasons": "", "other_info": "用户对论文 'Polysomnograph Chart View by Patients: A New Educational Strategy to Improve CPAP Adherence in Sleep Apnea Therapy' 感到满意，认为该论文符合研究需求。"}
[assistant] 抽取并记录信息: {"user_identity": "", "user_preference": "", "research_direction": "The Impact of a Telemedicine Monitoring System on Positive Airway Pressure Adherence in Patients with Obstructive Sleep Apnea", "filter_requirements": "", "rejection_reasons": "", "other_info": ""}
[assistant] 抽取并记录信息: {"user_identity": "", "user_preference": "", "research_direction": "医学/公共卫生", "filter_requirements": "", "rejection_reasons": "", "other_info": "论文标题：The effect of positive and negative message framing on short term continuous positive airway pressure compliance in patients with obstructive sleep apnea"}
[simulated_user] 轮次1用户反馈: 8 满意, 0 不满意, 累计满意: 8/5
[assistant] 为 executor 提供背景信息，任务: 对论文进行详细筛选，根据摘要判断是否纳入
